<?xml version="1.0" encoding="UTF-8"?>
<testng-results ignored="0" total="6" passed="6" failed="0" skipped="0">
  <reporter-output>
  </reporter-output>
  <suite started-at="2022-10-07T23:54:07 ICT" name="Default suite" finished-at="2022-10-07T23:57:16 ICT" duration-ms="188887">
    <groups>
      <group name="cucumber">
        <method signature="AbstractTestNGCucumberTests.runScenario(io.cucumber.testng.PickleWrapper,io.cucumber.testng.FeatureWrapper)[pri:0, instance:cucumber.framework.runner.siloam.ttddigitalpage.TandaTanganDigitalOutlineRunner@2df3b89c]" name="runScenario" class="io.cucumber.testng.AbstractTestNGCucumberTests"/>
      </group> <!-- cucumber -->
    </groups>
    <test started-at="2022-10-07T23:54:07 ICT" name="Default test" finished-at="2022-10-07T23:57:16 ICT" duration-ms="188887">
      <class name="cucumber.framework.runner.siloam.ttddigitalpage.TandaTanganDigitalOutlineRunner">
        <test-method is-config="true" signature="setUpClass(org.testng.ITestContext)[pri:0, instance:cucumber.framework.runner.siloam.ttddigitalpage.TandaTanganDigitalOutlineRunner@2df3b89c]" started-at="2022-10-07T23:54:07 ICT" name="setUpClass" finished-at="2022-10-07T23:54:08 ICT" duration-ms="735" status="PASS">
          <params>
            <param index="0">
              <value>
                <![CDATA[org.testng.TestRunner@70cf7d1e]]>
              </value>
            </param>
          </params>
          <reporter-output>
          </reporter-output>
        </test-method> <!-- setUpClass -->
        <test-method signature="runScenario(io.cucumber.testng.PickleWrapper,io.cucumber.testng.FeatureWrapper)[pri:0, instance:cucumber.framework.runner.siloam.ttddigitalpage.TandaTanganDigitalOutlineRunner@2df3b89c]" started-at="2022-10-07T23:54:08 ICT" name="runScenario" description="Runs Cucumber Scenarios" data-provider="scenarios" finished-at="2022-10-07T23:54:57 ICT" duration-ms="49305" status="PASS">
          <params>
            <param index="0">
              <value>
                <![CDATA["Siloam210 Sales Menekan Gambar Before Fitur Document"]]>
              </value>
            </param>
            <param index="1">
              <value>
                <![CDATA["Sales Menekan Gambar Pada Fitur Document"]]>
              </value>
            </param>
          </params>
          <reporter-output>
          </reporter-output>
        </test-method> <!-- runScenario -->
        <test-method signature="runScenario(io.cucumber.testng.PickleWrapper,io.cucumber.testng.FeatureWrapper)[pri:0, instance:cucumber.framework.runner.siloam.ttddigitalpage.TandaTanganDigitalOutlineRunner@2df3b89c]" started-at="2022-10-07T23:54:57 ICT" name="runScenario" description="Runs Cucumber Scenarios" data-provider="scenarios" finished-at="2022-10-07T23:55:24 ICT" duration-ms="26966" status="PASS">
          <params>
            <param index="0">
              <value>
                <![CDATA["Siloam210 Sales Menekan Gambar After Fitur Document"]]>
              </value>
            </param>
            <param index="1">
              <value>
                <![CDATA["Sales Menekan Gambar Pada Fitur Document"]]>
              </value>
            </param>
          </params>
          <reporter-output>
          </reporter-output>
        </test-method> <!-- runScenario -->
        <test-method signature="runScenario(io.cucumber.testng.PickleWrapper,io.cucumber.testng.FeatureWrapper)[pri:0, instance:cucumber.framework.runner.siloam.ttddigitalpage.TandaTanganDigitalOutlineRunner@2df3b89c]" started-at="2022-10-07T23:55:24 ICT" name="runScenario" description="Runs Cucumber Scenarios" data-provider="scenarios" finished-at="2022-10-07T23:55:50 ICT" duration-ms="25572" status="PASS">
          <params>
            <param index="0">
              <value>
                <![CDATA["Siloam210 Sales Menekan Gambar TTD Digital Fitur Document"]]>
              </value>
            </param>
            <param index="1">
              <value>
                <![CDATA["Sales Menekan Gambar Pada Fitur Document"]]>
              </value>
            </param>
          </params>
          <reporter-output>
          </reporter-output>
        </test-method> <!-- runScenario -->
        <test-method signature="runScenario(io.cucumber.testng.PickleWrapper,io.cucumber.testng.FeatureWrapper)[pri:0, instance:cucumber.framework.runner.siloam.ttddigitalpage.TandaTanganDigitalOutlineRunner@2df3b89c]" started-at="2022-10-07T23:55:50 ICT" name="runScenario" description="Runs Cucumber Scenarios" data-provider="scenarios" finished-at="2022-10-07T23:56:16 ICT" duration-ms="25992" status="PASS">
          <params>
            <param index="0">
              <value>
                <![CDATA["Siloam215 Sales Menekan Gambar Before Fitur File Upload"]]>
              </value>
            </param>
            <param index="1">
              <value>
                <![CDATA["Sales Menekan Gambar Pada Fitur File Upload"]]>
              </value>
            </param>
          </params>
          <reporter-output>
          </reporter-output>
        </test-method> <!-- runScenario -->
        <test-method signature="runScenario(io.cucumber.testng.PickleWrapper,io.cucumber.testng.FeatureWrapper)[pri:0, instance:cucumber.framework.runner.siloam.ttddigitalpage.TandaTanganDigitalOutlineRunner@2df3b89c]" started-at="2022-10-07T23:56:16 ICT" name="runScenario" description="Runs Cucumber Scenarios" data-provider="scenarios" finished-at="2022-10-07T23:56:41 ICT" duration-ms="25100" status="PASS">
          <params>
            <param index="0">
              <value>
                <![CDATA["Siloam215 Sales Menekan Gambar After Fitur File Upload"]]>
              </value>
            </param>
            <param index="1">
              <value>
                <![CDATA["Sales Menekan Gambar Pada Fitur File Upload"]]>
              </value>
            </param>
          </params>
          <reporter-output>
          </reporter-output>
        </test-method> <!-- runScenario -->
        <test-method signature="runScenario(io.cucumber.testng.PickleWrapper,io.cucumber.testng.FeatureWrapper)[pri:0, instance:cucumber.framework.runner.siloam.ttddigitalpage.TandaTanganDigitalOutlineRunner@2df3b89c]" started-at="2022-10-07T23:56:41 ICT" name="runScenario" description="Runs Cucumber Scenarios" data-provider="scenarios" finished-at="2022-10-07T23:57:11 ICT" duration-ms="30155" status="PASS">
          <params>
            <param index="0">
              <value>
                <![CDATA["Siloam215 Sales Menekan Gambar TTD Digital Fitur File Upload"]]>
              </value>
            </param>
            <param index="1">
              <value>
                <![CDATA["Sales Menekan Gambar Pada Fitur File Upload"]]>
              </value>
            </param>
          </params>
          <reporter-output>
          </reporter-output>
        </test-method> <!-- runScenario -->
        <test-method is-config="true" signature="tearDownClass()[pri:0, instance:cucumber.framework.runner.siloam.ttddigitalpage.TandaTanganDigitalOutlineRunner@2df3b89c]" started-at="2022-10-07T23:57:11 ICT" name="tearDownClass" finished-at="2022-10-07T23:57:16 ICT" duration-ms="5008" status="PASS">
          <reporter-output>
          </reporter-output>
        </test-method> <!-- tearDownClass -->
      </class> <!-- cucumber.framework.runner.siloam.ttddigitalpage.TandaTanganDigitalOutlineRunner -->
    </test> <!-- Default test -->
  </suite> <!-- Default suite -->
</testng-results>
