<?xml version="1.0" encoding="UTF-8"?>
<testng-results ignored="0" total="4" passed="4" failed="0" skipped="0">
  <reporter-output>
  </reporter-output>
  <suite started-at="2022-10-05T13:55:52 ICT" name="Default suite" finished-at="2022-10-05T13:56:40 ICT" duration-ms="47719">
    <groups>
      <group name="cucumber">
        <method signature="AbstractTestNGCucumberTests.runScenario(io.cucumber.testng.PickleWrapper,io.cucumber.testng.FeatureWrapper)[pri:0, instance:cucumber.framework.runner.siloam.uploaddokumenpage.UploadDokumenOutlineRunner@433defed]" name="runScenario" class="io.cucumber.testng.AbstractTestNGCucumberTests"/>
      </group> <!-- cucumber -->
    </groups>
    <test started-at="2022-10-05T13:55:52 ICT" name="Default test" finished-at="2022-10-05T13:56:40 ICT" duration-ms="47719">
      <class name="cucumber.framework.runner.siloam.uploaddokumenpage.UploadDokumenOutlineRunner">
        <test-method is-config="true" signature="setUpClass(org.testng.ITestContext)[pri:0, instance:cucumber.framework.runner.siloam.uploaddokumenpage.UploadDokumenOutlineRunner@433defed]" started-at="2022-10-05T13:55:52 ICT" name="setUpClass" finished-at="2022-10-05T13:55:53 ICT" duration-ms="606" status="PASS">
          <params>
            <param index="0">
              <value>
                <![CDATA[org.testng.TestRunner@7f1f60a0]]>
              </value>
            </param>
          </params>
          <reporter-output>
          </reporter-output>
        </test-method> <!-- setUpClass -->
        <test-method signature="runScenario(io.cucumber.testng.PickleWrapper,io.cucumber.testng.FeatureWrapper)[pri:0, instance:cucumber.framework.runner.siloam.uploaddokumenpage.UploadDokumenOutlineRunner@433defed]" started-at="2022-10-05T13:55:53 ICT" name="runScenario" description="Runs Cucumber Scenarios" data-provider="scenarios" finished-at="2022-10-05T13:56:12 ICT" duration-ms="18415" status="PASS">
          <params>
            <param index="0">
              <value>
                <![CDATA["Siloam355001 Sales langsung menekan tombol simpan foto faskes awal"]]>
              </value>
            </param>
            <param index="1">
              <value>
                <![CDATA["Sales Upload Dokumen Faskes Awal Invalid"]]>
              </value>
            </param>
          </params>
          <reporter-output>
          </reporter-output>
        </test-method> <!-- runScenario -->
        <test-method signature="runScenario(io.cucumber.testng.PickleWrapper,io.cucumber.testng.FeatureWrapper)[pri:0, instance:cucumber.framework.runner.siloam.uploaddokumenpage.UploadDokumenOutlineRunner@433defed]" started-at="2022-10-05T13:56:12 ICT" name="runScenario" description="Runs Cucumber Scenarios" data-provider="scenarios" finished-at="2022-10-05T13:56:15 ICT" duration-ms="3369" status="PASS">
          <params>
            <param index="0">
              <value>
                <![CDATA["Siloam355002 Sales pilih file faskes awal tidak sesuai format"]]>
              </value>
            </param>
            <param index="1">
              <value>
                <![CDATA["Sales Upload Dokumen Faskes Awal Invalid"]]>
              </value>
            </param>
          </params>
          <reporter-output>
          </reporter-output>
        </test-method> <!-- runScenario -->
        <test-method signature="runScenario(io.cucumber.testng.PickleWrapper,io.cucumber.testng.FeatureWrapper)[pri:0, instance:cucumber.framework.runner.siloam.uploaddokumenpage.UploadDokumenOutlineRunner@433defed]" started-at="2022-10-05T13:56:15 ICT" name="runScenario" description="Runs Cucumber Scenarios" data-provider="scenarios" finished-at="2022-10-05T13:56:17 ICT" duration-ms="2246" status="PASS">
          <params>
            <param index="0">
              <value>
                <![CDATA["Siloam355003 Sales upload file faskes awal tidak sesuai format"]]>
              </value>
            </param>
            <param index="1">
              <value>
                <![CDATA["Sales Upload Dokumen Faskes Awal Invalid"]]>
              </value>
            </param>
          </params>
          <reporter-output>
          </reporter-output>
        </test-method> <!-- runScenario -->
        <test-method signature="runScenario(io.cucumber.testng.PickleWrapper,io.cucumber.testng.FeatureWrapper)[pri:0, instance:cucumber.framework.runner.siloam.uploaddokumenpage.UploadDokumenOutlineRunner@433defed]" started-at="2022-10-05T13:56:17 ICT" name="runScenario" description="Runs Cucumber Scenarios" data-provider="scenarios" finished-at="2022-10-05T13:56:39 ICT" duration-ms="21600" status="PASS">
          <params>
            <param index="0">
              <value>
                <![CDATA["Siloam355004 Sales upload foto faskes awal dengan size lebih dari lima mb"]]>
              </value>
            </param>
            <param index="1">
              <value>
                <![CDATA["Sales Upload Dokumen Faskes Awal Invalid"]]>
              </value>
            </param>
          </params>
          <reporter-output>
          </reporter-output>
        </test-method> <!-- runScenario -->
        <test-method is-config="true" signature="tearDownClass()[pri:0, instance:cucumber.framework.runner.siloam.uploaddokumenpage.UploadDokumenOutlineRunner@433defed]" started-at="2022-10-05T13:56:39 ICT" name="tearDownClass" finished-at="2022-10-05T13:56:40 ICT" duration-ms="1426" status="PASS">
          <reporter-output>
          </reporter-output>
        </test-method> <!-- tearDownClass -->
      </class> <!-- cucumber.framework.runner.siloam.uploaddokumenpage.UploadDokumenOutlineRunner -->
    </test> <!-- Default test -->
  </suite> <!-- Default suite -->
</testng-results>
