<?xml version="1.0" encoding="UTF-8"?>
<testng-results ignored="0" total="38" passed="38" failed="0" skipped="0">
  <reporter-output>
  </reporter-output>
  <suite started-at="2022-10-07T14:45:33 ICT" name="Default suite" finished-at="2022-10-07T14:51:26 ICT" duration-ms="352739">
    <groups>
      <group name="cucumber">
        <method signature="AbstractTestNGCucumberTests.runScenario(io.cucumber.testng.PickleWrapper,io.cucumber.testng.FeatureWrapper)[pri:0, instance:cucumber.framework.runner.siloam.formreturnpage.FormReturnRunner@433defed]" name="runScenario" class="io.cucumber.testng.AbstractTestNGCucumberTests"/>
      </group> <!-- cucumber -->
    </groups>
    <test started-at="2022-10-07T14:45:33 ICT" name="Default test" finished-at="2022-10-07T14:51:26 ICT" duration-ms="352739">
      <class name="cucumber.framework.runner.siloam.formreturnpage.FormReturnRunner">
        <test-method is-config="true" signature="setUpClass(org.testng.ITestContext)[pri:0, instance:cucumber.framework.runner.siloam.formreturnpage.FormReturnRunner@433defed]" started-at="2022-10-07T14:45:33 ICT" name="setUpClass" finished-at="2022-10-07T14:45:34 ICT" duration-ms="622" status="PASS">
          <params>
            <param index="0">
              <value>
                <![CDATA[org.testng.TestRunner@20608ef4]]>
              </value>
            </param>
          </params>
          <reporter-output>
          </reporter-output>
        </test-method> <!-- setUpClass -->
        <test-method signature="runScenario(io.cucumber.testng.PickleWrapper,io.cucumber.testng.FeatureWrapper)[pri:0, instance:cucumber.framework.runner.siloam.formreturnpage.FormReturnRunner@433defed]" started-at="2022-10-07T14:45:34 ICT" name="runScenario" description="Runs Cucumber Scenarios" data-provider="scenarios" finished-at="2022-10-07T14:45:54 ICT" duration-ms="20136" status="PASS">
          <params>
            <param index="0">
              <value>
                <![CDATA["Siloam085 Form Return Sales Input Start End Date Tekan Filter Complete"]]>
              </value>
            </param>
            <param index="1">
              <value>
                <![CDATA["Form Return Sales Filter"]]>
              </value>
            </param>
          </params>
          <reporter-output>
          </reporter-output>
        </test-method> <!-- runScenario -->
        <test-method signature="runScenario(io.cucumber.testng.PickleWrapper,io.cucumber.testng.FeatureWrapper)[pri:0, instance:cucumber.framework.runner.siloam.formreturnpage.FormReturnRunner@433defed]" started-at="2022-10-07T14:45:54 ICT" name="runScenario" description="Runs Cucumber Scenarios" data-provider="scenarios" finished-at="2022-10-07T14:46:12 ICT" duration-ms="17742" status="PASS">
          <params>
            <param index="0">
              <value>
                <![CDATA["Siloam085 Form Return Sales Tekan Reset Complete"]]>
              </value>
            </param>
            <param index="1">
              <value>
                <![CDATA["Form Return Sales Filter"]]>
              </value>
            </param>
          </params>
          <reporter-output>
          </reporter-output>
        </test-method> <!-- runScenario -->
        <test-method signature="runScenario(io.cucumber.testng.PickleWrapper,io.cucumber.testng.FeatureWrapper)[pri:0, instance:cucumber.framework.runner.siloam.formreturnpage.FormReturnRunner@433defed]" started-at="2022-10-07T14:46:12 ICT" name="runScenario" description="Runs Cucumber Scenarios" data-provider="scenarios" finished-at="2022-10-07T14:46:27 ICT" duration-ms="15241" status="PASS">
          <params>
            <param index="0">
              <value>
                <![CDATA["Siloam085 Form Return Sales Input Start End Date Tekan Filter Pending"]]>
              </value>
            </param>
            <param index="1">
              <value>
                <![CDATA["Form Return Sales Filter"]]>
              </value>
            </param>
          </params>
          <reporter-output>
          </reporter-output>
        </test-method> <!-- runScenario -->
        <test-method signature="runScenario(io.cucumber.testng.PickleWrapper,io.cucumber.testng.FeatureWrapper)[pri:0, instance:cucumber.framework.runner.siloam.formreturnpage.FormReturnRunner@433defed]" started-at="2022-10-07T14:46:27 ICT" name="runScenario" description="Runs Cucumber Scenarios" data-provider="scenarios" finished-at="2022-10-07T14:46:44 ICT" duration-ms="17527" status="PASS">
          <params>
            <param index="0">
              <value>
                <![CDATA["Siloam085 Form Return Sales Tekan Reset Pending"]]>
              </value>
            </param>
            <param index="1">
              <value>
                <![CDATA["Form Return Sales Filter"]]>
              </value>
            </param>
          </params>
          <reporter-output>
          </reporter-output>
        </test-method> <!-- runScenario -->
        <test-method signature="runScenario(io.cucumber.testng.PickleWrapper,io.cucumber.testng.FeatureWrapper)[pri:0, instance:cucumber.framework.runner.siloam.formreturnpage.FormReturnRunner@433defed]" started-at="2022-10-07T14:46:44 ICT" name="runScenario" description="Runs Cucumber Scenarios" data-provider="scenarios" finished-at="2022-10-07T14:46:57 ICT" duration-ms="12115" status="PASS">
          <params>
            <param index="0">
              <value>
                <![CDATA["Siloam085 Form Return Sales Input Start End Date Tekan Filter Pilih"]]>
              </value>
            </param>
            <param index="1">
              <value>
                <![CDATA["Form Return Sales Filter"]]>
              </value>
            </param>
          </params>
          <reporter-output>
          </reporter-output>
        </test-method> <!-- runScenario -->
        <test-method signature="runScenario(io.cucumber.testng.PickleWrapper,io.cucumber.testng.FeatureWrapper)[pri:0, instance:cucumber.framework.runner.siloam.formreturnpage.FormReturnRunner@433defed]" started-at="2022-10-07T14:46:57 ICT" name="runScenario" description="Runs Cucumber Scenarios" data-provider="scenarios" finished-at="2022-10-07T14:47:11 ICT" duration-ms="14120" status="PASS">
          <params>
            <param index="0">
              <value>
                <![CDATA["Siloam085 Form Return Sales Tekan Reset Pilih"]]>
              </value>
            </param>
            <param index="1">
              <value>
                <![CDATA["Form Return Sales Filter"]]>
              </value>
            </param>
          </params>
          <reporter-output>
          </reporter-output>
        </test-method> <!-- runScenario -->
        <test-method signature="runScenario(io.cucumber.testng.PickleWrapper,io.cucumber.testng.FeatureWrapper)[pri:0, instance:cucumber.framework.runner.siloam.formreturnpage.FormReturnRunner@433defed]" started-at="2022-10-07T14:47:11 ICT" name="runScenario" description="Runs Cucumber Scenarios" data-provider="scenarios" finished-at="2022-10-07T14:47:22 ICT" duration-ms="11089" status="PASS">
          <params>
            <param index="0">
              <value>
                <![CDATA["Siloam090 Form Return Sales Show Page Sepuluh"]]>
              </value>
            </param>
            <param index="1">
              <value>
                <![CDATA["Form Return Sales Show Page"]]>
              </value>
            </param>
          </params>
          <reporter-output>
          </reporter-output>
        </test-method> <!-- runScenario -->
        <test-method signature="runScenario(io.cucumber.testng.PickleWrapper,io.cucumber.testng.FeatureWrapper)[pri:0, instance:cucumber.framework.runner.siloam.formreturnpage.FormReturnRunner@433defed]" started-at="2022-10-07T14:47:22 ICT" name="runScenario" description="Runs Cucumber Scenarios" data-provider="scenarios" finished-at="2022-10-07T14:47:33 ICT" duration-ms="11002" status="PASS">
          <params>
            <param index="0">
              <value>
                <![CDATA["Siloam090 Form Return Sales Show Page Sepuluh Next"]]>
              </value>
            </param>
            <param index="1">
              <value>
                <![CDATA["Form Return Sales Show Page"]]>
              </value>
            </param>
          </params>
          <reporter-output>
          </reporter-output>
        </test-method> <!-- runScenario -->
        <test-method signature="runScenario(io.cucumber.testng.PickleWrapper,io.cucumber.testng.FeatureWrapper)[pri:0, instance:cucumber.framework.runner.siloam.formreturnpage.FormReturnRunner@433defed]" started-at="2022-10-07T14:47:33 ICT" name="runScenario" description="Runs Cucumber Scenarios" data-provider="scenarios" finished-at="2022-10-07T14:47:45 ICT" duration-ms="12609" status="PASS">
          <params>
            <param index="0">
              <value>
                <![CDATA["Siloam090 Form Return Sales Show Page Sepuluh Previous"]]>
              </value>
            </param>
            <param index="1">
              <value>
                <![CDATA["Form Return Sales Show Page"]]>
              </value>
            </param>
          </params>
          <reporter-output>
          </reporter-output>
        </test-method> <!-- runScenario -->
        <test-method signature="runScenario(io.cucumber.testng.PickleWrapper,io.cucumber.testng.FeatureWrapper)[pri:0, instance:cucumber.framework.runner.siloam.formreturnpage.FormReturnRunner@433defed]" started-at="2022-10-07T14:47:45 ICT" name="runScenario" description="Runs Cucumber Scenarios" data-provider="scenarios" finished-at="2022-10-07T14:47:56 ICT" duration-ms="10981" status="PASS">
          <params>
            <param index="0">
              <value>
                <![CDATA["Siloam090 Form Return Sales Show Page Dua Puluh Lima"]]>
              </value>
            </param>
            <param index="1">
              <value>
                <![CDATA["Form Return Sales Show Page"]]>
              </value>
            </param>
          </params>
          <reporter-output>
          </reporter-output>
        </test-method> <!-- runScenario -->
        <test-method signature="runScenario(io.cucumber.testng.PickleWrapper,io.cucumber.testng.FeatureWrapper)[pri:0, instance:cucumber.framework.runner.siloam.formreturnpage.FormReturnRunner@433defed]" started-at="2022-10-07T14:47:56 ICT" name="runScenario" description="Runs Cucumber Scenarios" data-provider="scenarios" finished-at="2022-10-07T14:48:09 ICT" duration-ms="12910" status="PASS">
          <params>
            <param index="0">
              <value>
                <![CDATA["Siloam090 Form Return Sales Show Page Dua Puluh Lima Next"]]>
              </value>
            </param>
            <param index="1">
              <value>
                <![CDATA["Form Return Sales Show Page"]]>
              </value>
            </param>
          </params>
          <reporter-output>
          </reporter-output>
        </test-method> <!-- runScenario -->
        <test-method signature="runScenario(io.cucumber.testng.PickleWrapper,io.cucumber.testng.FeatureWrapper)[pri:0, instance:cucumber.framework.runner.siloam.formreturnpage.FormReturnRunner@433defed]" started-at="2022-10-07T14:48:09 ICT" name="runScenario" description="Runs Cucumber Scenarios" data-provider="scenarios" finished-at="2022-10-07T14:48:21 ICT" duration-ms="11888" status="PASS">
          <params>
            <param index="0">
              <value>
                <![CDATA["Siloam090 Form Return Sales Show Page Dua Puluh Lima Previous"]]>
              </value>
            </param>
            <param index="1">
              <value>
                <![CDATA["Form Return Sales Show Page"]]>
              </value>
            </param>
          </params>
          <reporter-output>
          </reporter-output>
        </test-method> <!-- runScenario -->
        <test-method signature="runScenario(io.cucumber.testng.PickleWrapper,io.cucumber.testng.FeatureWrapper)[pri:0, instance:cucumber.framework.runner.siloam.formreturnpage.FormReturnRunner@433defed]" started-at="2022-10-07T14:48:21 ICT" name="runScenario" description="Runs Cucumber Scenarios" data-provider="scenarios" finished-at="2022-10-07T14:48:32 ICT" duration-ms="10757" status="PASS">
          <params>
            <param index="0">
              <value>
                <![CDATA["Siloam090 Form Return Sales Show Page Lima Puluh"]]>
              </value>
            </param>
            <param index="1">
              <value>
                <![CDATA["Form Return Sales Show Page"]]>
              </value>
            </param>
          </params>
          <reporter-output>
          </reporter-output>
        </test-method> <!-- runScenario -->
        <test-method signature="runScenario(io.cucumber.testng.PickleWrapper,io.cucumber.testng.FeatureWrapper)[pri:0, instance:cucumber.framework.runner.siloam.formreturnpage.FormReturnRunner@433defed]" started-at="2022-10-07T14:48:32 ICT" name="runScenario" description="Runs Cucumber Scenarios" data-provider="scenarios" finished-at="2022-10-07T14:48:46 ICT" duration-ms="14228" status="PASS">
          <params>
            <param index="0">
              <value>
                <![CDATA["Siloam090 Form Return Sales Show Page Lima Puluh Next"]]>
              </value>
            </param>
            <param index="1">
              <value>
                <![CDATA["Form Return Sales Show Page"]]>
              </value>
            </param>
          </params>
          <reporter-output>
          </reporter-output>
        </test-method> <!-- runScenario -->
        <test-method signature="runScenario(io.cucumber.testng.PickleWrapper,io.cucumber.testng.FeatureWrapper)[pri:0, instance:cucumber.framework.runner.siloam.formreturnpage.FormReturnRunner@433defed]" started-at="2022-10-07T14:48:46 ICT" name="runScenario" description="Runs Cucumber Scenarios" data-provider="scenarios" finished-at="2022-10-07T14:48:58 ICT" duration-ms="11898" status="PASS">
          <params>
            <param index="0">
              <value>
                <![CDATA["Siloam090 Form Return Sales Show Page Lima Puluh Previous"]]>
              </value>
            </param>
            <param index="1">
              <value>
                <![CDATA["Form Return Sales Show Page"]]>
              </value>
            </param>
          </params>
          <reporter-output>
          </reporter-output>
        </test-method> <!-- runScenario -->
        <test-method signature="runScenario(io.cucumber.testng.PickleWrapper,io.cucumber.testng.FeatureWrapper)[pri:0, instance:cucumber.framework.runner.siloam.formreturnpage.FormReturnRunner@433defed]" started-at="2022-10-07T14:48:58 ICT" name="runScenario" description="Runs Cucumber Scenarios" data-provider="scenarios" finished-at="2022-10-07T14:49:09 ICT" duration-ms="11389" status="PASS">
          <params>
            <param index="0">
              <value>
                <![CDATA["Siloam090 Form Return Sales Show Page Seratus"]]>
              </value>
            </param>
            <param index="1">
              <value>
                <![CDATA["Form Return Sales Show Page"]]>
              </value>
            </param>
          </params>
          <reporter-output>
          </reporter-output>
        </test-method> <!-- runScenario -->
        <test-method signature="runScenario(io.cucumber.testng.PickleWrapper,io.cucumber.testng.FeatureWrapper)[pri:0, instance:cucumber.framework.runner.siloam.formreturnpage.FormReturnRunner@433defed]" started-at="2022-10-07T14:49:09 ICT" name="runScenario" description="Runs Cucumber Scenarios" data-provider="scenarios" finished-at="2022-10-07T14:49:22 ICT" duration-ms="12953" status="PASS">
          <params>
            <param index="0">
              <value>
                <![CDATA["Siloam090 Form Return Sales Show Page Seratus Next"]]>
              </value>
            </param>
            <param index="1">
              <value>
                <![CDATA["Form Return Sales Show Page"]]>
              </value>
            </param>
          </params>
          <reporter-output>
          </reporter-output>
        </test-method> <!-- runScenario -->
        <test-method signature="runScenario(io.cucumber.testng.PickleWrapper,io.cucumber.testng.FeatureWrapper)[pri:0, instance:cucumber.framework.runner.siloam.formreturnpage.FormReturnRunner@433defed]" started-at="2022-10-07T14:49:22 ICT" name="runScenario" description="Runs Cucumber Scenarios" data-provider="scenarios" finished-at="2022-10-07T14:49:34 ICT" duration-ms="11713" status="PASS">
          <params>
            <param index="0">
              <value>
                <![CDATA["Siloam090 Form Return Sales Show Page Seratus Previous"]]>
              </value>
            </param>
            <param index="1">
              <value>
                <![CDATA["Form Return Sales Show Page"]]>
              </value>
            </param>
          </params>
          <reporter-output>
          </reporter-output>
        </test-method> <!-- runScenario -->
        <test-method signature="runScenario(io.cucumber.testng.PickleWrapper,io.cucumber.testng.FeatureWrapper)[pri:0, instance:cucumber.framework.runner.siloam.formreturnpage.FormReturnRunner@433defed]" started-at="2022-10-07T14:49:34 ICT" name="runScenario" description="Runs Cucumber Scenarios" data-provider="scenarios" finished-at="2022-10-07T14:49:43 ICT" duration-ms="8711" status="PASS">
          <params>
            <param index="0">
              <value>
                <![CDATA["Siloam093 Form Return Sales Search Nama"]]>
              </value>
            </param>
            <param index="1">
              <value>
                <![CDATA["Form Return Sales Search"]]>
              </value>
            </param>
          </params>
          <reporter-output>
          </reporter-output>
        </test-method> <!-- runScenario -->
        <test-method signature="runScenario(io.cucumber.testng.PickleWrapper,io.cucumber.testng.FeatureWrapper)[pri:0, instance:cucumber.framework.runner.siloam.formreturnpage.FormReturnRunner@433defed]" started-at="2022-10-07T14:49:43 ICT" name="runScenario" description="Runs Cucumber Scenarios" data-provider="scenarios" finished-at="2022-10-07T14:49:44 ICT" duration-ms="1636" status="PASS">
          <params>
            <param index="0">
              <value>
                <![CDATA["Siloam093 Form Return Sales Reset Nama"]]>
              </value>
            </param>
            <param index="1">
              <value>
                <![CDATA["Form Return Sales Search"]]>
              </value>
            </param>
          </params>
          <reporter-output>
          </reporter-output>
        </test-method> <!-- runScenario -->
        <test-method signature="runScenario(io.cucumber.testng.PickleWrapper,io.cucumber.testng.FeatureWrapper)[pri:0, instance:cucumber.framework.runner.siloam.formreturnpage.FormReturnRunner@433defed]" started-at="2022-10-07T14:49:44 ICT" name="runScenario" description="Runs Cucumber Scenarios" data-provider="scenarios" finished-at="2022-10-07T14:49:48 ICT" duration-ms="3296" status="PASS">
          <params>
            <param index="0">
              <value>
                <![CDATA["Siloam093 Form Return Sales Search Nomor BPJS"]]>
              </value>
            </param>
            <param index="1">
              <value>
                <![CDATA["Form Return Sales Search"]]>
              </value>
            </param>
          </params>
          <reporter-output>
          </reporter-output>
        </test-method> <!-- runScenario -->
        <test-method signature="runScenario(io.cucumber.testng.PickleWrapper,io.cucumber.testng.FeatureWrapper)[pri:0, instance:cucumber.framework.runner.siloam.formreturnpage.FormReturnRunner@433defed]" started-at="2022-10-07T14:49:48 ICT" name="runScenario" description="Runs Cucumber Scenarios" data-provider="scenarios" finished-at="2022-10-07T14:49:49 ICT" duration-ms="1401" status="PASS">
          <params>
            <param index="0">
              <value>
                <![CDATA["Siloam093 Form Return Sales Reset Nomor BPJS"]]>
              </value>
            </param>
            <param index="1">
              <value>
                <![CDATA["Form Return Sales Search"]]>
              </value>
            </param>
          </params>
          <reporter-output>
          </reporter-output>
        </test-method> <!-- runScenario -->
        <test-method signature="runScenario(io.cucumber.testng.PickleWrapper,io.cucumber.testng.FeatureWrapper)[pri:0, instance:cucumber.framework.runner.siloam.formreturnpage.FormReturnRunner@433defed]" started-at="2022-10-07T14:49:49 ICT" name="runScenario" description="Runs Cucumber Scenarios" data-provider="scenarios" finished-at="2022-10-07T14:49:52 ICT" duration-ms="3325" status="PASS">
          <params>
            <param index="0">
              <value>
                <![CDATA["Siloam093 Form Return Sales Search kota KTP"]]>
              </value>
            </param>
            <param index="1">
              <value>
                <![CDATA["Form Return Sales Search"]]>
              </value>
            </param>
          </params>
          <reporter-output>
          </reporter-output>
        </test-method> <!-- runScenario -->
        <test-method signature="runScenario(io.cucumber.testng.PickleWrapper,io.cucumber.testng.FeatureWrapper)[pri:0, instance:cucumber.framework.runner.siloam.formreturnpage.FormReturnRunner@433defed]" started-at="2022-10-07T14:49:52 ICT" name="runScenario" description="Runs Cucumber Scenarios" data-provider="scenarios" finished-at="2022-10-07T14:49:54 ICT" duration-ms="1409" status="PASS">
          <params>
            <param index="0">
              <value>
                <![CDATA["Siloam093 Form Return Sales Reset kota KTP"]]>
              </value>
            </param>
            <param index="1">
              <value>
                <![CDATA["Form Return Sales Search"]]>
              </value>
            </param>
          </params>
          <reporter-output>
          </reporter-output>
        </test-method> <!-- runScenario -->
        <test-method signature="runScenario(io.cucumber.testng.PickleWrapper,io.cucumber.testng.FeatureWrapper)[pri:0, instance:cucumber.framework.runner.siloam.formreturnpage.FormReturnRunner@433defed]" started-at="2022-10-07T14:49:54 ICT" name="runScenario" description="Runs Cucumber Scenarios" data-provider="scenarios" finished-at="2022-10-07T14:49:57 ICT" duration-ms="3291" status="PASS">
          <params>
            <param index="0">
              <value>
                <![CDATA["Siloam093 Form Return Sales Search Faskes Awal"]]>
              </value>
            </param>
            <param index="1">
              <value>
                <![CDATA["Form Return Sales Search"]]>
              </value>
            </param>
          </params>
          <reporter-output>
          </reporter-output>
        </test-method> <!-- runScenario -->
        <test-method signature="runScenario(io.cucumber.testng.PickleWrapper,io.cucumber.testng.FeatureWrapper)[pri:0, instance:cucumber.framework.runner.siloam.formreturnpage.FormReturnRunner@433defed]" started-at="2022-10-07T14:49:57 ICT" name="runScenario" description="Runs Cucumber Scenarios" data-provider="scenarios" finished-at="2022-10-07T14:49:59 ICT" duration-ms="1387" status="PASS">
          <params>
            <param index="0">
              <value>
                <![CDATA["Siloam093 Form Return Sales Reset Faskes Awal"]]>
              </value>
            </param>
            <param index="1">
              <value>
                <![CDATA["Form Return Sales Search"]]>
              </value>
            </param>
          </params>
          <reporter-output>
          </reporter-output>
        </test-method> <!-- runScenario -->
        <test-method signature="runScenario(io.cucumber.testng.PickleWrapper,io.cucumber.testng.FeatureWrapper)[pri:0, instance:cucumber.framework.runner.siloam.formreturnpage.FormReturnRunner@433defed]" started-at="2022-10-07T14:49:59 ICT" name="runScenario" description="Runs Cucumber Scenarios" data-provider="scenarios" finished-at="2022-10-07T14:50:02 ICT" duration-ms="3311" status="PASS">
          <params>
            <param index="0">
              <value>
                <![CDATA["Siloam093 Form Return Sales Search Faskes Tujuan"]]>
              </value>
            </param>
            <param index="1">
              <value>
                <![CDATA["Form Return Sales Search"]]>
              </value>
            </param>
          </params>
          <reporter-output>
          </reporter-output>
        </test-method> <!-- runScenario -->
        <test-method signature="runScenario(io.cucumber.testng.PickleWrapper,io.cucumber.testng.FeatureWrapper)[pri:0, instance:cucumber.framework.runner.siloam.formreturnpage.FormReturnRunner@433defed]" started-at="2022-10-07T14:50:02 ICT" name="runScenario" description="Runs Cucumber Scenarios" data-provider="scenarios" finished-at="2022-10-07T14:50:03 ICT" duration-ms="1615" status="PASS">
          <params>
            <param index="0">
              <value>
                <![CDATA["Siloam093 Form Return Sales Reset Faskes Tujuan"]]>
              </value>
            </param>
            <param index="1">
              <value>
                <![CDATA["Form Return Sales Search"]]>
              </value>
            </param>
          </params>
          <reporter-output>
          </reporter-output>
        </test-method> <!-- runScenario -->
        <test-method signature="runScenario(io.cucumber.testng.PickleWrapper,io.cucumber.testng.FeatureWrapper)[pri:0, instance:cucumber.framework.runner.siloam.formreturnpage.FormReturnRunner@433defed]" started-at="2022-10-07T14:50:03 ICT" name="runScenario" description="Runs Cucumber Scenarios" data-provider="scenarios" finished-at="2022-10-07T14:50:12 ICT" duration-ms="8841" status="PASS">
          <params>
            <param index="0">
              <value>
                <![CDATA["Siloam095 Form Return Sales Invalid Search Nama"]]>
              </value>
            </param>
            <param index="1">
              <value>
                <![CDATA["Form Return Sales Search Invalid"]]>
              </value>
            </param>
          </params>
          <reporter-output>
          </reporter-output>
        </test-method> <!-- runScenario -->
        <test-method signature="runScenario(io.cucumber.testng.PickleWrapper,io.cucumber.testng.FeatureWrapper)[pri:0, instance:cucumber.framework.runner.siloam.formreturnpage.FormReturnRunner@433defed]" started-at="2022-10-07T14:50:12 ICT" name="runScenario" description="Runs Cucumber Scenarios" data-provider="scenarios" finished-at="2022-10-07T14:50:17 ICT" duration-ms="4602" status="PASS">
          <params>
            <param index="0">
              <value>
                <![CDATA["Siloam095 Form Return Sales Invalid Search Nomor BPJS"]]>
              </value>
            </param>
            <param index="1">
              <value>
                <![CDATA["Form Return Sales Search Invalid"]]>
              </value>
            </param>
          </params>
          <reporter-output>
          </reporter-output>
        </test-method> <!-- runScenario -->
        <test-method signature="runScenario(io.cucumber.testng.PickleWrapper,io.cucumber.testng.FeatureWrapper)[pri:0, instance:cucumber.framework.runner.siloam.formreturnpage.FormReturnRunner@433defed]" started-at="2022-10-07T14:50:17 ICT" name="runScenario" description="Runs Cucumber Scenarios" data-provider="scenarios" finished-at="2022-10-07T14:50:21 ICT" duration-ms="4558" status="PASS">
          <params>
            <param index="0">
              <value>
                <![CDATA["Siloam095 Form Return Sales Invalid Search Kota KTP"]]>
              </value>
            </param>
            <param index="1">
              <value>
                <![CDATA["Form Return Sales Search Invalid"]]>
              </value>
            </param>
          </params>
          <reporter-output>
          </reporter-output>
        </test-method> <!-- runScenario -->
        <test-method signature="runScenario(io.cucumber.testng.PickleWrapper,io.cucumber.testng.FeatureWrapper)[pri:0, instance:cucumber.framework.runner.siloam.formreturnpage.FormReturnRunner@433defed]" started-at="2022-10-07T14:50:21 ICT" name="runScenario" description="Runs Cucumber Scenarios" data-provider="scenarios" finished-at="2022-10-07T14:50:26 ICT" duration-ms="4604" status="PASS">
          <params>
            <param index="0">
              <value>
                <![CDATA["Siloam095 Form Return Sales Invalid Search Faskes Awal"]]>
              </value>
            </param>
            <param index="1">
              <value>
                <![CDATA["Form Return Sales Search Invalid"]]>
              </value>
            </param>
          </params>
          <reporter-output>
          </reporter-output>
        </test-method> <!-- runScenario -->
        <test-method signature="runScenario(io.cucumber.testng.PickleWrapper,io.cucumber.testng.FeatureWrapper)[pri:0, instance:cucumber.framework.runner.siloam.formreturnpage.FormReturnRunner@433defed]" started-at="2022-10-07T14:50:26 ICT" name="runScenario" description="Runs Cucumber Scenarios" data-provider="scenarios" finished-at="2022-10-07T14:50:31 ICT" duration-ms="4612" status="PASS">
          <params>
            <param index="0">
              <value>
                <![CDATA["Siloam095 Form Return Sales Invalid Search Faskes Tujuan"]]>
              </value>
            </param>
            <param index="1">
              <value>
                <![CDATA["Form Return Sales Search Invalid"]]>
              </value>
            </param>
          </params>
          <reporter-output>
          </reporter-output>
        </test-method> <!-- runScenario -->
        <test-method signature="runScenario(io.cucumber.testng.PickleWrapper,io.cucumber.testng.FeatureWrapper)[pri:0, instance:cucumber.framework.runner.siloam.formreturnpage.FormReturnRunner@433defed]" started-at="2022-10-07T14:50:31 ICT" name="runScenario" description="Runs Cucumber Scenarios" data-provider="scenarios" finished-at="2022-10-07T14:50:42 ICT" duration-ms="11263" status="PASS">
          <params>
            <param index="0">
              <value>
                <![CDATA["Siloam097 Form Return Sales Tekan Tombol Aksi"]]>
              </value>
            </param>
            <param index="1">
              <value>
                <![CDATA["Form Return Sales Tekan Aksi"]]>
              </value>
            </param>
          </params>
          <reporter-output>
          </reporter-output>
        </test-method> <!-- runScenario -->
        <test-method signature="runScenario(io.cucumber.testng.PickleWrapper,io.cucumber.testng.FeatureWrapper)[pri:0, instance:cucumber.framework.runner.siloam.formreturnpage.FormReturnRunner@433defed]" started-at="2022-10-07T14:50:42 ICT" name="runScenario" description="Runs Cucumber Scenarios" data-provider="scenarios" finished-at="2022-10-07T14:50:52 ICT" duration-ms="10246" status="PASS">
          <params>
            <param index="0">
              <value>
                <![CDATA["Siloam097 Form Return Sales Tekan Tombol Aksi Case Dua"]]>
              </value>
            </param>
            <param index="1">
              <value>
                <![CDATA["Form Return Sales Tekan Aksi"]]>
              </value>
            </param>
          </params>
          <reporter-output>
          </reporter-output>
        </test-method> <!-- runScenario -->
        <test-method signature="runScenario(io.cucumber.testng.PickleWrapper,io.cucumber.testng.FeatureWrapper)[pri:0, instance:cucumber.framework.runner.siloam.formreturnpage.FormReturnRunner@433defed]" started-at="2022-10-07T14:50:52 ICT" name="runScenario" description="Runs Cucumber Scenarios" data-provider="scenarios" finished-at="2022-10-07T14:51:08 ICT" duration-ms="15333" status="PASS">
          <params>
            <param index="0">
              <value>
                <![CDATA["Siloam099 Form Return Sales Tekan Tombol Filter Invalid Pending"]]>
              </value>
            </param>
            <param index="1">
              <value>
                <![CDATA["Form Return Sales Tekan Filter Invalid"]]>
              </value>
            </param>
          </params>
          <reporter-output>
          </reporter-output>
        </test-method> <!-- runScenario -->
        <test-method signature="runScenario(io.cucumber.testng.PickleWrapper,io.cucumber.testng.FeatureWrapper)[pri:0, instance:cucumber.framework.runner.siloam.formreturnpage.FormReturnRunner@433defed]" started-at="2022-10-07T14:51:08 ICT" name="runScenario" description="Runs Cucumber Scenarios" data-provider="scenarios" finished-at="2022-10-07T14:51:18 ICT" duration-ms="10614" status="PASS">
          <params>
            <param index="0">
              <value>
                <![CDATA["Siloam099 Form Return Sales Tekan Tombol Filter Invalid Complete"]]>
              </value>
            </param>
            <param index="1">
              <value>
                <![CDATA["Form Return Sales Tekan Filter Invalid"]]>
              </value>
            </param>
          </params>
          <reporter-output>
          </reporter-output>
        </test-method> <!-- runScenario -->
        <test-method signature="runScenario(io.cucumber.testng.PickleWrapper,io.cucumber.testng.FeatureWrapper)[pri:0, instance:cucumber.framework.runner.siloam.formreturnpage.FormReturnRunner@433defed]" started-at="2022-10-07T14:51:18 ICT" name="runScenario" description="Runs Cucumber Scenarios" data-provider="scenarios" finished-at="2022-10-07T14:51:24 ICT" duration-ms="6322" status="PASS">
          <params>
            <param index="0">
              <value>
                <![CDATA["Siloam205 Sales Menekan Tombol LogOut"]]>
              </value>
            </param>
            <param index="1">
              <value>
                <![CDATA["Sales LogOut"]]>
              </value>
            </param>
          </params>
          <reporter-output>
          </reporter-output>
        </test-method> <!-- runScenario -->
        <test-method is-config="true" signature="tearDownClass()[pri:0, instance:cucumber.framework.runner.siloam.formreturnpage.FormReturnRunner@433defed]" started-at="2022-10-07T14:51:24 ICT" name="tearDownClass" finished-at="2022-10-07T14:51:26 ICT" duration-ms="1339" status="PASS">
          <reporter-output>
          </reporter-output>
        </test-method> <!-- tearDownClass -->
      </class> <!-- cucumber.framework.runner.siloam.formreturnpage.FormReturnRunner -->
    </test> <!-- Default test -->
  </suite> <!-- Default suite -->
</testng-results>
