<?xml version="1.0" encoding="UTF-8"?>
<testng-results ignored="0" total="297" passed="198" failed="99" skipped="0">
  <reporter-output>
  </reporter-output>
  <suite started-at="2022-10-09T11:31:53 ICT" name="Default suite" finished-at="2022-10-09T12:24:32 ICT" duration-ms="3159609">
    <groups>
      <group name="cucumber">
        <method signature="AbstractTestNGCucumberTests.runScenario(io.cucumber.testng.PickleWrapper,io.cucumber.testng.FeatureWrapper)[pri:0, instance:cucumber.framework.runner.siloam.ttddigitalpage.TandaTanganDigitalOutlineRunner@433defed]" name="runScenario" class="io.cucumber.testng.AbstractTestNGCucumberTests"/>
      </group> <!-- cucumber -->
    </groups>
    <test started-at="2022-10-09T11:31:53 ICT" name="Default test" finished-at="2022-10-09T12:24:32 ICT" duration-ms="3159609">
      <class name="cucumber.framework.runner.siloam.ttddigitalpage.TandaTanganDigitalOutlineRunner">
        <test-method is-config="true" signature="setUpClass(org.testng.ITestContext)[pri:0, instance:cucumber.framework.runner.siloam.ttddigitalpage.TandaTanganDigitalOutlineRunner@433defed]" started-at="2022-10-09T11:31:53 ICT" name="setUpClass" finished-at="2022-10-09T11:31:54 ICT" duration-ms="1486" status="PASS">
          <params>
            <param index="0">
              <value>
                <![CDATA[org.testng.TestRunner@699f6ada]]>
              </value>
            </param>
          </params>
          <reporter-output>
          </reporter-output>
        </test-method> <!-- setUpClass -->
        <test-method signature="runScenario(io.cucumber.testng.PickleWrapper,io.cucumber.testng.FeatureWrapper)[pri:0, instance:cucumber.framework.runner.siloam.ttddigitalpage.TandaTanganDigitalOutlineRunner@433defed]" started-at="2022-10-09T11:31:54 ICT" name="runScenario" description="Runs Cucumber Scenarios" data-provider="scenarios" finished-at="2022-10-09T11:32:11 ICT" duration-ms="16914" status="PASS">
          <params>
            <param index="0">
              <value>
                <![CDATA["Siloam370001 Sales tekan tombol hapus file upload before dan klik cancel"]]>
              </value>
            </param>
            <param index="1">
              <value>
                <![CDATA["Sales Hapus File Upload Before"]]>
              </value>
            </param>
          </params>
          <reporter-output>
          </reporter-output>
        </test-method> <!-- runScenario -->
        <test-method signature="runScenario(io.cucumber.testng.PickleWrapper,io.cucumber.testng.FeatureWrapper)[pri:0, instance:cucumber.framework.runner.siloam.ttddigitalpage.TandaTanganDigitalOutlineRunner@433defed]" started-at="2022-10-09T11:32:11 ICT" name="runScenario" description="Runs Cucumber Scenarios" data-provider="scenarios" finished-at="2022-10-09T11:32:15 ICT" duration-ms="3585" status="PASS">
          <params>
            <param index="0">
              <value>
                <![CDATA["Siloam370002 Sales tekan tombol hapus file upload before dan klik ok"]]>
              </value>
            </param>
            <param index="1">
              <value>
                <![CDATA["Sales Hapus File Upload Before"]]>
              </value>
            </param>
          </params>
          <reporter-output>
          </reporter-output>
        </test-method> <!-- runScenario -->
        <test-method signature="runScenario(io.cucumber.testng.PickleWrapper,io.cucumber.testng.FeatureWrapper)[pri:0, instance:cucumber.framework.runner.siloam.ttddigitalpage.TandaTanganDigitalOutlineRunner@433defed]" started-at="2022-10-09T11:32:15 ICT" name="runScenario" description="Runs Cucumber Scenarios" data-provider="scenarios" finished-at="2022-10-09T11:32:25 ICT" duration-ms="9670" status="PASS">
          <params>
            <param index="0">
              <value>
                <![CDATA["Siloam375001 Sales tekan tombol hapus file upload after dan klik cancel"]]>
              </value>
            </param>
            <param index="1">
              <value>
                <![CDATA["Sales Hapus File Upload After"]]>
              </value>
            </param>
          </params>
          <reporter-output>
          </reporter-output>
        </test-method> <!-- runScenario -->
        <test-method signature="runScenario(io.cucumber.testng.PickleWrapper,io.cucumber.testng.FeatureWrapper)[pri:0, instance:cucumber.framework.runner.siloam.ttddigitalpage.TandaTanganDigitalOutlineRunner@433defed]" started-at="2022-10-09T11:32:25 ICT" name="runScenario" description="Runs Cucumber Scenarios" data-provider="scenarios" finished-at="2022-10-09T11:32:28 ICT" duration-ms="3625" status="PASS">
          <params>
            <param index="0">
              <value>
                <![CDATA["Siloam375002 Sales tekan tombol hapus file upload after dan klik ok"]]>
              </value>
            </param>
            <param index="1">
              <value>
                <![CDATA["Sales Hapus File Upload After"]]>
              </value>
            </param>
          </params>
          <reporter-output>
          </reporter-output>
        </test-method> <!-- runScenario -->
        <test-method signature="runScenario(io.cucumber.testng.PickleWrapper,io.cucumber.testng.FeatureWrapper)[pri:0, instance:cucumber.framework.runner.siloam.ttddigitalpage.TandaTanganDigitalOutlineRunner@433defed]" started-at="2022-10-09T11:32:28 ICT" name="runScenario" description="Runs Cucumber Scenarios" data-provider="scenarios" finished-at="2022-10-09T11:32:39 ICT" duration-ms="10628" status="PASS">
          <params>
            <param index="0">
              <value>
                <![CDATA["Siloam380001 Sales tekan tombol hapus file upload ttd dan klik cancel"]]>
              </value>
            </param>
            <param index="1">
              <value>
                <![CDATA["Sales Hapus File Upload TTD"]]>
              </value>
            </param>
          </params>
          <reporter-output>
          </reporter-output>
        </test-method> <!-- runScenario -->
        <test-method signature="runScenario(io.cucumber.testng.PickleWrapper,io.cucumber.testng.FeatureWrapper)[pri:0, instance:cucumber.framework.runner.siloam.ttddigitalpage.TandaTanganDigitalOutlineRunner@433defed]" started-at="2022-10-09T11:32:39 ICT" name="runScenario" description="Runs Cucumber Scenarios" data-provider="scenarios" finished-at="2022-10-09T11:32:42 ICT" duration-ms="3301" status="PASS">
          <params>
            <param index="0">
              <value>
                <![CDATA["Siloam380002 Sales tekan tombol hapus file upload ttd dan klik ok"]]>
              </value>
            </param>
            <param index="1">
              <value>
                <![CDATA["Sales Hapus File Upload TTD"]]>
              </value>
            </param>
          </params>
          <reporter-output>
          </reporter-output>
        </test-method> <!-- runScenario -->
        <test-method signature="runScenario(io.cucumber.testng.PickleWrapper,io.cucumber.testng.FeatureWrapper)[pri:0, instance:cucumber.framework.runner.siloam.ttddigitalpage.TandaTanganDigitalOutlineRunner@433defed]" started-at="2022-10-09T11:32:42 ICT" name="runScenario" description="Runs Cucumber Scenarios" data-provider="scenarios" finished-at="2022-10-09T11:32:48 ICT" duration-ms="5750" status="FAIL">
          <params>
            <param index="0">
              <value>
                <![CDATA["Siloam100 Sales Update Data Satu Kombinasi"]]>
              </value>
            </param>
            <param index="1">
              <value>
                <![CDATA["Update Data Sales Satu Kombinasi"]]>
              </value>
            </param>
          </params>
          <exception class="java.lang.AssertionError">
            <message>
              <![CDATA[expected [acc] but found [ADIT TEST]]]>
            </message>
            <full-stacktrace>
              <![CDATA[java.lang.AssertionError: expected [acc] but found [ADIT TEST]
at org.testng.Assert.fail(Assert.java:110)
at org.testng.Assert.failNotEquals(Assert.java:1413)
at org.testng.Assert.assertEqualsImpl(Assert.java:149)
at org.testng.Assert.assertEquals(Assert.java:131)
at org.testng.Assert.assertEquals(Assert.java:655)
at org.testng.Assert.assertEquals(Assert.java:665)
at cucumber.framework.runner.siloam.ttddigitalpage.TestTTDPageKombinasiSatu.siloam100_validasi_data_tersimpan_dan_form_ter_update(TestTTDPageKombinasiSatu.java:137)
at ✽.Siloam100 Validasi Data tersimpan dan form ter-update(file:///C:/Users/Nexsoft/git/TugasAkhir/Novri/TA-SQUAD-KEL-SATU/TA-SQUAD-KEL-SATU/src/test/resources/features/siloam-outline/104UpdateDataSalesSatuKombinasi.feature:17)
]]>
            </full-stacktrace>
          </exception> <!-- java.lang.AssertionError -->
          <reporter-output>
          </reporter-output>
        </test-method> <!-- runScenario -->
        <test-method signature="runScenario(io.cucumber.testng.PickleWrapper,io.cucumber.testng.FeatureWrapper)[pri:0, instance:cucumber.framework.runner.siloam.ttddigitalpage.TandaTanganDigitalOutlineRunner@433defed]" started-at="2022-10-09T11:32:48 ICT" name="runScenario" description="Runs Cucumber Scenarios" data-provider="scenarios" finished-at="2022-10-09T11:32:55 ICT" duration-ms="7191" status="PASS">
          <params>
            <param index="0">
              <value>
                <![CDATA["Siloam100 Sales Update Data Satu Kombinasi"]]>
              </value>
            </param>
            <param index="1">
              <value>
                <![CDATA["Update Data Sales Satu Kombinasi"]]>
              </value>
            </param>
          </params>
          <reporter-output>
          </reporter-output>
        </test-method> <!-- runScenario -->
        <test-method signature="runScenario(io.cucumber.testng.PickleWrapper,io.cucumber.testng.FeatureWrapper)[pri:0, instance:cucumber.framework.runner.siloam.ttddigitalpage.TandaTanganDigitalOutlineRunner@433defed]" started-at="2022-10-09T11:32:55 ICT" name="runScenario" description="Runs Cucumber Scenarios" data-provider="scenarios" finished-at="2022-10-09T11:33:01 ICT" duration-ms="6129" status="PASS">
          <params>
            <param index="0">
              <value>
                <![CDATA["Siloam100 Sales Update Data Satu Kombinasi"]]>
              </value>
            </param>
            <param index="1">
              <value>
                <![CDATA["Update Data Sales Satu Kombinasi"]]>
              </value>
            </param>
          </params>
          <reporter-output>
          </reporter-output>
        </test-method> <!-- runScenario -->
        <test-method signature="runScenario(io.cucumber.testng.PickleWrapper,io.cucumber.testng.FeatureWrapper)[pri:0, instance:cucumber.framework.runner.siloam.ttddigitalpage.TandaTanganDigitalOutlineRunner@433defed]" started-at="2022-10-09T11:33:01 ICT" name="runScenario" description="Runs Cucumber Scenarios" data-provider="scenarios" finished-at="2022-10-09T11:33:08 ICT" duration-ms="6363" status="PASS">
          <params>
            <param index="0">
              <value>
                <![CDATA["Siloam100 Sales Update Data Satu Kombinasi"]]>
              </value>
            </param>
            <param index="1">
              <value>
                <![CDATA["Update Data Sales Satu Kombinasi"]]>
              </value>
            </param>
          </params>
          <reporter-output>
          </reporter-output>
        </test-method> <!-- runScenario -->
        <test-method signature="runScenario(io.cucumber.testng.PickleWrapper,io.cucumber.testng.FeatureWrapper)[pri:0, instance:cucumber.framework.runner.siloam.ttddigitalpage.TandaTanganDigitalOutlineRunner@433defed]" started-at="2022-10-09T11:33:08 ICT" name="runScenario" description="Runs Cucumber Scenarios" data-provider="scenarios" finished-at="2022-10-09T11:33:16 ICT" duration-ms="8355" status="PASS">
          <params>
            <param index="0">
              <value>
                <![CDATA["Siloam100 Sales Update Data Satu Kombinasi"]]>
              </value>
            </param>
            <param index="1">
              <value>
                <![CDATA["Update Data Sales Satu Kombinasi"]]>
              </value>
            </param>
          </params>
          <reporter-output>
          </reporter-output>
        </test-method> <!-- runScenario -->
        <test-method signature="runScenario(io.cucumber.testng.PickleWrapper,io.cucumber.testng.FeatureWrapper)[pri:0, instance:cucumber.framework.runner.siloam.ttddigitalpage.TandaTanganDigitalOutlineRunner@433defed]" started-at="2022-10-09T11:33:16 ICT" name="runScenario" description="Runs Cucumber Scenarios" data-provider="scenarios" finished-at="2022-10-09T11:33:23 ICT" duration-ms="6743" status="PASS">
          <params>
            <param index="0">
              <value>
                <![CDATA["Siloam100 Sales Update Data Satu Kombinasi"]]>
              </value>
            </param>
            <param index="1">
              <value>
                <![CDATA["Update Data Sales Satu Kombinasi"]]>
              </value>
            </param>
          </params>
          <reporter-output>
          </reporter-output>
        </test-method> <!-- runScenario -->
        <test-method signature="runScenario(io.cucumber.testng.PickleWrapper,io.cucumber.testng.FeatureWrapper)[pri:0, instance:cucumber.framework.runner.siloam.ttddigitalpage.TandaTanganDigitalOutlineRunner@433defed]" started-at="2022-10-09T11:33:23 ICT" name="runScenario" description="Runs Cucumber Scenarios" data-provider="scenarios" finished-at="2022-10-09T11:33:31 ICT" duration-ms="8089" status="PASS">
          <params>
            <param index="0">
              <value>
                <![CDATA["Siloam100 Sales Update Data Satu Kombinasi"]]>
              </value>
            </param>
            <param index="1">
              <value>
                <![CDATA["Update Data Sales Satu Kombinasi"]]>
              </value>
            </param>
          </params>
          <reporter-output>
          </reporter-output>
        </test-method> <!-- runScenario -->
        <test-method signature="runScenario(io.cucumber.testng.PickleWrapper,io.cucumber.testng.FeatureWrapper)[pri:0, instance:cucumber.framework.runner.siloam.ttddigitalpage.TandaTanganDigitalOutlineRunner@433defed]" started-at="2022-10-09T11:33:31 ICT" name="runScenario" description="Runs Cucumber Scenarios" data-provider="scenarios" finished-at="2022-10-09T11:33:37 ICT" duration-ms="6094" status="PASS">
          <params>
            <param index="0">
              <value>
                <![CDATA["Siloam100 Sales Update Data Satu Kombinasi"]]>
              </value>
            </param>
            <param index="1">
              <value>
                <![CDATA["Update Data Sales Satu Kombinasi"]]>
              </value>
            </param>
          </params>
          <reporter-output>
          </reporter-output>
        </test-method> <!-- runScenario -->
        <test-method signature="runScenario(io.cucumber.testng.PickleWrapper,io.cucumber.testng.FeatureWrapper)[pri:0, instance:cucumber.framework.runner.siloam.ttddigitalpage.TandaTanganDigitalOutlineRunner@433defed]" started-at="2022-10-09T11:33:37 ICT" name="runScenario" description="Runs Cucumber Scenarios" data-provider="scenarios" finished-at="2022-10-09T11:33:44 ICT" duration-ms="7377" status="FAIL">
          <params>
            <param index="0">
              <value>
                <![CDATA["Siloam105 Sales Update Data Dua Kombinasi"]]>
              </value>
            </param>
            <param index="1">
              <value>
                <![CDATA["Update Data Sales Dua Kombinasi"]]>
              </value>
            </param>
          </params>
          <exception class="java.lang.AssertionError">
            <message>
              <![CDATA[expected [Alamanda] but found [ADIT TEST]]]>
            </message>
            <full-stacktrace>
              <![CDATA[java.lang.AssertionError: expected [Alamanda] but found [ADIT TEST]
at org.testng.Assert.fail(Assert.java:110)
at org.testng.Assert.failNotEquals(Assert.java:1413)
at org.testng.Assert.assertEqualsImpl(Assert.java:149)
at org.testng.Assert.assertEquals(Assert.java:131)
at org.testng.Assert.assertEquals(Assert.java:655)
at org.testng.Assert.assertEquals(Assert.java:665)
at cucumber.framework.runner.siloam.ttddigitalpage.TestTTDPageKombinasiDua.siloam105_validasi_data_tersimpan_dan_form_ter_update(TestTTDPageKombinasiDua.java:135)
at ✽.Siloam105 Validasi Data tersimpan dan form ter-update(file:///C:/Users/Nexsoft/git/TugasAkhir/Novri/TA-SQUAD-KEL-SATU/TA-SQUAD-KEL-SATU/src/test/resources/features/siloam-outline/105UpdateDataSalesDuaKombinasi.feature:17)
]]>
            </full-stacktrace>
          </exception> <!-- java.lang.AssertionError -->
          <reporter-output>
          </reporter-output>
        </test-method> <!-- runScenario -->
        <test-method signature="runScenario(io.cucumber.testng.PickleWrapper,io.cucumber.testng.FeatureWrapper)[pri:0, instance:cucumber.framework.runner.siloam.ttddigitalpage.TandaTanganDigitalOutlineRunner@433defed]" started-at="2022-10-09T11:33:44 ICT" name="runScenario" description="Runs Cucumber Scenarios" data-provider="scenarios" finished-at="2022-10-09T11:33:51 ICT" duration-ms="6797" status="FAIL">
          <params>
            <param index="0">
              <value>
                <![CDATA["Siloam105 Sales Update Data Dua Kombinasi"]]>
              </value>
            </param>
            <param index="1">
              <value>
                <![CDATA["Update Data Sales Dua Kombinasi"]]>
              </value>
            </param>
          </params>
          <exception class="java.lang.AssertionError">
            <message>
              <![CDATA[expected [Alamanda] but found [ADIT TEST]]]>
            </message>
            <full-stacktrace>
              <![CDATA[java.lang.AssertionError: expected [Alamanda] but found [ADIT TEST]
at org.testng.Assert.fail(Assert.java:110)
at org.testng.Assert.failNotEquals(Assert.java:1413)
at org.testng.Assert.assertEqualsImpl(Assert.java:149)
at org.testng.Assert.assertEquals(Assert.java:131)
at org.testng.Assert.assertEquals(Assert.java:655)
at org.testng.Assert.assertEquals(Assert.java:665)
at cucumber.framework.runner.siloam.ttddigitalpage.TestTTDPageKombinasiDua.siloam105_validasi_data_tersimpan_dan_form_ter_update(TestTTDPageKombinasiDua.java:135)
at ✽.Siloam105 Validasi Data tersimpan dan form ter-update(file:///C:/Users/Nexsoft/git/TugasAkhir/Novri/TA-SQUAD-KEL-SATU/TA-SQUAD-KEL-SATU/src/test/resources/features/siloam-outline/105UpdateDataSalesDuaKombinasi.feature:17)
]]>
            </full-stacktrace>
          </exception> <!-- java.lang.AssertionError -->
          <reporter-output>
          </reporter-output>
        </test-method> <!-- runScenario -->
        <test-method signature="runScenario(io.cucumber.testng.PickleWrapper,io.cucumber.testng.FeatureWrapper)[pri:0, instance:cucumber.framework.runner.siloam.ttddigitalpage.TandaTanganDigitalOutlineRunner@433defed]" started-at="2022-10-09T11:33:51 ICT" name="runScenario" description="Runs Cucumber Scenarios" data-provider="scenarios" finished-at="2022-10-09T11:33:58 ICT" duration-ms="6950" status="FAIL">
          <params>
            <param index="0">
              <value>
                <![CDATA["Siloam105 Sales Update Data Dua Kombinasi"]]>
              </value>
            </param>
            <param index="1">
              <value>
                <![CDATA["Update Data Sales Dua Kombinasi"]]>
              </value>
            </param>
          </params>
          <exception class="java.lang.AssertionError">
            <message>
              <![CDATA[expected [Alamanda] but found [ADIT TEST]]]>
            </message>
            <full-stacktrace>
              <![CDATA[java.lang.AssertionError: expected [Alamanda] but found [ADIT TEST]
at org.testng.Assert.fail(Assert.java:110)
at org.testng.Assert.failNotEquals(Assert.java:1413)
at org.testng.Assert.assertEqualsImpl(Assert.java:149)
at org.testng.Assert.assertEquals(Assert.java:131)
at org.testng.Assert.assertEquals(Assert.java:655)
at org.testng.Assert.assertEquals(Assert.java:665)
at cucumber.framework.runner.siloam.ttddigitalpage.TestTTDPageKombinasiDua.siloam105_validasi_data_tersimpan_dan_form_ter_update(TestTTDPageKombinasiDua.java:135)
at ✽.Siloam105 Validasi Data tersimpan dan form ter-update(file:///C:/Users/Nexsoft/git/TugasAkhir/Novri/TA-SQUAD-KEL-SATU/TA-SQUAD-KEL-SATU/src/test/resources/features/siloam-outline/105UpdateDataSalesDuaKombinasi.feature:17)
]]>
            </full-stacktrace>
          </exception> <!-- java.lang.AssertionError -->
          <reporter-output>
          </reporter-output>
        </test-method> <!-- runScenario -->
        <test-method signature="runScenario(io.cucumber.testng.PickleWrapper,io.cucumber.testng.FeatureWrapper)[pri:0, instance:cucumber.framework.runner.siloam.ttddigitalpage.TandaTanganDigitalOutlineRunner@433defed]" started-at="2022-10-09T11:33:58 ICT" name="runScenario" description="Runs Cucumber Scenarios" data-provider="scenarios" finished-at="2022-10-09T11:34:07 ICT" duration-ms="9070" status="FAIL">
          <params>
            <param index="0">
              <value>
                <![CDATA["Siloam105 Sales Update Data Dua Kombinasi"]]>
              </value>
            </param>
            <param index="1">
              <value>
                <![CDATA["Update Data Sales Dua Kombinasi"]]>
              </value>
            </param>
          </params>
          <exception class="java.lang.AssertionError">
            <message>
              <![CDATA[expected [Alamanda] but found [ADIT TEST]]]>
            </message>
            <full-stacktrace>
              <![CDATA[java.lang.AssertionError: expected [Alamanda] but found [ADIT TEST]
at org.testng.Assert.fail(Assert.java:110)
at org.testng.Assert.failNotEquals(Assert.java:1413)
at org.testng.Assert.assertEqualsImpl(Assert.java:149)
at org.testng.Assert.assertEquals(Assert.java:131)
at org.testng.Assert.assertEquals(Assert.java:655)
at org.testng.Assert.assertEquals(Assert.java:665)
at cucumber.framework.runner.siloam.ttddigitalpage.TestTTDPageKombinasiDua.siloam105_validasi_data_tersimpan_dan_form_ter_update(TestTTDPageKombinasiDua.java:135)
at ✽.Siloam105 Validasi Data tersimpan dan form ter-update(file:///C:/Users/Nexsoft/git/TugasAkhir/Novri/TA-SQUAD-KEL-SATU/TA-SQUAD-KEL-SATU/src/test/resources/features/siloam-outline/105UpdateDataSalesDuaKombinasi.feature:17)
]]>
            </full-stacktrace>
          </exception> <!-- java.lang.AssertionError -->
          <reporter-output>
          </reporter-output>
        </test-method> <!-- runScenario -->
        <test-method signature="runScenario(io.cucumber.testng.PickleWrapper,io.cucumber.testng.FeatureWrapper)[pri:0, instance:cucumber.framework.runner.siloam.ttddigitalpage.TandaTanganDigitalOutlineRunner@433defed]" started-at="2022-10-09T11:34:07 ICT" name="runScenario" description="Runs Cucumber Scenarios" data-provider="scenarios" finished-at="2022-10-09T11:34:14 ICT" duration-ms="6678" status="FAIL">
          <params>
            <param index="0">
              <value>
                <![CDATA["Siloam105 Sales Update Data Dua Kombinasi"]]>
              </value>
            </param>
            <param index="1">
              <value>
                <![CDATA["Update Data Sales Dua Kombinasi"]]>
              </value>
            </param>
          </params>
          <exception class="java.lang.AssertionError">
            <message>
              <![CDATA[expected [Alamanda] but found [ADIT TEST]]]>
            </message>
            <full-stacktrace>
              <![CDATA[java.lang.AssertionError: expected [Alamanda] but found [ADIT TEST]
at org.testng.Assert.fail(Assert.java:110)
at org.testng.Assert.failNotEquals(Assert.java:1413)
at org.testng.Assert.assertEqualsImpl(Assert.java:149)
at org.testng.Assert.assertEquals(Assert.java:131)
at org.testng.Assert.assertEquals(Assert.java:655)
at org.testng.Assert.assertEquals(Assert.java:665)
at cucumber.framework.runner.siloam.ttddigitalpage.TestTTDPageKombinasiDua.siloam105_validasi_data_tersimpan_dan_form_ter_update(TestTTDPageKombinasiDua.java:135)
at ✽.Siloam105 Validasi Data tersimpan dan form ter-update(file:///C:/Users/Nexsoft/git/TugasAkhir/Novri/TA-SQUAD-KEL-SATU/TA-SQUAD-KEL-SATU/src/test/resources/features/siloam-outline/105UpdateDataSalesDuaKombinasi.feature:17)
]]>
            </full-stacktrace>
          </exception> <!-- java.lang.AssertionError -->
          <reporter-output>
          </reporter-output>
        </test-method> <!-- runScenario -->
        <test-method signature="runScenario(io.cucumber.testng.PickleWrapper,io.cucumber.testng.FeatureWrapper)[pri:0, instance:cucumber.framework.runner.siloam.ttddigitalpage.TandaTanganDigitalOutlineRunner@433defed]" started-at="2022-10-09T11:34:14 ICT" name="runScenario" description="Runs Cucumber Scenarios" data-provider="scenarios" finished-at="2022-10-09T11:34:22 ICT" duration-ms="8169" status="FAIL">
          <params>
            <param index="0">
              <value>
                <![CDATA["Siloam105 Sales Update Data Dua Kombinasi"]]>
              </value>
            </param>
            <param index="1">
              <value>
                <![CDATA["Update Data Sales Dua Kombinasi"]]>
              </value>
            </param>
          </params>
          <exception class="java.lang.AssertionError">
            <message>
              <![CDATA[expected [Alamanda] but found [ADIT TEST]]]>
            </message>
            <full-stacktrace>
              <![CDATA[java.lang.AssertionError: expected [Alamanda] but found [ADIT TEST]
at org.testng.Assert.fail(Assert.java:110)
at org.testng.Assert.failNotEquals(Assert.java:1413)
at org.testng.Assert.assertEqualsImpl(Assert.java:149)
at org.testng.Assert.assertEquals(Assert.java:131)
at org.testng.Assert.assertEquals(Assert.java:655)
at org.testng.Assert.assertEquals(Assert.java:665)
at cucumber.framework.runner.siloam.ttddigitalpage.TestTTDPageKombinasiDua.siloam105_validasi_data_tersimpan_dan_form_ter_update(TestTTDPageKombinasiDua.java:135)
at ✽.Siloam105 Validasi Data tersimpan dan form ter-update(file:///C:/Users/Nexsoft/git/TugasAkhir/Novri/TA-SQUAD-KEL-SATU/TA-SQUAD-KEL-SATU/src/test/resources/features/siloam-outline/105UpdateDataSalesDuaKombinasi.feature:17)
]]>
            </full-stacktrace>
          </exception> <!-- java.lang.AssertionError -->
          <reporter-output>
          </reporter-output>
        </test-method> <!-- runScenario -->
        <test-method signature="runScenario(io.cucumber.testng.PickleWrapper,io.cucumber.testng.FeatureWrapper)[pri:0, instance:cucumber.framework.runner.siloam.ttddigitalpage.TandaTanganDigitalOutlineRunner@433defed]" started-at="2022-10-09T11:34:22 ICT" name="runScenario" description="Runs Cucumber Scenarios" data-provider="scenarios" finished-at="2022-10-09T11:34:29 ICT" duration-ms="7507" status="FAIL">
          <params>
            <param index="0">
              <value>
                <![CDATA["Siloam105 Sales Update Data Dua Kombinasi"]]>
              </value>
            </param>
            <param index="1">
              <value>
                <![CDATA["Update Data Sales Dua Kombinasi"]]>
              </value>
            </param>
          </params>
          <exception class="java.lang.AssertionError">
            <message>
              <![CDATA[expected [Alamanda] but found [ADIT TEST]]]>
            </message>
            <full-stacktrace>
              <![CDATA[java.lang.AssertionError: expected [Alamanda] but found [ADIT TEST]
at org.testng.Assert.fail(Assert.java:110)
at org.testng.Assert.failNotEquals(Assert.java:1413)
at org.testng.Assert.assertEqualsImpl(Assert.java:149)
at org.testng.Assert.assertEquals(Assert.java:131)
at org.testng.Assert.assertEquals(Assert.java:655)
at org.testng.Assert.assertEquals(Assert.java:665)
at cucumber.framework.runner.siloam.ttddigitalpage.TestTTDPageKombinasiDua.siloam105_validasi_data_tersimpan_dan_form_ter_update(TestTTDPageKombinasiDua.java:135)
at ✽.Siloam105 Validasi Data tersimpan dan form ter-update(file:///C:/Users/Nexsoft/git/TugasAkhir/Novri/TA-SQUAD-KEL-SATU/TA-SQUAD-KEL-SATU/src/test/resources/features/siloam-outline/105UpdateDataSalesDuaKombinasi.feature:17)
]]>
            </full-stacktrace>
          </exception> <!-- java.lang.AssertionError -->
          <reporter-output>
          </reporter-output>
        </test-method> <!-- runScenario -->
        <test-method signature="runScenario(io.cucumber.testng.PickleWrapper,io.cucumber.testng.FeatureWrapper)[pri:0, instance:cucumber.framework.runner.siloam.ttddigitalpage.TandaTanganDigitalOutlineRunner@433defed]" started-at="2022-10-09T11:34:29 ICT" name="runScenario" description="Runs Cucumber Scenarios" data-provider="scenarios" finished-at="2022-10-09T11:34:38 ICT" duration-ms="8977" status="PASS">
          <params>
            <param index="0">
              <value>
                <![CDATA["Siloam105 Sales Update Data Dua Kombinasi"]]>
              </value>
            </param>
            <param index="1">
              <value>
                <![CDATA["Update Data Sales Dua Kombinasi"]]>
              </value>
            </param>
          </params>
          <reporter-output>
          </reporter-output>
        </test-method> <!-- runScenario -->
        <test-method signature="runScenario(io.cucumber.testng.PickleWrapper,io.cucumber.testng.FeatureWrapper)[pri:0, instance:cucumber.framework.runner.siloam.ttddigitalpage.TandaTanganDigitalOutlineRunner@433defed]" started-at="2022-10-09T11:34:38 ICT" name="runScenario" description="Runs Cucumber Scenarios" data-provider="scenarios" finished-at="2022-10-09T11:34:47 ICT" duration-ms="8922" status="PASS">
          <params>
            <param index="0">
              <value>
                <![CDATA["Siloam105 Sales Update Data Dua Kombinasi"]]>
              </value>
            </param>
            <param index="1">
              <value>
                <![CDATA["Update Data Sales Dua Kombinasi"]]>
              </value>
            </param>
          </params>
          <reporter-output>
          </reporter-output>
        </test-method> <!-- runScenario -->
        <test-method signature="runScenario(io.cucumber.testng.PickleWrapper,io.cucumber.testng.FeatureWrapper)[pri:0, instance:cucumber.framework.runner.siloam.ttddigitalpage.TandaTanganDigitalOutlineRunner@433defed]" started-at="2022-10-09T11:34:47 ICT" name="runScenario" description="Runs Cucumber Scenarios" data-provider="scenarios" finished-at="2022-10-09T11:34:57 ICT" duration-ms="9628" status="PASS">
          <params>
            <param index="0">
              <value>
                <![CDATA["Siloam105 Sales Update Data Dua Kombinasi"]]>
              </value>
            </param>
            <param index="1">
              <value>
                <![CDATA["Update Data Sales Dua Kombinasi"]]>
              </value>
            </param>
          </params>
          <reporter-output>
          </reporter-output>
        </test-method> <!-- runScenario -->
        <test-method signature="runScenario(io.cucumber.testng.PickleWrapper,io.cucumber.testng.FeatureWrapper)[pri:0, instance:cucumber.framework.runner.siloam.ttddigitalpage.TandaTanganDigitalOutlineRunner@433defed]" started-at="2022-10-09T11:34:57 ICT" name="runScenario" description="Runs Cucumber Scenarios" data-provider="scenarios" finished-at="2022-10-09T11:35:06 ICT" duration-ms="9072" status="PASS">
          <params>
            <param index="0">
              <value>
                <![CDATA["Siloam105 Sales Update Data Dua Kombinasi"]]>
              </value>
            </param>
            <param index="1">
              <value>
                <![CDATA["Update Data Sales Dua Kombinasi"]]>
              </value>
            </param>
          </params>
          <reporter-output>
          </reporter-output>
        </test-method> <!-- runScenario -->
        <test-method signature="runScenario(io.cucumber.testng.PickleWrapper,io.cucumber.testng.FeatureWrapper)[pri:0, instance:cucumber.framework.runner.siloam.ttddigitalpage.TandaTanganDigitalOutlineRunner@433defed]" started-at="2022-10-09T11:35:06 ICT" name="runScenario" description="Runs Cucumber Scenarios" data-provider="scenarios" finished-at="2022-10-09T11:35:16 ICT" duration-ms="9755" status="PASS">
          <params>
            <param index="0">
              <value>
                <![CDATA["Siloam105 Sales Update Data Dua Kombinasi"]]>
              </value>
            </param>
            <param index="1">
              <value>
                <![CDATA["Update Data Sales Dua Kombinasi"]]>
              </value>
            </param>
          </params>
          <reporter-output>
          </reporter-output>
        </test-method> <!-- runScenario -->
        <test-method signature="runScenario(io.cucumber.testng.PickleWrapper,io.cucumber.testng.FeatureWrapper)[pri:0, instance:cucumber.framework.runner.siloam.ttddigitalpage.TandaTanganDigitalOutlineRunner@433defed]" started-at="2022-10-09T11:35:16 ICT" name="runScenario" description="Runs Cucumber Scenarios" data-provider="scenarios" finished-at="2022-10-09T11:35:25 ICT" duration-ms="9422" status="PASS">
          <params>
            <param index="0">
              <value>
                <![CDATA["Siloam105 Sales Update Data Dua Kombinasi"]]>
              </value>
            </param>
            <param index="1">
              <value>
                <![CDATA["Update Data Sales Dua Kombinasi"]]>
              </value>
            </param>
          </params>
          <reporter-output>
          </reporter-output>
        </test-method> <!-- runScenario -->
        <test-method signature="runScenario(io.cucumber.testng.PickleWrapper,io.cucumber.testng.FeatureWrapper)[pri:0, instance:cucumber.framework.runner.siloam.ttddigitalpage.TandaTanganDigitalOutlineRunner@433defed]" started-at="2022-10-09T11:35:25 ICT" name="runScenario" description="Runs Cucumber Scenarios" data-provider="scenarios" finished-at="2022-10-09T11:35:34 ICT" duration-ms="8641" status="PASS">
          <params>
            <param index="0">
              <value>
                <![CDATA["Siloam105 Sales Update Data Dua Kombinasi"]]>
              </value>
            </param>
            <param index="1">
              <value>
                <![CDATA["Update Data Sales Dua Kombinasi"]]>
              </value>
            </param>
          </params>
          <reporter-output>
          </reporter-output>
        </test-method> <!-- runScenario -->
        <test-method signature="runScenario(io.cucumber.testng.PickleWrapper,io.cucumber.testng.FeatureWrapper)[pri:0, instance:cucumber.framework.runner.siloam.ttddigitalpage.TandaTanganDigitalOutlineRunner@433defed]" started-at="2022-10-09T11:35:34 ICT" name="runScenario" description="Runs Cucumber Scenarios" data-provider="scenarios" finished-at="2022-10-09T11:35:44 ICT" duration-ms="9906" status="PASS">
          <params>
            <param index="0">
              <value>
                <![CDATA["Siloam105 Sales Update Data Dua Kombinasi"]]>
              </value>
            </param>
            <param index="1">
              <value>
                <![CDATA["Update Data Sales Dua Kombinasi"]]>
              </value>
            </param>
          </params>
          <reporter-output>
          </reporter-output>
        </test-method> <!-- runScenario -->
        <test-method signature="runScenario(io.cucumber.testng.PickleWrapper,io.cucumber.testng.FeatureWrapper)[pri:0, instance:cucumber.framework.runner.siloam.ttddigitalpage.TandaTanganDigitalOutlineRunner@433defed]" started-at="2022-10-09T11:35:44 ICT" name="runScenario" description="Runs Cucumber Scenarios" data-provider="scenarios" finished-at="2022-10-09T11:35:53 ICT" duration-ms="9242" status="PASS">
          <params>
            <param index="0">
              <value>
                <![CDATA["Siloam105 Sales Update Data Dua Kombinasi"]]>
              </value>
            </param>
            <param index="1">
              <value>
                <![CDATA["Update Data Sales Dua Kombinasi"]]>
              </value>
            </param>
          </params>
          <reporter-output>
          </reporter-output>
        </test-method> <!-- runScenario -->
        <test-method signature="runScenario(io.cucumber.testng.PickleWrapper,io.cucumber.testng.FeatureWrapper)[pri:0, instance:cucumber.framework.runner.siloam.ttddigitalpage.TandaTanganDigitalOutlineRunner@433defed]" started-at="2022-10-09T11:35:53 ICT" name="runScenario" description="Runs Cucumber Scenarios" data-provider="scenarios" finished-at="2022-10-09T11:36:03 ICT" duration-ms="10036" status="PASS">
          <params>
            <param index="0">
              <value>
                <![CDATA["Siloam105 Sales Update Data Dua Kombinasi"]]>
              </value>
            </param>
            <param index="1">
              <value>
                <![CDATA["Update Data Sales Dua Kombinasi"]]>
              </value>
            </param>
          </params>
          <reporter-output>
          </reporter-output>
        </test-method> <!-- runScenario -->
        <test-method signature="runScenario(io.cucumber.testng.PickleWrapper,io.cucumber.testng.FeatureWrapper)[pri:0, instance:cucumber.framework.runner.siloam.ttddigitalpage.TandaTanganDigitalOutlineRunner@433defed]" started-at="2022-10-09T11:36:03 ICT" name="runScenario" description="Runs Cucumber Scenarios" data-provider="scenarios" finished-at="2022-10-09T11:36:12 ICT" duration-ms="9242" status="PASS">
          <params>
            <param index="0">
              <value>
                <![CDATA["Siloam105 Sales Update Data Dua Kombinasi"]]>
              </value>
            </param>
            <param index="1">
              <value>
                <![CDATA["Update Data Sales Dua Kombinasi"]]>
              </value>
            </param>
          </params>
          <reporter-output>
          </reporter-output>
        </test-method> <!-- runScenario -->
        <test-method signature="runScenario(io.cucumber.testng.PickleWrapper,io.cucumber.testng.FeatureWrapper)[pri:0, instance:cucumber.framework.runner.siloam.ttddigitalpage.TandaTanganDigitalOutlineRunner@433defed]" started-at="2022-10-09T11:36:12 ICT" name="runScenario" description="Runs Cucumber Scenarios" data-provider="scenarios" finished-at="2022-10-09T11:36:22 ICT" duration-ms="9806" status="PASS">
          <params>
            <param index="0">
              <value>
                <![CDATA["Siloam105 Sales Update Data Dua Kombinasi"]]>
              </value>
            </param>
            <param index="1">
              <value>
                <![CDATA["Update Data Sales Dua Kombinasi"]]>
              </value>
            </param>
          </params>
          <reporter-output>
          </reporter-output>
        </test-method> <!-- runScenario -->
        <test-method signature="runScenario(io.cucumber.testng.PickleWrapper,io.cucumber.testng.FeatureWrapper)[pri:0, instance:cucumber.framework.runner.siloam.ttddigitalpage.TandaTanganDigitalOutlineRunner@433defed]" started-at="2022-10-09T11:36:22 ICT" name="runScenario" description="Runs Cucumber Scenarios" data-provider="scenarios" finished-at="2022-10-09T11:36:32 ICT" duration-ms="9665" status="PASS">
          <params>
            <param index="0">
              <value>
                <![CDATA["Siloam105 Sales Update Data Dua Kombinasi"]]>
              </value>
            </param>
            <param index="1">
              <value>
                <![CDATA["Update Data Sales Dua Kombinasi"]]>
              </value>
            </param>
          </params>
          <reporter-output>
          </reporter-output>
        </test-method> <!-- runScenario -->
        <test-method signature="runScenario(io.cucumber.testng.PickleWrapper,io.cucumber.testng.FeatureWrapper)[pri:0, instance:cucumber.framework.runner.siloam.ttddigitalpage.TandaTanganDigitalOutlineRunner@433defed]" started-at="2022-10-09T11:36:32 ICT" name="runScenario" description="Runs Cucumber Scenarios" data-provider="scenarios" finished-at="2022-10-09T11:36:42 ICT" duration-ms="10126" status="PASS">
          <params>
            <param index="0">
              <value>
                <![CDATA["Siloam105 Sales Update Data Dua Kombinasi"]]>
              </value>
            </param>
            <param index="1">
              <value>
                <![CDATA["Update Data Sales Dua Kombinasi"]]>
              </value>
            </param>
          </params>
          <reporter-output>
          </reporter-output>
        </test-method> <!-- runScenario -->
        <test-method signature="runScenario(io.cucumber.testng.PickleWrapper,io.cucumber.testng.FeatureWrapper)[pri:0, instance:cucumber.framework.runner.siloam.ttddigitalpage.TandaTanganDigitalOutlineRunner@433defed]" started-at="2022-10-09T11:36:42 ICT" name="runScenario" description="Runs Cucumber Scenarios" data-provider="scenarios" finished-at="2022-10-09T11:36:51 ICT" duration-ms="9353" status="PASS">
          <params>
            <param index="0">
              <value>
                <![CDATA["Siloam105 Sales Update Data Dua Kombinasi"]]>
              </value>
            </param>
            <param index="1">
              <value>
                <![CDATA["Update Data Sales Dua Kombinasi"]]>
              </value>
            </param>
          </params>
          <reporter-output>
          </reporter-output>
        </test-method> <!-- runScenario -->
        <test-method signature="runScenario(io.cucumber.testng.PickleWrapper,io.cucumber.testng.FeatureWrapper)[pri:0, instance:cucumber.framework.runner.siloam.ttddigitalpage.TandaTanganDigitalOutlineRunner@433defed]" started-at="2022-10-09T11:36:51 ICT" name="runScenario" description="Runs Cucumber Scenarios" data-provider="scenarios" finished-at="2022-10-09T11:37:01 ICT" duration-ms="10187" status="PASS">
          <params>
            <param index="0">
              <value>
                <![CDATA["Siloam105 Sales Update Data Dua Kombinasi"]]>
              </value>
            </param>
            <param index="1">
              <value>
                <![CDATA["Update Data Sales Dua Kombinasi"]]>
              </value>
            </param>
          </params>
          <reporter-output>
          </reporter-output>
        </test-method> <!-- runScenario -->
        <test-method signature="runScenario(io.cucumber.testng.PickleWrapper,io.cucumber.testng.FeatureWrapper)[pri:0, instance:cucumber.framework.runner.siloam.ttddigitalpage.TandaTanganDigitalOutlineRunner@433defed]" started-at="2022-10-09T11:37:01 ICT" name="runScenario" description="Runs Cucumber Scenarios" data-provider="scenarios" finished-at="2022-10-09T11:37:12 ICT" duration-ms="10727" status="PASS">
          <params>
            <param index="0">
              <value>
                <![CDATA["Siloam105 Sales Update Data Dua Kombinasi"]]>
              </value>
            </param>
            <param index="1">
              <value>
                <![CDATA["Update Data Sales Dua Kombinasi"]]>
              </value>
            </param>
          </params>
          <reporter-output>
          </reporter-output>
        </test-method> <!-- runScenario -->
        <test-method signature="runScenario(io.cucumber.testng.PickleWrapper,io.cucumber.testng.FeatureWrapper)[pri:0, instance:cucumber.framework.runner.siloam.ttddigitalpage.TandaTanganDigitalOutlineRunner@433defed]" started-at="2022-10-09T11:37:12 ICT" name="runScenario" description="Runs Cucumber Scenarios" data-provider="scenarios" finished-at="2022-10-09T11:37:22 ICT" duration-ms="9856" status="PASS">
          <params>
            <param index="0">
              <value>
                <![CDATA["Siloam105 Sales Update Data Dua Kombinasi"]]>
              </value>
            </param>
            <param index="1">
              <value>
                <![CDATA["Update Data Sales Dua Kombinasi"]]>
              </value>
            </param>
          </params>
          <reporter-output>
          </reporter-output>
        </test-method> <!-- runScenario -->
        <test-method signature="runScenario(io.cucumber.testng.PickleWrapper,io.cucumber.testng.FeatureWrapper)[pri:0, instance:cucumber.framework.runner.siloam.ttddigitalpage.TandaTanganDigitalOutlineRunner@433defed]" started-at="2022-10-09T11:37:22 ICT" name="runScenario" description="Runs Cucumber Scenarios" data-provider="scenarios" finished-at="2022-10-09T11:37:32 ICT" duration-ms="9481" status="PASS">
          <params>
            <param index="0">
              <value>
                <![CDATA["Siloam105 Sales Update Data Dua Kombinasi"]]>
              </value>
            </param>
            <param index="1">
              <value>
                <![CDATA["Update Data Sales Dua Kombinasi"]]>
              </value>
            </param>
          </params>
          <reporter-output>
          </reporter-output>
        </test-method> <!-- runScenario -->
        <test-method signature="runScenario(io.cucumber.testng.PickleWrapper,io.cucumber.testng.FeatureWrapper)[pri:0, instance:cucumber.framework.runner.siloam.ttddigitalpage.TandaTanganDigitalOutlineRunner@433defed]" started-at="2022-10-09T11:37:32 ICT" name="runScenario" description="Runs Cucumber Scenarios" data-provider="scenarios" finished-at="2022-10-09T11:37:42 ICT" duration-ms="10060" status="PASS">
          <params>
            <param index="0">
              <value>
                <![CDATA["Siloam105 Sales Update Data Dua Kombinasi"]]>
              </value>
            </param>
            <param index="1">
              <value>
                <![CDATA["Update Data Sales Dua Kombinasi"]]>
              </value>
            </param>
          </params>
          <reporter-output>
          </reporter-output>
        </test-method> <!-- runScenario -->
        <test-method signature="runScenario(io.cucumber.testng.PickleWrapper,io.cucumber.testng.FeatureWrapper)[pri:0, instance:cucumber.framework.runner.siloam.ttddigitalpage.TandaTanganDigitalOutlineRunner@433defed]" started-at="2022-10-09T11:37:42 ICT" name="runScenario" description="Runs Cucumber Scenarios" data-provider="scenarios" finished-at="2022-10-09T11:37:52 ICT" duration-ms="10237" status="PASS">
          <params>
            <param index="0">
              <value>
                <![CDATA["Siloam105 Sales Update Data Dua Kombinasi"]]>
              </value>
            </param>
            <param index="1">
              <value>
                <![CDATA["Update Data Sales Dua Kombinasi"]]>
              </value>
            </param>
          </params>
          <reporter-output>
          </reporter-output>
        </test-method> <!-- runScenario -->
        <test-method signature="runScenario(io.cucumber.testng.PickleWrapper,io.cucumber.testng.FeatureWrapper)[pri:0, instance:cucumber.framework.runner.siloam.ttddigitalpage.TandaTanganDigitalOutlineRunner@433defed]" started-at="2022-10-09T11:37:52 ICT" name="runScenario" description="Runs Cucumber Scenarios" data-provider="scenarios" finished-at="2022-10-09T11:38:00 ICT" duration-ms="8627" status="FAIL">
          <params>
            <param index="0">
              <value>
                <![CDATA["Siloam110 Sales Update Data Tiga Kombinasi"]]>
              </value>
            </param>
            <param index="1">
              <value>
                <![CDATA["Update Data Sales Tiga Kombinasi"]]>
              </value>
            </param>
          </params>
          <exception class="java.lang.AssertionError">
            <message>
              <![CDATA[expected [Alamanda] but found [ADIT TEST]]]>
            </message>
            <full-stacktrace>
              <![CDATA[java.lang.AssertionError: expected [Alamanda] but found [ADIT TEST]
at org.testng.Assert.fail(Assert.java:110)
at org.testng.Assert.failNotEquals(Assert.java:1413)
at org.testng.Assert.assertEqualsImpl(Assert.java:149)
at org.testng.Assert.assertEquals(Assert.java:131)
at org.testng.Assert.assertEquals(Assert.java:655)
at org.testng.Assert.assertEquals(Assert.java:665)
at cucumber.framework.runner.siloam.ttddigitalpage.TestTTDPageKombinasiTiga.siloam110_validasi_data_tersimpan_dan_form_ter_update(TestTTDPageKombinasiTiga.java:131)
at ✽.Siloam110 Validasi Data tersimpan dan form ter-update(file:///C:/Users/Nexsoft/git/TugasAkhir/Novri/TA-SQUAD-KEL-SATU/TA-SQUAD-KEL-SATU/src/test/resources/features/siloam-outline/110UpdateDataSalesTigaKombinasi.feature:16)
]]>
            </full-stacktrace>
          </exception> <!-- java.lang.AssertionError -->
          <reporter-output>
          </reporter-output>
        </test-method> <!-- runScenario -->
        <test-method signature="runScenario(io.cucumber.testng.PickleWrapper,io.cucumber.testng.FeatureWrapper)[pri:0, instance:cucumber.framework.runner.siloam.ttddigitalpage.TandaTanganDigitalOutlineRunner@433defed]" started-at="2022-10-09T11:38:00 ICT" name="runScenario" description="Runs Cucumber Scenarios" data-provider="scenarios" finished-at="2022-10-09T11:38:09 ICT" duration-ms="8483" status="FAIL">
          <params>
            <param index="0">
              <value>
                <![CDATA["Siloam110 Sales Update Data Tiga Kombinasi"]]>
              </value>
            </param>
            <param index="1">
              <value>
                <![CDATA["Update Data Sales Tiga Kombinasi"]]>
              </value>
            </param>
          </params>
          <exception class="java.lang.AssertionError">
            <message>
              <![CDATA[expected [Alamanda] but found [ADIT TEST]]]>
            </message>
            <full-stacktrace>
              <![CDATA[java.lang.AssertionError: expected [Alamanda] but found [ADIT TEST]
at org.testng.Assert.fail(Assert.java:110)
at org.testng.Assert.failNotEquals(Assert.java:1413)
at org.testng.Assert.assertEqualsImpl(Assert.java:149)
at org.testng.Assert.assertEquals(Assert.java:131)
at org.testng.Assert.assertEquals(Assert.java:655)
at org.testng.Assert.assertEquals(Assert.java:665)
at cucumber.framework.runner.siloam.ttddigitalpage.TestTTDPageKombinasiTiga.siloam110_validasi_data_tersimpan_dan_form_ter_update(TestTTDPageKombinasiTiga.java:131)
at ✽.Siloam110 Validasi Data tersimpan dan form ter-update(file:///C:/Users/Nexsoft/git/TugasAkhir/Novri/TA-SQUAD-KEL-SATU/TA-SQUAD-KEL-SATU/src/test/resources/features/siloam-outline/110UpdateDataSalesTigaKombinasi.feature:16)
]]>
            </full-stacktrace>
          </exception> <!-- java.lang.AssertionError -->
          <reporter-output>
          </reporter-output>
        </test-method> <!-- runScenario -->
        <test-method signature="runScenario(io.cucumber.testng.PickleWrapper,io.cucumber.testng.FeatureWrapper)[pri:0, instance:cucumber.framework.runner.siloam.ttddigitalpage.TandaTanganDigitalOutlineRunner@433defed]" started-at="2022-10-09T11:38:09 ICT" name="runScenario" description="Runs Cucumber Scenarios" data-provider="scenarios" finished-at="2022-10-09T11:38:18 ICT" duration-ms="9404" status="FAIL">
          <params>
            <param index="0">
              <value>
                <![CDATA["Siloam110 Sales Update Data Tiga Kombinasi"]]>
              </value>
            </param>
            <param index="1">
              <value>
                <![CDATA["Update Data Sales Tiga Kombinasi"]]>
              </value>
            </param>
          </params>
          <exception class="java.lang.AssertionError">
            <message>
              <![CDATA[expected [Alamanda] but found [ADIT TEST]]]>
            </message>
            <full-stacktrace>
              <![CDATA[java.lang.AssertionError: expected [Alamanda] but found [ADIT TEST]
at org.testng.Assert.fail(Assert.java:110)
at org.testng.Assert.failNotEquals(Assert.java:1413)
at org.testng.Assert.assertEqualsImpl(Assert.java:149)
at org.testng.Assert.assertEquals(Assert.java:131)
at org.testng.Assert.assertEquals(Assert.java:655)
at org.testng.Assert.assertEquals(Assert.java:665)
at cucumber.framework.runner.siloam.ttddigitalpage.TestTTDPageKombinasiTiga.siloam110_validasi_data_tersimpan_dan_form_ter_update(TestTTDPageKombinasiTiga.java:131)
at ✽.Siloam110 Validasi Data tersimpan dan form ter-update(file:///C:/Users/Nexsoft/git/TugasAkhir/Novri/TA-SQUAD-KEL-SATU/TA-SQUAD-KEL-SATU/src/test/resources/features/siloam-outline/110UpdateDataSalesTigaKombinasi.feature:16)
]]>
            </full-stacktrace>
          </exception> <!-- java.lang.AssertionError -->
          <reporter-output>
          </reporter-output>
        </test-method> <!-- runScenario -->
        <test-method signature="runScenario(io.cucumber.testng.PickleWrapper,io.cucumber.testng.FeatureWrapper)[pri:0, instance:cucumber.framework.runner.siloam.ttddigitalpage.TandaTanganDigitalOutlineRunner@433defed]" started-at="2022-10-09T11:38:18 ICT" name="runScenario" description="Runs Cucumber Scenarios" data-provider="scenarios" finished-at="2022-10-09T11:38:27 ICT" duration-ms="8357" status="FAIL">
          <params>
            <param index="0">
              <value>
                <![CDATA["Siloam110 Sales Update Data Tiga Kombinasi"]]>
              </value>
            </param>
            <param index="1">
              <value>
                <![CDATA["Update Data Sales Tiga Kombinasi"]]>
              </value>
            </param>
          </params>
          <exception class="java.lang.AssertionError">
            <message>
              <![CDATA[expected [Alamanda] but found [ADIT TEST]]]>
            </message>
            <full-stacktrace>
              <![CDATA[java.lang.AssertionError: expected [Alamanda] but found [ADIT TEST]
at org.testng.Assert.fail(Assert.java:110)
at org.testng.Assert.failNotEquals(Assert.java:1413)
at org.testng.Assert.assertEqualsImpl(Assert.java:149)
at org.testng.Assert.assertEquals(Assert.java:131)
at org.testng.Assert.assertEquals(Assert.java:655)
at org.testng.Assert.assertEquals(Assert.java:665)
at cucumber.framework.runner.siloam.ttddigitalpage.TestTTDPageKombinasiTiga.siloam110_validasi_data_tersimpan_dan_form_ter_update(TestTTDPageKombinasiTiga.java:131)
at ✽.Siloam110 Validasi Data tersimpan dan form ter-update(file:///C:/Users/Nexsoft/git/TugasAkhir/Novri/TA-SQUAD-KEL-SATU/TA-SQUAD-KEL-SATU/src/test/resources/features/siloam-outline/110UpdateDataSalesTigaKombinasi.feature:16)
]]>
            </full-stacktrace>
          </exception> <!-- java.lang.AssertionError -->
          <reporter-output>
          </reporter-output>
        </test-method> <!-- runScenario -->
        <test-method signature="runScenario(io.cucumber.testng.PickleWrapper,io.cucumber.testng.FeatureWrapper)[pri:0, instance:cucumber.framework.runner.siloam.ttddigitalpage.TandaTanganDigitalOutlineRunner@433defed]" started-at="2022-10-09T11:38:27 ICT" name="runScenario" description="Runs Cucumber Scenarios" data-provider="scenarios" finished-at="2022-10-09T11:38:37 ICT" duration-ms="10124" status="FAIL">
          <params>
            <param index="0">
              <value>
                <![CDATA["Siloam110 Sales Update Data Tiga Kombinasi"]]>
              </value>
            </param>
            <param index="1">
              <value>
                <![CDATA["Update Data Sales Tiga Kombinasi"]]>
              </value>
            </param>
          </params>
          <exception class="java.lang.AssertionError">
            <message>
              <![CDATA[expected [Alamanda] but found [ADIT TEST]]]>
            </message>
            <full-stacktrace>
              <![CDATA[java.lang.AssertionError: expected [Alamanda] but found [ADIT TEST]
at org.testng.Assert.fail(Assert.java:110)
at org.testng.Assert.failNotEquals(Assert.java:1413)
at org.testng.Assert.assertEqualsImpl(Assert.java:149)
at org.testng.Assert.assertEquals(Assert.java:131)
at org.testng.Assert.assertEquals(Assert.java:655)
at org.testng.Assert.assertEquals(Assert.java:665)
at cucumber.framework.runner.siloam.ttddigitalpage.TestTTDPageKombinasiTiga.siloam110_validasi_data_tersimpan_dan_form_ter_update(TestTTDPageKombinasiTiga.java:131)
at ✽.Siloam110 Validasi Data tersimpan dan form ter-update(file:///C:/Users/Nexsoft/git/TugasAkhir/Novri/TA-SQUAD-KEL-SATU/TA-SQUAD-KEL-SATU/src/test/resources/features/siloam-outline/110UpdateDataSalesTigaKombinasi.feature:16)
]]>
            </full-stacktrace>
          </exception> <!-- java.lang.AssertionError -->
          <reporter-output>
          </reporter-output>
        </test-method> <!-- runScenario -->
        <test-method signature="runScenario(io.cucumber.testng.PickleWrapper,io.cucumber.testng.FeatureWrapper)[pri:0, instance:cucumber.framework.runner.siloam.ttddigitalpage.TandaTanganDigitalOutlineRunner@433defed]" started-at="2022-10-09T11:38:37 ICT" name="runScenario" description="Runs Cucumber Scenarios" data-provider="scenarios" finished-at="2022-10-09T11:38:45 ICT" duration-ms="8535" status="FAIL">
          <params>
            <param index="0">
              <value>
                <![CDATA["Siloam110 Sales Update Data Tiga Kombinasi"]]>
              </value>
            </param>
            <param index="1">
              <value>
                <![CDATA["Update Data Sales Tiga Kombinasi"]]>
              </value>
            </param>
          </params>
          <exception class="java.lang.AssertionError">
            <message>
              <![CDATA[expected [Alamanda] but found [ADIT TEST]]]>
            </message>
            <full-stacktrace>
              <![CDATA[java.lang.AssertionError: expected [Alamanda] but found [ADIT TEST]
at org.testng.Assert.fail(Assert.java:110)
at org.testng.Assert.failNotEquals(Assert.java:1413)
at org.testng.Assert.assertEqualsImpl(Assert.java:149)
at org.testng.Assert.assertEquals(Assert.java:131)
at org.testng.Assert.assertEquals(Assert.java:655)
at org.testng.Assert.assertEquals(Assert.java:665)
at cucumber.framework.runner.siloam.ttddigitalpage.TestTTDPageKombinasiTiga.siloam110_validasi_data_tersimpan_dan_form_ter_update(TestTTDPageKombinasiTiga.java:131)
at ✽.Siloam110 Validasi Data tersimpan dan form ter-update(file:///C:/Users/Nexsoft/git/TugasAkhir/Novri/TA-SQUAD-KEL-SATU/TA-SQUAD-KEL-SATU/src/test/resources/features/siloam-outline/110UpdateDataSalesTigaKombinasi.feature:16)
]]>
            </full-stacktrace>
          </exception> <!-- java.lang.AssertionError -->
          <reporter-output>
          </reporter-output>
        </test-method> <!-- runScenario -->
        <test-method signature="runScenario(io.cucumber.testng.PickleWrapper,io.cucumber.testng.FeatureWrapper)[pri:0, instance:cucumber.framework.runner.siloam.ttddigitalpage.TandaTanganDigitalOutlineRunner@433defed]" started-at="2022-10-09T11:38:45 ICT" name="runScenario" description="Runs Cucumber Scenarios" data-provider="scenarios" finished-at="2022-10-09T11:38:54 ICT" duration-ms="9003" status="FAIL">
          <params>
            <param index="0">
              <value>
                <![CDATA["Siloam110 Sales Update Data Tiga Kombinasi"]]>
              </value>
            </param>
            <param index="1">
              <value>
                <![CDATA["Update Data Sales Tiga Kombinasi"]]>
              </value>
            </param>
          </params>
          <exception class="java.lang.AssertionError">
            <message>
              <![CDATA[expected [Alamanda] but found [ADIT TEST]]]>
            </message>
            <full-stacktrace>
              <![CDATA[java.lang.AssertionError: expected [Alamanda] but found [ADIT TEST]
at org.testng.Assert.fail(Assert.java:110)
at org.testng.Assert.failNotEquals(Assert.java:1413)
at org.testng.Assert.assertEqualsImpl(Assert.java:149)
at org.testng.Assert.assertEquals(Assert.java:131)
at org.testng.Assert.assertEquals(Assert.java:655)
at org.testng.Assert.assertEquals(Assert.java:665)
at cucumber.framework.runner.siloam.ttddigitalpage.TestTTDPageKombinasiTiga.siloam110_validasi_data_tersimpan_dan_form_ter_update(TestTTDPageKombinasiTiga.java:131)
at ✽.Siloam110 Validasi Data tersimpan dan form ter-update(file:///C:/Users/Nexsoft/git/TugasAkhir/Novri/TA-SQUAD-KEL-SATU/TA-SQUAD-KEL-SATU/src/test/resources/features/siloam-outline/110UpdateDataSalesTigaKombinasi.feature:16)
]]>
            </full-stacktrace>
          </exception> <!-- java.lang.AssertionError -->
          <reporter-output>
          </reporter-output>
        </test-method> <!-- runScenario -->
        <test-method signature="runScenario(io.cucumber.testng.PickleWrapper,io.cucumber.testng.FeatureWrapper)[pri:0, instance:cucumber.framework.runner.siloam.ttddigitalpage.TandaTanganDigitalOutlineRunner@433defed]" started-at="2022-10-09T11:38:54 ICT" name="runScenario" description="Runs Cucumber Scenarios" data-provider="scenarios" finished-at="2022-10-09T11:39:04 ICT" duration-ms="9689" status="FAIL">
          <params>
            <param index="0">
              <value>
                <![CDATA["Siloam110 Sales Update Data Tiga Kombinasi"]]>
              </value>
            </param>
            <param index="1">
              <value>
                <![CDATA["Update Data Sales Tiga Kombinasi"]]>
              </value>
            </param>
          </params>
          <exception class="java.lang.AssertionError">
            <message>
              <![CDATA[expected [Alamanda] but found [ADIT TEST]]]>
            </message>
            <full-stacktrace>
              <![CDATA[java.lang.AssertionError: expected [Alamanda] but found [ADIT TEST]
at org.testng.Assert.fail(Assert.java:110)
at org.testng.Assert.failNotEquals(Assert.java:1413)
at org.testng.Assert.assertEqualsImpl(Assert.java:149)
at org.testng.Assert.assertEquals(Assert.java:131)
at org.testng.Assert.assertEquals(Assert.java:655)
at org.testng.Assert.assertEquals(Assert.java:665)
at cucumber.framework.runner.siloam.ttddigitalpage.TestTTDPageKombinasiTiga.siloam110_validasi_data_tersimpan_dan_form_ter_update(TestTTDPageKombinasiTiga.java:131)
at ✽.Siloam110 Validasi Data tersimpan dan form ter-update(file:///C:/Users/Nexsoft/git/TugasAkhir/Novri/TA-SQUAD-KEL-SATU/TA-SQUAD-KEL-SATU/src/test/resources/features/siloam-outline/110UpdateDataSalesTigaKombinasi.feature:16)
]]>
            </full-stacktrace>
          </exception> <!-- java.lang.AssertionError -->
          <reporter-output>
          </reporter-output>
        </test-method> <!-- runScenario -->
        <test-method signature="runScenario(io.cucumber.testng.PickleWrapper,io.cucumber.testng.FeatureWrapper)[pri:0, instance:cucumber.framework.runner.siloam.ttddigitalpage.TandaTanganDigitalOutlineRunner@433defed]" started-at="2022-10-09T11:39:04 ICT" name="runScenario" description="Runs Cucumber Scenarios" data-provider="scenarios" finished-at="2022-10-09T11:39:13 ICT" duration-ms="9208" status="FAIL">
          <params>
            <param index="0">
              <value>
                <![CDATA["Siloam110 Sales Update Data Tiga Kombinasi"]]>
              </value>
            </param>
            <param index="1">
              <value>
                <![CDATA["Update Data Sales Tiga Kombinasi"]]>
              </value>
            </param>
          </params>
          <exception class="java.lang.AssertionError">
            <message>
              <![CDATA[expected [Alamanda] but found [ADIT TEST]]]>
            </message>
            <full-stacktrace>
              <![CDATA[java.lang.AssertionError: expected [Alamanda] but found [ADIT TEST]
at org.testng.Assert.fail(Assert.java:110)
at org.testng.Assert.failNotEquals(Assert.java:1413)
at org.testng.Assert.assertEqualsImpl(Assert.java:149)
at org.testng.Assert.assertEquals(Assert.java:131)
at org.testng.Assert.assertEquals(Assert.java:655)
at org.testng.Assert.assertEquals(Assert.java:665)
at cucumber.framework.runner.siloam.ttddigitalpage.TestTTDPageKombinasiTiga.siloam110_validasi_data_tersimpan_dan_form_ter_update(TestTTDPageKombinasiTiga.java:131)
at ✽.Siloam110 Validasi Data tersimpan dan form ter-update(file:///C:/Users/Nexsoft/git/TugasAkhir/Novri/TA-SQUAD-KEL-SATU/TA-SQUAD-KEL-SATU/src/test/resources/features/siloam-outline/110UpdateDataSalesTigaKombinasi.feature:16)
]]>
            </full-stacktrace>
          </exception> <!-- java.lang.AssertionError -->
          <reporter-output>
          </reporter-output>
        </test-method> <!-- runScenario -->
        <test-method signature="runScenario(io.cucumber.testng.PickleWrapper,io.cucumber.testng.FeatureWrapper)[pri:0, instance:cucumber.framework.runner.siloam.ttddigitalpage.TandaTanganDigitalOutlineRunner@433defed]" started-at="2022-10-09T11:39:13 ICT" name="runScenario" description="Runs Cucumber Scenarios" data-provider="scenarios" finished-at="2022-10-09T11:39:23 ICT" duration-ms="9667" status="FAIL">
          <params>
            <param index="0">
              <value>
                <![CDATA["Siloam110 Sales Update Data Tiga Kombinasi"]]>
              </value>
            </param>
            <param index="1">
              <value>
                <![CDATA["Update Data Sales Tiga Kombinasi"]]>
              </value>
            </param>
          </params>
          <exception class="java.lang.AssertionError">
            <message>
              <![CDATA[expected [Alamanda] but found [ADIT TEST]]]>
            </message>
            <full-stacktrace>
              <![CDATA[java.lang.AssertionError: expected [Alamanda] but found [ADIT TEST]
at org.testng.Assert.fail(Assert.java:110)
at org.testng.Assert.failNotEquals(Assert.java:1413)
at org.testng.Assert.assertEqualsImpl(Assert.java:149)
at org.testng.Assert.assertEquals(Assert.java:131)
at org.testng.Assert.assertEquals(Assert.java:655)
at org.testng.Assert.assertEquals(Assert.java:665)
at cucumber.framework.runner.siloam.ttddigitalpage.TestTTDPageKombinasiTiga.siloam110_validasi_data_tersimpan_dan_form_ter_update(TestTTDPageKombinasiTiga.java:131)
at ✽.Siloam110 Validasi Data tersimpan dan form ter-update(file:///C:/Users/Nexsoft/git/TugasAkhir/Novri/TA-SQUAD-KEL-SATU/TA-SQUAD-KEL-SATU/src/test/resources/features/siloam-outline/110UpdateDataSalesTigaKombinasi.feature:16)
]]>
            </full-stacktrace>
          </exception> <!-- java.lang.AssertionError -->
          <reporter-output>
          </reporter-output>
        </test-method> <!-- runScenario -->
        <test-method signature="runScenario(io.cucumber.testng.PickleWrapper,io.cucumber.testng.FeatureWrapper)[pri:0, instance:cucumber.framework.runner.siloam.ttddigitalpage.TandaTanganDigitalOutlineRunner@433defed]" started-at="2022-10-09T11:39:23 ICT" name="runScenario" description="Runs Cucumber Scenarios" data-provider="scenarios" finished-at="2022-10-09T11:39:32 ICT" duration-ms="9068" status="FAIL">
          <params>
            <param index="0">
              <value>
                <![CDATA["Siloam110 Sales Update Data Tiga Kombinasi"]]>
              </value>
            </param>
            <param index="1">
              <value>
                <![CDATA["Update Data Sales Tiga Kombinasi"]]>
              </value>
            </param>
          </params>
          <exception class="java.lang.AssertionError">
            <message>
              <![CDATA[expected [Alamanda] but found [ADIT TEST]]]>
            </message>
            <full-stacktrace>
              <![CDATA[java.lang.AssertionError: expected [Alamanda] but found [ADIT TEST]
at org.testng.Assert.fail(Assert.java:110)
at org.testng.Assert.failNotEquals(Assert.java:1413)
at org.testng.Assert.assertEqualsImpl(Assert.java:149)
at org.testng.Assert.assertEquals(Assert.java:131)
at org.testng.Assert.assertEquals(Assert.java:655)
at org.testng.Assert.assertEquals(Assert.java:665)
at cucumber.framework.runner.siloam.ttddigitalpage.TestTTDPageKombinasiTiga.siloam110_validasi_data_tersimpan_dan_form_ter_update(TestTTDPageKombinasiTiga.java:131)
at ✽.Siloam110 Validasi Data tersimpan dan form ter-update(file:///C:/Users/Nexsoft/git/TugasAkhir/Novri/TA-SQUAD-KEL-SATU/TA-SQUAD-KEL-SATU/src/test/resources/features/siloam-outline/110UpdateDataSalesTigaKombinasi.feature:16)
]]>
            </full-stacktrace>
          </exception> <!-- java.lang.AssertionError -->
          <reporter-output>
          </reporter-output>
        </test-method> <!-- runScenario -->
        <test-method signature="runScenario(io.cucumber.testng.PickleWrapper,io.cucumber.testng.FeatureWrapper)[pri:0, instance:cucumber.framework.runner.siloam.ttddigitalpage.TandaTanganDigitalOutlineRunner@433defed]" started-at="2022-10-09T11:39:32 ICT" name="runScenario" description="Runs Cucumber Scenarios" data-provider="scenarios" finished-at="2022-10-09T11:39:41 ICT" duration-ms="9258" status="FAIL">
          <params>
            <param index="0">
              <value>
                <![CDATA["Siloam110 Sales Update Data Tiga Kombinasi"]]>
              </value>
            </param>
            <param index="1">
              <value>
                <![CDATA["Update Data Sales Tiga Kombinasi"]]>
              </value>
            </param>
          </params>
          <exception class="java.lang.AssertionError">
            <message>
              <![CDATA[expected [Alamanda] but found [ADIT TEST]]]>
            </message>
            <full-stacktrace>
              <![CDATA[java.lang.AssertionError: expected [Alamanda] but found [ADIT TEST]
at org.testng.Assert.fail(Assert.java:110)
at org.testng.Assert.failNotEquals(Assert.java:1413)
at org.testng.Assert.assertEqualsImpl(Assert.java:149)
at org.testng.Assert.assertEquals(Assert.java:131)
at org.testng.Assert.assertEquals(Assert.java:655)
at org.testng.Assert.assertEquals(Assert.java:665)
at cucumber.framework.runner.siloam.ttddigitalpage.TestTTDPageKombinasiTiga.siloam110_validasi_data_tersimpan_dan_form_ter_update(TestTTDPageKombinasiTiga.java:131)
at ✽.Siloam110 Validasi Data tersimpan dan form ter-update(file:///C:/Users/Nexsoft/git/TugasAkhir/Novri/TA-SQUAD-KEL-SATU/TA-SQUAD-KEL-SATU/src/test/resources/features/siloam-outline/110UpdateDataSalesTigaKombinasi.feature:16)
]]>
            </full-stacktrace>
          </exception> <!-- java.lang.AssertionError -->
          <reporter-output>
          </reporter-output>
        </test-method> <!-- runScenario -->
        <test-method signature="runScenario(io.cucumber.testng.PickleWrapper,io.cucumber.testng.FeatureWrapper)[pri:0, instance:cucumber.framework.runner.siloam.ttddigitalpage.TandaTanganDigitalOutlineRunner@433defed]" started-at="2022-10-09T11:39:41 ICT" name="runScenario" description="Runs Cucumber Scenarios" data-provider="scenarios" finished-at="2022-10-09T11:39:49 ICT" duration-ms="7950" status="FAIL">
          <params>
            <param index="0">
              <value>
                <![CDATA["Siloam110 Sales Update Data Tiga Kombinasi"]]>
              </value>
            </param>
            <param index="1">
              <value>
                <![CDATA["Update Data Sales Tiga Kombinasi"]]>
              </value>
            </param>
          </params>
          <exception class="java.lang.AssertionError">
            <message>
              <![CDATA[expected [Alamanda] but found [ADIT TEST]]]>
            </message>
            <full-stacktrace>
              <![CDATA[java.lang.AssertionError: expected [Alamanda] but found [ADIT TEST]
at org.testng.Assert.fail(Assert.java:110)
at org.testng.Assert.failNotEquals(Assert.java:1413)
at org.testng.Assert.assertEqualsImpl(Assert.java:149)
at org.testng.Assert.assertEquals(Assert.java:131)
at org.testng.Assert.assertEquals(Assert.java:655)
at org.testng.Assert.assertEquals(Assert.java:665)
at cucumber.framework.runner.siloam.ttddigitalpage.TestTTDPageKombinasiTiga.siloam110_validasi_data_tersimpan_dan_form_ter_update(TestTTDPageKombinasiTiga.java:131)
at ✽.Siloam110 Validasi Data tersimpan dan form ter-update(file:///C:/Users/Nexsoft/git/TugasAkhir/Novri/TA-SQUAD-KEL-SATU/TA-SQUAD-KEL-SATU/src/test/resources/features/siloam-outline/110UpdateDataSalesTigaKombinasi.feature:16)
]]>
            </full-stacktrace>
          </exception> <!-- java.lang.AssertionError -->
          <reporter-output>
          </reporter-output>
        </test-method> <!-- runScenario -->
        <test-method signature="runScenario(io.cucumber.testng.PickleWrapper,io.cucumber.testng.FeatureWrapper)[pri:0, instance:cucumber.framework.runner.siloam.ttddigitalpage.TandaTanganDigitalOutlineRunner@433defed]" started-at="2022-10-09T11:39:49 ICT" name="runScenario" description="Runs Cucumber Scenarios" data-provider="scenarios" finished-at="2022-10-09T11:39:59 ICT" duration-ms="9820" status="FAIL">
          <params>
            <param index="0">
              <value>
                <![CDATA["Siloam110 Sales Update Data Tiga Kombinasi"]]>
              </value>
            </param>
            <param index="1">
              <value>
                <![CDATA["Update Data Sales Tiga Kombinasi"]]>
              </value>
            </param>
          </params>
          <exception class="java.lang.AssertionError">
            <message>
              <![CDATA[expected [Alamanda] but found [ADIT TEST]]]>
            </message>
            <full-stacktrace>
              <![CDATA[java.lang.AssertionError: expected [Alamanda] but found [ADIT TEST]
at org.testng.Assert.fail(Assert.java:110)
at org.testng.Assert.failNotEquals(Assert.java:1413)
at org.testng.Assert.assertEqualsImpl(Assert.java:149)
at org.testng.Assert.assertEquals(Assert.java:131)
at org.testng.Assert.assertEquals(Assert.java:655)
at org.testng.Assert.assertEquals(Assert.java:665)
at cucumber.framework.runner.siloam.ttddigitalpage.TestTTDPageKombinasiTiga.siloam110_validasi_data_tersimpan_dan_form_ter_update(TestTTDPageKombinasiTiga.java:131)
at ✽.Siloam110 Validasi Data tersimpan dan form ter-update(file:///C:/Users/Nexsoft/git/TugasAkhir/Novri/TA-SQUAD-KEL-SATU/TA-SQUAD-KEL-SATU/src/test/resources/features/siloam-outline/110UpdateDataSalesTigaKombinasi.feature:16)
]]>
            </full-stacktrace>
          </exception> <!-- java.lang.AssertionError -->
          <reporter-output>
          </reporter-output>
        </test-method> <!-- runScenario -->
        <test-method signature="runScenario(io.cucumber.testng.PickleWrapper,io.cucumber.testng.FeatureWrapper)[pri:0, instance:cucumber.framework.runner.siloam.ttddigitalpage.TandaTanganDigitalOutlineRunner@433defed]" started-at="2022-10-09T11:39:59 ICT" name="runScenario" description="Runs Cucumber Scenarios" data-provider="scenarios" finished-at="2022-10-09T11:40:07 ICT" duration-ms="7825" status="FAIL">
          <params>
            <param index="0">
              <value>
                <![CDATA["Siloam110 Sales Update Data Tiga Kombinasi"]]>
              </value>
            </param>
            <param index="1">
              <value>
                <![CDATA["Update Data Sales Tiga Kombinasi"]]>
              </value>
            </param>
          </params>
          <exception class="java.lang.AssertionError">
            <message>
              <![CDATA[expected [Alamanda] but found [ADIT TEST]]]>
            </message>
            <full-stacktrace>
              <![CDATA[java.lang.AssertionError: expected [Alamanda] but found [ADIT TEST]
at org.testng.Assert.fail(Assert.java:110)
at org.testng.Assert.failNotEquals(Assert.java:1413)
at org.testng.Assert.assertEqualsImpl(Assert.java:149)
at org.testng.Assert.assertEquals(Assert.java:131)
at org.testng.Assert.assertEquals(Assert.java:655)
at org.testng.Assert.assertEquals(Assert.java:665)
at cucumber.framework.runner.siloam.ttddigitalpage.TestTTDPageKombinasiTiga.siloam110_validasi_data_tersimpan_dan_form_ter_update(TestTTDPageKombinasiTiga.java:131)
at ✽.Siloam110 Validasi Data tersimpan dan form ter-update(file:///C:/Users/Nexsoft/git/TugasAkhir/Novri/TA-SQUAD-KEL-SATU/TA-SQUAD-KEL-SATU/src/test/resources/features/siloam-outline/110UpdateDataSalesTigaKombinasi.feature:16)
]]>
            </full-stacktrace>
          </exception> <!-- java.lang.AssertionError -->
          <reporter-output>
          </reporter-output>
        </test-method> <!-- runScenario -->
        <test-method signature="runScenario(io.cucumber.testng.PickleWrapper,io.cucumber.testng.FeatureWrapper)[pri:0, instance:cucumber.framework.runner.siloam.ttddigitalpage.TandaTanganDigitalOutlineRunner@433defed]" started-at="2022-10-09T11:40:07 ICT" name="runScenario" description="Runs Cucumber Scenarios" data-provider="scenarios" finished-at="2022-10-09T11:40:17 ICT" duration-ms="10157" status="FAIL">
          <params>
            <param index="0">
              <value>
                <![CDATA["Siloam110 Sales Update Data Tiga Kombinasi"]]>
              </value>
            </param>
            <param index="1">
              <value>
                <![CDATA["Update Data Sales Tiga Kombinasi"]]>
              </value>
            </param>
          </params>
          <exception class="java.lang.AssertionError">
            <message>
              <![CDATA[expected [Alamanda] but found [ADIT TEST]]]>
            </message>
            <full-stacktrace>
              <![CDATA[java.lang.AssertionError: expected [Alamanda] but found [ADIT TEST]
at org.testng.Assert.fail(Assert.java:110)
at org.testng.Assert.failNotEquals(Assert.java:1413)
at org.testng.Assert.assertEqualsImpl(Assert.java:149)
at org.testng.Assert.assertEquals(Assert.java:131)
at org.testng.Assert.assertEquals(Assert.java:655)
at org.testng.Assert.assertEquals(Assert.java:665)
at cucumber.framework.runner.siloam.ttddigitalpage.TestTTDPageKombinasiTiga.siloam110_validasi_data_tersimpan_dan_form_ter_update(TestTTDPageKombinasiTiga.java:131)
at ✽.Siloam110 Validasi Data tersimpan dan form ter-update(file:///C:/Users/Nexsoft/git/TugasAkhir/Novri/TA-SQUAD-KEL-SATU/TA-SQUAD-KEL-SATU/src/test/resources/features/siloam-outline/110UpdateDataSalesTigaKombinasi.feature:16)
]]>
            </full-stacktrace>
          </exception> <!-- java.lang.AssertionError -->
          <reporter-output>
          </reporter-output>
        </test-method> <!-- runScenario -->
[...]
          </reporter-output>
        </test-method> <!-- runScenario -->
        <test-method signature="runScenario(io.cucumber.testng.PickleWrapper,io.cucumber.testng.FeatureWrapper)[pri:0, instance:cucumber.framework.runner.siloam.ttddigitalpage.TandaTanganDigitalOutlineRunner@433defed]" started-at="2022-10-09T12:22:41 ICT" name="runScenario" description="Runs Cucumber Scenarios" data-provider="scenarios" finished-at="2022-10-09T12:22:45 ICT" duration-ms="3232" status="PASS">
          <params>
            <param index="0">
              <value>
                <![CDATA["Siloam390006 Sales klik tombol keluar di modal upload foto after"]]>
              </value>
            </param>
            <param index="1">
              <value>
                <![CDATA["Sales Upload Dokumen After Valid"]]>
              </value>
            </param>
          </params>
          <reporter-output>
          </reporter-output>
        </test-method> <!-- runScenario -->
        <test-method signature="runScenario(io.cucumber.testng.PickleWrapper,io.cucumber.testng.FeatureWrapper)[pri:0, instance:cucumber.framework.runner.siloam.ttddigitalpage.TandaTanganDigitalOutlineRunner@433defed]" started-at="2022-10-09T12:22:45 ICT" name="runScenario" description="Runs Cucumber Scenarios" data-provider="scenarios" finished-at="2022-10-09T12:22:52 ICT" duration-ms="6986" status="PASS">
          <params>
            <param index="0">
              <value>
                <![CDATA["Siloam390007 Sales tekan tombol simpan foto after"]]>
              </value>
            </param>
            <param index="1">
              <value>
                <![CDATA["Sales Upload Dokumen After Valid"]]>
              </value>
            </param>
          </params>
          <reporter-output>
          </reporter-output>
        </test-method> <!-- runScenario -->
        <test-method signature="runScenario(io.cucumber.testng.PickleWrapper,io.cucumber.testng.FeatureWrapper)[pri:0, instance:cucumber.framework.runner.siloam.ttddigitalpage.TandaTanganDigitalOutlineRunner@433defed]" started-at="2022-10-09T12:22:52 ICT" name="runScenario" description="Runs Cucumber Scenarios" data-provider="scenarios" finished-at="2022-10-09T12:22:57 ICT" duration-ms="5691" status="PASS">
          <params>
            <param index="0">
              <value>
                <![CDATA["Siloam395001 Sales klik tombol modal upload foto ttd digital"]]>
              </value>
            </param>
            <param index="1">
              <value>
                <![CDATA["Sales Upload Dokumen TTD Digital Valid"]]>
              </value>
            </param>
          </params>
          <reporter-output>
          </reporter-output>
        </test-method> <!-- runScenario -->
        <test-method signature="runScenario(io.cucumber.testng.PickleWrapper,io.cucumber.testng.FeatureWrapper)[pri:0, instance:cucumber.framework.runner.siloam.ttddigitalpage.TandaTanganDigitalOutlineRunner@433defed]" started-at="2022-10-09T12:22:57 ICT" name="runScenario" description="Runs Cucumber Scenarios" data-provider="scenarios" finished-at="2022-10-09T12:22:58 ICT" duration-ms="1192" status="PASS">
          <params>
            <param index="0">
              <value>
                <![CDATA["Siloam395002 Sales klik tombol cancel di modal upload foto ttd digital"]]>
              </value>
            </param>
            <param index="1">
              <value>
                <![CDATA["Sales Upload Dokumen TTD Digital Valid"]]>
              </value>
            </param>
          </params>
          <reporter-output>
          </reporter-output>
        </test-method> <!-- runScenario -->
        <test-method signature="runScenario(io.cucumber.testng.PickleWrapper,io.cucumber.testng.FeatureWrapper)[pri:0, instance:cucumber.framework.runner.siloam.ttddigitalpage.TandaTanganDigitalOutlineRunner@433defed]" started-at="2022-10-09T12:22:58 ICT" name="runScenario" description="Runs Cucumber Scenarios" data-provider="scenarios" finished-at="2022-10-09T12:23:01 ICT" duration-ms="2197" status="PASS">
          <params>
            <param index="0">
              <value>
                <![CDATA["Siloam395003 Sales klik tombol keluar di modal upload foto ttd digital"]]>
              </value>
            </param>
            <param index="1">
              <value>
                <![CDATA["Sales Upload Dokumen TTD Digital Valid"]]>
              </value>
            </param>
          </params>
          <reporter-output>
          </reporter-output>
        </test-method> <!-- runScenario -->
        <test-method signature="runScenario(io.cucumber.testng.PickleWrapper,io.cucumber.testng.FeatureWrapper)[pri:0, instance:cucumber.framework.runner.siloam.ttddigitalpage.TandaTanganDigitalOutlineRunner@433defed]" started-at="2022-10-09T12:23:01 ICT" name="runScenario" description="Runs Cucumber Scenarios" data-provider="scenarios" finished-at="2022-10-09T12:23:03 ICT" duration-ms="2191" status="PASS">
          <params>
            <param index="0">
              <value>
                <![CDATA["Siloam395004 Sales memilih foto ttd digital dari lokal"]]>
              </value>
            </param>
            <param index="1">
              <value>
                <![CDATA["Sales Upload Dokumen TTD Digital Valid"]]>
              </value>
            </param>
          </params>
          <reporter-output>
          </reporter-output>
        </test-method> <!-- runScenario -->
        <test-method signature="runScenario(io.cucumber.testng.PickleWrapper,io.cucumber.testng.FeatureWrapper)[pri:0, instance:cucumber.framework.runner.siloam.ttddigitalpage.TandaTanganDigitalOutlineRunner@433defed]" started-at="2022-10-09T12:23:03 ICT" name="runScenario" description="Runs Cucumber Scenarios" data-provider="scenarios" finished-at="2022-10-09T12:23:04 ICT" duration-ms="1152" status="PASS">
          <params>
            <param index="0">
              <value>
                <![CDATA["Siloam395005 Sales klik tombol cancel di modal upload foto ttd digital"]]>
              </value>
            </param>
            <param index="1">
              <value>
                <![CDATA["Sales Upload Dokumen TTD Digital Valid"]]>
              </value>
            </param>
          </params>
          <reporter-output>
          </reporter-output>
        </test-method> <!-- runScenario -->
        <test-method signature="runScenario(io.cucumber.testng.PickleWrapper,io.cucumber.testng.FeatureWrapper)[pri:0, instance:cucumber.framework.runner.siloam.ttddigitalpage.TandaTanganDigitalOutlineRunner@433defed]" started-at="2022-10-09T12:23:04 ICT" name="runScenario" description="Runs Cucumber Scenarios" data-provider="scenarios" finished-at="2022-10-09T12:23:07 ICT" duration-ms="3215" status="PASS">
          <params>
            <param index="0">
              <value>
                <![CDATA["Siloam395006 Sales klik tombol keluar di modal upload foto ttd digital"]]>
              </value>
            </param>
            <param index="1">
              <value>
                <![CDATA["Sales Upload Dokumen TTD Digital Valid"]]>
              </value>
            </param>
          </params>
          <reporter-output>
          </reporter-output>
        </test-method> <!-- runScenario -->
        <test-method signature="runScenario(io.cucumber.testng.PickleWrapper,io.cucumber.testng.FeatureWrapper)[pri:0, instance:cucumber.framework.runner.siloam.ttddigitalpage.TandaTanganDigitalOutlineRunner@433defed]" started-at="2022-10-09T12:23:07 ICT" name="runScenario" description="Runs Cucumber Scenarios" data-provider="scenarios" finished-at="2022-10-09T12:23:14 ICT" duration-ms="6978" status="PASS">
          <params>
            <param index="0">
              <value>
                <![CDATA["Siloam395007 Sales tekan tombol simpan foto ttd digital"]]>
              </value>
            </param>
            <param index="1">
              <value>
                <![CDATA["Sales Upload Dokumen TTD Digital Valid"]]>
              </value>
            </param>
          </params>
          <reporter-output>
          </reporter-output>
        </test-method> <!-- runScenario -->
        <test-method signature="runScenario(io.cucumber.testng.PickleWrapper,io.cucumber.testng.FeatureWrapper)[pri:0, instance:cucumber.framework.runner.siloam.ttddigitalpage.TandaTanganDigitalOutlineRunner@433defed]" started-at="2022-10-09T12:23:14 ICT" name="runScenario" description="Runs Cucumber Scenarios" data-provider="scenarios" finished-at="2022-10-09T12:23:22 ICT" duration-ms="7671" status="PASS">
          <params>
            <param index="0">
              <value>
                <![CDATA["Siloam400001 Sales langsung menekan tombol simpan foto before"]]>
              </value>
            </param>
            <param index="1">
              <value>
                <![CDATA["Sales Upload Dokumen Before Invalid"]]>
              </value>
            </param>
          </params>
          <reporter-output>
          </reporter-output>
        </test-method> <!-- runScenario -->
        <test-method signature="runScenario(io.cucumber.testng.PickleWrapper,io.cucumber.testng.FeatureWrapper)[pri:0, instance:cucumber.framework.runner.siloam.ttddigitalpage.TandaTanganDigitalOutlineRunner@433defed]" started-at="2022-10-09T12:23:22 ICT" name="runScenario" description="Runs Cucumber Scenarios" data-provider="scenarios" finished-at="2022-10-09T12:23:25 ICT" duration-ms="3227" status="PASS">
          <params>
            <param index="0">
              <value>
                <![CDATA["Siloam400002 Sales pilih file before tidak sesuai format"]]>
              </value>
            </param>
            <param index="1">
              <value>
                <![CDATA["Sales Upload Dokumen Before Invalid"]]>
              </value>
            </param>
          </params>
          <reporter-output>
          </reporter-output>
        </test-method> <!-- runScenario -->
        <test-method signature="runScenario(io.cucumber.testng.PickleWrapper,io.cucumber.testng.FeatureWrapper)[pri:0, instance:cucumber.framework.runner.siloam.ttddigitalpage.TandaTanganDigitalOutlineRunner@433defed]" started-at="2022-10-09T12:23:25 ICT" name="runScenario" description="Runs Cucumber Scenarios" data-provider="scenarios" finished-at="2022-10-09T12:23:27 ICT" duration-ms="2132" status="PASS">
          <params>
            <param index="0">
              <value>
                <![CDATA["Siloam400003 Sales upload file before tidak sesuai format"]]>
              </value>
            </param>
            <param index="1">
              <value>
                <![CDATA["Sales Upload Dokumen Before Invalid"]]>
              </value>
            </param>
          </params>
          <reporter-output>
          </reporter-output>
        </test-method> <!-- runScenario -->
        <test-method signature="runScenario(io.cucumber.testng.PickleWrapper,io.cucumber.testng.FeatureWrapper)[pri:0, instance:cucumber.framework.runner.siloam.ttddigitalpage.TandaTanganDigitalOutlineRunner@433defed]" started-at="2022-10-09T12:23:27 ICT" name="runScenario" description="Runs Cucumber Scenarios" data-provider="scenarios" finished-at="2022-10-09T12:23:39 ICT" duration-ms="12178" status="PASS">
          <params>
            <param index="0">
              <value>
                <![CDATA["Siloam400004 Sales upload foto before dengan size lebih dari lima mb"]]>
              </value>
            </param>
            <param index="1">
              <value>
                <![CDATA["Sales Upload Dokumen Before Invalid"]]>
              </value>
            </param>
          </params>
          <reporter-output>
          </reporter-output>
        </test-method> <!-- runScenario -->
        <test-method signature="runScenario(io.cucumber.testng.PickleWrapper,io.cucumber.testng.FeatureWrapper)[pri:0, instance:cucumber.framework.runner.siloam.ttddigitalpage.TandaTanganDigitalOutlineRunner@433defed]" started-at="2022-10-09T12:23:39 ICT" name="runScenario" description="Runs Cucumber Scenarios" data-provider="scenarios" finished-at="2022-10-09T12:23:47 ICT" duration-ms="7970" status="PASS">
          <params>
            <param index="0">
              <value>
                <![CDATA["Siloam405001 Sales langsung menekan tombol simpan foto after"]]>
              </value>
            </param>
            <param index="1">
              <value>
                <![CDATA["Sales Upload Dokumen After Invalid"]]>
              </value>
            </param>
          </params>
          <reporter-output>
          </reporter-output>
        </test-method> <!-- runScenario -->
        <test-method signature="runScenario(io.cucumber.testng.PickleWrapper,io.cucumber.testng.FeatureWrapper)[pri:0, instance:cucumber.framework.runner.siloam.ttddigitalpage.TandaTanganDigitalOutlineRunner@433defed]" started-at="2022-10-09T12:23:47 ICT" name="runScenario" description="Runs Cucumber Scenarios" data-provider="scenarios" finished-at="2022-10-09T12:23:51 ICT" duration-ms="3214" status="PASS">
          <params>
            <param index="0">
              <value>
                <![CDATA["Siloam405002 Sales pilih file after tidak sesuai format"]]>
              </value>
            </param>
            <param index="1">
              <value>
                <![CDATA["Sales Upload Dokumen After Invalid"]]>
              </value>
            </param>
          </params>
          <reporter-output>
          </reporter-output>
        </test-method> <!-- runScenario -->
        <test-method signature="runScenario(io.cucumber.testng.PickleWrapper,io.cucumber.testng.FeatureWrapper)[pri:0, instance:cucumber.framework.runner.siloam.ttddigitalpage.TandaTanganDigitalOutlineRunner@433defed]" started-at="2022-10-09T12:23:51 ICT" name="runScenario" description="Runs Cucumber Scenarios" data-provider="scenarios" finished-at="2022-10-09T12:23:53 ICT" duration-ms="2161" status="PASS">
          <params>
            <param index="0">
              <value>
                <![CDATA["Siloam405003 Sales upload file after tidak sesuai format"]]>
              </value>
            </param>
            <param index="1">
              <value>
                <![CDATA["Sales Upload Dokumen After Invalid"]]>
              </value>
            </param>
          </params>
          <reporter-output>
          </reporter-output>
        </test-method> <!-- runScenario -->
        <test-method signature="runScenario(io.cucumber.testng.PickleWrapper,io.cucumber.testng.FeatureWrapper)[pri:0, instance:cucumber.framework.runner.siloam.ttddigitalpage.TandaTanganDigitalOutlineRunner@433defed]" started-at="2022-10-09T12:23:53 ICT" name="runScenario" description="Runs Cucumber Scenarios" data-provider="scenarios" finished-at="2022-10-09T12:24:05 ICT" duration-ms="12223" status="PASS">
          <params>
            <param index="0">
              <value>
                <![CDATA["Siloam405004 Sales upload foto after dengan size lebih dari lima mb"]]>
              </value>
            </param>
            <param index="1">
              <value>
                <![CDATA["Sales Upload Dokumen After Invalid"]]>
              </value>
            </param>
          </params>
          <reporter-output>
          </reporter-output>
        </test-method> <!-- runScenario -->
        <test-method signature="runScenario(io.cucumber.testng.PickleWrapper,io.cucumber.testng.FeatureWrapper)[pri:0, instance:cucumber.framework.runner.siloam.ttddigitalpage.TandaTanganDigitalOutlineRunner@433defed]" started-at="2022-10-09T12:24:05 ICT" name="runScenario" description="Runs Cucumber Scenarios" data-provider="scenarios" finished-at="2022-10-09T12:24:13 ICT" duration-ms="8025" status="PASS">
          <params>
            <param index="0">
              <value>
                <![CDATA["Siloam410001 Sales langsung menekan tombol simpan foto ttd digital"]]>
              </value>
            </param>
            <param index="1">
              <value>
                <![CDATA["Sales Upload Dokumen TTD Digital Invalid"]]>
              </value>
            </param>
          </params>
          <reporter-output>
          </reporter-output>
        </test-method> <!-- runScenario -->
        <test-method signature="runScenario(io.cucumber.testng.PickleWrapper,io.cucumber.testng.FeatureWrapper)[pri:0, instance:cucumber.framework.runner.siloam.ttddigitalpage.TandaTanganDigitalOutlineRunner@433defed]" started-at="2022-10-09T12:24:13 ICT" name="runScenario" description="Runs Cucumber Scenarios" data-provider="scenarios" finished-at="2022-10-09T12:24:16 ICT" duration-ms="3237" status="PASS">
          <params>
            <param index="0">
              <value>
                <![CDATA["Siloam410002 Sales pilih file ttd digital tidak sesuai format"]]>
              </value>
            </param>
            <param index="1">
              <value>
                <![CDATA["Sales Upload Dokumen TTD Digital Invalid"]]>
              </value>
            </param>
          </params>
          <reporter-output>
          </reporter-output>
        </test-method> <!-- runScenario -->
        <test-method signature="runScenario(io.cucumber.testng.PickleWrapper,io.cucumber.testng.FeatureWrapper)[pri:0, instance:cucumber.framework.runner.siloam.ttddigitalpage.TandaTanganDigitalOutlineRunner@433defed]" started-at="2022-10-09T12:24:16 ICT" name="runScenario" description="Runs Cucumber Scenarios" data-provider="scenarios" finished-at="2022-10-09T12:24:18 ICT" duration-ms="2169" status="PASS">
          <params>
            <param index="0">
              <value>
                <![CDATA["Siloam410003 Sales upload file ttd digital tidak sesuai format"]]>
              </value>
            </param>
            <param index="1">
              <value>
                <![CDATA["Sales Upload Dokumen TTD Digital Invalid"]]>
              </value>
            </param>
          </params>
          <reporter-output>
          </reporter-output>
        </test-method> <!-- runScenario -->
        <test-method signature="runScenario(io.cucumber.testng.PickleWrapper,io.cucumber.testng.FeatureWrapper)[pri:0, instance:cucumber.framework.runner.siloam.ttddigitalpage.TandaTanganDigitalOutlineRunner@433defed]" started-at="2022-10-09T12:24:18 ICT" name="runScenario" description="Runs Cucumber Scenarios" data-provider="scenarios" finished-at="2022-10-09T12:24:31 ICT" duration-ms="12226" status="PASS">
          <params>
            <param index="0">
              <value>
                <![CDATA["Siloam410004 Sales upload foto ttd digital dengan size lebih dari lima mb"]]>
              </value>
            </param>
            <param index="1">
              <value>
                <![CDATA["Sales Upload Dokumen TTD Digital Invalid"]]>
              </value>
            </param>
          </params>
          <reporter-output>
          </reporter-output>
        </test-method> <!-- runScenario -->
        <test-method is-config="true" signature="tearDownClass()[pri:0, instance:cucumber.framework.runner.siloam.ttddigitalpage.TandaTanganDigitalOutlineRunner@433defed]" started-at="2022-10-09T12:24:31 ICT" name="tearDownClass" finished-at="2022-10-09T12:24:32 ICT" duration-ms="1894" status="PASS">
          <reporter-output>
          </reporter-output>
        </test-method> <!-- tearDownClass -->
      </class> <!-- cucumber.framework.runner.siloam.ttddigitalpage.TandaTanganDigitalOutlineRunner -->
    </test> <!-- Default test -->
  </suite> <!-- Default suite -->
</testng-results>
