<?xml version="1.0" encoding="UTF-8"?>
<testng-results ignored="0" total="39" passed="39" failed="0" skipped="0">
  <reporter-output>
  </reporter-output>
  <suite started-at="2022-10-06T12:58:58 ICT" name="Default suite" finished-at="2022-10-06T13:02:26 ICT" duration-ms="208396">
    <groups>
      <group name="cucumber">
        <method signature="AbstractTestNGCucumberTests.runScenario(io.cucumber.testng.PickleWrapper,io.cucumber.testng.FeatureWrapper)[pri:0, instance:cucumber.framework.runner.siloam.ttddigitalpage.TandaTanganDigitalOutlineRunner@433defed]" name="runScenario" class="io.cucumber.testng.AbstractTestNGCucumberTests"/>
      </group> <!-- cucumber -->
    </groups>
    <test started-at="2022-10-06T12:58:58 ICT" name="Default test" finished-at="2022-10-06T13:02:26 ICT" duration-ms="208396">
      <class name="cucumber.framework.runner.siloam.ttddigitalpage.TandaTanganDigitalOutlineRunner">
        <test-method is-config="true" signature="setUpClass(org.testng.ITestContext)[pri:0, instance:cucumber.framework.runner.siloam.ttddigitalpage.TandaTanganDigitalOutlineRunner@433defed]" started-at="2022-10-06T12:58:58 ICT" name="setUpClass" finished-at="2022-10-06T12:58:59 ICT" duration-ms="730" status="PASS">
          <params>
            <param index="0">
              <value>
                <![CDATA[org.testng.TestRunner@5d77be8e]]>
              </value>
            </param>
          </params>
          <reporter-output>
          </reporter-output>
        </test-method> <!-- setUpClass -->
        <test-method signature="runScenario(io.cucumber.testng.PickleWrapper,io.cucumber.testng.FeatureWrapper)[pri:0, instance:cucumber.framework.runner.siloam.ttddigitalpage.TandaTanganDigitalOutlineRunner@433defed]" started-at="2022-10-06T12:58:59 ICT" name="runScenario" description="Runs Cucumber Scenarios" data-provider="scenarios" finished-at="2022-10-06T12:59:14 ICT" duration-ms="15788" status="PASS">
          <params>
            <param index="0">
              <value>
                <![CDATA["Siloam370001 Sales tekan tombol hapus file upload before dan klik cancel"]]>
              </value>
            </param>
            <param index="1">
              <value>
                <![CDATA["Sales Hapus File Upload Before"]]>
              </value>
            </param>
          </params>
          <reporter-output>
          </reporter-output>
        </test-method> <!-- runScenario -->
        <test-method signature="runScenario(io.cucumber.testng.PickleWrapper,io.cucumber.testng.FeatureWrapper)[pri:0, instance:cucumber.framework.runner.siloam.ttddigitalpage.TandaTanganDigitalOutlineRunner@433defed]" started-at="2022-10-06T12:59:14 ICT" name="runScenario" description="Runs Cucumber Scenarios" data-provider="scenarios" finished-at="2022-10-06T12:59:18 ICT" duration-ms="3323" status="PASS">
          <params>
            <param index="0">
              <value>
                <![CDATA["Siloam370002 Sales tekan tombol hapus file upload before dan klik ok"]]>
              </value>
            </param>
            <param index="1">
              <value>
                <![CDATA["Sales Hapus File Upload Before"]]>
              </value>
            </param>
          </params>
          <reporter-output>
          </reporter-output>
        </test-method> <!-- runScenario -->
        <test-method signature="runScenario(io.cucumber.testng.PickleWrapper,io.cucumber.testng.FeatureWrapper)[pri:0, instance:cucumber.framework.runner.siloam.ttddigitalpage.TandaTanganDigitalOutlineRunner@433defed]" started-at="2022-10-06T12:59:18 ICT" name="runScenario" description="Runs Cucumber Scenarios" data-provider="scenarios" finished-at="2022-10-06T12:59:28 ICT" duration-ms="10644" status="PASS">
          <params>
            <param index="0">
              <value>
                <![CDATA["Siloam375001 Sales tekan tombol hapus file upload after dan klik cancel"]]>
              </value>
            </param>
            <param index="1">
              <value>
                <![CDATA["Sales Hapus File Upload After"]]>
              </value>
            </param>
          </params>
          <reporter-output>
          </reporter-output>
        </test-method> <!-- runScenario -->
        <test-method signature="runScenario(io.cucumber.testng.PickleWrapper,io.cucumber.testng.FeatureWrapper)[pri:0, instance:cucumber.framework.runner.siloam.ttddigitalpage.TandaTanganDigitalOutlineRunner@433defed]" started-at="2022-10-06T12:59:28 ICT" name="runScenario" description="Runs Cucumber Scenarios" data-provider="scenarios" finished-at="2022-10-06T12:59:32 ICT" duration-ms="3301" status="PASS">
          <params>
            <param index="0">
              <value>
                <![CDATA["Siloam375002 Sales tekan tombol hapus file upload after dan klik ok"]]>
              </value>
            </param>
            <param index="1">
              <value>
                <![CDATA["Sales Hapus File Upload After"]]>
              </value>
            </param>
          </params>
          <reporter-output>
          </reporter-output>
        </test-method> <!-- runScenario -->
        <test-method signature="runScenario(io.cucumber.testng.PickleWrapper,io.cucumber.testng.FeatureWrapper)[pri:0, instance:cucumber.framework.runner.siloam.ttddigitalpage.TandaTanganDigitalOutlineRunner@433defed]" started-at="2022-10-06T12:59:32 ICT" name="runScenario" description="Runs Cucumber Scenarios" data-provider="scenarios" finished-at="2022-10-06T12:59:42 ICT" duration-ms="10756" status="PASS">
          <params>
            <param index="0">
              <value>
                <![CDATA["Siloam380001 Sales tekan tombol hapus file upload ttd dan klik cancel"]]>
              </value>
            </param>
            <param index="1">
              <value>
                <![CDATA["Sales Hapus File Upload TTD"]]>
              </value>
            </param>
          </params>
          <reporter-output>
          </reporter-output>
        </test-method> <!-- runScenario -->
        <test-method signature="runScenario(io.cucumber.testng.PickleWrapper,io.cucumber.testng.FeatureWrapper)[pri:0, instance:cucumber.framework.runner.siloam.ttddigitalpage.TandaTanganDigitalOutlineRunner@433defed]" started-at="2022-10-06T12:59:42 ICT" name="runScenario" description="Runs Cucumber Scenarios" data-provider="scenarios" finished-at="2022-10-06T12:59:46 ICT" duration-ms="3267" status="PASS">
          <params>
            <param index="0">
              <value>
                <![CDATA["Siloam380002 Sales tekan tombol hapus file upload ttd dan klik ok"]]>
              </value>
            </param>
            <param index="1">
              <value>
                <![CDATA["Sales Hapus File Upload TTD"]]>
              </value>
            </param>
          </params>
          <reporter-output>
          </reporter-output>
        </test-method> <!-- runScenario -->
        <test-method signature="runScenario(io.cucumber.testng.PickleWrapper,io.cucumber.testng.FeatureWrapper)[pri:0, instance:cucumber.framework.runner.siloam.ttddigitalpage.TandaTanganDigitalOutlineRunner@433defed]" started-at="2022-10-06T12:59:46 ICT" name="runScenario" description="Runs Cucumber Scenarios" data-provider="scenarios" finished-at="2022-10-06T12:59:52 ICT" duration-ms="5968" status="PASS">
          <params>
            <param index="0">
              <value>
                <![CDATA["Siloam385001 Sales klik tombol modal upload foto before"]]>
              </value>
            </param>
            <param index="1">
              <value>
                <![CDATA["Sales Upload Dokumen Before Valid"]]>
              </value>
            </param>
          </params>
          <reporter-output>
          </reporter-output>
        </test-method> <!-- runScenario -->
        <test-method signature="runScenario(io.cucumber.testng.PickleWrapper,io.cucumber.testng.FeatureWrapper)[pri:0, instance:cucumber.framework.runner.siloam.ttddigitalpage.TandaTanganDigitalOutlineRunner@433defed]" started-at="2022-10-06T12:59:52 ICT" name="runScenario" description="Runs Cucumber Scenarios" data-provider="scenarios" finished-at="2022-10-06T12:59:53 ICT" duration-ms="1215" status="PASS">
          <params>
            <param index="0">
              <value>
                <![CDATA["Siloam385002 Sales klik tombol cancel di modal upload foto before"]]>
              </value>
            </param>
            <param index="1">
              <value>
                <![CDATA["Sales Upload Dokumen Before Valid"]]>
              </value>
            </param>
          </params>
          <reporter-output>
          </reporter-output>
        </test-method> <!-- runScenario -->
        <test-method signature="runScenario(io.cucumber.testng.PickleWrapper,io.cucumber.testng.FeatureWrapper)[pri:0, instance:cucumber.framework.runner.siloam.ttddigitalpage.TandaTanganDigitalOutlineRunner@433defed]" started-at="2022-10-06T12:59:53 ICT" name="runScenario" description="Runs Cucumber Scenarios" data-provider="scenarios" finished-at="2022-10-06T12:59:55 ICT" duration-ms="2264" status="PASS">
          <params>
            <param index="0">
              <value>
                <![CDATA["Siloam385003 Sales klik tombol keluar di modal upload foto before"]]>
              </value>
            </param>
            <param index="1">
              <value>
                <![CDATA["Sales Upload Dokumen Before Valid"]]>
              </value>
            </param>
          </params>
          <reporter-output>
          </reporter-output>
        </test-method> <!-- runScenario -->
        <test-method signature="runScenario(io.cucumber.testng.PickleWrapper,io.cucumber.testng.FeatureWrapper)[pri:0, instance:cucumber.framework.runner.siloam.ttddigitalpage.TandaTanganDigitalOutlineRunner@433defed]" started-at="2022-10-06T12:59:55 ICT" name="runScenario" description="Runs Cucumber Scenarios" data-provider="scenarios" finished-at="2022-10-06T12:59:57 ICT" duration-ms="2233" status="PASS">
          <params>
            <param index="0">
              <value>
                <![CDATA["Siloam385004 Sales memilih foto before dari lokal"]]>
              </value>
            </param>
            <param index="1">
              <value>
                <![CDATA["Sales Upload Dokumen Before Valid"]]>
              </value>
            </param>
          </params>
          <reporter-output>
          </reporter-output>
        </test-method> <!-- runScenario -->
        <test-method signature="runScenario(io.cucumber.testng.PickleWrapper,io.cucumber.testng.FeatureWrapper)[pri:0, instance:cucumber.framework.runner.siloam.ttddigitalpage.TandaTanganDigitalOutlineRunner@433defed]" started-at="2022-10-06T12:59:57 ICT" name="runScenario" description="Runs Cucumber Scenarios" data-provider="scenarios" finished-at="2022-10-06T12:59:59 ICT" duration-ms="1190" status="PASS">
          <params>
            <param index="0">
              <value>
                <![CDATA["Siloam385005 Sales klik tombol cancel di modal upload foto before"]]>
              </value>
            </param>
            <param index="1">
              <value>
                <![CDATA["Sales Upload Dokumen Before Valid"]]>
              </value>
            </param>
          </params>
          <reporter-output>
          </reporter-output>
        </test-method> <!-- runScenario -->
        <test-method signature="runScenario(io.cucumber.testng.PickleWrapper,io.cucumber.testng.FeatureWrapper)[pri:0, instance:cucumber.framework.runner.siloam.ttddigitalpage.TandaTanganDigitalOutlineRunner@433defed]" started-at="2022-10-06T12:59:59 ICT" name="runScenario" description="Runs Cucumber Scenarios" data-provider="scenarios" finished-at="2022-10-06T13:00:02 ICT" duration-ms="3283" status="PASS">
          <params>
            <param index="0">
              <value>
                <![CDATA["Siloam385006 Sales klik tombol keluar di modal upload foto before"]]>
              </value>
            </param>
            <param index="1">
              <value>
                <![CDATA["Sales Upload Dokumen Before Valid"]]>
              </value>
            </param>
          </params>
          <reporter-output>
          </reporter-output>
        </test-method> <!-- runScenario -->
        <test-method signature="runScenario(io.cucumber.testng.PickleWrapper,io.cucumber.testng.FeatureWrapper)[pri:0, instance:cucumber.framework.runner.siloam.ttddigitalpage.TandaTanganDigitalOutlineRunner@433defed]" started-at="2022-10-06T13:00:02 ICT" name="runScenario" description="Runs Cucumber Scenarios" data-provider="scenarios" finished-at="2022-10-06T13:00:14 ICT" duration-ms="12394" status="PASS">
          <params>
            <param index="0">
              <value>
                <![CDATA["Siloam385007 Sales tekan tombol simpan foto before"]]>
              </value>
            </param>
            <param index="1">
              <value>
                <![CDATA["Sales Upload Dokumen Before Valid"]]>
              </value>
            </param>
          </params>
          <reporter-output>
          </reporter-output>
        </test-method> <!-- runScenario -->
        <test-method signature="runScenario(io.cucumber.testng.PickleWrapper,io.cucumber.testng.FeatureWrapper)[pri:0, instance:cucumber.framework.runner.siloam.ttddigitalpage.TandaTanganDigitalOutlineRunner@433defed]" started-at="2022-10-06T13:00:14 ICT" name="runScenario" description="Runs Cucumber Scenarios" data-provider="scenarios" finished-at="2022-10-06T13:00:23 ICT" duration-ms="8365" status="PASS">
          <params>
            <param index="0">
              <value>
                <![CDATA["Siloam390001 Sales klik tombol modal upload foto after"]]>
              </value>
            </param>
            <param index="1">
              <value>
                <![CDATA["Sales Upload Dokumen After Valid"]]>
              </value>
            </param>
          </params>
          <reporter-output>
          </reporter-output>
        </test-method> <!-- runScenario -->
        <test-method signature="runScenario(io.cucumber.testng.PickleWrapper,io.cucumber.testng.FeatureWrapper)[pri:0, instance:cucumber.framework.runner.siloam.ttddigitalpage.TandaTanganDigitalOutlineRunner@433defed]" started-at="2022-10-06T13:00:23 ICT" name="runScenario" description="Runs Cucumber Scenarios" data-provider="scenarios" finished-at="2022-10-06T13:00:24 ICT" duration-ms="1225" status="PASS">
          <params>
            <param index="0">
              <value>
                <![CDATA["Siloam390002 Sales klik tombol cancel di modal upload foto after"]]>
              </value>
            </param>
            <param index="1">
              <value>
                <![CDATA["Sales Upload Dokumen After Valid"]]>
              </value>
            </param>
          </params>
          <reporter-output>
          </reporter-output>
        </test-method> <!-- runScenario -->
        <test-method signature="runScenario(io.cucumber.testng.PickleWrapper,io.cucumber.testng.FeatureWrapper)[pri:0, instance:cucumber.framework.runner.siloam.ttddigitalpage.TandaTanganDigitalOutlineRunner@433defed]" started-at="2022-10-06T13:00:24 ICT" name="runScenario" description="Runs Cucumber Scenarios" data-provider="scenarios" finished-at="2022-10-06T13:00:26 ICT" duration-ms="2247" status="PASS">
          <params>
            <param index="0">
              <value>
                <![CDATA["Siloam390003 Sales klik tombol keluar di modal upload foto after"]]>
              </value>
            </param>
            <param index="1">
              <value>
                <![CDATA["Sales Upload Dokumen After Valid"]]>
              </value>
            </param>
          </params>
          <reporter-output>
          </reporter-output>
        </test-method> <!-- runScenario -->
        <test-method signature="runScenario(io.cucumber.testng.PickleWrapper,io.cucumber.testng.FeatureWrapper)[pri:0, instance:cucumber.framework.runner.siloam.ttddigitalpage.TandaTanganDigitalOutlineRunner@433defed]" started-at="2022-10-06T13:00:26 ICT" name="runScenario" description="Runs Cucumber Scenarios" data-provider="scenarios" finished-at="2022-10-06T13:00:28 ICT" duration-ms="2246" status="PASS">
          <params>
            <param index="0">
              <value>
                <![CDATA["Siloam390004 Sales memilih foto after dari lokal"]]>
              </value>
            </param>
            <param index="1">
              <value>
                <![CDATA["Sales Upload Dokumen After Valid"]]>
              </value>
            </param>
          </params>
          <reporter-output>
          </reporter-output>
        </test-method> <!-- runScenario -->
        <test-method signature="runScenario(io.cucumber.testng.PickleWrapper,io.cucumber.testng.FeatureWrapper)[pri:0, instance:cucumber.framework.runner.siloam.ttddigitalpage.TandaTanganDigitalOutlineRunner@433defed]" started-at="2022-10-06T13:00:28 ICT" name="runScenario" description="Runs Cucumber Scenarios" data-provider="scenarios" finished-at="2022-10-06T13:00:30 ICT" duration-ms="1206" status="PASS">
          <params>
            <param index="0">
              <value>
                <![CDATA["Siloam390005 Sales klik tombol cancel di modal upload foto after"]]>
              </value>
            </param>
            <param index="1">
              <value>
                <![CDATA["Sales Upload Dokumen After Valid"]]>
              </value>
            </param>
          </params>
          <reporter-output>
          </reporter-output>
        </test-method> <!-- runScenario -->
        <test-method signature="runScenario(io.cucumber.testng.PickleWrapper,io.cucumber.testng.FeatureWrapper)[pri:0, instance:cucumber.framework.runner.siloam.ttddigitalpage.TandaTanganDigitalOutlineRunner@433defed]" started-at="2022-10-06T13:00:30 ICT" name="runScenario" description="Runs Cucumber Scenarios" data-provider="scenarios" finished-at="2022-10-06T13:00:33 ICT" duration-ms="3269" status="PASS">
          <params>
            <param index="0">
              <value>
                <![CDATA["Siloam390006 Sales klik tombol keluar di modal upload foto after"]]>
              </value>
            </param>
            <param index="1">
              <value>
                <![CDATA["Sales Upload Dokumen After Valid"]]>
              </value>
            </param>
          </params>
          <reporter-output>
          </reporter-output>
        </test-method> <!-- runScenario -->
        <test-method signature="runScenario(io.cucumber.testng.PickleWrapper,io.cucumber.testng.FeatureWrapper)[pri:0, instance:cucumber.framework.runner.siloam.ttddigitalpage.TandaTanganDigitalOutlineRunner@433defed]" started-at="2022-10-06T13:00:33 ICT" name="runScenario" description="Runs Cucumber Scenarios" data-provider="scenarios" finished-at="2022-10-06T13:00:40 ICT" duration-ms="7085" status="PASS">
          <params>
            <param index="0">
              <value>
                <![CDATA["Siloam390007 Sales tekan tombol simpan foto after"]]>
              </value>
            </param>
            <param index="1">
              <value>
                <![CDATA["Sales Upload Dokumen After Valid"]]>
              </value>
            </param>
          </params>
          <reporter-output>
          </reporter-output>
        </test-method> <!-- runScenario -->
        <test-method signature="runScenario(io.cucumber.testng.PickleWrapper,io.cucumber.testng.FeatureWrapper)[pri:0, instance:cucumber.framework.runner.siloam.ttddigitalpage.TandaTanganDigitalOutlineRunner@433defed]" started-at="2022-10-06T13:00:40 ICT" name="runScenario" description="Runs Cucumber Scenarios" data-provider="scenarios" finished-at="2022-10-06T13:00:46 ICT" duration-ms="5730" status="PASS">
          <params>
            <param index="0">
              <value>
                <![CDATA["Siloam395001 Sales klik tombol modal upload foto ttd digital"]]>
              </value>
            </param>
            <param index="1">
              <value>
                <![CDATA["Sales Upload Dokumen TTD Digital Valid"]]>
              </value>
            </param>
          </params>
          <reporter-output>
          </reporter-output>
        </test-method> <!-- runScenario -->
        <test-method signature="runScenario(io.cucumber.testng.PickleWrapper,io.cucumber.testng.FeatureWrapper)[pri:0, instance:cucumber.framework.runner.siloam.ttddigitalpage.TandaTanganDigitalOutlineRunner@433defed]" started-at="2022-10-06T13:00:46 ICT" name="runScenario" description="Runs Cucumber Scenarios" data-provider="scenarios" finished-at="2022-10-06T13:00:47 ICT" duration-ms="1196" status="PASS">
          <params>
            <param index="0">
              <value>
                <![CDATA["Siloam395002 Sales klik tombol cancel di modal upload foto ttd digital"]]>
              </value>
            </param>
            <param index="1">
              <value>
                <![CDATA["Sales Upload Dokumen TTD Digital Valid"]]>
              </value>
            </param>
          </params>
          <reporter-output>
          </reporter-output>
        </test-method> <!-- runScenario -->
        <test-method signature="runScenario(io.cucumber.testng.PickleWrapper,io.cucumber.testng.FeatureWrapper)[pri:0, instance:cucumber.framework.runner.siloam.ttddigitalpage.TandaTanganDigitalOutlineRunner@433defed]" started-at="2022-10-06T13:00:47 ICT" name="runScenario" description="Runs Cucumber Scenarios" data-provider="scenarios" finished-at="2022-10-06T13:00:49 ICT" duration-ms="2240" status="PASS">
          <params>
            <param index="0">
              <value>
                <![CDATA["Siloam395003 Sales klik tombol keluar di modal upload foto ttd digital"]]>
              </value>
            </param>
            <param index="1">
              <value>
                <![CDATA["Sales Upload Dokumen TTD Digital Valid"]]>
              </value>
            </param>
          </params>
          <reporter-output>
          </reporter-output>
        </test-method> <!-- runScenario -->
        <test-method signature="runScenario(io.cucumber.testng.PickleWrapper,io.cucumber.testng.FeatureWrapper)[pri:0, instance:cucumber.framework.runner.siloam.ttddigitalpage.TandaTanganDigitalOutlineRunner@433defed]" started-at="2022-10-06T13:00:49 ICT" name="runScenario" description="Runs Cucumber Scenarios" data-provider="scenarios" finished-at="2022-10-06T13:00:51 ICT" duration-ms="2206" status="PASS">
          <params>
            <param index="0">
              <value>
                <![CDATA["Siloam395004 Sales memilih foto ttd digital dari lokal"]]>
              </value>
            </param>
            <param index="1">
              <value>
                <![CDATA["Sales Upload Dokumen TTD Digital Valid"]]>
              </value>
            </param>
          </params>
          <reporter-output>
          </reporter-output>
        </test-method> <!-- runScenario -->
        <test-method signature="runScenario(io.cucumber.testng.PickleWrapper,io.cucumber.testng.FeatureWrapper)[pri:0, instance:cucumber.framework.runner.siloam.ttddigitalpage.TandaTanganDigitalOutlineRunner@433defed]" started-at="2022-10-06T13:00:51 ICT" name="runScenario" description="Runs Cucumber Scenarios" data-provider="scenarios" finished-at="2022-10-06T13:00:53 ICT" duration-ms="1173" status="PASS">
          <params>
            <param index="0">
              <value>
                <![CDATA["Siloam395005 Sales klik tombol cancel di modal upload foto ttd digital"]]>
              </value>
            </param>
            <param index="1">
              <value>
                <![CDATA["Sales Upload Dokumen TTD Digital Valid"]]>
              </value>
            </param>
          </params>
          <reporter-output>
          </reporter-output>
        </test-method> <!-- runScenario -->
        <test-method signature="runScenario(io.cucumber.testng.PickleWrapper,io.cucumber.testng.FeatureWrapper)[pri:0, instance:cucumber.framework.runner.siloam.ttddigitalpage.TandaTanganDigitalOutlineRunner@433defed]" started-at="2022-10-06T13:00:53 ICT" name="runScenario" description="Runs Cucumber Scenarios" data-provider="scenarios" finished-at="2022-10-06T13:00:56 ICT" duration-ms="3272" status="PASS">
          <params>
            <param index="0">
              <value>
                <![CDATA["Siloam395006 Sales klik tombol keluar di modal upload foto ttd digital"]]>
              </value>
            </param>
            <param index="1">
              <value>
                <![CDATA["Sales Upload Dokumen TTD Digital Valid"]]>
              </value>
            </param>
          </params>
          <reporter-output>
          </reporter-output>
        </test-method> <!-- runScenario -->
        <test-method signature="runScenario(io.cucumber.testng.PickleWrapper,io.cucumber.testng.FeatureWrapper)[pri:0, instance:cucumber.framework.runner.siloam.ttddigitalpage.TandaTanganDigitalOutlineRunner@433defed]" started-at="2022-10-06T13:00:56 ICT" name="runScenario" description="Runs Cucumber Scenarios" data-provider="scenarios" finished-at="2022-10-06T13:01:03 ICT" duration-ms="7653" status="PASS">
          <params>
            <param index="0">
              <value>
                <![CDATA["Siloam395007 Sales tekan tombol simpan foto ttd digital"]]>
              </value>
            </param>
            <param index="1">
              <value>
                <![CDATA["Sales Upload Dokumen TTD Digital Valid"]]>
              </value>
            </param>
          </params>
          <reporter-output>
          </reporter-output>
        </test-method> <!-- runScenario -->
        <test-method signature="runScenario(io.cucumber.testng.PickleWrapper,io.cucumber.testng.FeatureWrapper)[pri:0, instance:cucumber.framework.runner.siloam.ttddigitalpage.TandaTanganDigitalOutlineRunner@433defed]" started-at="2022-10-06T13:01:03 ICT" name="runScenario" description="Runs Cucumber Scenarios" data-provider="scenarios" finished-at="2022-10-06T13:01:11 ICT" duration-ms="7935" status="PASS">
          <params>
            <param index="0">
              <value>
                <![CDATA["Siloam400001 Sales langsung menekan tombol simpan foto before"]]>
              </value>
            </param>
            <param index="1">
              <value>
                <![CDATA["Sales Upload Dokumen Before Invalid"]]>
              </value>
            </param>
          </params>
          <reporter-output>
          </reporter-output>
        </test-method> <!-- runScenario -->
        <test-method signature="runScenario(io.cucumber.testng.PickleWrapper,io.cucumber.testng.FeatureWrapper)[pri:0, instance:cucumber.framework.runner.siloam.ttddigitalpage.TandaTanganDigitalOutlineRunner@433defed]" started-at="2022-10-06T13:01:11 ICT" name="runScenario" description="Runs Cucumber Scenarios" data-provider="scenarios" finished-at="2022-10-06T13:01:15 ICT" duration-ms="3244" status="PASS">
          <params>
            <param index="0">
              <value>
                <![CDATA["Siloam400002 Sales pilih file before tidak sesuai format"]]>
              </value>
            </param>
            <param index="1">
              <value>
                <![CDATA["Sales Upload Dokumen Before Invalid"]]>
              </value>
            </param>
          </params>
          <reporter-output>
          </reporter-output>
        </test-method> <!-- runScenario -->
        <test-method signature="runScenario(io.cucumber.testng.PickleWrapper,io.cucumber.testng.FeatureWrapper)[pri:0, instance:cucumber.framework.runner.siloam.ttddigitalpage.TandaTanganDigitalOutlineRunner@433defed]" started-at="2022-10-06T13:01:15 ICT" name="runScenario" description="Runs Cucumber Scenarios" data-provider="scenarios" finished-at="2022-10-06T13:01:17 ICT" duration-ms="2178" status="PASS">
          <params>
            <param index="0">
              <value>
                <![CDATA["Siloam400003 Sales upload file before tidak sesuai format"]]>
              </value>
            </param>
            <param index="1">
              <value>
                <![CDATA["Sales Upload Dokumen Before Invalid"]]>
              </value>
            </param>
          </params>
          <reporter-output>
          </reporter-output>
        </test-method> <!-- runScenario -->
        <test-method signature="runScenario(io.cucumber.testng.PickleWrapper,io.cucumber.testng.FeatureWrapper)[pri:0, instance:cucumber.framework.runner.siloam.ttddigitalpage.TandaTanganDigitalOutlineRunner@433defed]" started-at="2022-10-06T13:01:17 ICT" name="runScenario" description="Runs Cucumber Scenarios" data-provider="scenarios" finished-at="2022-10-06T13:01:30 ICT" duration-ms="13325" status="PASS">
          <params>
            <param index="0">
              <value>
                <![CDATA["Siloam400004 Sales upload foto before dengan size lebih dari lima mb"]]>
              </value>
            </param>
            <param index="1">
              <value>
                <![CDATA["Sales Upload Dokumen Before Invalid"]]>
              </value>
            </param>
          </params>
          <reporter-output>
          </reporter-output>
        </test-method> <!-- runScenario -->
        <test-method signature="runScenario(io.cucumber.testng.PickleWrapper,io.cucumber.testng.FeatureWrapper)[pri:0, instance:cucumber.framework.runner.siloam.ttddigitalpage.TandaTanganDigitalOutlineRunner@433defed]" started-at="2022-10-06T13:01:30 ICT" name="runScenario" description="Runs Cucumber Scenarios" data-provider="scenarios" finished-at="2022-10-06T13:01:39 ICT" duration-ms="8760" status="PASS">
          <params>
            <param index="0">
              <value>
                <![CDATA["Siloam405001 Sales langsung menekan tombol simpan foto after"]]>
              </value>
            </param>
            <param index="1">
              <value>
                <![CDATA["Sales Upload Dokumen After Invalid"]]>
              </value>
            </param>
          </params>
          <reporter-output>
          </reporter-output>
        </test-method> <!-- runScenario -->
        <test-method signature="runScenario(io.cucumber.testng.PickleWrapper,io.cucumber.testng.FeatureWrapper)[pri:0, instance:cucumber.framework.runner.siloam.ttddigitalpage.TandaTanganDigitalOutlineRunner@433defed]" started-at="2022-10-06T13:01:39 ICT" name="runScenario" description="Runs Cucumber Scenarios" data-provider="scenarios" finished-at="2022-10-06T13:01:42 ICT" duration-ms="3253" status="PASS">
          <params>
            <param index="0">
              <value>
                <![CDATA["Siloam405002 Sales pilih file after tidak sesuai format"]]>
              </value>
            </param>
            <param index="1">
              <value>
                <![CDATA["Sales Upload Dokumen After Invalid"]]>
              </value>
            </param>
          </params>
          <reporter-output>
          </reporter-output>
        </test-method> <!-- runScenario -->
        <test-method signature="runScenario(io.cucumber.testng.PickleWrapper,io.cucumber.testng.FeatureWrapper)[pri:0, instance:cucumber.framework.runner.siloam.ttddigitalpage.TandaTanganDigitalOutlineRunner@433defed]" started-at="2022-10-06T13:01:42 ICT" name="runScenario" description="Runs Cucumber Scenarios" data-provider="scenarios" finished-at="2022-10-06T13:01:44 ICT" duration-ms="2182" status="PASS">
          <params>
            <param index="0">
              <value>
                <![CDATA["Siloam405003 Sales upload file after tidak sesuai format"]]>
              </value>
            </param>
            <param index="1">
              <value>
                <![CDATA["Sales Upload Dokumen After Invalid"]]>
              </value>
            </param>
          </params>
          <reporter-output>
          </reporter-output>
        </test-method> <!-- runScenario -->
        <test-method signature="runScenario(io.cucumber.testng.PickleWrapper,io.cucumber.testng.FeatureWrapper)[pri:0, instance:cucumber.framework.runner.siloam.ttddigitalpage.TandaTanganDigitalOutlineRunner@433defed]" started-at="2022-10-06T13:01:44 ICT" name="runScenario" description="Runs Cucumber Scenarios" data-provider="scenarios" finished-at="2022-10-06T13:01:58 ICT" duration-ms="13887" status="PASS">
          <params>
            <param index="0">
              <value>
                <![CDATA["Siloam405004 Sales upload foto after dengan size lebih dari lima mb"]]>
              </value>
            </param>
            <param index="1">
              <value>
                <![CDATA["Sales Upload Dokumen After Invalid"]]>
              </value>
            </param>
          </params>
          <reporter-output>
          </reporter-output>
        </test-method> <!-- runScenario -->
        <test-method signature="runScenario(io.cucumber.testng.PickleWrapper,io.cucumber.testng.FeatureWrapper)[pri:0, instance:cucumber.framework.runner.siloam.ttddigitalpage.TandaTanganDigitalOutlineRunner@433defed]" started-at="2022-10-06T13:01:58 ICT" name="runScenario" description="Runs Cucumber Scenarios" data-provider="scenarios" finished-at="2022-10-06T13:02:06 ICT" duration-ms="7970" status="PASS">
          <params>
            <param index="0">
              <value>
                <![CDATA["Siloam410001 Sales langsung menekan tombol simpan foto ttd digital"]]>
              </value>
            </param>
            <param index="1">
              <value>
                <![CDATA["Sales Upload Dokumen TTD Digital Invalid"]]>
              </value>
            </param>
          </params>
          <reporter-output>
          </reporter-output>
        </test-method> <!-- runScenario -->
        <test-method signature="runScenario(io.cucumber.testng.PickleWrapper,io.cucumber.testng.FeatureWrapper)[pri:0, instance:cucumber.framework.runner.siloam.ttddigitalpage.TandaTanganDigitalOutlineRunner@433defed]" started-at="2022-10-06T13:02:06 ICT" name="runScenario" description="Runs Cucumber Scenarios" data-provider="scenarios" finished-at="2022-10-06T13:02:09 ICT" duration-ms="3243" status="PASS">
          <params>
            <param index="0">
              <value>
                <![CDATA["Siloam410002 Sales pilih file ttd digital tidak sesuai format"]]>
              </value>
            </param>
            <param index="1">
              <value>
                <![CDATA["Sales Upload Dokumen TTD Digital Invalid"]]>
              </value>
            </param>
          </params>
          <reporter-output>
          </reporter-output>
        </test-method> <!-- runScenario -->
        <test-method signature="runScenario(io.cucumber.testng.PickleWrapper,io.cucumber.testng.FeatureWrapper)[pri:0, instance:cucumber.framework.runner.siloam.ttddigitalpage.TandaTanganDigitalOutlineRunner@433defed]" started-at="2022-10-06T13:02:09 ICT" name="runScenario" description="Runs Cucumber Scenarios" data-provider="scenarios" finished-at="2022-10-06T13:02:12 ICT" duration-ms="2173" status="PASS">
          <params>
            <param index="0">
              <value>
                <![CDATA["Siloam410003 Sales upload file ttd digital tidak sesuai format"]]>
              </value>
            </param>
            <param index="1">
              <value>
                <![CDATA["Sales Upload Dokumen TTD Digital Invalid"]]>
              </value>
            </param>
          </params>
          <reporter-output>
          </reporter-output>
        </test-method> <!-- runScenario -->
        <test-method signature="runScenario(io.cucumber.testng.PickleWrapper,io.cucumber.testng.FeatureWrapper)[pri:0, instance:cucumber.framework.runner.siloam.ttddigitalpage.TandaTanganDigitalOutlineRunner@433defed]" started-at="2022-10-06T13:02:12 ICT" name="runScenario" description="Runs Cucumber Scenarios" data-provider="scenarios" finished-at="2022-10-06T13:02:25 ICT" duration-ms="13304" status="PASS">
          <params>
            <param index="0">
              <value>
                <![CDATA["Siloam410004 Sales upload foto ttd digital dengan size lebih dari lima mb"]]>
              </value>
            </param>
            <param index="1">
              <value>
                <![CDATA["Sales Upload Dokumen TTD Digital Invalid"]]>
              </value>
            </param>
          </params>
          <reporter-output>
          </reporter-output>
        </test-method> <!-- runScenario -->
        <test-method is-config="true" signature="tearDownClass()[pri:0, instance:cucumber.framework.runner.siloam.ttddigitalpage.TandaTanganDigitalOutlineRunner@433defed]" started-at="2022-10-06T13:02:25 ICT" name="tearDownClass" finished-at="2022-10-06T13:02:26 ICT" duration-ms="1354" status="PASS">
          <reporter-output>
          </reporter-output>
        </test-method> <!-- tearDownClass -->
      </class> <!-- cucumber.framework.runner.siloam.ttddigitalpage.TandaTanganDigitalOutlineRunner -->
    </test> <!-- Default test -->
  </suite> <!-- Default suite -->
</testng-results>
