<?xml version="1.0" encoding="UTF-8"?>
<testng-results ignored="0" total="15" passed="14" failed="1" skipped="0">
  <reporter-output>
  </reporter-output>
  <suite started-at="2022-10-03T15:03:34 ICT" name="Default suite" finished-at="2022-10-03T15:07:37 ICT" duration-ms="243199">
    <groups>
      <group name="cucumber">
        <method signature="AbstractTestNGCucumberTests.runScenario(io.cucumber.testng.PickleWrapper,io.cucumber.testng.FeatureWrapper)[pri:0, instance:cucumber.framework.runner.siloam.viewexportpageoutline.ViewExportRunnerOutline@433defed]" name="runScenario" class="io.cucumber.testng.AbstractTestNGCucumberTests"/>
      </group> <!-- cucumber -->
    </groups>
    <test started-at="2022-10-03T15:03:34 ICT" name="Default test" finished-at="2022-10-03T15:07:37 ICT" duration-ms="243199">
      <class name="cucumber.framework.runner.siloam.viewexportpageoutline.ViewExportRunnerOutline">
        <test-method is-config="true" signature="setUpClass(org.testng.ITestContext)[pri:0, instance:cucumber.framework.runner.siloam.viewexportpageoutline.ViewExportRunnerOutline@433defed]" started-at="2022-10-03T15:03:34 ICT" name="setUpClass" finished-at="2022-10-03T15:03:35 ICT" duration-ms="756" status="PASS">
          <params>
            <param index="0">
              <value>
                <![CDATA[org.testng.TestRunner@398694a6]]>
              </value>
            </param>
          </params>
          <reporter-output>
          </reporter-output>
        </test-method> <!-- setUpClass -->
        <test-method signature="runScenario(io.cucumber.testng.PickleWrapper,io.cucumber.testng.FeatureWrapper)[pri:0, instance:cucumber.framework.runner.siloam.viewexportpageoutline.ViewExportRunnerOutline@433defed]" started-at="2022-10-03T15:03:35 ICT" name="runScenario" description="Runs Cucumber Scenarios" data-provider="scenarios" finished-at="2022-10-03T15:03:52 ICT" duration-ms="17033" status="PASS">
          <params>
            <param index="0">
              <value>
                <![CDATA["Siloam020 Admin Memasukkan Start Date End Date Tekan Filter"]]>
              </value>
            </param>
            <param index="1">
              <value>
                <![CDATA["Admin Melihat Data Karyawan"]]>
              </value>
            </param>
          </params>
          <reporter-output>
          </reporter-output>
        </test-method> <!-- runScenario -->
        <test-method signature="runScenario(io.cucumber.testng.PickleWrapper,io.cucumber.testng.FeatureWrapper)[pri:0, instance:cucumber.framework.runner.siloam.viewexportpageoutline.ViewExportRunnerOutline@433defed]" started-at="2022-10-03T15:03:52 ICT" name="runScenario" description="Runs Cucumber Scenarios" data-provider="scenarios" finished-at="2022-10-03T15:04:06 ICT" duration-ms="13714" status="PASS">
          <params>
            <param index="0">
              <value>
                <![CDATA["Siloam025 Admin Tekan Refresh"]]>
              </value>
            </param>
            <param index="1">
              <value>
                <![CDATA["Admin Melakukan Refresh"]]>
              </value>
            </param>
          </params>
          <reporter-output>
          </reporter-output>
        </test-method> <!-- runScenario -->
        <test-method signature="runScenario(io.cucumber.testng.PickleWrapper,io.cucumber.testng.FeatureWrapper)[pri:0, instance:cucumber.framework.runner.siloam.viewexportpageoutline.ViewExportRunnerOutline@433defed]" started-at="2022-10-03T15:04:06 ICT" name="runScenario" description="Runs Cucumber Scenarios" data-provider="scenarios" finished-at="2022-10-03T15:04:27 ICT" duration-ms="21636" status="PASS">
          <params>
            <param index="0">
              <value>
                <![CDATA["Siloam030 Admin Tekan Download"]]>
              </value>
            </param>
            <param index="1">
              <value>
                <![CDATA["Admin Melakukan Download"]]>
              </value>
            </param>
          </params>
          <reporter-output>
          </reporter-output>
        </test-method> <!-- runScenario -->
        <test-method signature="runScenario(io.cucumber.testng.PickleWrapper,io.cucumber.testng.FeatureWrapper)[pri:0, instance:cucumber.framework.runner.siloam.viewexportpageoutline.ViewExportRunnerOutline@433defed]" started-at="2022-10-03T15:04:27 ICT" name="runScenario" description="Runs Cucumber Scenarios" data-provider="scenarios" finished-at="2022-10-03T15:04:49 ICT" duration-ms="21456" status="PASS">
          <params>
            <param index="0">
              <value>
                <![CDATA["Siloam035 Admin Tekan Export"]]>
              </value>
            </param>
            <param index="1">
              <value>
                <![CDATA["Admin Melakukan Export"]]>
              </value>
            </param>
          </params>
          <reporter-output>
          </reporter-output>
        </test-method> <!-- runScenario -->
        <test-method signature="runScenario(io.cucumber.testng.PickleWrapper,io.cucumber.testng.FeatureWrapper)[pri:0, instance:cucumber.framework.runner.siloam.viewexportpageoutline.ViewExportRunnerOutline@433defed]" started-at="2022-10-03T15:04:49 ICT" name="runScenario" description="Runs Cucumber Scenarios" data-provider="scenarios" finished-at="2022-10-03T15:05:03 ICT" duration-ms="13848" status="PASS">
          <params>
            <param index="0">
              <value>
                <![CDATA["Siloam040 Admin Menekan View"]]>
              </value>
            </param>
            <param index="1">
              <value>
                <![CDATA["Admin Menekan View"]]>
              </value>
            </param>
          </params>
          <reporter-output>
          </reporter-output>
        </test-method> <!-- runScenario -->
        <test-method signature="runScenario(io.cucumber.testng.PickleWrapper,io.cucumber.testng.FeatureWrapper)[pri:0, instance:cucumber.framework.runner.siloam.viewexportpageoutline.ViewExportRunnerOutline@433defed]" started-at="2022-10-03T15:05:03 ICT" name="runScenario" description="Runs Cucumber Scenarios" data-provider="scenarios" finished-at="2022-10-03T15:05:09 ICT" duration-ms="6322" status="PASS">
          <params>
            <param index="0">
              <value>
                <![CDATA["Siloam045 Admin Menekan Back"]]>
              </value>
            </param>
            <param index="1">
              <value>
                <![CDATA["Admin Menekan Tombol Back"]]>
              </value>
            </param>
          </params>
          <reporter-output>
          </reporter-output>
        </test-method> <!-- runScenario -->
        <test-method signature="runScenario(io.cucumber.testng.PickleWrapper,io.cucumber.testng.FeatureWrapper)[pri:0, instance:cucumber.framework.runner.siloam.viewexportpageoutline.ViewExportRunnerOutline@433defed]" started-at="2022-10-03T15:05:09 ICT" name="runScenario" description="Runs Cucumber Scenarios" data-provider="scenarios" finished-at="2022-10-03T15:05:38 ICT" duration-ms="28926" status="FAIL">
          <params>
            <param index="0">
              <value>
                <![CDATA["Siloam050 Admin Menekan Preview Data"]]>
              </value>
            </param>
            <param index="1">
              <value>
                <![CDATA["Admin Menekan Preview Data"]]>
              </value>
            </param>
          </params>
          <exception class="java.lang.AssertionError">
            <full-stacktrace>
              <![CDATA[java.lang.AssertionError
at org.junit.Assert.fail(Assert.java:92)
at org.junit.Assert.assertTrue(Assert.java:43)
at org.junit.Assert.assertFalse(Assert.java:68)
at org.junit.Assert.assertFalse(Assert.java:79)
at cucumber.framework.runner.siloam.viewexportpageoutline.TestPreviewData.siloam050_validasi_data_pada_dokumen_pdf(TestPreviewData.java:67)
at ✽.Siloam050 Validasi Data Pada Dokumen PDF(file:///C:/Users/Nexsoft/git/TugasAkhir/Novri/TA-SQUAD-KEL-SATU/TA-SQUAD-KEL-SATU/src/test/resources/features/siloam-outline/050AdminMenekanPreviewData.feature:11)
]]>
            </full-stacktrace>
          </exception> <!-- java.lang.AssertionError -->
          <reporter-output>
          </reporter-output>
        </test-method> <!-- runScenario -->
        <test-method signature="runScenario(io.cucumber.testng.PickleWrapper,io.cucumber.testng.FeatureWrapper)[pri:0, instance:cucumber.framework.runner.siloam.viewexportpageoutline.ViewExportRunnerOutline@433defed]" started-at="2022-10-03T15:05:38 ICT" name="runScenario" description="Runs Cucumber Scenarios" data-provider="scenarios" finished-at="2022-10-03T15:06:20 ICT" duration-ms="42094" status="PASS">
          <params>
            <param index="0">
              <value>
                <![CDATA["Siloam065 Admin Tekan PDF Agreement"]]>
              </value>
            </param>
            <param index="1">
              <value>
                <![CDATA["Admin Menekan Link PDF Agreement"]]>
              </value>
            </param>
          </params>
          <reporter-output>
          </reporter-output>
        </test-method> <!-- runScenario -->
        <test-method signature="runScenario(io.cucumber.testng.PickleWrapper,io.cucumber.testng.FeatureWrapper)[pri:0, instance:cucumber.framework.runner.siloam.viewexportpageoutline.ViewExportRunnerOutline@433defed]" started-at="2022-10-03T15:06:20 ICT" name="runScenario" description="Runs Cucumber Scenarios" data-provider="scenarios" finished-at="2022-10-03T15:06:31 ICT" duration-ms="11504" status="PASS">
          <params>
            <param index="0">
              <value>
                <![CDATA["Siloam070 Admin Melihat Data Karyawan Invalid Empty"]]>
              </value>
            </param>
            <param index="1">
              <value>
                <![CDATA["Admin Melihat Data Karyawan Invalid"]]>
              </value>
            </param>
          </params>
          <reporter-output>
          </reporter-output>
        </test-method> <!-- runScenario -->
        <test-method signature="runScenario(io.cucumber.testng.PickleWrapper,io.cucumber.testng.FeatureWrapper)[pri:0, instance:cucumber.framework.runner.siloam.viewexportpageoutline.ViewExportRunnerOutline@433defed]" started-at="2022-10-03T15:06:31 ICT" name="runScenario" description="Runs Cucumber Scenarios" data-provider="scenarios" finished-at="2022-10-03T15:06:43 ICT" duration-ms="11462" status="PASS">
          <params>
            <param index="0">
              <value>
                <![CDATA["Siloam070 Admin Melihat Data Karyawan Invalid Empty"]]>
              </value>
            </param>
            <param index="1">
              <value>
                <![CDATA["Admin Melihat Data Karyawan Invalid"]]>
              </value>
            </param>
          </params>
          <reporter-output>
          </reporter-output>
        </test-method> <!-- runScenario -->
        <test-method signature="runScenario(io.cucumber.testng.PickleWrapper,io.cucumber.testng.FeatureWrapper)[pri:0, instance:cucumber.framework.runner.siloam.viewexportpageoutline.ViewExportRunnerOutline@433defed]" started-at="2022-10-03T15:06:43 ICT" name="runScenario" description="Runs Cucumber Scenarios" data-provider="scenarios" finished-at="2022-10-03T15:06:54 ICT" duration-ms="11099" status="PASS">
          <params>
            <param index="0">
              <value>
                <![CDATA["Siloam070 Admin Melihat Data Karyawan Invalid Empty"]]>
              </value>
            </param>
            <param index="1">
              <value>
                <![CDATA["Admin Melihat Data Karyawan Invalid"]]>
              </value>
            </param>
          </params>
          <reporter-output>
          </reporter-output>
        </test-method> <!-- runScenario -->
        <test-method signature="runScenario(io.cucumber.testng.PickleWrapper,io.cucumber.testng.FeatureWrapper)[pri:0, instance:cucumber.framework.runner.siloam.viewexportpageoutline.ViewExportRunnerOutline@433defed]" started-at="2022-10-03T15:06:54 ICT" name="runScenario" description="Runs Cucumber Scenarios" data-provider="scenarios" finished-at="2022-10-03T15:07:01 ICT" duration-ms="7243" status="PASS">
          <params>
            <param index="0">
              <value>
                <![CDATA["Siloam075 Admin Tekan Export Start End Date Empty"]]>
              </value>
            </param>
            <param index="1">
              <value>
                <![CDATA["Admin Menekan Export Invalid"]]>
              </value>
            </param>
          </params>
          <reporter-output>
          </reporter-output>
        </test-method> <!-- runScenario -->
        <test-method signature="runScenario(io.cucumber.testng.PickleWrapper,io.cucumber.testng.FeatureWrapper)[pri:0, instance:cucumber.framework.runner.siloam.viewexportpageoutline.ViewExportRunnerOutline@433defed]" started-at="2022-10-03T15:07:01 ICT" name="runScenario" description="Runs Cucumber Scenarios" data-provider="scenarios" finished-at="2022-10-03T15:07:15 ICT" duration-ms="14008" status="PASS">
          <params>
            <param index="0">
              <value>
                <![CDATA["Siloam075 Admin Tekan Export Data Empty"]]>
              </value>
            </param>
            <param index="1">
              <value>
                <![CDATA["Admin Menekan Export Invalid"]]>
              </value>
            </param>
          </params>
          <reporter-output>
          </reporter-output>
        </test-method> <!-- runScenario -->
        <test-method signature="runScenario(io.cucumber.testng.PickleWrapper,io.cucumber.testng.FeatureWrapper)[pri:0, instance:cucumber.framework.runner.siloam.viewexportpageoutline.ViewExportRunnerOutline@433defed]" started-at="2022-10-03T15:07:15 ICT" name="runScenario" description="Runs Cucumber Scenarios" data-provider="scenarios" finished-at="2022-10-03T15:07:22 ICT" duration-ms="6885" status="PASS">
          <params>
            <param index="0">
              <value>
                <![CDATA["Siloam080 Admin Tekan Download Start End Date Empty"]]>
              </value>
            </param>
            <param index="1">
              <value>
                <![CDATA["Admin Menekan Download Invalid"]]>
              </value>
            </param>
          </params>
          <reporter-output>
          </reporter-output>
        </test-method> <!-- runScenario -->
        <test-method signature="runScenario(io.cucumber.testng.PickleWrapper,io.cucumber.testng.FeatureWrapper)[pri:0, instance:cucumber.framework.runner.siloam.viewexportpageoutline.ViewExportRunnerOutline@433defed]" started-at="2022-10-03T15:07:22 ICT" name="runScenario" description="Runs Cucumber Scenarios" data-provider="scenarios" finished-at="2022-10-03T15:07:36 ICT" duration-ms="13623" status="PASS">
          <params>
            <param index="0">
              <value>
                <![CDATA["Siloam080 Admin Tekan Download Data Empty"]]>
              </value>
            </param>
            <param index="1">
              <value>
                <![CDATA["Admin Menekan Download Invalid"]]>
              </value>
            </param>
          </params>
          <reporter-output>
          </reporter-output>
        </test-method> <!-- runScenario -->
        <test-method is-config="true" signature="tearDownClass()[pri:0, instance:cucumber.framework.runner.siloam.viewexportpageoutline.ViewExportRunnerOutline@433defed]" started-at="2022-10-03T15:07:36 ICT" name="tearDownClass" finished-at="2022-10-03T15:07:37 ICT" duration-ms="1505" status="PASS">
          <reporter-output>
          </reporter-output>
        </test-method> <!-- tearDownClass -->
      </class> <!-- cucumber.framework.runner.siloam.viewexportpageoutline.ViewExportRunnerOutline -->
    </test> <!-- Default test -->
  </suite> <!-- Default suite -->
</testng-results>
