<?xml version="1.0" encoding="UTF-8"?>
<testng-results ignored="0" total="29" passed="29" failed="0" skipped="0">
  <reporter-output>
  </reporter-output>
  <suite started-at="2022-10-04T11:44:19 ICT" name="Default suite" finished-at="2022-10-04T11:49:44 ICT" duration-ms="325447">
    <groups>
      <group name="cucumber">
        <method signature="AbstractTestNGCucumberTests.runScenario(io.cucumber.testng.PickleWrapper,io.cucumber.testng.FeatureWrapper)[pri:0, instance:cucumber.framework.runner.siloam.inputdatapage.InputDataOutlineRunner@433defed]" name="runScenario" class="io.cucumber.testng.AbstractTestNGCucumberTests"/>
      </group> <!-- cucumber -->
    </groups>
    <test started-at="2022-10-04T11:44:19 ICT" name="Default test" finished-at="2022-10-04T11:49:44 ICT" duration-ms="325447">
      <class name="cucumber.framework.runner.siloam.inputdatapage.InputDataOutlineRunner">
        <test-method is-config="true" signature="setUpClass(org.testng.ITestContext)[pri:0, instance:cucumber.framework.runner.siloam.inputdatapage.InputDataOutlineRunner@433defed]" started-at="2022-10-04T11:44:19 ICT" name="setUpClass" finished-at="2022-10-04T11:44:20 ICT" duration-ms="616" status="PASS">
          <params>
            <param index="0">
              <value>
                <![CDATA[org.testng.TestRunner@3f213e97]]>
              </value>
            </param>
          </params>
          <reporter-output>
          </reporter-output>
        </test-method> <!-- setUpClass -->
        <test-method signature="runScenario(io.cucumber.testng.PickleWrapper,io.cucumber.testng.FeatureWrapper)[pri:0, instance:cucumber.framework.runner.siloam.inputdatapage.InputDataOutlineRunner@433defed]" started-at="2022-10-04T11:44:20 ICT" name="runScenario" description="Runs Cucumber Scenarios" data-provider="scenarios" finished-at="2022-10-04T11:44:28 ICT" duration-ms="8369" status="PASS">
          <params>
            <param index="0">
              <value>
                <![CDATA["Siloam299 Sales menekan tombol menu input"]]>
              </value>
            </param>
            <param index="1">
              <value>
                <![CDATA["Sales Menekan Tombol Menu Input"]]>
              </value>
            </param>
          </params>
          <reporter-output>
          </reporter-output>
        </test-method> <!-- runScenario -->
        <test-method signature="runScenario(io.cucumber.testng.PickleWrapper,io.cucumber.testng.FeatureWrapper)[pri:0, instance:cucumber.framework.runner.siloam.inputdatapage.InputDataOutlineRunner@433defed]" started-at="2022-10-04T11:44:28 ICT" name="runScenario" description="Runs Cucumber Scenarios" data-provider="scenarios" finished-at="2022-10-04T11:44:40 ICT" duration-ms="12466" status="PASS">
          <params>
            <param index="0">
              <value>
                <![CDATA["Siloam325 Sales input data karyawan dua kombinasi kosong"]]>
              </value>
            </param>
            <param index="1">
              <value>
                <![CDATA["Sales Input Data Dua Kombinasi Kosong"]]>
              </value>
            </param>
          </params>
          <reporter-output>
          </reporter-output>
        </test-method> <!-- runScenario -->
        <test-method signature="runScenario(io.cucumber.testng.PickleWrapper,io.cucumber.testng.FeatureWrapper)[pri:0, instance:cucumber.framework.runner.siloam.inputdatapage.InputDataOutlineRunner@433defed]" started-at="2022-10-04T11:44:40 ICT" name="runScenario" description="Runs Cucumber Scenarios" data-provider="scenarios" finished-at="2022-10-04T11:44:52 ICT" duration-ms="12037" status="PASS">
          <params>
            <param index="0">
              <value>
                <![CDATA["Siloam325 Sales input data karyawan dua kombinasi kosong"]]>
              </value>
            </param>
            <param index="1">
              <value>
                <![CDATA["Sales Input Data Dua Kombinasi Kosong"]]>
              </value>
            </param>
          </params>
          <reporter-output>
          </reporter-output>
        </test-method> <!-- runScenario -->
        <test-method signature="runScenario(io.cucumber.testng.PickleWrapper,io.cucumber.testng.FeatureWrapper)[pri:0, instance:cucumber.framework.runner.siloam.inputdatapage.InputDataOutlineRunner@433defed]" started-at="2022-10-04T11:44:53 ICT" name="runScenario" description="Runs Cucumber Scenarios" data-provider="scenarios" finished-at="2022-10-04T11:45:03 ICT" duration-ms="10977" status="PASS">
          <params>
            <param index="0">
              <value>
                <![CDATA["Siloam325 Sales input data karyawan dua kombinasi kosong"]]>
              </value>
            </param>
            <param index="1">
              <value>
                <![CDATA["Sales Input Data Dua Kombinasi Kosong"]]>
              </value>
            </param>
          </params>
          <reporter-output>
          </reporter-output>
        </test-method> <!-- runScenario -->
        <test-method signature="runScenario(io.cucumber.testng.PickleWrapper,io.cucumber.testng.FeatureWrapper)[pri:0, instance:cucumber.framework.runner.siloam.inputdatapage.InputDataOutlineRunner@433defed]" started-at="2022-10-04T11:45:03 ICT" name="runScenario" description="Runs Cucumber Scenarios" data-provider="scenarios" finished-at="2022-10-04T11:45:15 ICT" duration-ms="11990" status="PASS">
          <params>
            <param index="0">
              <value>
                <![CDATA["Siloam325 Sales input data karyawan dua kombinasi kosong"]]>
              </value>
            </param>
            <param index="1">
              <value>
                <![CDATA["Sales Input Data Dua Kombinasi Kosong"]]>
              </value>
            </param>
          </params>
          <reporter-output>
          </reporter-output>
        </test-method> <!-- runScenario -->
        <test-method signature="runScenario(io.cucumber.testng.PickleWrapper,io.cucumber.testng.FeatureWrapper)[pri:0, instance:cucumber.framework.runner.siloam.inputdatapage.InputDataOutlineRunner@433defed]" started-at="2022-10-04T11:45:15 ICT" name="runScenario" description="Runs Cucumber Scenarios" data-provider="scenarios" finished-at="2022-10-04T11:45:27 ICT" duration-ms="11922" status="PASS">
          <params>
            <param index="0">
              <value>
                <![CDATA["Siloam325 Sales input data karyawan dua kombinasi kosong"]]>
              </value>
            </param>
            <param index="1">
              <value>
                <![CDATA["Sales Input Data Dua Kombinasi Kosong"]]>
              </value>
            </param>
          </params>
          <reporter-output>
          </reporter-output>
        </test-method> <!-- runScenario -->
        <test-method signature="runScenario(io.cucumber.testng.PickleWrapper,io.cucumber.testng.FeatureWrapper)[pri:0, instance:cucumber.framework.runner.siloam.inputdatapage.InputDataOutlineRunner@433defed]" started-at="2022-10-04T11:45:27 ICT" name="runScenario" description="Runs Cucumber Scenarios" data-provider="scenarios" finished-at="2022-10-04T11:45:38 ICT" duration-ms="10888" status="PASS">
          <params>
            <param index="0">
              <value>
                <![CDATA["Siloam325 Sales input data karyawan dua kombinasi kosong"]]>
              </value>
            </param>
            <param index="1">
              <value>
                <![CDATA["Sales Input Data Dua Kombinasi Kosong"]]>
              </value>
            </param>
          </params>
          <reporter-output>
          </reporter-output>
        </test-method> <!-- runScenario -->
        <test-method signature="runScenario(io.cucumber.testng.PickleWrapper,io.cucumber.testng.FeatureWrapper)[pri:0, instance:cucumber.framework.runner.siloam.inputdatapage.InputDataOutlineRunner@433defed]" started-at="2022-10-04T11:45:38 ICT" name="runScenario" description="Runs Cucumber Scenarios" data-provider="scenarios" finished-at="2022-10-04T11:45:49 ICT" duration-ms="10885" status="PASS">
          <params>
            <param index="0">
              <value>
                <![CDATA["Siloam325 Sales input data karyawan dua kombinasi kosong"]]>
              </value>
            </param>
            <param index="1">
              <value>
                <![CDATA["Sales Input Data Dua Kombinasi Kosong"]]>
              </value>
            </param>
          </params>
          <reporter-output>
          </reporter-output>
        </test-method> <!-- runScenario -->
        <test-method signature="runScenario(io.cucumber.testng.PickleWrapper,io.cucumber.testng.FeatureWrapper)[pri:0, instance:cucumber.framework.runner.siloam.inputdatapage.InputDataOutlineRunner@433defed]" started-at="2022-10-04T11:45:49 ICT" name="runScenario" description="Runs Cucumber Scenarios" data-provider="scenarios" finished-at="2022-10-04T11:46:01 ICT" duration-ms="11908" status="PASS">
          <params>
            <param index="0">
              <value>
                <![CDATA["Siloam325 Sales input data karyawan dua kombinasi kosong"]]>
              </value>
            </param>
            <param index="1">
              <value>
                <![CDATA["Sales Input Data Dua Kombinasi Kosong"]]>
              </value>
            </param>
          </params>
          <reporter-output>
          </reporter-output>
        </test-method> <!-- runScenario -->
        <test-method signature="runScenario(io.cucumber.testng.PickleWrapper,io.cucumber.testng.FeatureWrapper)[pri:0, instance:cucumber.framework.runner.siloam.inputdatapage.InputDataOutlineRunner@433defed]" started-at="2022-10-04T11:46:01 ICT" name="runScenario" description="Runs Cucumber Scenarios" data-provider="scenarios" finished-at="2022-10-04T11:46:12 ICT" duration-ms="10950" status="PASS">
          <params>
            <param index="0">
              <value>
                <![CDATA["Siloam325 Sales input data karyawan dua kombinasi kosong"]]>
              </value>
            </param>
            <param index="1">
              <value>
                <![CDATA["Sales Input Data Dua Kombinasi Kosong"]]>
              </value>
            </param>
          </params>
          <reporter-output>
          </reporter-output>
        </test-method> <!-- runScenario -->
        <test-method signature="runScenario(io.cucumber.testng.PickleWrapper,io.cucumber.testng.FeatureWrapper)[pri:0, instance:cucumber.framework.runner.siloam.inputdatapage.InputDataOutlineRunner@433defed]" started-at="2022-10-04T11:46:12 ICT" name="runScenario" description="Runs Cucumber Scenarios" data-provider="scenarios" finished-at="2022-10-04T11:46:24 ICT" duration-ms="11975" status="PASS">
          <params>
            <param index="0">
              <value>
                <![CDATA["Siloam325 Sales input data karyawan dua kombinasi kosong"]]>
              </value>
            </param>
            <param index="1">
              <value>
                <![CDATA["Sales Input Data Dua Kombinasi Kosong"]]>
              </value>
            </param>
          </params>
          <reporter-output>
          </reporter-output>
        </test-method> <!-- runScenario -->
        <test-method signature="runScenario(io.cucumber.testng.PickleWrapper,io.cucumber.testng.FeatureWrapper)[pri:0, instance:cucumber.framework.runner.siloam.inputdatapage.InputDataOutlineRunner@433defed]" started-at="2022-10-04T11:46:24 ICT" name="runScenario" description="Runs Cucumber Scenarios" data-provider="scenarios" finished-at="2022-10-04T11:46:36 ICT" duration-ms="11883" status="PASS">
          <params>
            <param index="0">
              <value>
                <![CDATA["Siloam325 Sales input data karyawan dua kombinasi kosong"]]>
              </value>
            </param>
            <param index="1">
              <value>
                <![CDATA["Sales Input Data Dua Kombinasi Kosong"]]>
              </value>
            </param>
          </params>
          <reporter-output>
          </reporter-output>
        </test-method> <!-- runScenario -->
        <test-method signature="runScenario(io.cucumber.testng.PickleWrapper,io.cucumber.testng.FeatureWrapper)[pri:0, instance:cucumber.framework.runner.siloam.inputdatapage.InputDataOutlineRunner@433defed]" started-at="2022-10-04T11:46:36 ICT" name="runScenario" description="Runs Cucumber Scenarios" data-provider="scenarios" finished-at="2022-10-04T11:46:47 ICT" duration-ms="10851" status="PASS">
          <params>
            <param index="0">
              <value>
                <![CDATA["Siloam325 Sales input data karyawan dua kombinasi kosong"]]>
              </value>
            </param>
            <param index="1">
              <value>
                <![CDATA["Sales Input Data Dua Kombinasi Kosong"]]>
              </value>
            </param>
          </params>
          <reporter-output>
          </reporter-output>
        </test-method> <!-- runScenario -->
        <test-method signature="runScenario(io.cucumber.testng.PickleWrapper,io.cucumber.testng.FeatureWrapper)[pri:0, instance:cucumber.framework.runner.siloam.inputdatapage.InputDataOutlineRunner@433defed]" started-at="2022-10-04T11:46:47 ICT" name="runScenario" description="Runs Cucumber Scenarios" data-provider="scenarios" finished-at="2022-10-04T11:46:58 ICT" duration-ms="10904" status="PASS">
          <params>
            <param index="0">
              <value>
                <![CDATA["Siloam325 Sales input data karyawan dua kombinasi kosong"]]>
              </value>
            </param>
            <param index="1">
              <value>
                <![CDATA["Sales Input Data Dua Kombinasi Kosong"]]>
              </value>
            </param>
          </params>
          <reporter-output>
          </reporter-output>
        </test-method> <!-- runScenario -->
        <test-method signature="runScenario(io.cucumber.testng.PickleWrapper,io.cucumber.testng.FeatureWrapper)[pri:0, instance:cucumber.framework.runner.siloam.inputdatapage.InputDataOutlineRunner@433defed]" started-at="2022-10-04T11:46:58 ICT" name="runScenario" description="Runs Cucumber Scenarios" data-provider="scenarios" finished-at="2022-10-04T11:47:09 ICT" duration-ms="10858" status="PASS">
          <params>
            <param index="0">
              <value>
                <![CDATA["Siloam325 Sales input data karyawan dua kombinasi kosong"]]>
              </value>
            </param>
            <param index="1">
              <value>
                <![CDATA["Sales Input Data Dua Kombinasi Kosong"]]>
              </value>
            </param>
          </params>
          <reporter-output>
          </reporter-output>
        </test-method> <!-- runScenario -->
        <test-method signature="runScenario(io.cucumber.testng.PickleWrapper,io.cucumber.testng.FeatureWrapper)[pri:0, instance:cucumber.framework.runner.siloam.inputdatapage.InputDataOutlineRunner@433defed]" started-at="2022-10-04T11:47:09 ICT" name="runScenario" description="Runs Cucumber Scenarios" data-provider="scenarios" finished-at="2022-10-04T11:47:20 ICT" duration-ms="11949" status="PASS">
          <params>
            <param index="0">
              <value>
                <![CDATA["Siloam325 Sales input data karyawan dua kombinasi kosong"]]>
              </value>
            </param>
            <param index="1">
              <value>
                <![CDATA["Sales Input Data Dua Kombinasi Kosong"]]>
              </value>
            </param>
          </params>
          <reporter-output>
          </reporter-output>
        </test-method> <!-- runScenario -->
        <test-method signature="runScenario(io.cucumber.testng.PickleWrapper,io.cucumber.testng.FeatureWrapper)[pri:0, instance:cucumber.framework.runner.siloam.inputdatapage.InputDataOutlineRunner@433defed]" started-at="2022-10-04T11:47:20 ICT" name="runScenario" description="Runs Cucumber Scenarios" data-provider="scenarios" finished-at="2022-10-04T11:47:32 ICT" duration-ms="11846" status="PASS">
          <params>
            <param index="0">
              <value>
                <![CDATA["Siloam325 Sales input data karyawan dua kombinasi kosong"]]>
              </value>
            </param>
            <param index="1">
              <value>
                <![CDATA["Sales Input Data Dua Kombinasi Kosong"]]>
              </value>
            </param>
          </params>
          <reporter-output>
          </reporter-output>
        </test-method> <!-- runScenario -->
        <test-method signature="runScenario(io.cucumber.testng.PickleWrapper,io.cucumber.testng.FeatureWrapper)[pri:0, instance:cucumber.framework.runner.siloam.inputdatapage.InputDataOutlineRunner@433defed]" started-at="2022-10-04T11:47:32 ICT" name="runScenario" description="Runs Cucumber Scenarios" data-provider="scenarios" finished-at="2022-10-04T11:47:43 ICT" duration-ms="10812" status="PASS">
          <params>
            <param index="0">
              <value>
                <![CDATA["Siloam325 Sales input data karyawan dua kombinasi kosong"]]>
              </value>
            </param>
            <param index="1">
              <value>
                <![CDATA["Sales Input Data Dua Kombinasi Kosong"]]>
              </value>
            </param>
          </params>
          <reporter-output>
          </reporter-output>
        </test-method> <!-- runScenario -->
        <test-method signature="runScenario(io.cucumber.testng.PickleWrapper,io.cucumber.testng.FeatureWrapper)[pri:0, instance:cucumber.framework.runner.siloam.inputdatapage.InputDataOutlineRunner@433defed]" started-at="2022-10-04T11:47:43 ICT" name="runScenario" description="Runs Cucumber Scenarios" data-provider="scenarios" finished-at="2022-10-04T11:47:54 ICT" duration-ms="10715" status="PASS">
          <params>
            <param index="0">
              <value>
                <![CDATA["Siloam325 Sales input data karyawan dua kombinasi kosong"]]>
              </value>
            </param>
            <param index="1">
              <value>
                <![CDATA["Sales Input Data Dua Kombinasi Kosong"]]>
              </value>
            </param>
          </params>
          <reporter-output>
          </reporter-output>
        </test-method> <!-- runScenario -->
        <test-method signature="runScenario(io.cucumber.testng.PickleWrapper,io.cucumber.testng.FeatureWrapper)[pri:0, instance:cucumber.framework.runner.siloam.inputdatapage.InputDataOutlineRunner@433defed]" started-at="2022-10-04T11:47:54 ICT" name="runScenario" description="Runs Cucumber Scenarios" data-provider="scenarios" finished-at="2022-10-04T11:48:05 ICT" duration-ms="10820" status="PASS">
          <params>
            <param index="0">
              <value>
                <![CDATA["Siloam325 Sales input data karyawan dua kombinasi kosong"]]>
              </value>
            </param>
            <param index="1">
              <value>
                <![CDATA["Sales Input Data Dua Kombinasi Kosong"]]>
              </value>
            </param>
          </params>
          <reporter-output>
          </reporter-output>
        </test-method> <!-- runScenario -->
        <test-method signature="runScenario(io.cucumber.testng.PickleWrapper,io.cucumber.testng.FeatureWrapper)[pri:0, instance:cucumber.framework.runner.siloam.inputdatapage.InputDataOutlineRunner@433defed]" started-at="2022-10-04T11:48:05 ICT" name="runScenario" description="Runs Cucumber Scenarios" data-provider="scenarios" finished-at="2022-10-04T11:48:15 ICT" duration-ms="10827" status="PASS">
          <params>
            <param index="0">
              <value>
                <![CDATA["Siloam325 Sales input data karyawan dua kombinasi kosong"]]>
              </value>
            </param>
            <param index="1">
              <value>
                <![CDATA["Sales Input Data Dua Kombinasi Kosong"]]>
              </value>
            </param>
          </params>
          <reporter-output>
          </reporter-output>
        </test-method> <!-- runScenario -->
        <test-method signature="runScenario(io.cucumber.testng.PickleWrapper,io.cucumber.testng.FeatureWrapper)[pri:0, instance:cucumber.framework.runner.siloam.inputdatapage.InputDataOutlineRunner@433defed]" started-at="2022-10-04T11:48:15 ICT" name="runScenario" description="Runs Cucumber Scenarios" data-provider="scenarios" finished-at="2022-10-04T11:48:25 ICT" duration-ms="9837" status="PASS">
          <params>
            <param index="0">
              <value>
                <![CDATA["Siloam325 Sales input data karyawan dua kombinasi kosong"]]>
              </value>
            </param>
            <param index="1">
              <value>
                <![CDATA["Sales Input Data Dua Kombinasi Kosong"]]>
              </value>
            </param>
          </params>
          <reporter-output>
          </reporter-output>
        </test-method> <!-- runScenario -->
        <test-method signature="runScenario(io.cucumber.testng.PickleWrapper,io.cucumber.testng.FeatureWrapper)[pri:0, instance:cucumber.framework.runner.siloam.inputdatapage.InputDataOutlineRunner@433defed]" started-at="2022-10-04T11:48:25 ICT" name="runScenario" description="Runs Cucumber Scenarios" data-provider="scenarios" finished-at="2022-10-04T11:48:38 ICT" duration-ms="12309" status="PASS">
          <params>
            <param index="0">
              <value>
                <![CDATA["Siloam325 Sales input data karyawan dua kombinasi kosong"]]>
              </value>
            </param>
            <param index="1">
              <value>
                <![CDATA["Sales Input Data Dua Kombinasi Kosong"]]>
              </value>
            </param>
          </params>
          <reporter-output>
          </reporter-output>
        </test-method> <!-- runScenario -->
        <test-method signature="runScenario(io.cucumber.testng.PickleWrapper,io.cucumber.testng.FeatureWrapper)[pri:0, instance:cucumber.framework.runner.siloam.inputdatapage.InputDataOutlineRunner@433defed]" started-at="2022-10-04T11:48:38 ICT" name="runScenario" description="Runs Cucumber Scenarios" data-provider="scenarios" finished-at="2022-10-04T11:48:50 ICT" duration-ms="12094" status="PASS">
          <params>
            <param index="0">
              <value>
                <![CDATA["Siloam325 Sales input data karyawan dua kombinasi kosong"]]>
              </value>
            </param>
            <param index="1">
              <value>
                <![CDATA["Sales Input Data Dua Kombinasi Kosong"]]>
              </value>
            </param>
          </params>
          <reporter-output>
          </reporter-output>
        </test-method> <!-- runScenario -->
        <test-method signature="runScenario(io.cucumber.testng.PickleWrapper,io.cucumber.testng.FeatureWrapper)[pri:0, instance:cucumber.framework.runner.siloam.inputdatapage.InputDataOutlineRunner@433defed]" started-at="2022-10-04T11:48:50 ICT" name="runScenario" description="Runs Cucumber Scenarios" data-provider="scenarios" finished-at="2022-10-04T11:49:01 ICT" duration-ms="10850" status="PASS">
          <params>
            <param index="0">
              <value>
                <![CDATA["Siloam325 Sales input data karyawan dua kombinasi kosong"]]>
              </value>
            </param>
            <param index="1">
              <value>
                <![CDATA["Sales Input Data Dua Kombinasi Kosong"]]>
              </value>
            </param>
          </params>
          <reporter-output>
          </reporter-output>
        </test-method> <!-- runScenario -->
        <test-method signature="runScenario(io.cucumber.testng.PickleWrapper,io.cucumber.testng.FeatureWrapper)[pri:0, instance:cucumber.framework.runner.siloam.inputdatapage.InputDataOutlineRunner@433defed]" started-at="2022-10-04T11:49:01 ICT" name="runScenario" description="Runs Cucumber Scenarios" data-provider="scenarios" finished-at="2022-10-04T11:49:11 ICT" duration-ms="10875" status="PASS">
          <params>
            <param index="0">
              <value>
                <![CDATA["Siloam325 Sales input data karyawan dua kombinasi kosong"]]>
              </value>
            </param>
            <param index="1">
              <value>
                <![CDATA["Sales Input Data Dua Kombinasi Kosong"]]>
              </value>
            </param>
          </params>
          <reporter-output>
          </reporter-output>
        </test-method> <!-- runScenario -->
        <test-method signature="runScenario(io.cucumber.testng.PickleWrapper,io.cucumber.testng.FeatureWrapper)[pri:0, instance:cucumber.framework.runner.siloam.inputdatapage.InputDataOutlineRunner@433defed]" started-at="2022-10-04T11:49:11 ICT" name="runScenario" description="Runs Cucumber Scenarios" data-provider="scenarios" finished-at="2022-10-04T11:49:22 ICT" duration-ms="10843" status="PASS">
          <params>
            <param index="0">
              <value>
                <![CDATA["Siloam325 Sales input data karyawan dua kombinasi kosong"]]>
              </value>
            </param>
            <param index="1">
              <value>
                <![CDATA["Sales Input Data Dua Kombinasi Kosong"]]>
              </value>
            </param>
          </params>
          <reporter-output>
          </reporter-output>
        </test-method> <!-- runScenario -->
        <test-method signature="runScenario(io.cucumber.testng.PickleWrapper,io.cucumber.testng.FeatureWrapper)[pri:0, instance:cucumber.framework.runner.siloam.inputdatapage.InputDataOutlineRunner@433defed]" started-at="2022-10-04T11:49:22 ICT" name="runScenario" description="Runs Cucumber Scenarios" data-provider="scenarios" finished-at="2022-10-04T11:49:33 ICT" duration-ms="10898" status="PASS">
          <params>
            <param index="0">
              <value>
                <![CDATA["Siloam325 Sales input data karyawan dua kombinasi kosong"]]>
              </value>
            </param>
            <param index="1">
              <value>
                <![CDATA["Sales Input Data Dua Kombinasi Kosong"]]>
              </value>
            </param>
          </params>
          <reporter-output>
          </reporter-output>
        </test-method> <!-- runScenario -->
        <test-method signature="runScenario(io.cucumber.testng.PickleWrapper,io.cucumber.testng.FeatureWrapper)[pri:0, instance:cucumber.framework.runner.siloam.inputdatapage.InputDataOutlineRunner@433defed]" started-at="2022-10-04T11:49:33 ICT" name="runScenario" description="Runs Cucumber Scenarios" data-provider="scenarios" finished-at="2022-10-04T11:49:43 ICT" duration-ms="9824" status="PASS">
          <params>
            <param index="0">
              <value>
                <![CDATA["Siloam325 Sales input data karyawan dua kombinasi kosong"]]>
              </value>
            </param>
            <param index="1">
              <value>
                <![CDATA["Sales Input Data Dua Kombinasi Kosong"]]>
              </value>
            </param>
          </params>
          <reporter-output>
          </reporter-output>
        </test-method> <!-- runScenario -->
        <test-method is-config="true" signature="tearDownClass()[pri:0, instance:cucumber.framework.runner.siloam.inputdatapage.InputDataOutlineRunner@433defed]" started-at="2022-10-04T11:49:43 ICT" name="tearDownClass" finished-at="2022-10-04T11:49:44 ICT" duration-ms="1378" status="PASS">
          <reporter-output>
          </reporter-output>
        </test-method> <!-- tearDownClass -->
      </class> <!-- cucumber.framework.runner.siloam.inputdatapage.InputDataOutlineRunner -->
    </test> <!-- Default test -->
  </suite> <!-- Default suite -->
</testng-results>
