<?xml version="1.0" encoding="UTF-8"?>
<testng-results ignored="0" total="12" passed="10" failed="2" skipped="0">
  <reporter-output>
  </reporter-output>
  <suite started-at="2022-10-03T09:00:31 ICT" name="Default suite" finished-at="2022-10-03T09:04:02 ICT" duration-ms="210536">
    <groups>
      <group name="cucumber">
        <method signature="AbstractTestNGCucumberTests.runScenario(io.cucumber.testng.PickleWrapper,io.cucumber.testng.FeatureWrapper)[pri:0, instance:cucumber.framework.runner.siloam.viewexportpage.ViewExportRunner@3e08ff24]" name="runScenario" class="io.cucumber.testng.AbstractTestNGCucumberTests"/>
      </group> <!-- cucumber -->
    </groups>
    <test started-at="2022-10-03T09:00:31 ICT" name="Default test" finished-at="2022-10-03T09:04:02 ICT" duration-ms="210536">
      <class name="cucumber.framework.runner.siloam.viewexportpage.ViewExportRunner">
        <test-method is-config="true" signature="setUpClass(org.testng.ITestContext)[pri:0, instance:cucumber.framework.runner.siloam.viewexportpage.ViewExportRunner@3e08ff24]" started-at="2022-10-03T09:00:31 ICT" name="setUpClass" finished-at="2022-10-03T09:00:32 ICT" duration-ms="670" status="PASS">
          <params>
            <param index="0">
              <value>
                <![CDATA[org.testng.TestRunner@1f5d7fd5]]>
              </value>
            </param>
          </params>
          <reporter-output>
          </reporter-output>
        </test-method> <!-- setUpClass -->
        <test-method signature="runScenario(io.cucumber.testng.PickleWrapper,io.cucumber.testng.FeatureWrapper)[pri:0, instance:cucumber.framework.runner.siloam.viewexportpage.ViewExportRunner@3e08ff24]" started-at="2022-10-03T09:00:32 ICT" name="runScenario" description="Runs Cucumber Scenarios" data-provider="scenarios" finished-at="2022-10-03T09:00:47 ICT" duration-ms="15435" status="PASS">
          <params>
            <param index="0">
              <value>
                <![CDATA["Siloam020 Admin Memasukkan Start Date End Date Tekan Filter"]]>
              </value>
            </param>
            <param index="1">
              <value>
                <![CDATA["Admin Melihat Data Karyawan"]]>
              </value>
            </param>
          </params>
          <reporter-output>
          </reporter-output>
        </test-method> <!-- runScenario -->
        <test-method signature="runScenario(io.cucumber.testng.PickleWrapper,io.cucumber.testng.FeatureWrapper)[pri:0, instance:cucumber.framework.runner.siloam.viewexportpage.ViewExportRunner@3e08ff24]" started-at="2022-10-03T09:00:47 ICT" name="runScenario" description="Runs Cucumber Scenarios" data-provider="scenarios" finished-at="2022-10-03T09:01:01 ICT" duration-ms="13848" status="PASS">
          <params>
            <param index="0">
              <value>
                <![CDATA["Siloam025 Admin Tekan Refresh"]]>
              </value>
            </param>
            <param index="1">
              <value>
                <![CDATA["Admin Melakukan Refresh"]]>
              </value>
            </param>
          </params>
          <reporter-output>
          </reporter-output>
        </test-method> <!-- runScenario -->
        <test-method signature="runScenario(io.cucumber.testng.PickleWrapper,io.cucumber.testng.FeatureWrapper)[pri:0, instance:cucumber.framework.runner.siloam.viewexportpage.ViewExportRunner@3e08ff24]" started-at="2022-10-03T09:01:01 ICT" name="runScenario" description="Runs Cucumber Scenarios" data-provider="scenarios" finished-at="2022-10-03T09:01:23 ICT" duration-ms="22187" status="PASS">
          <params>
            <param index="0">
              <value>
                <![CDATA["Siloam030 Admin Tekan Download"]]>
              </value>
            </param>
            <param index="1">
              <value>
                <![CDATA["Admin Melakukan Download"]]>
              </value>
            </param>
          </params>
          <reporter-output>
          </reporter-output>
        </test-method> <!-- runScenario -->
        <test-method signature="runScenario(io.cucumber.testng.PickleWrapper,io.cucumber.testng.FeatureWrapper)[pri:0, instance:cucumber.framework.runner.siloam.viewexportpage.ViewExportRunner@3e08ff24]" started-at="2022-10-03T09:01:23 ICT" name="runScenario" description="Runs Cucumber Scenarios" data-provider="scenarios" finished-at="2022-10-03T09:01:45 ICT" duration-ms="21444" status="PASS">
          <params>
            <param index="0">
              <value>
                <![CDATA["Siloam035 Admin Tekan Export"]]>
              </value>
            </param>
            <param index="1">
              <value>
                <![CDATA["Admin Melakukan Export"]]>
              </value>
            </param>
          </params>
          <reporter-output>
          </reporter-output>
        </test-method> <!-- runScenario -->
        <test-method signature="runScenario(io.cucumber.testng.PickleWrapper,io.cucumber.testng.FeatureWrapper)[pri:0, instance:cucumber.framework.runner.siloam.viewexportpage.ViewExportRunner@3e08ff24]" started-at="2022-10-03T09:01:45 ICT" name="runScenario" description="Runs Cucumber Scenarios" data-provider="scenarios" finished-at="2022-10-03T09:01:59 ICT" duration-ms="14323" status="PASS">
          <params>
            <param index="0">
              <value>
                <![CDATA["Siloam040 Admin Menekan View"]]>
              </value>
            </param>
            <param index="1">
              <value>
                <![CDATA["Admin Menekan View"]]>
              </value>
            </param>
          </params>
          <reporter-output>
          </reporter-output>
        </test-method> <!-- runScenario -->
        <test-method signature="runScenario(io.cucumber.testng.PickleWrapper,io.cucumber.testng.FeatureWrapper)[pri:0, instance:cucumber.framework.runner.siloam.viewexportpage.ViewExportRunner@3e08ff24]" started-at="2022-10-03T09:01:59 ICT" name="runScenario" description="Runs Cucumber Scenarios" data-provider="scenarios" finished-at="2022-10-03T09:02:07 ICT" duration-ms="7539" status="PASS">
          <params>
            <param index="0">
              <value>
                <![CDATA["Siloam045 Admin Menekan Back"]]>
              </value>
            </param>
            <param index="1">
              <value>
                <![CDATA["Admin Menekan Tombol Back"]]>
              </value>
            </param>
          </params>
          <reporter-output>
          </reporter-output>
        </test-method> <!-- runScenario -->
        <test-method signature="runScenario(io.cucumber.testng.PickleWrapper,io.cucumber.testng.FeatureWrapper)[pri:0, instance:cucumber.framework.runner.siloam.viewexportpage.ViewExportRunner@3e08ff24]" started-at="2022-10-03T09:02:07 ICT" name="runScenario" description="Runs Cucumber Scenarios" data-provider="scenarios" finished-at="2022-10-03T09:02:36 ICT" duration-ms="29068" status="FAIL">
          <params>
            <param index="0">
              <value>
                <![CDATA["Siloam050 Admin Menekan Preview Data"]]>
              </value>
            </param>
            <param index="1">
              <value>
                <![CDATA["Admin Menekan Preview Data"]]>
              </value>
            </param>
          </params>
          <exception class="java.lang.AssertionError">
            <message>
              <![CDATA[expected [true] but found [false]]]>
            </message>
            <full-stacktrace>
              <![CDATA[java.lang.AssertionError: expected [true] but found [false]
at org.testng.Assert.fail(Assert.java:110)
at org.testng.Assert.failNotEquals(Assert.java:1413)
at org.testng.Assert.assertTrue(Assert.java:56)
at org.testng.Assert.assertTrue(Assert.java:66)
at cucumber.framework.runner.siloam.viewexportpage.TestPreviewData.siloam050_validasi_data_pada_dokumen_pdf(TestPreviewData.java:65)
at ✽.Siloam050 Validasi Data Pada Dokumen PDF(file:///C:/Users/Nexsoft/git/TugasAkhir/Novri/TA-SQUAD-KEL-SATU/TA-SQUAD-KEL-SATU/src/test/resources/features/siloam/050AdminMenekanPreviewData.feature:11)
]]>
            </full-stacktrace>
          </exception> <!-- java.lang.AssertionError -->
          <reporter-output>
          </reporter-output>
        </test-method> <!-- runScenario -->
        <test-method signature="runScenario(io.cucumber.testng.PickleWrapper,io.cucumber.testng.FeatureWrapper)[pri:0, instance:cucumber.framework.runner.siloam.viewexportpage.ViewExportRunner@3e08ff24]" started-at="2022-10-03T09:02:36 ICT" name="runScenario" description="Runs Cucumber Scenarios" data-provider="scenarios" finished-at="2022-10-03T09:03:19 ICT" duration-ms="43215" status="FAIL">
          <params>
            <param index="0">
              <value>
                <![CDATA["Siloam065 Admin Tekan PDF Agreement"]]>
              </value>
            </param>
            <param index="1">
              <value>
                <![CDATA["Admin Menekan Link PDF Agreement"]]>
              </value>
            </param>
          </params>
          <exception class="java.lang.AssertionError">
            <message>
              <![CDATA[expected [true] but found [false]]]>
            </message>
            <full-stacktrace>
              <![CDATA[java.lang.AssertionError: expected [true] but found [false]
at org.testng.Assert.fail(Assert.java:110)
at org.testng.Assert.failNotEquals(Assert.java:1413)
at org.testng.Assert.assertTrue(Assert.java:56)
at org.testng.Assert.assertTrue(Assert.java:66)
at cucumber.framework.runner.siloam.viewexportpage.TestPDFAgreement.siloam060_validasi_pdf_agreement(TestPDFAgreement.java:71)
at ✽.Siloam065 Validasi PDF Agreement(file:///C:/Users/Nexsoft/git/TugasAkhir/Novri/TA-SQUAD-KEL-SATU/TA-SQUAD-KEL-SATU/src/test/resources/features/siloam/065AdminMenekanLinkPDFAgreement.feature:11)
]]>
            </full-stacktrace>
          </exception> <!-- java.lang.AssertionError -->
          <reporter-output>
          </reporter-output>
        </test-method> <!-- runScenario -->
        <test-method signature="runScenario(io.cucumber.testng.PickleWrapper,io.cucumber.testng.FeatureWrapper)[pri:0, instance:cucumber.framework.runner.siloam.viewexportpage.ViewExportRunner@3e08ff24]" started-at="2022-10-03T09:03:19 ICT" name="runScenario" description="Runs Cucumber Scenarios" data-provider="scenarios" finished-at="2022-10-03T09:03:26 ICT" duration-ms="7154" status="PASS">
          <params>
            <param index="0">
              <value>
                <![CDATA["Siloam075 Admin Tekan Export Start End Date Empty"]]>
              </value>
            </param>
            <param index="1">
              <value>
                <![CDATA["Admin Menekan Export Invalid"]]>
              </value>
            </param>
          </params>
          <reporter-output>
          </reporter-output>
        </test-method> <!-- runScenario -->
        <test-method signature="runScenario(io.cucumber.testng.PickleWrapper,io.cucumber.testng.FeatureWrapper)[pri:0, instance:cucumber.framework.runner.siloam.viewexportpage.ViewExportRunner@3e08ff24]" started-at="2022-10-03T09:03:26 ICT" name="runScenario" description="Runs Cucumber Scenarios" data-provider="scenarios" finished-at="2022-10-03T09:03:40 ICT" duration-ms="13616" status="PASS">
          <params>
            <param index="0">
              <value>
                <![CDATA["Siloam075 Admin Tekan Export Data Empty"]]>
              </value>
            </param>
            <param index="1">
              <value>
                <![CDATA["Admin Menekan Export Invalid"]]>
              </value>
            </param>
          </params>
          <reporter-output>
          </reporter-output>
        </test-method> <!-- runScenario -->
        <test-method signature="runScenario(io.cucumber.testng.PickleWrapper,io.cucumber.testng.FeatureWrapper)[pri:0, instance:cucumber.framework.runner.siloam.viewexportpage.ViewExportRunner@3e08ff24]" started-at="2022-10-03T09:03:40 ICT" name="runScenario" description="Runs Cucumber Scenarios" data-provider="scenarios" finished-at="2022-10-03T09:03:47 ICT" duration-ms="6740" status="PASS">
          <params>
            <param index="0">
              <value>
                <![CDATA["Siloam080 Admin Tekan Download Start End Date Empty"]]>
              </value>
            </param>
            <param index="1">
              <value>
                <![CDATA["Admin Menekan Download Invalid"]]>
              </value>
            </param>
          </params>
          <reporter-output>
          </reporter-output>
        </test-method> <!-- runScenario -->
        <test-method signature="runScenario(io.cucumber.testng.PickleWrapper,io.cucumber.testng.FeatureWrapper)[pri:0, instance:cucumber.framework.runner.siloam.viewexportpage.ViewExportRunner@3e08ff24]" started-at="2022-10-03T09:03:47 ICT" name="runScenario" description="Runs Cucumber Scenarios" data-provider="scenarios" finished-at="2022-10-03T09:04:00 ICT" duration-ms="13815" status="PASS">
          <params>
            <param index="0">
              <value>
                <![CDATA["Siloam080 Admin Tekan Download Data Empty"]]>
              </value>
            </param>
            <param index="1">
              <value>
                <![CDATA["Admin Menekan Download Invalid"]]>
              </value>
            </param>
          </params>
          <reporter-output>
          </reporter-output>
        </test-method> <!-- runScenario -->
        <test-method is-config="true" signature="tearDownClass()[pri:0, instance:cucumber.framework.runner.siloam.viewexportpage.ViewExportRunner@3e08ff24]" started-at="2022-10-03T09:04:00 ICT" name="tearDownClass" finished-at="2022-10-03T09:04:02 ICT" duration-ms="1413" status="PASS">
          <reporter-output>
          </reporter-output>
        </test-method> <!-- tearDownClass -->
      </class> <!-- cucumber.framework.runner.siloam.viewexportpage.ViewExportRunner -->
    </test> <!-- Default test -->
  </suite> <!-- Default suite -->
</testng-results>
