<?xml version="1.0" encoding="UTF-8"?>
<testng-results ignored="0" total="38" passed="38" failed="0" skipped="0">
  <reporter-output>
  </reporter-output>
  <suite started-at="2022-10-04T14:00:51 ICT" name="Default suite" finished-at="2022-10-04T14:07:08 ICT" duration-ms="377622">
    <groups>
      <group name="cucumber">
        <method signature="AbstractTestNGCucumberTests.runScenario(io.cucumber.testng.PickleWrapper,io.cucumber.testng.FeatureWrapper)[pri:0, instance:cucumber.framework.runner.siloam.formreturnpage.FormReturnRunner@433defed]" name="runScenario" class="io.cucumber.testng.AbstractTestNGCucumberTests"/>
      </group> <!-- cucumber -->
    </groups>
    <test started-at="2022-10-04T14:00:51 ICT" name="Default test" finished-at="2022-10-04T14:07:08 ICT" duration-ms="377622">
      <class name="cucumber.framework.runner.siloam.formreturnpage.FormReturnRunner">
        <test-method is-config="true" signature="setUpClass(org.testng.ITestContext)[pri:0, instance:cucumber.framework.runner.siloam.formreturnpage.FormReturnRunner@433defed]" started-at="2022-10-04T14:00:51 ICT" name="setUpClass" finished-at="2022-10-04T14:00:51 ICT" duration-ms="699" status="PASS">
          <params>
            <param index="0">
              <value>
                <![CDATA[org.testng.TestRunner@30a1b2ad]]>
              </value>
            </param>
          </params>
          <reporter-output>
          </reporter-output>
        </test-method> <!-- setUpClass -->
        <test-method signature="runScenario(io.cucumber.testng.PickleWrapper,io.cucumber.testng.FeatureWrapper)[pri:0, instance:cucumber.framework.runner.siloam.formreturnpage.FormReturnRunner@433defed]" started-at="2022-10-04T14:00:51 ICT" name="runScenario" description="Runs Cucumber Scenarios" data-provider="scenarios" finished-at="2022-10-04T14:01:18 ICT" duration-ms="26732" status="PASS">
          <params>
            <param index="0">
              <value>
                <![CDATA["Siloam085 Form Return Sales Input Start End Date Tekan Filter Complete"]]>
              </value>
            </param>
            <param index="1">
              <value>
                <![CDATA["Form Return Sales Filter"]]>
              </value>
            </param>
          </params>
          <reporter-output>
          </reporter-output>
        </test-method> <!-- runScenario -->
        <test-method signature="runScenario(io.cucumber.testng.PickleWrapper,io.cucumber.testng.FeatureWrapper)[pri:0, instance:cucumber.framework.runner.siloam.formreturnpage.FormReturnRunner@433defed]" started-at="2022-10-04T14:01:18 ICT" name="runScenario" description="Runs Cucumber Scenarios" data-provider="scenarios" finished-at="2022-10-04T14:01:40 ICT" duration-ms="21633" status="PASS">
          <params>
            <param index="0">
              <value>
                <![CDATA["Siloam085 Form Return Sales Tekan Reset Complete"]]>
              </value>
            </param>
            <param index="1">
              <value>
                <![CDATA["Form Return Sales Filter"]]>
              </value>
            </param>
          </params>
          <reporter-output>
          </reporter-output>
        </test-method> <!-- runScenario -->
        <test-method signature="runScenario(io.cucumber.testng.PickleWrapper,io.cucumber.testng.FeatureWrapper)[pri:0, instance:cucumber.framework.runner.siloam.formreturnpage.FormReturnRunner@433defed]" started-at="2022-10-04T14:01:40 ICT" name="runScenario" description="Runs Cucumber Scenarios" data-provider="scenarios" finished-at="2022-10-04T14:01:56 ICT" duration-ms="15917" status="PASS">
          <params>
            <param index="0">
              <value>
                <![CDATA["Siloam085 Form Return Sales Input Start End Date Tekan Filter Pending"]]>
              </value>
            </param>
            <param index="1">
              <value>
                <![CDATA["Form Return Sales Filter"]]>
              </value>
            </param>
          </params>
          <reporter-output>
          </reporter-output>
        </test-method> <!-- runScenario -->
        <test-method signature="runScenario(io.cucumber.testng.PickleWrapper,io.cucumber.testng.FeatureWrapper)[pri:0, instance:cucumber.framework.runner.siloam.formreturnpage.FormReturnRunner@433defed]" started-at="2022-10-04T14:01:56 ICT" name="runScenario" description="Runs Cucumber Scenarios" data-provider="scenarios" finished-at="2022-10-04T14:02:13 ICT" duration-ms="17820" status="PASS">
          <params>
            <param index="0">
              <value>
                <![CDATA["Siloam085 Form Return Sales Tekan Reset Pending"]]>
              </value>
            </param>
            <param index="1">
              <value>
                <![CDATA["Form Return Sales Filter"]]>
              </value>
            </param>
          </params>
          <reporter-output>
          </reporter-output>
        </test-method> <!-- runScenario -->
        <test-method signature="runScenario(io.cucumber.testng.PickleWrapper,io.cucumber.testng.FeatureWrapper)[pri:0, instance:cucumber.framework.runner.siloam.formreturnpage.FormReturnRunner@433defed]" started-at="2022-10-04T14:02:14 ICT" name="runScenario" description="Runs Cucumber Scenarios" data-provider="scenarios" finished-at="2022-10-04T14:02:27 ICT" duration-ms="13005" status="PASS">
          <params>
            <param index="0">
              <value>
                <![CDATA["Siloam085 Form Return Sales Input Start End Date Tekan Filter Pilih"]]>
              </value>
            </param>
            <param index="1">
              <value>
                <![CDATA["Form Return Sales Filter"]]>
              </value>
            </param>
          </params>
          <reporter-output>
          </reporter-output>
        </test-method> <!-- runScenario -->
        <test-method signature="runScenario(io.cucumber.testng.PickleWrapper,io.cucumber.testng.FeatureWrapper)[pri:0, instance:cucumber.framework.runner.siloam.formreturnpage.FormReturnRunner@433defed]" started-at="2022-10-04T14:02:27 ICT" name="runScenario" description="Runs Cucumber Scenarios" data-provider="scenarios" finished-at="2022-10-04T14:02:42 ICT" duration-ms="15214" status="PASS">
          <params>
            <param index="0">
              <value>
                <![CDATA["Siloam085 Form Return Sales Tekan Reset Pilih"]]>
              </value>
            </param>
            <param index="1">
              <value>
                <![CDATA["Form Return Sales Filter"]]>
              </value>
            </param>
          </params>
          <reporter-output>
          </reporter-output>
        </test-method> <!-- runScenario -->
        <test-method signature="runScenario(io.cucumber.testng.PickleWrapper,io.cucumber.testng.FeatureWrapper)[pri:0, instance:cucumber.framework.runner.siloam.formreturnpage.FormReturnRunner@433defed]" started-at="2022-10-04T14:02:42 ICT" name="runScenario" description="Runs Cucumber Scenarios" data-provider="scenarios" finished-at="2022-10-04T14:02:53 ICT" duration-ms="11510" status="PASS">
          <params>
            <param index="0">
              <value>
                <![CDATA["Siloam090 Form Return Sales Show Page Sepuluh"]]>
              </value>
            </param>
            <param index="1">
              <value>
                <![CDATA["Form Return Sales Show Page"]]>
              </value>
            </param>
          </params>
          <reporter-output>
          </reporter-output>
        </test-method> <!-- runScenario -->
        <test-method signature="runScenario(io.cucumber.testng.PickleWrapper,io.cucumber.testng.FeatureWrapper)[pri:0, instance:cucumber.framework.runner.siloam.formreturnpage.FormReturnRunner@433defed]" started-at="2022-10-04T14:02:53 ICT" name="runScenario" description="Runs Cucumber Scenarios" data-provider="scenarios" finished-at="2022-10-04T14:03:05 ICT" duration-ms="11656" status="PASS">
          <params>
            <param index="0">
              <value>
                <![CDATA["Siloam090 Form Return Sales Show Page Sepuluh Next"]]>
              </value>
            </param>
            <param index="1">
              <value>
                <![CDATA["Form Return Sales Show Page"]]>
              </value>
            </param>
          </params>
          <reporter-output>
          </reporter-output>
        </test-method> <!-- runScenario -->
        <test-method signature="runScenario(io.cucumber.testng.PickleWrapper,io.cucumber.testng.FeatureWrapper)[pri:0, instance:cucumber.framework.runner.siloam.formreturnpage.FormReturnRunner@433defed]" started-at="2022-10-04T14:03:05 ICT" name="runScenario" description="Runs Cucumber Scenarios" data-provider="scenarios" finished-at="2022-10-04T14:03:17 ICT" duration-ms="12516" status="PASS">
          <params>
            <param index="0">
              <value>
                <![CDATA["Siloam090 Form Return Sales Show Page Sepuluh Previous"]]>
              </value>
            </param>
            <param index="1">
              <value>
                <![CDATA["Form Return Sales Show Page"]]>
              </value>
            </param>
          </params>
          <reporter-output>
          </reporter-output>
        </test-method> <!-- runScenario -->
        <test-method signature="runScenario(io.cucumber.testng.PickleWrapper,io.cucumber.testng.FeatureWrapper)[pri:0, instance:cucumber.framework.runner.siloam.formreturnpage.FormReturnRunner@433defed]" started-at="2022-10-04T14:03:17 ICT" name="runScenario" description="Runs Cucumber Scenarios" data-provider="scenarios" finished-at="2022-10-04T14:03:29 ICT" duration-ms="11515" status="PASS">
          <params>
            <param index="0">
              <value>
                <![CDATA["Siloam090 Form Return Sales Show Page Dua Puluh Lima"]]>
              </value>
            </param>
            <param index="1">
              <value>
                <![CDATA["Form Return Sales Show Page"]]>
              </value>
            </param>
          </params>
          <reporter-output>
          </reporter-output>
        </test-method> <!-- runScenario -->
        <test-method signature="runScenario(io.cucumber.testng.PickleWrapper,io.cucumber.testng.FeatureWrapper)[pri:0, instance:cucumber.framework.runner.siloam.formreturnpage.FormReturnRunner@433defed]" started-at="2022-10-04T14:03:29 ICT" name="runScenario" description="Runs Cucumber Scenarios" data-provider="scenarios" finished-at="2022-10-04T14:03:42 ICT" duration-ms="13361" status="PASS">
          <params>
            <param index="0">
              <value>
                <![CDATA["Siloam090 Form Return Sales Show Page Dua Puluh Lima Next"]]>
              </value>
            </param>
            <param index="1">
              <value>
                <![CDATA["Form Return Sales Show Page"]]>
              </value>
            </param>
          </params>
          <reporter-output>
          </reporter-output>
        </test-method> <!-- runScenario -->
        <test-method signature="runScenario(io.cucumber.testng.PickleWrapper,io.cucumber.testng.FeatureWrapper)[pri:0, instance:cucumber.framework.runner.siloam.formreturnpage.FormReturnRunner@433defed]" started-at="2022-10-04T14:03:42 ICT" name="runScenario" description="Runs Cucumber Scenarios" data-provider="scenarios" finished-at="2022-10-04T14:03:55 ICT" duration-ms="12337" status="PASS">
          <params>
            <param index="0">
              <value>
                <![CDATA["Siloam090 Form Return Sales Show Page Dua Puluh Lima Previous"]]>
              </value>
            </param>
            <param index="1">
              <value>
                <![CDATA["Form Return Sales Show Page"]]>
              </value>
            </param>
          </params>
          <reporter-output>
          </reporter-output>
        </test-method> <!-- runScenario -->
        <test-method signature="runScenario(io.cucumber.testng.PickleWrapper,io.cucumber.testng.FeatureWrapper)[pri:0, instance:cucumber.framework.runner.siloam.formreturnpage.FormReturnRunner@433defed]" started-at="2022-10-04T14:03:55 ICT" name="runScenario" description="Runs Cucumber Scenarios" data-provider="scenarios" finished-at="2022-10-04T14:04:06 ICT" duration-ms="11033" status="PASS">
          <params>
            <param index="0">
              <value>
                <![CDATA["Siloam090 Form Return Sales Show Page Lima Puluh"]]>
              </value>
            </param>
            <param index="1">
              <value>
                <![CDATA["Form Return Sales Show Page"]]>
              </value>
            </param>
          </params>
          <reporter-output>
          </reporter-output>
        </test-method> <!-- runScenario -->
        <test-method signature="runScenario(io.cucumber.testng.PickleWrapper,io.cucumber.testng.FeatureWrapper)[pri:0, instance:cucumber.framework.runner.siloam.formreturnpage.FormReturnRunner@433defed]" started-at="2022-10-04T14:04:06 ICT" name="runScenario" description="Runs Cucumber Scenarios" data-provider="scenarios" finished-at="2022-10-04T14:04:19 ICT" duration-ms="13214" status="PASS">
          <params>
            <param index="0">
              <value>
                <![CDATA["Siloam090 Form Return Sales Show Page Lima Puluh Next"]]>
              </value>
            </param>
            <param index="1">
              <value>
                <![CDATA["Form Return Sales Show Page"]]>
              </value>
            </param>
          </params>
          <reporter-output>
          </reporter-output>
        </test-method> <!-- runScenario -->
        <test-method signature="runScenario(io.cucumber.testng.PickleWrapper,io.cucumber.testng.FeatureWrapper)[pri:0, instance:cucumber.framework.runner.siloam.formreturnpage.FormReturnRunner@433defed]" started-at="2022-10-04T14:04:19 ICT" name="runScenario" description="Runs Cucumber Scenarios" data-provider="scenarios" finished-at="2022-10-04T14:04:31 ICT" duration-ms="12562" status="PASS">
          <params>
            <param index="0">
              <value>
                <![CDATA["Siloam090 Form Return Sales Show Page Lima Puluh Previous"]]>
              </value>
            </param>
            <param index="1">
              <value>
                <![CDATA["Form Return Sales Show Page"]]>
              </value>
            </param>
          </params>
          <reporter-output>
          </reporter-output>
        </test-method> <!-- runScenario -->
        <test-method signature="runScenario(io.cucumber.testng.PickleWrapper,io.cucumber.testng.FeatureWrapper)[pri:0, instance:cucumber.framework.runner.siloam.formreturnpage.FormReturnRunner@433defed]" started-at="2022-10-04T14:04:31 ICT" name="runScenario" description="Runs Cucumber Scenarios" data-provider="scenarios" finished-at="2022-10-04T14:04:43 ICT" duration-ms="11403" status="PASS">
          <params>
            <param index="0">
              <value>
                <![CDATA["Siloam090 Form Return Sales Show Page Seratus"]]>
              </value>
            </param>
            <param index="1">
              <value>
                <![CDATA["Form Return Sales Show Page"]]>
              </value>
            </param>
          </params>
          <reporter-output>
          </reporter-output>
        </test-method> <!-- runScenario -->
        <test-method signature="runScenario(io.cucumber.testng.PickleWrapper,io.cucumber.testng.FeatureWrapper)[pri:0, instance:cucumber.framework.runner.siloam.formreturnpage.FormReturnRunner@433defed]" started-at="2022-10-04T14:04:43 ICT" name="runScenario" description="Runs Cucumber Scenarios" data-provider="scenarios" finished-at="2022-10-04T14:04:56 ICT" duration-ms="13274" status="PASS">
          <params>
            <param index="0">
              <value>
                <![CDATA["Siloam090 Form Return Sales Show Page Seratus Next"]]>
              </value>
            </param>
            <param index="1">
              <value>
                <![CDATA["Form Return Sales Show Page"]]>
              </value>
            </param>
          </params>
          <reporter-output>
          </reporter-output>
        </test-method> <!-- runScenario -->
        <test-method signature="runScenario(io.cucumber.testng.PickleWrapper,io.cucumber.testng.FeatureWrapper)[pri:0, instance:cucumber.framework.runner.siloam.formreturnpage.FormReturnRunner@433defed]" started-at="2022-10-04T14:04:56 ICT" name="runScenario" description="Runs Cucumber Scenarios" data-provider="scenarios" finished-at="2022-10-04T14:05:09 ICT" duration-ms="12524" status="PASS">
          <params>
            <param index="0">
              <value>
                <![CDATA["Siloam090 Form Return Sales Show Page Seratus Previous"]]>
              </value>
            </param>
            <param index="1">
              <value>
                <![CDATA["Form Return Sales Show Page"]]>
              </value>
            </param>
          </params>
          <reporter-output>
          </reporter-output>
        </test-method> <!-- runScenario -->
        <test-method signature="runScenario(io.cucumber.testng.PickleWrapper,io.cucumber.testng.FeatureWrapper)[pri:0, instance:cucumber.framework.runner.siloam.formreturnpage.FormReturnRunner@433defed]" started-at="2022-10-04T14:05:09 ICT" name="runScenario" description="Runs Cucumber Scenarios" data-provider="scenarios" finished-at="2022-10-04T14:05:18 ICT" duration-ms="9362" status="PASS">
          <params>
            <param index="0">
              <value>
                <![CDATA["Siloam093 Form Return Sales Search Nama"]]>
              </value>
            </param>
            <param index="1">
              <value>
                <![CDATA["Form Return Sales Search"]]>
              </value>
            </param>
          </params>
          <reporter-output>
          </reporter-output>
        </test-method> <!-- runScenario -->
        <test-method signature="runScenario(io.cucumber.testng.PickleWrapper,io.cucumber.testng.FeatureWrapper)[pri:0, instance:cucumber.framework.runner.siloam.formreturnpage.FormReturnRunner@433defed]" started-at="2022-10-04T14:05:18 ICT" name="runScenario" description="Runs Cucumber Scenarios" data-provider="scenarios" finished-at="2022-10-04T14:05:20 ICT" duration-ms="1559" status="PASS">
          <params>
            <param index="0">
              <value>
                <![CDATA["Siloam093 Form Return Sales Reset Nama"]]>
              </value>
            </param>
            <param index="1">
              <value>
                <![CDATA["Form Return Sales Search"]]>
              </value>
            </param>
          </params>
          <reporter-output>
          </reporter-output>
        </test-method> <!-- runScenario -->
        <test-method signature="runScenario(io.cucumber.testng.PickleWrapper,io.cucumber.testng.FeatureWrapper)[pri:0, instance:cucumber.framework.runner.siloam.formreturnpage.FormReturnRunner@433defed]" started-at="2022-10-04T14:05:20 ICT" name="runScenario" description="Runs Cucumber Scenarios" data-provider="scenarios" finished-at="2022-10-04T14:05:23 ICT" duration-ms="3347" status="PASS">
          <params>
            <param index="0">
              <value>
                <![CDATA["Siloam093 Form Return Sales Search Nomor BPJS"]]>
              </value>
            </param>
            <param index="1">
              <value>
                <![CDATA["Form Return Sales Search"]]>
              </value>
            </param>
          </params>
          <reporter-output>
          </reporter-output>
        </test-method> <!-- runScenario -->
        <test-method signature="runScenario(io.cucumber.testng.PickleWrapper,io.cucumber.testng.FeatureWrapper)[pri:0, instance:cucumber.framework.runner.siloam.formreturnpage.FormReturnRunner@433defed]" started-at="2022-10-04T14:05:23 ICT" name="runScenario" description="Runs Cucumber Scenarios" data-provider="scenarios" finished-at="2022-10-04T14:05:24 ICT" duration-ms="1545" status="PASS">
          <params>
            <param index="0">
              <value>
                <![CDATA["Siloam093 Form Return Sales Reset Nomor BPJS"]]>
              </value>
            </param>
            <param index="1">
              <value>
                <![CDATA["Form Return Sales Search"]]>
              </value>
            </param>
          </params>
          <reporter-output>
          </reporter-output>
        </test-method> <!-- runScenario -->
        <test-method signature="runScenario(io.cucumber.testng.PickleWrapper,io.cucumber.testng.FeatureWrapper)[pri:0, instance:cucumber.framework.runner.siloam.formreturnpage.FormReturnRunner@433defed]" started-at="2022-10-04T14:05:24 ICT" name="runScenario" description="Runs Cucumber Scenarios" data-provider="scenarios" finished-at="2022-10-04T14:05:28 ICT" duration-ms="3368" status="PASS">
          <params>
            <param index="0">
              <value>
                <![CDATA["Siloam093 Form Return Sales Search kota KTP"]]>
              </value>
            </param>
            <param index="1">
              <value>
                <![CDATA["Form Return Sales Search"]]>
              </value>
            </param>
          </params>
          <reporter-output>
          </reporter-output>
        </test-method> <!-- runScenario -->
        <test-method signature="runScenario(io.cucumber.testng.PickleWrapper,io.cucumber.testng.FeatureWrapper)[pri:0, instance:cucumber.framework.runner.siloam.formreturnpage.FormReturnRunner@433defed]" started-at="2022-10-04T14:05:28 ICT" name="runScenario" description="Runs Cucumber Scenarios" data-provider="scenarios" finished-at="2022-10-04T14:05:29 ICT" duration-ms="1507" status="PASS">
          <params>
            <param index="0">
              <value>
                <![CDATA["Siloam093 Form Return Sales Reset kota KTP"]]>
              </value>
            </param>
            <param index="1">
              <value>
                <![CDATA["Form Return Sales Search"]]>
              </value>
            </param>
          </params>
          <reporter-output>
          </reporter-output>
        </test-method> <!-- runScenario -->
        <test-method signature="runScenario(io.cucumber.testng.PickleWrapper,io.cucumber.testng.FeatureWrapper)[pri:0, instance:cucumber.framework.runner.siloam.formreturnpage.FormReturnRunner@433defed]" started-at="2022-10-04T14:05:29 ICT" name="runScenario" description="Runs Cucumber Scenarios" data-provider="scenarios" finished-at="2022-10-04T14:05:33 ICT" duration-ms="3344" status="PASS">
          <params>
            <param index="0">
              <value>
                <![CDATA["Siloam093 Form Return Sales Search Faskes Awal"]]>
              </value>
            </param>
            <param index="1">
              <value>
                <![CDATA["Form Return Sales Search"]]>
              </value>
            </param>
          </params>
          <reporter-output>
          </reporter-output>
        </test-method> <!-- runScenario -->
        <test-method signature="runScenario(io.cucumber.testng.PickleWrapper,io.cucumber.testng.FeatureWrapper)[pri:0, instance:cucumber.framework.runner.siloam.formreturnpage.FormReturnRunner@433defed]" started-at="2022-10-04T14:05:33 ICT" name="runScenario" description="Runs Cucumber Scenarios" data-provider="scenarios" finished-at="2022-10-04T14:05:34 ICT" duration-ms="1666" status="PASS">
          <params>
            <param index="0">
              <value>
                <![CDATA["Siloam093 Form Return Sales Reset Faskes Awal"]]>
              </value>
            </param>
            <param index="1">
              <value>
                <![CDATA["Form Return Sales Search"]]>
              </value>
            </param>
          </params>
          <reporter-output>
          </reporter-output>
        </test-method> <!-- runScenario -->
        <test-method signature="runScenario(io.cucumber.testng.PickleWrapper,io.cucumber.testng.FeatureWrapper)[pri:0, instance:cucumber.framework.runner.siloam.formreturnpage.FormReturnRunner@433defed]" started-at="2022-10-04T14:05:34 ICT" name="runScenario" description="Runs Cucumber Scenarios" data-provider="scenarios" finished-at="2022-10-04T14:05:38 ICT" duration-ms="3365" status="PASS">
          <params>
            <param index="0">
              <value>
                <![CDATA["Siloam093 Form Return Sales Search Faskes Tujuan"]]>
              </value>
            </param>
            <param index="1">
              <value>
                <![CDATA["Form Return Sales Search"]]>
              </value>
            </param>
          </params>
          <reporter-output>
          </reporter-output>
        </test-method> <!-- runScenario -->
        <test-method signature="runScenario(io.cucumber.testng.PickleWrapper,io.cucumber.testng.FeatureWrapper)[pri:0, instance:cucumber.framework.runner.siloam.formreturnpage.FormReturnRunner@433defed]" started-at="2022-10-04T14:05:38 ICT" name="runScenario" description="Runs Cucumber Scenarios" data-provider="scenarios" finished-at="2022-10-04T14:05:39 ICT" duration-ms="1564" status="PASS">
          <params>
            <param index="0">
              <value>
                <![CDATA["Siloam093 Form Return Sales Reset Faskes Tujuan"]]>
              </value>
            </param>
            <param index="1">
              <value>
                <![CDATA["Form Return Sales Search"]]>
              </value>
            </param>
          </params>
          <reporter-output>
          </reporter-output>
        </test-method> <!-- runScenario -->
        <test-method signature="runScenario(io.cucumber.testng.PickleWrapper,io.cucumber.testng.FeatureWrapper)[pri:0, instance:cucumber.framework.runner.siloam.formreturnpage.FormReturnRunner@433defed]" started-at="2022-10-04T14:05:39 ICT" name="runScenario" description="Runs Cucumber Scenarios" data-provider="scenarios" finished-at="2022-10-04T14:05:49 ICT" duration-ms="9253" status="PASS">
          <params>
            <param index="0">
              <value>
                <![CDATA["Siloam095 Form Return Sales Invalid Search Nama"]]>
              </value>
            </param>
            <param index="1">
              <value>
                <![CDATA["Form Return Sales Search Invalid"]]>
              </value>
            </param>
          </params>
          <reporter-output>
          </reporter-output>
        </test-method> <!-- runScenario -->
        <test-method signature="runScenario(io.cucumber.testng.PickleWrapper,io.cucumber.testng.FeatureWrapper)[pri:0, instance:cucumber.framework.runner.siloam.formreturnpage.FormReturnRunner@433defed]" started-at="2022-10-04T14:05:49 ICT" name="runScenario" description="Runs Cucumber Scenarios" data-provider="scenarios" finished-at="2022-10-04T14:05:53 ICT" duration-ms="4845" status="PASS">
          <params>
            <param index="0">
              <value>
                <![CDATA["Siloam095 Form Return Sales Invalid Search Nomor BPJS"]]>
              </value>
            </param>
            <param index="1">
              <value>
                <![CDATA["Form Return Sales Search Invalid"]]>
              </value>
            </param>
          </params>
          <reporter-output>
          </reporter-output>
        </test-method> <!-- runScenario -->
        <test-method signature="runScenario(io.cucumber.testng.PickleWrapper,io.cucumber.testng.FeatureWrapper)[pri:0, instance:cucumber.framework.runner.siloam.formreturnpage.FormReturnRunner@433defed]" started-at="2022-10-04T14:05:53 ICT" name="runScenario" description="Runs Cucumber Scenarios" data-provider="scenarios" finished-at="2022-10-04T14:05:59 ICT" duration-ms="5545" status="PASS">
          <params>
            <param index="0">
              <value>
                <![CDATA["Siloam095 Form Return Sales Invalid Search Kota KTP"]]>
              </value>
            </param>
            <param index="1">
              <value>
                <![CDATA["Form Return Sales Search Invalid"]]>
              </value>
            </param>
          </params>
          <reporter-output>
          </reporter-output>
        </test-method> <!-- runScenario -->
        <test-method signature="runScenario(io.cucumber.testng.PickleWrapper,io.cucumber.testng.FeatureWrapper)[pri:0, instance:cucumber.framework.runner.siloam.formreturnpage.FormReturnRunner@433defed]" started-at="2022-10-04T14:05:59 ICT" name="runScenario" description="Runs Cucumber Scenarios" data-provider="scenarios" finished-at="2022-10-04T14:06:04 ICT" duration-ms="4684" status="PASS">
          <params>
            <param index="0">
              <value>
                <![CDATA["Siloam095 Form Return Sales Invalid Search Faskes Awal"]]>
              </value>
            </param>
            <param index="1">
              <value>
                <![CDATA["Form Return Sales Search Invalid"]]>
              </value>
            </param>
          </params>
          <reporter-output>
          </reporter-output>
        </test-method> <!-- runScenario -->
        <test-method signature="runScenario(io.cucumber.testng.PickleWrapper,io.cucumber.testng.FeatureWrapper)[pri:0, instance:cucumber.framework.runner.siloam.formreturnpage.FormReturnRunner@433defed]" started-at="2022-10-04T14:06:04 ICT" name="runScenario" description="Runs Cucumber Scenarios" data-provider="scenarios" finished-at="2022-10-04T14:06:08 ICT" duration-ms="4772" status="PASS">
          <params>
            <param index="0">
              <value>
                <![CDATA["Siloam095 Form Return Sales Invalid Search Faskes Tujuan"]]>
              </value>
            </param>
            <param index="1">
              <value>
                <![CDATA["Form Return Sales Search Invalid"]]>
              </value>
            </param>
          </params>
          <reporter-output>
          </reporter-output>
        </test-method> <!-- runScenario -->
        <test-method signature="runScenario(io.cucumber.testng.PickleWrapper,io.cucumber.testng.FeatureWrapper)[pri:0, instance:cucumber.framework.runner.siloam.formreturnpage.FormReturnRunner@433defed]" started-at="2022-10-04T14:06:08 ICT" name="runScenario" description="Runs Cucumber Scenarios" data-provider="scenarios" finished-at="2022-10-04T14:06:21 ICT" duration-ms="12893" status="PASS">
          <params>
            <param index="0">
              <value>
                <![CDATA["Siloam097 Form Return Sales Tekan Tombol Aksi"]]>
              </value>
            </param>
            <param index="1">
              <value>
                <![CDATA["Form Return Sales Tekan Aksi"]]>
              </value>
            </param>
          </params>
          <reporter-output>
          </reporter-output>
        </test-method> <!-- runScenario -->
        <test-method signature="runScenario(io.cucumber.testng.PickleWrapper,io.cucumber.testng.FeatureWrapper)[pri:0, instance:cucumber.framework.runner.siloam.formreturnpage.FormReturnRunner@433defed]" started-at="2022-10-04T14:06:21 ICT" name="runScenario" description="Runs Cucumber Scenarios" data-provider="scenarios" finished-at="2022-10-04T14:06:32 ICT" duration-ms="10671" status="PASS">
          <params>
            <param index="0">
              <value>
                <![CDATA["Siloam097 Form Return Sales Tekan Tombol Aksi Case Dua"]]>
              </value>
            </param>
            <param index="1">
              <value>
                <![CDATA["Form Return Sales Tekan Aksi"]]>
              </value>
            </param>
          </params>
          <reporter-output>
          </reporter-output>
        </test-method> <!-- runScenario -->
        <test-method signature="runScenario(io.cucumber.testng.PickleWrapper,io.cucumber.testng.FeatureWrapper)[pri:0, instance:cucumber.framework.runner.siloam.formreturnpage.FormReturnRunner@433defed]" started-at="2022-10-04T14:06:32 ICT" name="runScenario" description="Runs Cucumber Scenarios" data-provider="scenarios" finished-at="2022-10-04T14:06:48 ICT" duration-ms="16123" status="PASS">
          <params>
            <param index="0">
              <value>
                <![CDATA["Siloam099 Form Return Sales Tekan Tombol Filter Invalid Pending"]]>
              </value>
            </param>
            <param index="1">
              <value>
                <![CDATA["Form Return Sales Tekan Filter Invalid"]]>
              </value>
            </param>
          </params>
          <reporter-output>
          </reporter-output>
        </test-method> <!-- runScenario -->
        <test-method signature="runScenario(io.cucumber.testng.PickleWrapper,io.cucumber.testng.FeatureWrapper)[pri:0, instance:cucumber.framework.runner.siloam.formreturnpage.FormReturnRunner@433defed]" started-at="2022-10-04T14:06:48 ICT" name="runScenario" description="Runs Cucumber Scenarios" data-provider="scenarios" finished-at="2022-10-04T14:06:59 ICT" duration-ms="10722" status="PASS">
          <params>
            <param index="0">
              <value>
                <![CDATA["Siloam099 Form Return Sales Tekan Tombol Filter Invalid Complete"]]>
              </value>
            </param>
            <param index="1">
              <value>
                <![CDATA["Form Return Sales Tekan Filter Invalid"]]>
              </value>
            </param>
          </params>
          <reporter-output>
          </reporter-output>
        </test-method> <!-- runScenario -->
        <test-method signature="runScenario(io.cucumber.testng.PickleWrapper,io.cucumber.testng.FeatureWrapper)[pri:0, instance:cucumber.framework.runner.siloam.formreturnpage.FormReturnRunner@433defed]" started-at="2022-10-04T14:06:59 ICT" name="runScenario" description="Runs Cucumber Scenarios" data-provider="scenarios" finished-at="2022-10-04T14:07:07 ICT" duration-ms="8043" status="PASS">
          <params>
            <param index="0">
              <value>
                <![CDATA["Siloam205 Sales Menekan Tombol LogOut"]]>
              </value>
            </param>
            <param index="1">
              <value>
                <![CDATA["Sales LogOut"]]>
              </value>
            </param>
          </params>
          <reporter-output>
          </reporter-output>
        </test-method> <!-- runScenario -->
        <test-method is-config="true" signature="tearDownClass()[pri:0, instance:cucumber.framework.runner.siloam.formreturnpage.FormReturnRunner@433defed]" started-at="2022-10-04T14:07:07 ICT" name="tearDownClass" finished-at="2022-10-04T14:07:08 ICT" duration-ms="1389" status="PASS">
          <reporter-output>
          </reporter-output>
        </test-method> <!-- tearDownClass -->
      </class> <!-- cucumber.framework.runner.siloam.formreturnpage.FormReturnRunner -->
    </test> <!-- Default test -->
  </suite> <!-- Default suite -->
</testng-results>
