<?xml version="1.0" encoding="UTF-8"?>
<testng-results ignored="0" total="38" passed="38" failed="0" skipped="0">
  <reporter-output>
  </reporter-output>
  <suite started-at="2022-10-04T14:51:41 ICT" name="Default suite" finished-at="2022-10-04T14:59:00 ICT" duration-ms="438438">
    <groups>
      <group name="cucumber">
        <method signature="AbstractTestNGCucumberTests.runScenario(io.cucumber.testng.PickleWrapper,io.cucumber.testng.FeatureWrapper)[pri:0, instance:cucumber.framework.runner.siloam.inputdatapage.InputDataOutlineRunner@433defed]" name="runScenario" class="io.cucumber.testng.AbstractTestNGCucumberTests"/>
      </group> <!-- cucumber -->
    </groups>
    <test started-at="2022-10-04T14:51:41 ICT" name="Default test" finished-at="2022-10-04T14:59:00 ICT" duration-ms="438438">
      <class name="cucumber.framework.runner.siloam.inputdatapage.InputDataOutlineRunner">
        <test-method is-config="true" signature="setUpClass(org.testng.ITestContext)[pri:0, instance:cucumber.framework.runner.siloam.inputdatapage.InputDataOutlineRunner@433defed]" started-at="2022-10-04T14:51:41 ICT" name="setUpClass" finished-at="2022-10-04T14:51:42 ICT" duration-ms="757" status="PASS">
          <params>
            <param index="0">
              <value>
                <![CDATA[org.testng.TestRunner@511cc6fc]]>
              </value>
            </param>
          </params>
          <reporter-output>
          </reporter-output>
        </test-method> <!-- setUpClass -->
        <test-method signature="runScenario(io.cucumber.testng.PickleWrapper,io.cucumber.testng.FeatureWrapper)[pri:0, instance:cucumber.framework.runner.siloam.inputdatapage.InputDataOutlineRunner@433defed]" started-at="2022-10-04T14:51:42 ICT" name="runScenario" description="Runs Cucumber Scenarios" data-provider="scenarios" finished-at="2022-10-04T14:51:52 ICT" duration-ms="10340" status="PASS">
          <params>
            <param index="0">
              <value>
                <![CDATA["Siloam299 Sales menekan tombol menu input"]]>
              </value>
            </param>
            <param index="1">
              <value>
                <![CDATA["Sales Menekan Tombol Menu Input"]]>
              </value>
            </param>
          </params>
          <reporter-output>
          </reporter-output>
        </test-method> <!-- runScenario -->
        <test-method signature="runScenario(io.cucumber.testng.PickleWrapper,io.cucumber.testng.FeatureWrapper)[pri:0, instance:cucumber.framework.runner.siloam.inputdatapage.InputDataOutlineRunner@433defed]" started-at="2022-10-04T14:51:52 ICT" name="runScenario" description="Runs Cucumber Scenarios" data-provider="scenarios" finished-at="2022-10-04T14:52:04 ICT" duration-ms="11151" status="PASS">
          <params>
            <param index="0">
              <value>
                <![CDATA["Siloam315 Sales input data karyawan nomor BPJS yang sudah ada"]]>
              </value>
            </param>
            <param index="1">
              <value>
                <![CDATA["Sales Input Data BPJS Yang Sudah Ada"]]>
              </value>
            </param>
          </params>
          <reporter-output>
          </reporter-output>
        </test-method> <!-- runScenario -->
        <test-method signature="runScenario(io.cucumber.testng.PickleWrapper,io.cucumber.testng.FeatureWrapper)[pri:0, instance:cucumber.framework.runner.siloam.inputdatapage.InputDataOutlineRunner@433defed]" started-at="2022-10-04T14:52:04 ICT" name="runScenario" description="Runs Cucumber Scenarios" data-provider="scenarios" finished-at="2022-10-04T14:52:15 ICT" duration-ms="11517" status="PASS">
          <params>
            <param index="0">
              <value>
                <![CDATA["Siloam320 Sales input data karyawan satu kombinasi kosong"]]>
              </value>
            </param>
            <param index="1">
              <value>
                <![CDATA["Sales Input Data Satu Kombinasi Kosong"]]>
              </value>
            </param>
          </params>
          <reporter-output>
          </reporter-output>
        </test-method> <!-- runScenario -->
        <test-method signature="runScenario(io.cucumber.testng.PickleWrapper,io.cucumber.testng.FeatureWrapper)[pri:0, instance:cucumber.framework.runner.siloam.inputdatapage.InputDataOutlineRunner@433defed]" started-at="2022-10-04T14:52:15 ICT" name="runScenario" description="Runs Cucumber Scenarios" data-provider="scenarios" finished-at="2022-10-04T14:52:26 ICT" duration-ms="11332" status="PASS">
          <params>
            <param index="0">
              <value>
                <![CDATA["Siloam320 Sales input data karyawan satu kombinasi kosong"]]>
              </value>
            </param>
            <param index="1">
              <value>
                <![CDATA["Sales Input Data Satu Kombinasi Kosong"]]>
              </value>
            </param>
          </params>
          <reporter-output>
          </reporter-output>
        </test-method> <!-- runScenario -->
        <test-method signature="runScenario(io.cucumber.testng.PickleWrapper,io.cucumber.testng.FeatureWrapper)[pri:0, instance:cucumber.framework.runner.siloam.inputdatapage.InputDataOutlineRunner@433defed]" started-at="2022-10-04T14:52:26 ICT" name="runScenario" description="Runs Cucumber Scenarios" data-provider="scenarios" finished-at="2022-10-04T14:52:38 ICT" duration-ms="11254" status="PASS">
          <params>
            <param index="0">
              <value>
                <![CDATA["Siloam320 Sales input data karyawan satu kombinasi kosong"]]>
              </value>
            </param>
            <param index="1">
              <value>
                <![CDATA["Sales Input Data Satu Kombinasi Kosong"]]>
              </value>
            </param>
          </params>
          <reporter-output>
          </reporter-output>
        </test-method> <!-- runScenario -->
        <test-method signature="runScenario(io.cucumber.testng.PickleWrapper,io.cucumber.testng.FeatureWrapper)[pri:0, instance:cucumber.framework.runner.siloam.inputdatapage.InputDataOutlineRunner@433defed]" started-at="2022-10-04T14:52:38 ICT" name="runScenario" description="Runs Cucumber Scenarios" data-provider="scenarios" finished-at="2022-10-04T14:52:49 ICT" duration-ms="11650" status="PASS">
          <params>
            <param index="0">
              <value>
                <![CDATA["Siloam320 Sales input data karyawan satu kombinasi kosong"]]>
              </value>
            </param>
            <param index="1">
              <value>
                <![CDATA["Sales Input Data Satu Kombinasi Kosong"]]>
              </value>
            </param>
          </params>
          <reporter-output>
          </reporter-output>
        </test-method> <!-- runScenario -->
        <test-method signature="runScenario(io.cucumber.testng.PickleWrapper,io.cucumber.testng.FeatureWrapper)[pri:0, instance:cucumber.framework.runner.siloam.inputdatapage.InputDataOutlineRunner@433defed]" started-at="2022-10-04T14:52:49 ICT" name="runScenario" description="Runs Cucumber Scenarios" data-provider="scenarios" finished-at="2022-10-04T14:53:01 ICT" duration-ms="11434" status="PASS">
          <params>
            <param index="0">
              <value>
                <![CDATA["Siloam320 Sales input data karyawan satu kombinasi kosong"]]>
              </value>
            </param>
            <param index="1">
              <value>
                <![CDATA["Sales Input Data Satu Kombinasi Kosong"]]>
              </value>
            </param>
          </params>
          <reporter-output>
          </reporter-output>
        </test-method> <!-- runScenario -->
        <test-method signature="runScenario(io.cucumber.testng.PickleWrapper,io.cucumber.testng.FeatureWrapper)[pri:0, instance:cucumber.framework.runner.siloam.inputdatapage.InputDataOutlineRunner@433defed]" started-at="2022-10-04T14:53:01 ICT" name="runScenario" description="Runs Cucumber Scenarios" data-provider="scenarios" finished-at="2022-10-04T14:53:12 ICT" duration-ms="11259" status="PASS">
          <params>
            <param index="0">
              <value>
                <![CDATA["Siloam320 Sales input data karyawan satu kombinasi kosong"]]>
              </value>
            </param>
            <param index="1">
              <value>
                <![CDATA["Sales Input Data Satu Kombinasi Kosong"]]>
              </value>
            </param>
          </params>
          <reporter-output>
          </reporter-output>
        </test-method> <!-- runScenario -->
        <test-method signature="runScenario(io.cucumber.testng.PickleWrapper,io.cucumber.testng.FeatureWrapper)[pri:0, instance:cucumber.framework.runner.siloam.inputdatapage.InputDataOutlineRunner@433defed]" started-at="2022-10-04T14:53:12 ICT" name="runScenario" description="Runs Cucumber Scenarios" data-provider="scenarios" finished-at="2022-10-04T14:53:22 ICT" duration-ms="10159" status="PASS">
          <params>
            <param index="0">
              <value>
                <![CDATA["Siloam320 Sales input data karyawan satu kombinasi kosong"]]>
              </value>
            </param>
            <param index="1">
              <value>
                <![CDATA["Sales Input Data Satu Kombinasi Kosong"]]>
              </value>
            </param>
          </params>
          <reporter-output>
          </reporter-output>
        </test-method> <!-- runScenario -->
        <test-method signature="runScenario(io.cucumber.testng.PickleWrapper,io.cucumber.testng.FeatureWrapper)[pri:0, instance:cucumber.framework.runner.siloam.inputdatapage.InputDataOutlineRunner@433defed]" started-at="2022-10-04T14:53:22 ICT" name="runScenario" description="Runs Cucumber Scenarios" data-provider="scenarios" finished-at="2022-10-04T14:53:34 ICT" duration-ms="11682" status="PASS">
          <params>
            <param index="0">
              <value>
                <![CDATA["Siloam320 Sales input data karyawan satu kombinasi kosong"]]>
              </value>
            </param>
            <param index="1">
              <value>
                <![CDATA["Sales Input Data Satu Kombinasi Kosong"]]>
              </value>
            </param>
          </params>
          <reporter-output>
          </reporter-output>
        </test-method> <!-- runScenario -->
        <test-method signature="runScenario(io.cucumber.testng.PickleWrapper,io.cucumber.testng.FeatureWrapper)[pri:0, instance:cucumber.framework.runner.siloam.inputdatapage.InputDataOutlineRunner@433defed]" started-at="2022-10-04T14:53:34 ICT" name="runScenario" description="Runs Cucumber Scenarios" data-provider="scenarios" finished-at="2022-10-04T14:53:46 ICT" duration-ms="12425" status="PASS">
          <params>
            <param index="0">
              <value>
                <![CDATA["Siloam325 Sales input data karyawan dua kombinasi kosong"]]>
              </value>
            </param>
            <param index="1">
              <value>
                <![CDATA["Sales Input Data Dua Kombinasi Kosong"]]>
              </value>
            </param>
          </params>
          <reporter-output>
          </reporter-output>
        </test-method> <!-- runScenario -->
        <test-method signature="runScenario(io.cucumber.testng.PickleWrapper,io.cucumber.testng.FeatureWrapper)[pri:0, instance:cucumber.framework.runner.siloam.inputdatapage.InputDataOutlineRunner@433defed]" started-at="2022-10-04T14:53:46 ICT" name="runScenario" description="Runs Cucumber Scenarios" data-provider="scenarios" finished-at="2022-10-04T14:53:59 ICT" duration-ms="12268" status="PASS">
          <params>
            <param index="0">
              <value>
                <![CDATA["Siloam325 Sales input data karyawan dua kombinasi kosong"]]>
              </value>
            </param>
            <param index="1">
              <value>
                <![CDATA["Sales Input Data Dua Kombinasi Kosong"]]>
              </value>
            </param>
          </params>
          <reporter-output>
          </reporter-output>
        </test-method> <!-- runScenario -->
        <test-method signature="runScenario(io.cucumber.testng.PickleWrapper,io.cucumber.testng.FeatureWrapper)[pri:0, instance:cucumber.framework.runner.siloam.inputdatapage.InputDataOutlineRunner@433defed]" started-at="2022-10-04T14:53:59 ICT" name="runScenario" description="Runs Cucumber Scenarios" data-provider="scenarios" finished-at="2022-10-04T14:54:10 ICT" duration-ms="11237" status="PASS">
          <params>
            <param index="0">
              <value>
                <![CDATA["Siloam325 Sales input data karyawan dua kombinasi kosong"]]>
              </value>
            </param>
            <param index="1">
              <value>
                <![CDATA["Sales Input Data Dua Kombinasi Kosong"]]>
              </value>
            </param>
          </params>
          <reporter-output>
          </reporter-output>
        </test-method> <!-- runScenario -->
        <test-method signature="runScenario(io.cucumber.testng.PickleWrapper,io.cucumber.testng.FeatureWrapper)[pri:0, instance:cucumber.framework.runner.siloam.inputdatapage.InputDataOutlineRunner@433defed]" started-at="2022-10-04T14:54:10 ICT" name="runScenario" description="Runs Cucumber Scenarios" data-provider="scenarios" finished-at="2022-10-04T14:54:22 ICT" duration-ms="12302" status="PASS">
          <params>
            <param index="0">
              <value>
                <![CDATA["Siloam325 Sales input data karyawan dua kombinasi kosong"]]>
              </value>
            </param>
            <param index="1">
              <value>
                <![CDATA["Sales Input Data Dua Kombinasi Kosong"]]>
              </value>
            </param>
          </params>
          <reporter-output>
          </reporter-output>
        </test-method> <!-- runScenario -->
        <test-method signature="runScenario(io.cucumber.testng.PickleWrapper,io.cucumber.testng.FeatureWrapper)[pri:0, instance:cucumber.framework.runner.siloam.inputdatapage.InputDataOutlineRunner@433defed]" started-at="2022-10-04T14:54:22 ICT" name="runScenario" description="Runs Cucumber Scenarios" data-provider="scenarios" finished-at="2022-10-04T14:54:34 ICT" duration-ms="12240" status="PASS">
          <params>
            <param index="0">
              <value>
                <![CDATA["Siloam325 Sales input data karyawan dua kombinasi kosong"]]>
              </value>
            </param>
            <param index="1">
              <value>
                <![CDATA["Sales Input Data Dua Kombinasi Kosong"]]>
              </value>
            </param>
          </params>
          <reporter-output>
          </reporter-output>
        </test-method> <!-- runScenario -->
        <test-method signature="runScenario(io.cucumber.testng.PickleWrapper,io.cucumber.testng.FeatureWrapper)[pri:0, instance:cucumber.framework.runner.siloam.inputdatapage.InputDataOutlineRunner@433defed]" started-at="2022-10-04T14:54:34 ICT" name="runScenario" description="Runs Cucumber Scenarios" data-provider="scenarios" finished-at="2022-10-04T14:54:46 ICT" duration-ms="11180" status="PASS">
          <params>
            <param index="0">
              <value>
                <![CDATA["Siloam325 Sales input data karyawan dua kombinasi kosong"]]>
              </value>
            </param>
            <param index="1">
              <value>
                <![CDATA["Sales Input Data Dua Kombinasi Kosong"]]>
              </value>
            </param>
          </params>
          <reporter-output>
          </reporter-output>
        </test-method> <!-- runScenario -->
        <test-method signature="runScenario(io.cucumber.testng.PickleWrapper,io.cucumber.testng.FeatureWrapper)[pri:0, instance:cucumber.framework.runner.siloam.inputdatapage.InputDataOutlineRunner@433defed]" started-at="2022-10-04T14:54:46 ICT" name="runScenario" description="Runs Cucumber Scenarios" data-provider="scenarios" finished-at="2022-10-04T14:54:57 ICT" duration-ms="11248" status="PASS">
          <params>
            <param index="0">
              <value>
                <![CDATA["Siloam325 Sales input data karyawan dua kombinasi kosong"]]>
              </value>
            </param>
            <param index="1">
              <value>
                <![CDATA["Sales Input Data Dua Kombinasi Kosong"]]>
              </value>
            </param>
          </params>
          <reporter-output>
          </reporter-output>
        </test-method> <!-- runScenario -->
        <test-method signature="runScenario(io.cucumber.testng.PickleWrapper,io.cucumber.testng.FeatureWrapper)[pri:0, instance:cucumber.framework.runner.siloam.inputdatapage.InputDataOutlineRunner@433defed]" started-at="2022-10-04T14:54:57 ICT" name="runScenario" description="Runs Cucumber Scenarios" data-provider="scenarios" finished-at="2022-10-04T14:55:09 ICT" duration-ms="12250" status="PASS">
          <params>
            <param index="0">
              <value>
                <![CDATA["Siloam325 Sales input data karyawan dua kombinasi kosong"]]>
              </value>
            </param>
            <param index="1">
              <value>
                <![CDATA["Sales Input Data Dua Kombinasi Kosong"]]>
              </value>
            </param>
          </params>
          <reporter-output>
          </reporter-output>
        </test-method> <!-- runScenario -->
        <test-method signature="runScenario(io.cucumber.testng.PickleWrapper,io.cucumber.testng.FeatureWrapper)[pri:0, instance:cucumber.framework.runner.siloam.inputdatapage.InputDataOutlineRunner@433defed]" started-at="2022-10-04T14:55:09 ICT" name="runScenario" description="Runs Cucumber Scenarios" data-provider="scenarios" finished-at="2022-10-04T14:55:20 ICT" duration-ms="11162" status="PASS">
          <params>
            <param index="0">
              <value>
                <![CDATA["Siloam325 Sales input data karyawan dua kombinasi kosong"]]>
              </value>
            </param>
            <param index="1">
              <value>
                <![CDATA["Sales Input Data Dua Kombinasi Kosong"]]>
              </value>
            </param>
          </params>
          <reporter-output>
          </reporter-output>
        </test-method> <!-- runScenario -->
        <test-method signature="runScenario(io.cucumber.testng.PickleWrapper,io.cucumber.testng.FeatureWrapper)[pri:0, instance:cucumber.framework.runner.siloam.inputdatapage.InputDataOutlineRunner@433defed]" started-at="2022-10-04T14:55:20 ICT" name="runScenario" description="Runs Cucumber Scenarios" data-provider="scenarios" finished-at="2022-10-04T14:55:32 ICT" duration-ms="12263" status="PASS">
          <params>
            <param index="0">
              <value>
                <![CDATA["Siloam325 Sales input data karyawan dua kombinasi kosong"]]>
              </value>
            </param>
            <param index="1">
              <value>
                <![CDATA["Sales Input Data Dua Kombinasi Kosong"]]>
              </value>
            </param>
          </params>
          <reporter-output>
          </reporter-output>
        </test-method> <!-- runScenario -->
        <test-method signature="runScenario(io.cucumber.testng.PickleWrapper,io.cucumber.testng.FeatureWrapper)[pri:0, instance:cucumber.framework.runner.siloam.inputdatapage.InputDataOutlineRunner@433defed]" started-at="2022-10-04T14:55:32 ICT" name="runScenario" description="Runs Cucumber Scenarios" data-provider="scenarios" finished-at="2022-10-04T14:55:45 ICT" duration-ms="12221" status="PASS">
          <params>
            <param index="0">
              <value>
                <![CDATA["Siloam325 Sales input data karyawan dua kombinasi kosong"]]>
              </value>
            </param>
            <param index="1">
              <value>
                <![CDATA["Sales Input Data Dua Kombinasi Kosong"]]>
              </value>
            </param>
          </params>
          <reporter-output>
          </reporter-output>
        </test-method> <!-- runScenario -->
        <test-method signature="runScenario(io.cucumber.testng.PickleWrapper,io.cucumber.testng.FeatureWrapper)[pri:0, instance:cucumber.framework.runner.siloam.inputdatapage.InputDataOutlineRunner@433defed]" started-at="2022-10-04T14:55:45 ICT" name="runScenario" description="Runs Cucumber Scenarios" data-provider="scenarios" finished-at="2022-10-04T14:55:56 ICT" duration-ms="11167" status="PASS">
          <params>
            <param index="0">
              <value>
                <![CDATA["Siloam325 Sales input data karyawan dua kombinasi kosong"]]>
              </value>
            </param>
            <param index="1">
              <value>
                <![CDATA["Sales Input Data Dua Kombinasi Kosong"]]>
              </value>
            </param>
          </params>
          <reporter-output>
          </reporter-output>
        </test-method> <!-- runScenario -->
        <test-method signature="runScenario(io.cucumber.testng.PickleWrapper,io.cucumber.testng.FeatureWrapper)[pri:0, instance:cucumber.framework.runner.siloam.inputdatapage.InputDataOutlineRunner@433defed]" started-at="2022-10-04T14:55:56 ICT" name="runScenario" description="Runs Cucumber Scenarios" data-provider="scenarios" finished-at="2022-10-04T14:56:07 ICT" duration-ms="11311" status="PASS">
          <params>
            <param index="0">
              <value>
                <![CDATA["Siloam325 Sales input data karyawan dua kombinasi kosong"]]>
              </value>
            </param>
            <param index="1">
              <value>
                <![CDATA["Sales Input Data Dua Kombinasi Kosong"]]>
              </value>
            </param>
          </params>
          <reporter-output>
          </reporter-output>
        </test-method> <!-- runScenario -->
        <test-method signature="runScenario(io.cucumber.testng.PickleWrapper,io.cucumber.testng.FeatureWrapper)[pri:0, instance:cucumber.framework.runner.siloam.inputdatapage.InputDataOutlineRunner@433defed]" started-at="2022-10-04T14:56:07 ICT" name="runScenario" description="Runs Cucumber Scenarios" data-provider="scenarios" finished-at="2022-10-04T14:56:18 ICT" duration-ms="11261" status="PASS">
          <params>
            <param index="0">
              <value>
                <![CDATA["Siloam325 Sales input data karyawan dua kombinasi kosong"]]>
              </value>
            </param>
            <param index="1">
              <value>
                <![CDATA["Sales Input Data Dua Kombinasi Kosong"]]>
              </value>
            </param>
          </params>
          <reporter-output>
          </reporter-output>
        </test-method> <!-- runScenario -->
        <test-method signature="runScenario(io.cucumber.testng.PickleWrapper,io.cucumber.testng.FeatureWrapper)[pri:0, instance:cucumber.framework.runner.siloam.inputdatapage.InputDataOutlineRunner@433defed]" started-at="2022-10-04T14:56:18 ICT" name="runScenario" description="Runs Cucumber Scenarios" data-provider="scenarios" finished-at="2022-10-04T14:56:31 ICT" duration-ms="12372" status="PASS">
          <params>
            <param index="0">
              <value>
                <![CDATA["Siloam325 Sales input data karyawan dua kombinasi kosong"]]>
              </value>
            </param>
            <param index="1">
              <value>
                <![CDATA["Sales Input Data Dua Kombinasi Kosong"]]>
              </value>
            </param>
          </params>
          <reporter-output>
          </reporter-output>
        </test-method> <!-- runScenario -->
        <test-method signature="runScenario(io.cucumber.testng.PickleWrapper,io.cucumber.testng.FeatureWrapper)[pri:0, instance:cucumber.framework.runner.siloam.inputdatapage.InputDataOutlineRunner@433defed]" started-at="2022-10-04T14:56:31 ICT" name="runScenario" description="Runs Cucumber Scenarios" data-provider="scenarios" finished-at="2022-10-04T14:56:43 ICT" duration-ms="12269" status="PASS">
          <params>
            <param index="0">
              <value>
                <![CDATA["Siloam325 Sales input data karyawan dua kombinasi kosong"]]>
              </value>
            </param>
            <param index="1">
              <value>
                <![CDATA["Sales Input Data Dua Kombinasi Kosong"]]>
              </value>
            </param>
          </params>
          <reporter-output>
          </reporter-output>
        </test-method> <!-- runScenario -->
        <test-method signature="runScenario(io.cucumber.testng.PickleWrapper,io.cucumber.testng.FeatureWrapper)[pri:0, instance:cucumber.framework.runner.siloam.inputdatapage.InputDataOutlineRunner@433defed]" started-at="2022-10-04T14:56:43 ICT" name="runScenario" description="Runs Cucumber Scenarios" data-provider="scenarios" finished-at="2022-10-04T14:56:54 ICT" duration-ms="11206" status="PASS">
          <params>
            <param index="0">
              <value>
                <![CDATA["Siloam325 Sales input data karyawan dua kombinasi kosong"]]>
              </value>
            </param>
            <param index="1">
              <value>
                <![CDATA["Sales Input Data Dua Kombinasi Kosong"]]>
              </value>
            </param>
          </params>
          <reporter-output>
          </reporter-output>
        </test-method> <!-- runScenario -->
        <test-method signature="runScenario(io.cucumber.testng.PickleWrapper,io.cucumber.testng.FeatureWrapper)[pri:0, instance:cucumber.framework.runner.siloam.inputdatapage.InputDataOutlineRunner@433defed]" started-at="2022-10-04T14:56:54 ICT" name="runScenario" description="Runs Cucumber Scenarios" data-provider="scenarios" finished-at="2022-10-04T14:57:06 ICT" duration-ms="11242" status="PASS">
          <params>
            <param index="0">
              <value>
                <![CDATA["Siloam325 Sales input data karyawan dua kombinasi kosong"]]>
              </value>
            </param>
            <param index="1">
              <value>
                <![CDATA["Sales Input Data Dua Kombinasi Kosong"]]>
              </value>
            </param>
          </params>
          <reporter-output>
          </reporter-output>
        </test-method> <!-- runScenario -->
        <test-method signature="runScenario(io.cucumber.testng.PickleWrapper,io.cucumber.testng.FeatureWrapper)[pri:0, instance:cucumber.framework.runner.siloam.inputdatapage.InputDataOutlineRunner@433defed]" started-at="2022-10-04T14:57:06 ICT" name="runScenario" description="Runs Cucumber Scenarios" data-provider="scenarios" finished-at="2022-10-04T14:57:17 ICT" duration-ms="11267" status="PASS">
          <params>
            <param index="0">
              <value>
                <![CDATA["Siloam325 Sales input data karyawan dua kombinasi kosong"]]>
              </value>
            </param>
            <param index="1">
              <value>
                <![CDATA["Sales Input Data Dua Kombinasi Kosong"]]>
              </value>
            </param>
          </params>
          <reporter-output>
          </reporter-output>
        </test-method> <!-- runScenario -->
        <test-method signature="runScenario(io.cucumber.testng.PickleWrapper,io.cucumber.testng.FeatureWrapper)[pri:0, instance:cucumber.framework.runner.siloam.inputdatapage.InputDataOutlineRunner@433defed]" started-at="2022-10-04T14:57:17 ICT" name="runScenario" description="Runs Cucumber Scenarios" data-provider="scenarios" finished-at="2022-10-04T14:57:28 ICT" duration-ms="11217" status="PASS">
          <params>
            <param index="0">
              <value>
                <![CDATA["Siloam325 Sales input data karyawan dua kombinasi kosong"]]>
              </value>
            </param>
            <param index="1">
              <value>
                <![CDATA["Sales Input Data Dua Kombinasi Kosong"]]>
              </value>
            </param>
          </params>
          <reporter-output>
          </reporter-output>
        </test-method> <!-- runScenario -->
        <test-method signature="runScenario(io.cucumber.testng.PickleWrapper,io.cucumber.testng.FeatureWrapper)[pri:0, instance:cucumber.framework.runner.siloam.inputdatapage.InputDataOutlineRunner@433defed]" started-at="2022-10-04T14:57:28 ICT" name="runScenario" description="Runs Cucumber Scenarios" data-provider="scenarios" finished-at="2022-10-04T14:57:38 ICT" duration-ms="10127" status="PASS">
          <params>
            <param index="0">
              <value>
                <![CDATA["Siloam325 Sales input data karyawan dua kombinasi kosong"]]>
              </value>
            </param>
            <param index="1">
              <value>
                <![CDATA["Sales Input Data Dua Kombinasi Kosong"]]>
              </value>
            </param>
          </params>
          <reporter-output>
          </reporter-output>
        </test-method> <!-- runScenario -->
        <test-method signature="runScenario(io.cucumber.testng.PickleWrapper,io.cucumber.testng.FeatureWrapper)[pri:0, instance:cucumber.framework.runner.siloam.inputdatapage.InputDataOutlineRunner@433defed]" started-at="2022-10-04T14:57:38 ICT" name="runScenario" description="Runs Cucumber Scenarios" data-provider="scenarios" finished-at="2022-10-04T14:57:51 ICT" duration-ms="12977" status="PASS">
          <params>
            <param index="0">
              <value>
                <![CDATA["Siloam325 Sales input data karyawan dua kombinasi kosong"]]>
              </value>
            </param>
            <param index="1">
              <value>
                <![CDATA["Sales Input Data Dua Kombinasi Kosong"]]>
              </value>
            </param>
          </params>
          <reporter-output>
          </reporter-output>
        </test-method> <!-- runScenario -->
        <test-method signature="runScenario(io.cucumber.testng.PickleWrapper,io.cucumber.testng.FeatureWrapper)[pri:0, instance:cucumber.framework.runner.siloam.inputdatapage.InputDataOutlineRunner@433defed]" started-at="2022-10-04T14:57:51 ICT" name="runScenario" description="Runs Cucumber Scenarios" data-provider="scenarios" finished-at="2022-10-04T14:58:04 ICT" duration-ms="12441" status="PASS">
          <params>
            <param index="0">
              <value>
                <![CDATA["Siloam325 Sales input data karyawan dua kombinasi kosong"]]>
              </value>
            </param>
            <param index="1">
              <value>
                <![CDATA["Sales Input Data Dua Kombinasi Kosong"]]>
              </value>
            </param>
          </params>
          <reporter-output>
          </reporter-output>
        </test-method> <!-- runScenario -->
        <test-method signature="runScenario(io.cucumber.testng.PickleWrapper,io.cucumber.testng.FeatureWrapper)[pri:0, instance:cucumber.framework.runner.siloam.inputdatapage.InputDataOutlineRunner@433defed]" started-at="2022-10-04T14:58:04 ICT" name="runScenario" description="Runs Cucumber Scenarios" data-provider="scenarios" finished-at="2022-10-04T14:58:15 ICT" duration-ms="11142" status="PASS">
          <params>
            <param index="0">
              <value>
                <![CDATA["Siloam325 Sales input data karyawan dua kombinasi kosong"]]>
              </value>
            </param>
            <param index="1">
              <value>
                <![CDATA["Sales Input Data Dua Kombinasi Kosong"]]>
              </value>
            </param>
          </params>
          <reporter-output>
          </reporter-output>
        </test-method> <!-- runScenario -->
        <test-method signature="runScenario(io.cucumber.testng.PickleWrapper,io.cucumber.testng.FeatureWrapper)[pri:0, instance:cucumber.framework.runner.siloam.inputdatapage.InputDataOutlineRunner@433defed]" started-at="2022-10-04T14:58:15 ICT" name="runScenario" description="Runs Cucumber Scenarios" data-provider="scenarios" finished-at="2022-10-04T14:58:26 ICT" duration-ms="11206" status="PASS">
          <params>
            <param index="0">
              <value>
                <![CDATA["Siloam325 Sales input data karyawan dua kombinasi kosong"]]>
              </value>
            </param>
            <param index="1">
              <value>
                <![CDATA["Sales Input Data Dua Kombinasi Kosong"]]>
              </value>
            </param>
          </params>
          <reporter-output>
          </reporter-output>
        </test-method> <!-- runScenario -->
        <test-method signature="runScenario(io.cucumber.testng.PickleWrapper,io.cucumber.testng.FeatureWrapper)[pri:0, instance:cucumber.framework.runner.siloam.inputdatapage.InputDataOutlineRunner@433defed]" started-at="2022-10-04T14:58:26 ICT" name="runScenario" description="Runs Cucumber Scenarios" data-provider="scenarios" finished-at="2022-10-04T14:58:37 ICT" duration-ms="11120" status="PASS">
          <params>
            <param index="0">
              <value>
                <![CDATA["Siloam325 Sales input data karyawan dua kombinasi kosong"]]>
              </value>
            </param>
            <param index="1">
              <value>
                <![CDATA["Sales Input Data Dua Kombinasi Kosong"]]>
              </value>
            </param>
          </params>
          <reporter-output>
          </reporter-output>
        </test-method> <!-- runScenario -->
        <test-method signature="runScenario(io.cucumber.testng.PickleWrapper,io.cucumber.testng.FeatureWrapper)[pri:0, instance:cucumber.framework.runner.siloam.inputdatapage.InputDataOutlineRunner@433defed]" started-at="2022-10-04T14:58:37 ICT" name="runScenario" description="Runs Cucumber Scenarios" data-provider="scenarios" finished-at="2022-10-04T14:58:48 ICT" duration-ms="11188" status="PASS">
          <params>
            <param index="0">
              <value>
                <![CDATA["Siloam325 Sales input data karyawan dua kombinasi kosong"]]>
              </value>
            </param>
            <param index="1">
              <value>
                <![CDATA["Sales Input Data Dua Kombinasi Kosong"]]>
              </value>
            </param>
          </params>
          <reporter-output>
          </reporter-output>
        </test-method> <!-- runScenario -->
        <test-method signature="runScenario(io.cucumber.testng.PickleWrapper,io.cucumber.testng.FeatureWrapper)[pri:0, instance:cucumber.framework.runner.siloam.inputdatapage.InputDataOutlineRunner@433defed]" started-at="2022-10-04T14:58:48 ICT" name="runScenario" description="Runs Cucumber Scenarios" data-provider="scenarios" finished-at="2022-10-04T14:58:58 ICT" duration-ms="10059" status="PASS">
          <params>
            <param index="0">
              <value>
                <![CDATA["Siloam325 Sales input data karyawan dua kombinasi kosong"]]>
              </value>
            </param>
            <param index="1">
              <value>
                <![CDATA["Sales Input Data Dua Kombinasi Kosong"]]>
              </value>
            </param>
          </params>
          <reporter-output>
          </reporter-output>
        </test-method> <!-- runScenario -->
        <test-method is-config="true" signature="tearDownClass()[pri:0, instance:cucumber.framework.runner.siloam.inputdatapage.InputDataOutlineRunner@433defed]" started-at="2022-10-04T14:58:58 ICT" name="tearDownClass" finished-at="2022-10-04T14:59:00 ICT" duration-ms="1406" status="PASS">
          <reporter-output>
          </reporter-output>
        </test-method> <!-- tearDownClass -->
      </class> <!-- cucumber.framework.runner.siloam.inputdatapage.InputDataOutlineRunner -->
    </test> <!-- Default test -->
  </suite> <!-- Default suite -->
</testng-results>
