<?xml version="1.0" encoding="UTF-8"?>
<testng-results ignored="0" total="18" passed="17" failed="1" skipped="0">
  <reporter-output>
  </reporter-output>
  <suite started-at="2022-10-08T14:36:54 ICT" name="Default suite" finished-at="2022-10-08T14:43:24 ICT" duration-ms="389155">
    <groups>
      <group name="cucumber">
        <method signature="AbstractTestNGCucumberTests.runScenario(io.cucumber.testng.PickleWrapper,io.cucumber.testng.FeatureWrapper)[pri:0, instance:cucumber.framework.runner.siloam.viewexportpage.ViewExportRunnerOutline@2df3b89c]" name="runScenario" class="io.cucumber.testng.AbstractTestNGCucumberTests"/>
      </group> <!-- cucumber -->
    </groups>
    <test started-at="2022-10-08T14:36:54 ICT" name="Default test" finished-at="2022-10-08T14:43:24 ICT" duration-ms="389155">
      <class name="cucumber.framework.runner.siloam.viewexportpage.ViewExportRunnerOutline">
        <test-method is-config="true" signature="setUpClass(org.testng.ITestContext)[pri:0, instance:cucumber.framework.runner.siloam.viewexportpage.ViewExportRunnerOutline@2df3b89c]" started-at="2022-10-08T14:36:54 ICT" name="setUpClass" finished-at="2022-10-08T14:36:55 ICT" duration-ms="645" status="PASS">
          <params>
            <param index="0">
              <value>
                <![CDATA[org.testng.TestRunner@2bf4fa1]]>
              </value>
            </param>
          </params>
          <reporter-output>
          </reporter-output>
        </test-method> <!-- setUpClass -->
        <test-method signature="runScenario(io.cucumber.testng.PickleWrapper,io.cucumber.testng.FeatureWrapper)[pri:0, instance:cucumber.framework.runner.siloam.viewexportpage.ViewExportRunnerOutline@2df3b89c]" started-at="2022-10-08T14:36:55 ICT" name="runScenario" description="Runs Cucumber Scenarios" data-provider="scenarios" finished-at="2022-10-08T14:37:48 ICT" duration-ms="52796" status="PASS">
          <params>
            <param index="0">
              <value>
                <![CDATA["Siloam020 Admin Memasukkan Start Date End Date Tekan Filter"]]>
              </value>
            </param>
            <param index="1">
              <value>
                <![CDATA["Admin Melihat Data Karyawan"]]>
              </value>
            </param>
          </params>
          <reporter-output>
          </reporter-output>
        </test-method> <!-- runScenario -->
        <test-method signature="runScenario(io.cucumber.testng.PickleWrapper,io.cucumber.testng.FeatureWrapper)[pri:0, instance:cucumber.framework.runner.siloam.viewexportpage.ViewExportRunnerOutline@2df3b89c]" started-at="2022-10-08T14:37:48 ICT" name="runScenario" description="Runs Cucumber Scenarios" data-provider="scenarios" finished-at="2022-10-08T14:38:03 ICT" duration-ms="14860" status="PASS">
          <params>
            <param index="0">
              <value>
                <![CDATA["Siloam025 Admin Tekan Refresh"]]>
              </value>
            </param>
            <param index="1">
              <value>
                <![CDATA["Admin Melakukan Refresh"]]>
              </value>
            </param>
          </params>
          <reporter-output>
          </reporter-output>
        </test-method> <!-- runScenario -->
        <test-method signature="runScenario(io.cucumber.testng.PickleWrapper,io.cucumber.testng.FeatureWrapper)[pri:0, instance:cucumber.framework.runner.siloam.viewexportpage.ViewExportRunnerOutline@2df3b89c]" started-at="2022-10-08T14:38:03 ICT" name="runScenario" description="Runs Cucumber Scenarios" data-provider="scenarios" finished-at="2022-10-08T14:38:27 ICT" duration-ms="23717" status="PASS">
          <params>
            <param index="0">
              <value>
                <![CDATA["Siloam030 Admin Tekan Download"]]>
              </value>
            </param>
            <param index="1">
              <value>
                <![CDATA["Admin Melakukan Download"]]>
              </value>
            </param>
          </params>
          <reporter-output>
          </reporter-output>
        </test-method> <!-- runScenario -->
        <test-method signature="runScenario(io.cucumber.testng.PickleWrapper,io.cucumber.testng.FeatureWrapper)[pri:0, instance:cucumber.framework.runner.siloam.viewexportpage.ViewExportRunnerOutline@2df3b89c]" started-at="2022-10-08T14:38:27 ICT" name="runScenario" description="Runs Cucumber Scenarios" data-provider="scenarios" finished-at="2022-10-08T14:38:51 ICT" duration-ms="24924" status="PASS">
          <params>
            <param index="0">
              <value>
                <![CDATA["Siloam035 Admin Tekan Export"]]>
              </value>
            </param>
            <param index="1">
              <value>
                <![CDATA["Admin Melakukan Export"]]>
              </value>
            </param>
          </params>
          <reporter-output>
          </reporter-output>
        </test-method> <!-- runScenario -->
        <test-method signature="runScenario(io.cucumber.testng.PickleWrapper,io.cucumber.testng.FeatureWrapper)[pri:0, instance:cucumber.framework.runner.siloam.viewexportpage.ViewExportRunnerOutline@2df3b89c]" started-at="2022-10-08T14:38:51 ICT" name="runScenario" description="Runs Cucumber Scenarios" data-provider="scenarios" finished-at="2022-10-08T14:39:07 ICT" duration-ms="15973" status="PASS">
          <params>
            <param index="0">
              <value>
                <![CDATA["Siloam040 Admin Menekan View"]]>
              </value>
            </param>
            <param index="1">
              <value>
                <![CDATA["Admin Menekan View"]]>
              </value>
            </param>
          </params>
          <reporter-output>
          </reporter-output>
        </test-method> <!-- runScenario -->
        <test-method signature="runScenario(io.cucumber.testng.PickleWrapper,io.cucumber.testng.FeatureWrapper)[pri:0, instance:cucumber.framework.runner.siloam.viewexportpage.ViewExportRunnerOutline@2df3b89c]" started-at="2022-10-08T14:39:07 ICT" name="runScenario" description="Runs Cucumber Scenarios" data-provider="scenarios" finished-at="2022-10-08T14:39:15 ICT" duration-ms="7989" status="PASS">
          <params>
            <param index="0">
              <value>
                <![CDATA["Siloam045 Admin Menekan Back"]]>
              </value>
            </param>
            <param index="1">
              <value>
                <![CDATA["Admin Menekan Tombol Back"]]>
              </value>
            </param>
          </params>
          <reporter-output>
          </reporter-output>
        </test-method> <!-- runScenario -->
        <test-method signature="runScenario(io.cucumber.testng.PickleWrapper,io.cucumber.testng.FeatureWrapper)[pri:0, instance:cucumber.framework.runner.siloam.viewexportpage.ViewExportRunnerOutline@2df3b89c]" started-at="2022-10-08T14:39:15 ICT" name="runScenario" description="Runs Cucumber Scenarios" data-provider="scenarios" finished-at="2022-10-08T14:39:52 ICT" duration-ms="36439" status="FAIL">
          <params>
            <param index="0">
              <value>
                <![CDATA["Siloam050 Admin Menekan Preview Data"]]>
              </value>
            </param>
            <param index="1">
              <value>
                <![CDATA["Admin Menekan Preview Data"]]>
              </value>
            </param>
          </params>
          <exception class="java.lang.AssertionError">
            <full-stacktrace>
              <![CDATA[java.lang.AssertionError
at org.junit.Assert.fail(Assert.java:92)
at org.junit.Assert.assertTrue(Assert.java:43)
at org.junit.Assert.assertFalse(Assert.java:68)
at org.junit.Assert.assertFalse(Assert.java:79)
at cucumber.framework.runner.siloam.viewexportpage.TestPreviewData.siloam050_validasi_data_pada_dokumen_pdf(TestPreviewData.java:82)
at ✽.Siloam050 Validasi Data Pada Dokumen PDF(file:///C:/Users/ROG/git/Tugas%20Akhir/Novri/TA-SQUAD-KEL-SATU/TA-SQUAD-KEL-SATU/src/test/resources/features/siloam-outline/050AdminMenekanPreviewData.feature:11)
]]>
            </full-stacktrace>
          </exception> <!-- java.lang.AssertionError -->
          <reporter-output>
          </reporter-output>
        </test-method> <!-- runScenario -->
        <test-method signature="runScenario(io.cucumber.testng.PickleWrapper,io.cucumber.testng.FeatureWrapper)[pri:0, instance:cucumber.framework.runner.siloam.viewexportpage.ViewExportRunnerOutline@2df3b89c]" started-at="2022-10-08T14:39:52 ICT" name="runScenario" description="Runs Cucumber Scenarios" data-provider="scenarios" finished-at="2022-10-08T14:40:29 ICT" duration-ms="37437" status="PASS">
          <params>
            <param index="0">
              <value>
                <![CDATA["Siloam055 Admin Tekan Faskes Awal"]]>
              </value>
            </param>
            <param index="1">
              <value>
                <![CDATA["Admin Menekan Link Foto Faskes Awal"]]>
              </value>
            </param>
          </params>
          <reporter-output>
          </reporter-output>
        </test-method> <!-- runScenario -->
        <test-method signature="runScenario(io.cucumber.testng.PickleWrapper,io.cucumber.testng.FeatureWrapper)[pri:0, instance:cucumber.framework.runner.siloam.viewexportpage.ViewExportRunnerOutline@2df3b89c]" started-at="2022-10-08T14:40:29 ICT" name="runScenario" description="Runs Cucumber Scenarios" data-provider="scenarios" finished-at="2022-10-08T14:40:59 ICT" duration-ms="29528" status="PASS">
          <params>
            <param index="0">
              <value>
                <![CDATA["Siloam060 Admin Tekan Faskes Tujuan"]]>
              </value>
            </param>
            <param index="1">
              <value>
                <![CDATA["Admin Menekan Link Foto Faskes Tujuan"]]>
              </value>
            </param>
          </params>
          <reporter-output>
          </reporter-output>
        </test-method> <!-- runScenario -->
        <test-method signature="runScenario(io.cucumber.testng.PickleWrapper,io.cucumber.testng.FeatureWrapper)[pri:0, instance:cucumber.framework.runner.siloam.viewexportpage.ViewExportRunnerOutline@2df3b89c]" started-at="2022-10-08T14:40:59 ICT" name="runScenario" description="Runs Cucumber Scenarios" data-provider="scenarios" finished-at="2022-10-08T14:41:49 ICT" duration-ms="50118" status="PASS">
          <params>
            <param index="0">
              <value>
                <![CDATA["Siloam065 Admin Tekan PDF Agreement"]]>
              </value>
            </param>
            <param index="1">
              <value>
                <![CDATA["Admin Menekan Link PDF Agreement"]]>
              </value>
            </param>
          </params>
          <reporter-output>
          </reporter-output>
        </test-method> <!-- runScenario -->
        <test-method signature="runScenario(io.cucumber.testng.PickleWrapper,io.cucumber.testng.FeatureWrapper)[pri:0, instance:cucumber.framework.runner.siloam.viewexportpage.ViewExportRunnerOutline@2df3b89c]" started-at="2022-10-08T14:41:49 ICT" name="runScenario" description="Runs Cucumber Scenarios" data-provider="scenarios" finished-at="2022-10-08T14:42:00 ICT" duration-ms="11272" status="PASS">
          <params>
            <param index="0">
              <value>
                <![CDATA["Siloam070 Admin Melihat Data Karyawan Invalid Empty"]]>
              </value>
            </param>
            <param index="1">
              <value>
                <![CDATA["Admin Melihat Data Karyawan Invalid"]]>
              </value>
            </param>
          </params>
          <reporter-output>
          </reporter-output>
        </test-method> <!-- runScenario -->
        <test-method signature="runScenario(io.cucumber.testng.PickleWrapper,io.cucumber.testng.FeatureWrapper)[pri:0, instance:cucumber.framework.runner.siloam.viewexportpage.ViewExportRunnerOutline@2df3b89c]" started-at="2022-10-08T14:42:00 ICT" name="runScenario" description="Runs Cucumber Scenarios" data-provider="scenarios" finished-at="2022-10-08T14:42:13 ICT" duration-ms="13280" status="PASS">
          <params>
            <param index="0">
              <value>
                <![CDATA["Siloam070 Admin Melihat Data Karyawan Invalid Empty"]]>
              </value>
            </param>
            <param index="1">
              <value>
                <![CDATA["Admin Melihat Data Karyawan Invalid"]]>
              </value>
            </param>
          </params>
          <reporter-output>
          </reporter-output>
        </test-method> <!-- runScenario -->
        <test-method signature="runScenario(io.cucumber.testng.PickleWrapper,io.cucumber.testng.FeatureWrapper)[pri:0, instance:cucumber.framework.runner.siloam.viewexportpage.ViewExportRunnerOutline@2df3b89c]" started-at="2022-10-08T14:42:13 ICT" name="runScenario" description="Runs Cucumber Scenarios" data-provider="scenarios" finished-at="2022-10-08T14:42:29 ICT" duration-ms="15289" status="PASS">
          <params>
            <param index="0">
              <value>
                <![CDATA["Siloam070 Admin Melihat Data Karyawan Invalid Empty"]]>
              </value>
            </param>
            <param index="1">
              <value>
                <![CDATA["Admin Melihat Data Karyawan Invalid"]]>
              </value>
            </param>
          </params>
          <reporter-output>
          </reporter-output>
        </test-method> <!-- runScenario -->
        <test-method signature="runScenario(io.cucumber.testng.PickleWrapper,io.cucumber.testng.FeatureWrapper)[pri:0, instance:cucumber.framework.runner.siloam.viewexportpage.ViewExportRunnerOutline@2df3b89c]" started-at="2022-10-08T14:42:29 ICT" name="runScenario" description="Runs Cucumber Scenarios" data-provider="scenarios" finished-at="2022-10-08T14:42:37 ICT" duration-ms="7906" status="PASS">
          <params>
            <param index="0">
              <value>
                <![CDATA["Siloam075 Admin Tekan Export Start End Date Empty"]]>
              </value>
            </param>
            <param index="1">
              <value>
                <![CDATA["Admin Menekan Export Invalid"]]>
              </value>
            </param>
          </params>
          <reporter-output>
          </reporter-output>
        </test-method> <!-- runScenario -->
        <test-method signature="runScenario(io.cucumber.testng.PickleWrapper,io.cucumber.testng.FeatureWrapper)[pri:0, instance:cucumber.framework.runner.siloam.viewexportpage.ViewExportRunnerOutline@2df3b89c]" started-at="2022-10-08T14:42:37 ICT" name="runScenario" description="Runs Cucumber Scenarios" data-provider="scenarios" finished-at="2022-10-08T14:42:52 ICT" duration-ms="15471" status="PASS">
          <params>
            <param index="0">
              <value>
                <![CDATA["Siloam075 Admin Tekan Export Data Empty"]]>
              </value>
            </param>
            <param index="1">
              <value>
                <![CDATA["Admin Menekan Export Invalid"]]>
              </value>
            </param>
          </params>
          <reporter-output>
          </reporter-output>
        </test-method> <!-- runScenario -->
        <test-method signature="runScenario(io.cucumber.testng.PickleWrapper,io.cucumber.testng.FeatureWrapper)[pri:0, instance:cucumber.framework.runner.siloam.viewexportpage.ViewExportRunnerOutline@2df3b89c]" started-at="2022-10-08T14:42:52 ICT" name="runScenario" description="Runs Cucumber Scenarios" data-provider="scenarios" finished-at="2022-10-08T14:43:00 ICT" duration-ms="7914" status="PASS">
          <params>
            <param index="0">
              <value>
                <![CDATA["Siloam080 Admin Tekan Download Start End Date Empty"]]>
              </value>
            </param>
            <param index="1">
              <value>
                <![CDATA["Admin Menekan Download Invalid"]]>
              </value>
            </param>
          </params>
          <reporter-output>
          </reporter-output>
        </test-method> <!-- runScenario -->
        <test-method signature="runScenario(io.cucumber.testng.PickleWrapper,io.cucumber.testng.FeatureWrapper)[pri:0, instance:cucumber.framework.runner.siloam.viewexportpage.ViewExportRunnerOutline@2df3b89c]" started-at="2022-10-08T14:43:00 ICT" name="runScenario" description="Runs Cucumber Scenarios" data-provider="scenarios" finished-at="2022-10-08T14:43:15 ICT" duration-ms="14497" status="PASS">
          <params>
            <param index="0">
              <value>
                <![CDATA["Siloam080 Admin Tekan Download Data Empty"]]>
              </value>
            </param>
            <param index="1">
              <value>
                <![CDATA["Admin Menekan Download Invalid"]]>
              </value>
            </param>
          </params>
          <reporter-output>
          </reporter-output>
        </test-method> <!-- runScenario -->
        <test-method signature="runScenario(io.cucumber.testng.PickleWrapper,io.cucumber.testng.FeatureWrapper)[pri:0, instance:cucumber.framework.runner.siloam.viewexportpage.ViewExportRunnerOutline@2df3b89c]" started-at="2022-10-08T14:43:15 ICT" name="runScenario" description="Runs Cucumber Scenarios" data-provider="scenarios" finished-at="2022-10-08T14:43:22 ICT" duration-ms="7547" status="PASS">
          <params>
            <param index="0">
              <value>
                <![CDATA["Siloam200 Admin Menekan Tombol LogOut"]]>
              </value>
            </param>
            <param index="1">
              <value>
                <![CDATA["Admin LogOut"]]>
              </value>
            </param>
          </params>
          <reporter-output>
          </reporter-output>
        </test-method> <!-- runScenario -->
        <test-method is-config="true" signature="tearDownClass()[pri:0, instance:cucumber.framework.runner.siloam.viewexportpage.ViewExportRunnerOutline@2df3b89c]" started-at="2022-10-08T14:43:22 ICT" name="tearDownClass" finished-at="2022-10-08T14:43:24 ICT" duration-ms="1482" status="PASS">
          <reporter-output>
          </reporter-output>
        </test-method> <!-- tearDownClass -->
      </class> <!-- cucumber.framework.runner.siloam.viewexportpage.ViewExportRunnerOutline -->
    </test> <!-- Default test -->
  </suite> <!-- Default suite -->
</testng-results>
