<?xml version="1.0" encoding="UTF-8"?>
<testng-results ignored="0" total="6" passed="6" failed="0" skipped="0">
  <reporter-output>
  </reporter-output>
  <suite started-at="2022-10-05T23:10:22 ICT" name="Default suite" finished-at="2022-10-05T23:11:15 ICT" duration-ms="52177">
    <groups>
      <group name="cucumber">
        <method signature="AbstractTestNGCucumberTests.runScenario(io.cucumber.testng.PickleWrapper,io.cucumber.testng.FeatureWrapper)[pri:0, instance:cucumber.framework.runner.siloam.ttddigitalpage.TandaTanganDigitalOutlineRunner@2df3b89c]" name="runScenario" class="io.cucumber.testng.AbstractTestNGCucumberTests"/>
      </group> <!-- cucumber -->
    </groups>
    <test started-at="2022-10-05T23:10:22 ICT" name="Default test" finished-at="2022-10-05T23:11:15 ICT" duration-ms="52177">
      <class name="cucumber.framework.runner.siloam.ttddigitalpage.TandaTanganDigitalOutlineRunner">
        <test-method is-config="true" signature="setUpClass(org.testng.ITestContext)[pri:0, instance:cucumber.framework.runner.siloam.ttddigitalpage.TandaTanganDigitalOutlineRunner@2df3b89c]" started-at="2022-10-05T23:10:23 ICT" name="setUpClass" finished-at="2022-10-05T23:10:23 ICT" duration-ms="381" status="PASS">
          <params>
            <param index="0">
              <value>
                <![CDATA[org.testng.TestRunner@3b170235]]>
              </value>
            </param>
          </params>
          <reporter-output>
          </reporter-output>
        </test-method> <!-- setUpClass -->
        <test-method signature="runScenario(io.cucumber.testng.PickleWrapper,io.cucumber.testng.FeatureWrapper)[pri:0, instance:cucumber.framework.runner.siloam.ttddigitalpage.TandaTanganDigitalOutlineRunner@2df3b89c]" started-at="2022-10-05T23:10:23 ICT" name="runScenario" description="Runs Cucumber Scenarios" data-provider="scenarios" finished-at="2022-10-05T23:10:40 ICT" duration-ms="16627" status="PASS">
          <params>
            <param index="0">
              <value>
                <![CDATA["Siloam370001 Sales tekan tombol hapus file upload before dan klik cancel"]]>
              </value>
            </param>
            <param index="1">
              <value>
                <![CDATA["Sales Hapus File Upload Before"]]>
              </value>
            </param>
          </params>
          <reporter-output>
          </reporter-output>
        </test-method> <!-- runScenario -->
        <test-method signature="runScenario(io.cucumber.testng.PickleWrapper,io.cucumber.testng.FeatureWrapper)[pri:0, instance:cucumber.framework.runner.siloam.ttddigitalpage.TandaTanganDigitalOutlineRunner@2df3b89c]" started-at="2022-10-05T23:10:40 ICT" name="runScenario" description="Runs Cucumber Scenarios" data-provider="scenarios" finished-at="2022-10-05T23:10:46 ICT" duration-ms="6607" status="PASS">
          <params>
            <param index="0">
              <value>
                <![CDATA["Siloam370002 Sales tekan tombol hapus file upload before dan klik ok"]]>
              </value>
            </param>
            <param index="1">
              <value>
                <![CDATA["Sales Hapus File Upload Before"]]>
              </value>
            </param>
          </params>
          <reporter-output>
          </reporter-output>
        </test-method> <!-- runScenario -->
        <test-method signature="runScenario(io.cucumber.testng.PickleWrapper,io.cucumber.testng.FeatureWrapper)[pri:0, instance:cucumber.framework.runner.siloam.ttddigitalpage.TandaTanganDigitalOutlineRunner@2df3b89c]" started-at="2022-10-05T23:10:46 ICT" name="runScenario" description="Runs Cucumber Scenarios" data-provider="scenarios" finished-at="2022-10-05T23:10:56 ICT" duration-ms="9534" status="PASS">
          <params>
            <param index="0">
              <value>
                <![CDATA["Siloam375001 Sales tekan tombol hapus file upload after dan klik cancel"]]>
              </value>
            </param>
            <param index="1">
              <value>
                <![CDATA["Sales Hapus File Upload After"]]>
              </value>
            </param>
          </params>
          <reporter-output>
          </reporter-output>
        </test-method> <!-- runScenario -->
        <test-method signature="runScenario(io.cucumber.testng.PickleWrapper,io.cucumber.testng.FeatureWrapper)[pri:0, instance:cucumber.framework.runner.siloam.ttddigitalpage.TandaTanganDigitalOutlineRunner@2df3b89c]" started-at="2022-10-05T23:10:56 ICT" name="runScenario" description="Runs Cucumber Scenarios" data-provider="scenarios" finished-at="2022-10-05T23:10:59 ICT" duration-ms="3667" status="PASS">
          <params>
            <param index="0">
              <value>
                <![CDATA["Siloam375002 Sales tekan tombol hapus file upload after dan klik ok"]]>
              </value>
            </param>
            <param index="1">
              <value>
                <![CDATA["Sales Hapus File Upload After"]]>
              </value>
            </param>
          </params>
          <reporter-output>
          </reporter-output>
        </test-method> <!-- runScenario -->
        <test-method signature="runScenario(io.cucumber.testng.PickleWrapper,io.cucumber.testng.FeatureWrapper)[pri:0, instance:cucumber.framework.runner.siloam.ttddigitalpage.TandaTanganDigitalOutlineRunner@2df3b89c]" started-at="2022-10-05T23:10:59 ICT" name="runScenario" description="Runs Cucumber Scenarios" data-provider="scenarios" finished-at="2022-10-05T23:11:10 ICT" duration-ms="10958" status="PASS">
          <params>
            <param index="0">
              <value>
                <![CDATA["Siloam380001 Sales tekan tombol hapus file upload ttd dan klik cancel"]]>
              </value>
            </param>
            <param index="1">
              <value>
                <![CDATA["Sales Hapus File Upload TTD"]]>
              </value>
            </param>
          </params>
          <reporter-output>
          </reporter-output>
        </test-method> <!-- runScenario -->
        <test-method signature="runScenario(io.cucumber.testng.PickleWrapper,io.cucumber.testng.FeatureWrapper)[pri:0, instance:cucumber.framework.runner.siloam.ttddigitalpage.TandaTanganDigitalOutlineRunner@2df3b89c]" started-at="2022-10-05T23:11:10 ICT" name="runScenario" description="Runs Cucumber Scenarios" data-provider="scenarios" finished-at="2022-10-05T23:11:13 ICT" duration-ms="3113" status="PASS">
          <params>
            <param index="0">
              <value>
                <![CDATA["Siloam380002 Sales tekan tombol hapus file upload ttd dan klik ok"]]>
              </value>
            </param>
            <param index="1">
              <value>
                <![CDATA["Sales Hapus File Upload TTD"]]>
              </value>
            </param>
          </params>
          <reporter-output>
          </reporter-output>
        </test-method> <!-- runScenario -->
        <test-method is-config="true" signature="tearDownClass()[pri:0, instance:cucumber.framework.runner.siloam.ttddigitalpage.TandaTanganDigitalOutlineRunner@2df3b89c]" started-at="2022-10-05T23:11:13 ICT" name="tearDownClass" finished-at="2022-10-05T23:11:15 ICT" duration-ms="1258" status="PASS">
          <reporter-output>
          </reporter-output>
        </test-method> <!-- tearDownClass -->
      </class> <!-- cucumber.framework.runner.siloam.ttddigitalpage.TandaTanganDigitalOutlineRunner -->
    </test> <!-- Default test -->
  </suite> <!-- Default suite -->
</testng-results>
