<?xml version="1.0" encoding="UTF-8" standalone="no"?>
<testsuite errors="0" failures="0" name="io.cucumber.core.plugin.JUnitFormatter" skipped="0" tests="38" time="359.846">
    <testcase classname="Form Return Sales Filter" name="Siloam085 Form Return Sales Input Start End Date Tekan Filter Complete" time="21.704">
        <system-out><![CDATA[When Siloam085 Sales Sudah Login Dan Berada Di Halaman Form Return Complete.passed
And Siloam085 Sales Input Start Date Complete...............................passed
And Siloam085 Sales Input End Date Complete.................................passed
And Siloam085 Sales Input Status Complete...................................passed
And Siloam085 Sales Tekan Tombol Filter Complete............................passed
Then Siloam085 Validasi data complete tampil pada halaman form return.......passed
]]></system-out>
    </testcase>
    <testcase classname="Form Return Sales Filter" name="Siloam085 Form Return Sales Tekan Reset Complete" time="17.457">
        <system-out><![CDATA[Given Siloam085 Sales Sudah Login Dan Sudah Input Start Date End Date Status Dan Tekan Tilter.passed
When Siloam085 Sales Menekan Tombol Reset Complete..........................passed
Then Siloam085 Validasi Start Date End Date Kosong..........................passed
]]></system-out>
    </testcase>
    <testcase classname="Form Return Sales Filter" name="Siloam085 Form Return Sales Input Start End Date Tekan Filter Pending" time="15.178">
        <system-out><![CDATA[Given Siloam085 Sales Sudah Login Dan Berada Di Halaman Form Return Pending.passed
When Siloam085 Sales Input Start Date Pending...............................passed
And Siloam085 Sales Input End Date Pending..................................passed
And Siloam085 Sales Input Status Pending....................................passed
And Siloam085 Sales Tekan Tombol Filter Pending.............................passed
Then Siloam085 Validasi Data Pending Tampil Pada Halaman Form Return........passed
]]></system-out>
    </testcase>
    <testcase classname="Form Return Sales Filter" name="Siloam085 Form Return Sales Tekan Reset Pending" time="17.349">
        <system-out><![CDATA[Given Siloam085 Sales Sudah Login Dan Sudah Input Start Date End Date Status Dan Tekan Filter Pending.passed
When Siloam085 Sales Menekan Tombol Reset Pending...........................passed
Then Siloam085 Validasi Start Date End Date Kosong Pending..................passed
]]></system-out>
    </testcase>
    <testcase classname="Form Return Sales Filter" name="Siloam085 Form Return Sales Input Start End Date Tekan Filter Pilih" time="12.113">
        <system-out><![CDATA[Given Siloam085 Sales Sudah Login Dan Berada Di Halaman Form Return Pilih...passed
When Siloam085 Sales Input Start Date Pilih.................................passed
And Siloam085 Sales Input End Date Pilih....................................passed
And Siloam085 Sales Tekan Tombol Filter Pilih...............................passed
Then Siloam085 Validasi Data Pilih Tampil Pada Halaman Form Return..........passed
]]></system-out>
    </testcase>
    <testcase classname="Form Return Sales Filter" name="Siloam085 Form Return Sales Tekan Reset Pilih" time="14.275">
        <system-out><![CDATA[Given Siloam085 Sales Sudah Login Dan Sudah Input Start Date End Date Status Dan Tekan Filter Pilih.passed
When Siloam085 Sales Menekan Tombol Reset Pilih.............................passed
Then Siloam085 Validasi Start Date End Date Kosong Pilih....................passed
]]></system-out>
    </testcase>
    <testcase classname="Form Return Sales Show Page" name="Siloam090 Form Return Sales Show Page Sepuluh" time="11.002">
        <system-out><![CDATA[When Siloam090 Sales Sudah Login Dan Berada Di Halaman Form Return Show Page Sepuluh.passed
And Siloam090 Sales Tekan Tombol Show Sepuluh...............................passed
And Siloam090 Sales Pilih Sepuluh...........................................passed
Then Siloam090 Validasi Angka Sepuluh.......................................passed
]]></system-out>
    </testcase>
    <testcase classname="Form Return Sales Show Page" name="Siloam090 Form Return Sales Show Page Sepuluh Next" time="10.906">
        <system-out><![CDATA[When Siloam090 Sales Sudah Login Berada Di Halaman Form Return Dan Pilih Show Page Sepuluh.passed
And Siloam090 Sales Tekan Tombol Show Sepuluh Next..........................passed
Then Siloam090 Validasi Angka Sebelas.......................................passed
]]></system-out>
    </testcase>
    <testcase classname="Form Return Sales Show Page" name="Siloam090 Form Return Sales Show Page Sepuluh Previous" time="12.103">
        <system-out><![CDATA[When Siloam090 Sales Sudah Login Berada Di Halaman Form Return Pilih Show Page Sepuluh Dan Next.passed
And Siloam090 Sales Tekan Tombol Show Sepuluh Previous......................passed
Then Siloam090 Validasi Angka Sepuluh Previous..............................passed
]]></system-out>
    </testcase>
    <testcase classname="Form Return Sales Show Page" name="Siloam090 Form Return Sales Show Page Dua Puluh Lima" time="10.874">
        <system-out><![CDATA[When Siloam090 Sales Sudah Login Dan Berada Di Halaman Form Return Show Page Dua Puluh Lima.passed
And Siloam090 Sales Tekan Tombol Show Dua Puluh Lima........................passed
And Siloam090 Sales Pilih Dua Puluh Lima....................................passed
Then Siloam090 Validasi Angka Dua Puluh Lima................................passed
]]></system-out>
    </testcase>
    <testcase classname="Form Return Sales Show Page" name="Siloam090 Form Return Sales Show Page Dua Puluh Lima Next" time="12.871">
        <system-out><![CDATA[When Siloam090 Sales Sudah Login Berada Di Halaman Form Return Dan Pilih Show Page Dua Puluh Lima.passed
And Siloam090 Sales Tekan Tombol Show Dua Puluh Lima Next...................passed
Then Siloam090 Validasi Angka Dua Puluh Enam................................passed
]]></system-out>
    </testcase>
    <testcase classname="Form Return Sales Show Page" name="Siloam090 Form Return Sales Show Page Dua Puluh Lima Previous" time="11.944">
        <system-out><![CDATA[When Siloam090 Sales Sudah Login Berada Di Halaman Form Return Pilih Show Page Dua Puluh Lima Dan Next.passed
And Siloam090 Sales Tekan Tombol Show Dua Puluh Lima Previous...............passed
Then Siloam090 Validasi Angka Dua Puluh Lima Previous.......................passed
]]></system-out>
    </testcase>
    <testcase classname="Form Return Sales Show Page" name="Siloam090 Form Return Sales Show Page Lima Puluh" time="11.107">
        <system-out><![CDATA[When Siloam090 Sales Sudah Login Dan Berada Di Halaman Form Return Show Page Lima Puluh.passed
And Siloam090 Sales Tekan Tombol Show Lima Puluh............................passed
And Siloam090 Sales Pilih Lima Puluh........................................passed
Then Siloam090 Validasi Angka Lima Puluh....................................passed
]]></system-out>
    </testcase>
    <testcase classname="Form Return Sales Show Page" name="Siloam090 Form Return Sales Show Page Lima Puluh Next" time="13.041">
        <system-out><![CDATA[When Siloam090 Sales Sudah Login Berada Di Halaman Form Return Dan Pilih Show Page Lima Puluh.passed
And Siloam090 Sales Tekan Tombol Show Lima Puluh Next.......................passed
Then Siloam090 Validasi Angka Lima Puluh Satu...............................passed
]]></system-out>
    </testcase>
    <testcase classname="Form Return Sales Show Page" name="Siloam090 Form Return Sales Show Page Lima Puluh Previous" time="12.235">
        <system-out><![CDATA[When Siloam090 Sales Sudah Login Berada Di Halaman Form Return Pilih Show Page Lima Puluh Dan Next.passed
And Siloam090 Sales Tekan Tombol Show Lima Puluh Previous...................passed
Then Siloam090 Validasi Angka Lima Puluh Previous...........................passed
]]></system-out>
    </testcase>
    <testcase classname="Form Return Sales Show Page" name="Siloam090 Form Return Sales Show Page Seratus" time="11.062">
        <system-out><![CDATA[When Siloam090 Sales Sudah Login Dan Berada Di Halaman Form Return Show Page Seratus.passed
And Siloam090 Sales Tekan Tombol Show Seratus...............................passed
And Siloam090 Sales Pilih Seratus...........................................passed
Then Siloam090 Validasi Angka Seratus.......................................passed
]]></system-out>
    </testcase>
    <testcase classname="Form Return Sales Show Page" name="Siloam090 Form Return Sales Show Page Seratus Next" time="13.007">
        <system-out><![CDATA[When Siloam090 Sales Sudah Login Berada Di Halaman Form Return Dan Pilih Show Page Seratus.passed
And Siloam090 Sales Tekan Tombol Show Seratus Next..........................passed
Then Siloam090 Validasi Angka Seratus Satu..................................passed
]]></system-out>
    </testcase>
    <testcase classname="Form Return Sales Show Page" name="Siloam090 Form Return Sales Show Page Seratus Previous" time="12.053">
        <system-out><![CDATA[When Siloam090 Sales Sudah Login Berada Di Halaman Form Return Pilih Show Page Seratus Dan Next.passed
And Siloam090 Sales Tekan Tombol Show Seratus Previous......................passed
Then Siloam090 Validasi Angka Seratus Previous..............................passed
]]></system-out>
    </testcase>
    <testcase classname="Form Return Sales Search" name="Siloam093 Form Return Sales Search Nama" time="9.161">
        <system-out><![CDATA[When Siloam093 Sales Sudah Login Dan Berada Di Halaman Form Return Search Nama.passed
And Siloam093 Sales Tekan Field Search Dan Input Nama.......................passed
And Siloam093 Sales Tekan Search Nama.......................................passed
Then Siloam093 Validasi Nama................................................passed
]]></system-out>
    </testcase>
    <testcase classname="Form Return Sales Search" name="Siloam093 Form Return Sales Reset Nama" time="1.578">
        <system-out><![CDATA[When Siloam093 Sales Tekan TOmbol Reset Nama................................passed
Then Siloam093 Validasi Reset Nama..........................................passed
]]></system-out>
    </testcase>
    <testcase classname="Form Return Sales Search" name="Siloam093 Form Return Sales Search Nomor BPJS" time="3.39">
        <system-out><![CDATA[When Siloam093 Sales Tekan Field Search Dan Input Nomor BPJS................passed
And Siloam093 Sales Tekan Search Nomor BPJS.................................passed
Then Siloam093 Validasi Nomor BPJS..........................................passed
]]></system-out>
    </testcase>
    <testcase classname="Form Return Sales Search" name="Siloam093 Form Return Sales Reset Nomor BPJS" time="1.849">
        <system-out><![CDATA[When Siloam093 Sales Tekan Tombol Reset Nomor BPJS..........................passed
Then Siloam093 Validasi Reset Nomor BPJS....................................passed
]]></system-out>
    </testcase>
    <testcase classname="Form Return Sales Search" name="Siloam093 Form Return Sales Search kota KTP" time="3.578">
        <system-out><![CDATA[When Siloam093 Sales Tekan Field Search Dan Input kota KTP..................passed
And Siloam093 Sales Tekan Search kota KTP...................................passed
Then Siloam093 Validasi kota KTP............................................passed
]]></system-out>
    </testcase>
    <testcase classname="Form Return Sales Search" name="Siloam093 Form Return Sales Reset kota KTP" time="2.133">
        <system-out><![CDATA[When Siloam093 Sales Tekan Tombol Reset kota KTP............................passed
Then Siloam093 Validasi Reset kota KTP......................................passed
]]></system-out>
    </testcase>
    <testcase classname="Form Return Sales Search" name="Siloam093 Form Return Sales Search Faskes Awal" time="3.332">
        <system-out><![CDATA[When Siloam093 Sales Tekan Field Search Dan Input Faskes Awal...............passed
And Siloam093 Sales Tekan Search Faskes Awal................................passed
Then Siloam093 Validasi Faskes Awal.........................................passed
]]></system-out>
    </testcase>
    <testcase classname="Form Return Sales Search" name="Siloam093 Form Return Sales Reset Faskes Awal" time="1.839">
        <system-out><![CDATA[When Siloam093 Sales Tekan Tombol Reset Faskes Awal.........................passed
Then Siloam093 Validasi Reset Faskes Awal...................................passed
]]></system-out>
    </testcase>
    <testcase classname="Form Return Sales Search" name="Siloam093 Form Return Sales Search Faskes Tujuan" time="3.379">
        <system-out><![CDATA[When Siloam093 Sales Tekan Field Search Dan Input Faskes Tujuan.............passed
And Siloam093 Sales Tekan Search Faskes Tujuan..............................passed
Then Siloam093 Validasi Faskes Tujuan.......................................passed
]]></system-out>
    </testcase>
    <testcase classname="Form Return Sales Search" name="Siloam093 Form Return Sales Reset Faskes Tujuan" time="1.55">
        <system-out><![CDATA[When Siloam093 Sales Tekan Tombol Reset Faskes Tujuan.......................passed
Then Siloam093 Validasi Reset Faskes Tujuan.................................passed
]]></system-out>
    </testcase>
    <testcase classname="Form Return Sales Search Invalid" name="Siloam095 Form Return Sales Invalid Search Nama" time="8.943">
        <system-out><![CDATA[When Siloam095 Sales Sudah Login Dan Berada Di Halaman Form Return Search Nama Invalid.passed
And Siloam095 Sales Tekan Field Search Dan Input Nama Invalid...............passed
And Siloam095 Sales Tekan Search Nama Invalid...............................passed
Then Siloam095 Validasi Nama Invalid........................................passed
]]></system-out>
    </testcase>
    <testcase classname="Form Return Sales Search Invalid" name="Siloam095 Form Return Sales Invalid Search Nomor BPJS" time="4.724">
        <system-out><![CDATA[When Siloam095 Sales Tekan Tombol Reset Nama................................passed
And Siloam095 Sales Tekan Field Search Dan Input Nomor BPJS Invalid.........passed
And Siloam095 Sales Tekan Search Nomor BPJS Invalid.........................passed
Then Siloam095 Validasi Nomor BPJS Invalid..................................passed
]]></system-out>
    </testcase>
    <testcase classname="Form Return Sales Search Invalid" name="Siloam095 Form Return Sales Invalid Search Kota KTP" time="4.904">
        <system-out><![CDATA[When Siloam095 Sales Tekan Tombol Reset Nomor BPJS..........................passed
And Siloam095 Sales Tekan Field Search Dan Input Kota KTP Invalid...........passed
And Siloam095 Sales Tekan Search Kota KTP Invalid...........................passed
Then Siloam095 Validasi Kota KTP Invalid....................................passed
]]></system-out>
    </testcase>
    <testcase classname="Form Return Sales Search Invalid" name="Siloam095 Form Return Sales Invalid Search Faskes Awal" time="4.714">
        <system-out><![CDATA[When Siloam095 Sales Tekan Tombol Reset Kota KTP............................passed
And Siloam095 Sales Tekan Field Search Dan Input Faskes Awal Invalid........passed
And Siloam095 Sales Tekan Search Faskes Awal Invalid........................passed
Then Siloam095 Validasi Faskes Awal Invalid.................................passed
]]></system-out>
    </testcase>
    <testcase classname="Form Return Sales Search Invalid" name="Siloam095 Form Return Sales Invalid Search Faskes Tujuan" time="4.74">
        <system-out><![CDATA[When Siloam095 Sales Tekan Tombol Reset Faskes Awal.........................passed
And Siloam095 Sales Tekan Field Search Dan Input Faskes Tujuan Invalid......passed
And Siloam095 Sales Tekan Search Faskes Tujuan Invalid......................passed
Then Siloam095 Validasi Faskes Tujuan Invalid...............................passed
]]></system-out>
    </testcase>
    <testcase classname="Form Return Sales Tekan Aksi" name="Siloam097 Form Return Sales Tekan Tombol Aksi" time="12.508">
        <system-out><![CDATA[When Siloam097 Sales Sudah Login Dan Berada Di Halaman Form Return Case Satu.passed
And Siloam097 Sales Tekan Field Search Dan Input Nama Dan Tekan Search......passed
And Siloam097 Sales Tekan Aksi..............................................passed
Then Siloam097 Validasi tampil kata TTD DIgital pada halaman TTD Digital....passed
]]></system-out>
    </testcase>
    <testcase classname="Form Return Sales Tekan Aksi" name="Siloam097 Form Return Sales Tekan Tombol Aksi Case Dua" time="10.17">
        <system-out><![CDATA[When Siloam097 Sales Sudah Login Dan Berada Di Halaman Form Return Case Dua.passed
And Siloam097 Sales Tekan Field Search Dan Input Nama Dan Tekan Search Case Dua.passed
And Siloam097 Sales Tekan Aksi Case Dua.....................................passed
Then Siloam097 Validasi tampil kata Upload Document pada halaman Upload Document.passed
]]></system-out>
    </testcase>
    <testcase classname="Form Return Sales Tekan Filter Invalid" name="Siloam099 Form Return Sales Tekan Tombol Filter Invalid Pending" time="16.301">
        <system-out><![CDATA[When Siloam099 Sales Sudah Login Dan Berada Di Halaman Form Return Invalid Filter Pending.passed
And Siloam099 Sales Input Start Date Dan End Date Untuk Empty Data Pending..passed
And Siloam099 Sales Pilih Status Pending....................................passed
And Siloam099 Sales Tekan Filter Pending....................................passed
Then Siloam099 Validasi Data Status Pending Tidak Ada.......................passed
]]></system-out>
    </testcase>
    <testcase classname="Form Return Sales Tekan Filter Invalid" name="Siloam099 Form Return Sales Tekan Tombol Filter Invalid Complete" time="11.616">
        <system-out><![CDATA[When Siloam099 Sales Tekan Reset Data Pending...............................passed
And Siloam099 Sales Input Start Date Dan End Date Untuk Empty Data Complete.passed
And Siloam099 Sales Pilih Status Complete...................................passed
And Siloam099 Sales Tekan Filter Complete...................................passed
Then Siloam099 Validasi Data Status Complete Tidak Ada......................passed
]]></system-out>
    </testcase>
    <testcase classname="Sales LogOut" name="Siloam205 Sales Menekan Tombol LogOut" time="6.38">
        <system-out><![CDATA[When Siloam205 Sales Sudah Login............................................passed
And Siloam205 Sales Menekan Tombol Akun Di Pojok Kanan Atas.................passed
And Siloam205 Sales Menekan LogOut..........................................passed
Then Siloam205 Validasi Sales LogOut Berhasil...............................passed
]]></system-out>
    </testcase>
</testsuite>
