<?xml version="1.0" encoding="UTF-8" standalone="no"?>
<testsuite errors="0" failures="0" name="io.cucumber.core.plugin.JUnitFormatter" skipped="0" tests="18" time="81.244">
    <testcase classname="Valid Admin Login" name="Siloam001 Admin Valid Login Username" time="14.676">
        <system-out><![CDATA[When Siloam001 Admin Mengakses Halaman Website..............................passed
And Siloam001 Admin Input admindika dan d1k4@passw0rd Valid.................passed
And Siloam001 Admin Menekan Tombol Login....................................passed
Then Siloam001 Validasi Nama Admin di Halaman Home Page.....................passed
]]></system-out>
    </testcase>
    <testcase classname="Valid Sales Login" name="Siloam005 Sales Valid Login Username" time="4.298">
        <system-out><![CDATA[When Siloam005 Sales Mengakses Halaman Website..............................passed
And Siloam005 Sales Input D6200927 dan 1997-10-23 Valid.....................passed
And Siloam005 Sales Menekan Tombol Login....................................passed
Then Siloam005 Validasi Nama Sales di Halaman Home Page.....................passed
]]></system-out>
    </testcase>
    <testcase classname="Invalid Sales Login" name="Siloam010 Admin Invalid Login Username" time="3.882">
        <system-out><![CDATA[When Siloam010 Admin Mengakses Halaman Website..............................passed
And Siloam010 Admin Memasukan manda dan manda@passw0rd Salah................passed
And Siloam010 Admin Menekan Tombol Login....................................passed
Then Siloam010 Validasi pesan pada halaman login............................passed
]]></system-out>
    </testcase>
    <testcase classname="Invalid Sales Login" name="Siloam010 Admin Invalid Login Username 2" time="4.596">
        <system-out><![CDATA[When Siloam010 Admin Mengakses Halaman Website..............................passed
And Siloam010 Admin Memasukan AdminDika dan d1k4@passw0rd Salah.............passed
And Siloam010 Admin Menekan Tombol Login....................................passed
Then Siloam010 Validasi pesan pada halaman login............................passed
]]></system-out>
    </testcase>
    <testcase classname="Invalid Sales Login" name="Siloam010 Admin Invalid Login Username 3" time="3.813">
        <system-out><![CDATA[When Siloam010 Admin Mengakses Halaman Website..............................passed
And Siloam010 Admin Memasukan admindika dan d1k4@ Salah.....................passed
And Siloam010 Admin Menekan Tombol Login....................................passed
Then Siloam010 Validasi pesan pada halaman login............................passed
]]></system-out>
    </testcase>
    <testcase classname="Invalid Sales Login" name="Siloam015 Admin Invalid Login Username" time="3.62">
        <system-out><![CDATA[When Siloam015 Admin Mengakses Halaman Website..............................passed
And Siloam015 Admin Memasukan  dan d1k4@ Salah..............................passed
And Siloam015 Admin Menekan Tombol Login....................................passed
Then Siloam015 Validasi pesan pada halaman login............................passed
]]></system-out>
    </testcase>
    <testcase classname="Invalid Sales Login" name="Siloam015 Admin Invalid Login Username 2" time="3.593">
        <system-out><![CDATA[When Siloam015 Admin Mengakses Halaman Website..............................passed
And Siloam015 Admin Memasukan  dan d1k4@passw0rd Salah......................passed
And Siloam015 Admin Menekan Tombol Login....................................passed
Then Siloam015 Validasi pesan pada halaman login............................passed
]]></system-out>
    </testcase>
    <testcase classname="Invalid Sales Login" name="Siloam015 Admin Invalid Login Username 3" time="3.539">
        <system-out><![CDATA[When Siloam015 Admin Mengakses Halaman Website..............................passed
And Siloam015 Admin Memasukan admindika dan  Salah..........................passed
And Siloam015 Admin Menekan Tombol Login....................................passed
Then Siloam015 Validasi pesan pada halaman login............................passed
]]></system-out>
    </testcase>
    <testcase classname="Invalid Sales Login" name="Siloam015 Admin Invalid Login Username 4" time="3.527">
        <system-out><![CDATA[When Siloam015 Admin Mengakses Halaman Website..............................passed
And Siloam015 Admin Memasukan manda dan  Salah..............................passed
And Siloam015 Admin Menekan Tombol Login....................................passed
Then Siloam015 Validasi pesan pada halaman login............................passed
]]></system-out>
    </testcase>
    <testcase classname="Invalid Sales Login" name="Siloam015 Admin Invalid Login Username 5" time="3.522">
        <system-out><![CDATA[When Siloam015 Admin Mengakses Halaman Website..............................passed
And Siloam015 Admin Memasukan  dan  Salah...................................passed
And Siloam015 Admin Menekan Tombol Login....................................passed
Then Siloam015 Validasi pesan pada halaman login............................passed
]]></system-out>
    </testcase>
    <testcase classname="Invalid Sales Login" name="Siloam018 Sales Invalid Login Username" time="3.866">
        <system-out><![CDATA[When Siloam018 Sales Mengakses Halaman Website..............................passed
And Siloam018 Sales Memasukan d620092 dan 1998-10-23 Salah..................passed
And Siloam018 Sales Menekan Tombol Login....................................passed
Then Siloam018 Validasi pesan pada halaman login............................passed
]]></system-out>
    </testcase>
    <testcase classname="Invalid Sales Login" name="Siloam018 Sales Invalid Login Username 2" time="4.513">
        <system-out><![CDATA[When Siloam018 Sales Mengakses Halaman Website..............................passed
And Siloam018 Sales Memasukan d620092 dan 1997-10-23 Salah..................passed
And Siloam018 Sales Menekan Tombol Login....................................passed
Then Siloam018 Validasi pesan pada halaman login............................passed
]]></system-out>
    </testcase>
    <testcase classname="Invalid Sales Login" name="Siloam018 Sales Invalid Login Username 3" time="4.034">
        <system-out><![CDATA[When Siloam018 Sales Mengakses Halaman Website..............................passed
And Siloam018 Sales Memasukan D6200927 dan 1998-11-23 Salah.................passed
And Siloam018 Sales Menekan Tombol Login....................................passed
Then Siloam018 Validasi pesan pada halaman login............................passed
]]></system-out>
    </testcase>
    <testcase classname="Invalid Sales Login" name="Siloam019 Sales Invalid Login Username" time="3.541">
        <system-out><![CDATA[When Siloam019 Sales Mengakses Halaman Website..............................passed
And Siloam019 Sales Memasukan  dan 10/23/97 Salah...........................passed
And Siloam019 Sales Menekan Tombol Login....................................passed
Then Siloam019 Validasi pesan pada halaman login............................passed
]]></system-out>
    </testcase>
    <testcase classname="Invalid Sales Login" name="Siloam019 Sales Invalid Login Username 2" time="3.516">
        <system-out><![CDATA[When Siloam019 Sales Mengakses Halaman Website..............................passed
And Siloam019 Sales Memasukan  dan 10/26/97 Salah...........................passed
And Siloam019 Sales Menekan Tombol Login....................................passed
Then Siloam019 Validasi pesan pada halaman login............................passed
]]></system-out>
    </testcase>
    <testcase classname="Invalid Sales Login" name="Siloam019 Sales Invalid Login Username 3" time="3.62">
        <system-out><![CDATA[When Siloam019 Sales Mengakses Halaman Website..............................passed
And Siloam019 Sales Memasukan D6200927 dan  Salah...........................passed
And Siloam019 Sales Menekan Tombol Login....................................passed
Then Siloam019 Validasi pesan pada halaman login............................passed
]]></system-out>
    </testcase>
    <testcase classname="Invalid Sales Login" name="Siloam019 Sales Invalid Login Username 4" time="3.539">
        <system-out><![CDATA[When Siloam019 Sales Mengakses Halaman Website..............................passed
And Siloam019 Sales Memasukan d7200927 dan  Salah...........................passed
And Siloam019 Sales Menekan Tombol Login....................................passed
Then Siloam019 Validasi pesan pada halaman login............................passed
]]></system-out>
    </testcase>
    <testcase classname="Invalid Sales Login" name="Siloam019 Sales Invalid Login Username 5" time="3.516">
        <system-out><![CDATA[When Siloam019 Sales Mengakses Halaman Website..............................passed
And Siloam019 Sales Memasukan  dan  Salah...................................passed
And Siloam019 Sales Menekan Tombol Login....................................passed
Then Siloam019 Validasi pesan pada halaman login............................passed
]]></system-out>
    </testcase>
</testsuite>
