<?xml version="1.0" encoding="UTF-8" standalone="no"?>
<testsuite errors="0" failures="110" name="io.cucumber.core.plugin.JUnitFormatter" skipped="0" tests="298" time="1,002.221">
    <testcase classname="Update Data Sales Satu Kombinasi" name="Siloam100 Sales Login" time="6.997">
        <system-out><![CDATA[When Siloam100 Sales Mengakses Halaman Website..............................passed
Then Siloam100 Validasi sales masuk ke halaman ttd digital..................passed
]]></system-out>
    </testcase>
    <testcase classname="Update Data Sales Satu Kombinasi" name="Siloam100 Sales Update Data Satu Kombinasi" time="1.875">
        <failure message="expected [acc] but found [ADIT TEST]" type="java.lang.AssertionError"><![CDATA[When Siloam100 Sales Tekan Tombol Edit......................................passed
And Siloam100 Sales Melakukan Update Pada acc, , , , , , , dan .............passed
And Siloam100 Sales tekan tombol Simpan.....................................passed
Then Siloam100 Validasi Data tersimpan dan form ter-update..................failed

StackTrace:
java.lang.AssertionError: expected [acc] but found [ADIT TEST]
	at org.testng.Assert.fail(Assert.java:110)
	at org.testng.Assert.failNotEquals(Assert.java:1413)
	at org.testng.Assert.assertEqualsImpl(Assert.java:149)
	at org.testng.Assert.assertEquals(Assert.java:131)
	at org.testng.Assert.assertEquals(Assert.java:655)
	at org.testng.Assert.assertEquals(Assert.java:665)
	at cucumber.framework.runner.siloam.ttddigitalpage.TestTTDPageKombinasiSatu.siloam100_validasi_data_tersimpan_dan_form_ter_update(TestTTDPageKombinasiSatu.java:137)
	at ✽.Siloam100 Validasi Data tersimpan dan form ter-update(file:///C:/Users/Nexsoft/git/TugasAkhir/Novri/TA-SQUAD-KEL-SATU/TA-SQUAD-KEL-SATU/src/test/resources/features/siloam-outline/100UpdateDataSalesSatuKombinasi.feature:17)
]]></failure>
    </testcase>
    <testcase classname="Update Data Sales Satu Kombinasi" name="Siloam100 Sales Update Data Satu Kombinasi 2" time="1.813">
        <system-out><![CDATA[When Siloam100 Sales Tekan Tombol Edit......................................passed
And Siloam100 Sales Melakukan Update Pada , 1123232343455, , , , , , dan ...passed
And Siloam100 Sales tekan tombol Simpan.....................................passed
Then Siloam100 Validasi Data tersimpan dan form ter-update..................passed
]]></system-out>
    </testcase>
    <testcase classname="Update Data Sales Satu Kombinasi" name="Siloam100 Sales Update Data Satu Kombinasi 3" time="1.335">
        <system-out><![CDATA[When Siloam100 Sales Tekan Tombol Edit......................................passed
And Siloam100 Sales Melakukan Update Pada , , 0163456765432123, , , , , dan .passed
And Siloam100 Sales tekan tombol Simpan.....................................passed
Then Siloam100 Validasi Data tersimpan dan form ter-update..................passed
]]></system-out>
    </testcase>
    <testcase classname="Update Data Sales Satu Kombinasi" name="Siloam100 Sales Update Data Satu Kombinasi 4" time="1.431">
        <system-out><![CDATA[When Siloam100 Sales Tekan Tombol Edit......................................passed
And Siloam100 Sales Melakukan Update Pada , , , Padang, , , , dan ..........passed
And Siloam100 Sales tekan tombol Simpan.....................................passed
Then Siloam100 Validasi Data tersimpan dan form ter-update..................passed
]]></system-out>
    </testcase>
    <testcase classname="Update Data Sales Satu Kombinasi" name="Siloam100 Sales Update Data Satu Kombinasi 5" time="1.695">
        <system-out><![CDATA[When Siloam100 Sales Tekan Tombol Edit......................................passed
And Siloam100 Sales Melakukan Update Pada , , , , KOTA PADANG, , , dan .....passed
And Siloam100 Sales tekan tombol Simpan.....................................passed
Then Siloam100 Validasi Data tersimpan dan form ter-update..................passed
]]></system-out>
    </testcase>
    <testcase classname="Update Data Sales Satu Kombinasi" name="Siloam100 Sales Update Data Satu Kombinasi 6" time="1.274">
        <system-out><![CDATA[When Siloam100 Sales Tekan Tombol Edit......................................passed
And Siloam100 Sales Melakukan Update Pada , , , , , Klinik Test, , dan .....passed
And Siloam100 Sales tekan tombol Simpan.....................................passed
Then Siloam100 Validasi Data tersimpan dan form ter-update..................passed
]]></system-out>
    </testcase>
    <testcase classname="Update Data Sales Satu Kombinasi" name="Siloam100 Sales Update Data Satu Kombinasi 7" time="1.642">
        <system-out><![CDATA[When Siloam100 Sales Tekan Tombol Edit......................................passed
And Siloam100 Sales Melakukan Update Pada , , , , , , Tangerang, dan .......passed
And Siloam100 Sales tekan tombol Simpan.....................................passed
Then Siloam100 Validasi Data tersimpan dan form ter-update..................passed
]]></system-out>
    </testcase>
    <testcase classname="Update Data Sales Satu Kombinasi" name="Siloam100 Sales Update Data Satu Kombinasi 8" time="1.374">
        <system-out><![CDATA[When Siloam100 Sales Tekan Tombol Edit......................................passed
And Siloam100 Sales Melakukan Update Pada , , , , , , , dan Test............passed
And Siloam100 Sales tekan tombol Simpan.....................................passed
Then Siloam100 Validasi Data tersimpan dan form ter-update..................passed
]]></system-out>
    </testcase>
    <testcase classname="Update Data Sales Dua Kombinasi" name="Siloam105 Sales Update Data Dua Kombinasi" time="2.847">
        <failure message="expected [Alamanda] but found [ADIT TEST]" type="java.lang.AssertionError"><![CDATA[When Siloam105 Sales Tekan Tombol Edit......................................passed
And Siloam105 Sales Melakukan Update Pada Alamanda, 1234567898888, , , , , , dan .passed
And Siloam105 Sales tekan tombol Simpan.....................................passed
Then Siloam105 Validasi Data tersimpan dan form ter-update..................failed

StackTrace:
java.lang.AssertionError: expected [Alamanda] but found [ADIT TEST]
	at org.testng.Assert.fail(Assert.java:110)
	at org.testng.Assert.failNotEquals(Assert.java:1413)
	at org.testng.Assert.assertEqualsImpl(Assert.java:149)
	at org.testng.Assert.assertEquals(Assert.java:131)
	at org.testng.Assert.assertEquals(Assert.java:655)
	at org.testng.Assert.assertEquals(Assert.java:665)
	at cucumber.framework.runner.siloam.ttddigitalpage.TestTTDPageKombinasiDua.siloam105_validasi_data_tersimpan_dan_form_ter_update(TestTTDPageKombinasiDua.java:135)
	at ✽.Siloam105 Validasi Data tersimpan dan form ter-update(file:///C:/Users/Nexsoft/git/TugasAkhir/Novri/TA-SQUAD-KEL-SATU/TA-SQUAD-KEL-SATU/src/test/resources/features/siloam-outline/105UpdateDataSalesDuaKombinasi.feature:17)
]]></failure>
    </testcase>
    <testcase classname="Update Data Sales Dua Kombinasi" name="Siloam105 Sales Update Data Dua Kombinasi 2" time="2.29">
        <failure message="expected [Alamanda] but found [ADIT TEST]" type="java.lang.AssertionError"><![CDATA[When Siloam105 Sales Tekan Tombol Edit......................................passed
And Siloam105 Sales Melakukan Update Pada Alamanda, , 1634567654321233, , , , , dan .passed
And Siloam105 Sales tekan tombol Simpan.....................................passed
Then Siloam105 Validasi Data tersimpan dan form ter-update..................failed

StackTrace:
java.lang.AssertionError: expected [Alamanda] but found [ADIT TEST]
	at org.testng.Assert.fail(Assert.java:110)
	at org.testng.Assert.failNotEquals(Assert.java:1413)
	at org.testng.Assert.assertEqualsImpl(Assert.java:149)
	at org.testng.Assert.assertEquals(Assert.java:131)
	at org.testng.Assert.assertEquals(Assert.java:655)
	at org.testng.Assert.assertEquals(Assert.java:665)
	at cucumber.framework.runner.siloam.ttddigitalpage.TestTTDPageKombinasiDua.siloam105_validasi_data_tersimpan_dan_form_ter_update(TestTTDPageKombinasiDua.java:135)
	at ✽.Siloam105 Validasi Data tersimpan dan form ter-update(file:///C:/Users/Nexsoft/git/TugasAkhir/Novri/TA-SQUAD-KEL-SATU/TA-SQUAD-KEL-SATU/src/test/resources/features/siloam-outline/105UpdateDataSalesDuaKombinasi.feature:17)
]]></failure>
    </testcase>
    <testcase classname="Update Data Sales Dua Kombinasi" name="Siloam105 Sales Update Data Dua Kombinasi 3" time="2.302">
        <failure message="expected [Alamanda] but found [ADIT TEST]" type="java.lang.AssertionError"><![CDATA[When Siloam105 Sales Tekan Tombol Edit......................................passed
And Siloam105 Sales Melakukan Update Pada Alamanda, , , Padang, , , , dan ..passed
And Siloam105 Sales tekan tombol Simpan.....................................passed
Then Siloam105 Validasi Data tersimpan dan form ter-update..................failed

StackTrace:
java.lang.AssertionError: expected [Alamanda] but found [ADIT TEST]
	at org.testng.Assert.fail(Assert.java:110)
	at org.testng.Assert.failNotEquals(Assert.java:1413)
	at org.testng.Assert.assertEqualsImpl(Assert.java:149)
	at org.testng.Assert.assertEquals(Assert.java:131)
	at org.testng.Assert.assertEquals(Assert.java:655)
	at org.testng.Assert.assertEquals(Assert.java:665)
	at cucumber.framework.runner.siloam.ttddigitalpage.TestTTDPageKombinasiDua.siloam105_validasi_data_tersimpan_dan_form_ter_update(TestTTDPageKombinasiDua.java:135)
	at ✽.Siloam105 Validasi Data tersimpan dan form ter-update(file:///C:/Users/Nexsoft/git/TugasAkhir/Novri/TA-SQUAD-KEL-SATU/TA-SQUAD-KEL-SATU/src/test/resources/features/siloam-outline/105UpdateDataSalesDuaKombinasi.feature:17)
]]></failure>
    </testcase>
    <testcase classname="Update Data Sales Dua Kombinasi" name="Siloam105 Sales Update Data Dua Kombinasi 4" time="2.863">
        <failure message="expected [Alamanda] but found [ADIT TEST]" type="java.lang.AssertionError"><![CDATA[When Siloam105 Sales Tekan Tombol Edit......................................passed
And Siloam105 Sales Melakukan Update Pada Alamanda, , , , KOTA PADANG, , , dan .passed
And Siloam105 Sales tekan tombol Simpan.....................................passed
Then Siloam105 Validasi Data tersimpan dan form ter-update..................failed

StackTrace:
java.lang.AssertionError: expected [Alamanda] but found [ADIT TEST]
	at org.testng.Assert.fail(Assert.java:110)
	at org.testng.Assert.failNotEquals(Assert.java:1413)
	at org.testng.Assert.assertEqualsImpl(Assert.java:149)
	at org.testng.Assert.assertEquals(Assert.java:131)
	at org.testng.Assert.assertEquals(Assert.java:655)
	at org.testng.Assert.assertEquals(Assert.java:665)
	at cucumber.framework.runner.siloam.ttddigitalpage.TestTTDPageKombinasiDua.siloam105_validasi_data_tersimpan_dan_form_ter_update(TestTTDPageKombinasiDua.java:135)
	at ✽.Siloam105 Validasi Data tersimpan dan form ter-update(file:///C:/Users/Nexsoft/git/TugasAkhir/Novri/TA-SQUAD-KEL-SATU/TA-SQUAD-KEL-SATU/src/test/resources/features/siloam-outline/105UpdateDataSalesDuaKombinasi.feature:17)
]]></failure>
    </testcase>
    <testcase classname="Update Data Sales Dua Kombinasi" name="Siloam105 Sales Update Data Dua Kombinasi 5" time="3.236">
        <failure message="expected [Alamanda] but found [ADIT TEST]" type="java.lang.AssertionError"><![CDATA[When Siloam105 Sales Tekan Tombol Edit......................................passed
And Siloam105 Sales Melakukan Update Pada Alamanda, , , , , Klinik Test, , dan .passed
And Siloam105 Sales tekan tombol Simpan.....................................passed
Then Siloam105 Validasi Data tersimpan dan form ter-update..................failed

StackTrace:
java.lang.AssertionError: expected [Alamanda] but found [ADIT TEST]
	at org.testng.Assert.fail(Assert.java:110)
	at org.testng.Assert.failNotEquals(Assert.java:1413)
	at org.testng.Assert.assertEqualsImpl(Assert.java:149)
	at org.testng.Assert.assertEquals(Assert.java:131)
	at org.testng.Assert.assertEquals(Assert.java:655)
	at org.testng.Assert.assertEquals(Assert.java:665)
	at cucumber.framework.runner.siloam.ttddigitalpage.TestTTDPageKombinasiDua.siloam105_validasi_data_tersimpan_dan_form_ter_update(TestTTDPageKombinasiDua.java:135)
	at ✽.Siloam105 Validasi Data tersimpan dan form ter-update(file:///C:/Users/Nexsoft/git/TugasAkhir/Novri/TA-SQUAD-KEL-SATU/TA-SQUAD-KEL-SATU/src/test/resources/features/siloam-outline/105UpdateDataSalesDuaKombinasi.feature:17)
]]></failure>
    </testcase>
    <testcase classname="Update Data Sales Dua Kombinasi" name="Siloam105 Sales Update Data Dua Kombinasi 6" time="3.083">
        <failure message="expected [Alamanda] but found [ADIT TEST]" type="java.lang.AssertionError"><![CDATA[When Siloam105 Sales Tekan Tombol Edit......................................passed
And Siloam105 Sales Melakukan Update Pada Alamanda, , , , , , Tangerang, dan .passed
And Siloam105 Sales tekan tombol Simpan.....................................passed
Then Siloam105 Validasi Data tersimpan dan form ter-update..................failed

StackTrace:
java.lang.AssertionError: expected [Alamanda] but found [ADIT TEST]
	at org.testng.Assert.fail(Assert.java:110)
	at org.testng.Assert.failNotEquals(Assert.java:1413)
	at org.testng.Assert.assertEqualsImpl(Assert.java:149)
	at org.testng.Assert.assertEquals(Assert.java:131)
	at org.testng.Assert.assertEquals(Assert.java:655)
	at org.testng.Assert.assertEquals(Assert.java:665)
	at cucumber.framework.runner.siloam.ttddigitalpage.TestTTDPageKombinasiDua.siloam105_validasi_data_tersimpan_dan_form_ter_update(TestTTDPageKombinasiDua.java:135)
	at ✽.Siloam105 Validasi Data tersimpan dan form ter-update(file:///C:/Users/Nexsoft/git/TugasAkhir/Novri/TA-SQUAD-KEL-SATU/TA-SQUAD-KEL-SATU/src/test/resources/features/siloam-outline/105UpdateDataSalesDuaKombinasi.feature:17)
]]></failure>
    </testcase>
    <testcase classname="Update Data Sales Dua Kombinasi" name="Siloam105 Sales Update Data Dua Kombinasi 7" time="2.55">
        <failure message="expected [Alamanda] but found [ADIT TEST]" type="java.lang.AssertionError"><![CDATA[When Siloam105 Sales Tekan Tombol Edit......................................passed
And Siloam105 Sales Melakukan Update Pada Alamanda, , , , , , , dan Test....passed
And Siloam105 Sales tekan tombol Simpan.....................................passed
Then Siloam105 Validasi Data tersimpan dan form ter-update..................failed

StackTrace:
java.lang.AssertionError: expected [Alamanda] but found [ADIT TEST]
	at org.testng.Assert.fail(Assert.java:110)
	at org.testng.Assert.failNotEquals(Assert.java:1413)
	at org.testng.Assert.assertEqualsImpl(Assert.java:149)
	at org.testng.Assert.assertEquals(Assert.java:131)
	at org.testng.Assert.assertEquals(Assert.java:655)
	at org.testng.Assert.assertEquals(Assert.java:665)
	at cucumber.framework.runner.siloam.ttddigitalpage.TestTTDPageKombinasiDua.siloam105_validasi_data_tersimpan_dan_form_ter_update(TestTTDPageKombinasiDua.java:135)
	at ✽.Siloam105 Validasi Data tersimpan dan form ter-update(file:///C:/Users/Nexsoft/git/TugasAkhir/Novri/TA-SQUAD-KEL-SATU/TA-SQUAD-KEL-SATU/src/test/resources/features/siloam-outline/105UpdateDataSalesDuaKombinasi.feature:17)
]]></failure>
    </testcase>
    <testcase classname="Update Data Sales Dua Kombinasi" name="Siloam105 Sales Update Data Dua Kombinasi 8" time="2.747">
        <system-out><![CDATA[When Siloam105 Sales Tekan Tombol Edit......................................passed
And Siloam105 Sales Melakukan Update Pada , 1234567898788, 1634567654321238, , , , , dan .passed
And Siloam105 Sales tekan tombol Simpan.....................................passed
Then Siloam105 Validasi Data tersimpan dan form ter-update..................passed
]]></system-out>
    </testcase>
    <testcase classname="Update Data Sales Dua Kombinasi" name="Siloam105 Sales Update Data Dua Kombinasi 9" time="2.214">
        <system-out><![CDATA[When Siloam105 Sales Tekan Tombol Edit......................................passed
And Siloam105 Sales Melakukan Update Pada , 1234567898788, , Padang, , , , dan .passed
And Siloam105 Sales tekan tombol Simpan.....................................passed
Then Siloam105 Validasi Data tersimpan dan form ter-update..................passed
]]></system-out>
    </testcase>
    <testcase classname="Update Data Sales Dua Kombinasi" name="Siloam105 Sales Update Data Dua Kombinasi 10" time="2.419">
        <system-out><![CDATA[When Siloam105 Sales Tekan Tombol Edit......................................passed
And Siloam105 Sales Melakukan Update Pada , 1234567898788, , , KOTA PADANG, , , dan .passed
And Siloam105 Sales tekan tombol Simpan.....................................passed
Then Siloam105 Validasi Data tersimpan dan form ter-update..................passed
]]></system-out>
    </testcase>
    <testcase classname="Update Data Sales Dua Kombinasi" name="Siloam105 Sales Update Data Dua Kombinasi 11" time="2.466">
        <system-out><![CDATA[When Siloam105 Sales Tekan Tombol Edit......................................passed
And Siloam105 Sales Melakukan Update Pada , 1234567898788, , , , Klinik Test, , dan .passed
And Siloam105 Sales tekan tombol Simpan.....................................passed
Then Siloam105 Validasi Data tersimpan dan form ter-update..................passed
]]></system-out>
    </testcase>
    <testcase classname="Update Data Sales Dua Kombinasi" name="Siloam105 Sales Update Data Dua Kombinasi 12" time="2.595">
        <system-out><![CDATA[When Siloam105 Sales Tekan Tombol Edit......................................passed
And Siloam105 Sales Melakukan Update Pada , 1234567898788, , , , , Tangerang, dan .passed
And Siloam105 Sales tekan tombol Simpan.....................................passed
Then Siloam105 Validasi Data tersimpan dan form ter-update..................passed
]]></system-out>
    </testcase>
    <testcase classname="Update Data Sales Dua Kombinasi" name="Siloam105 Sales Update Data Dua Kombinasi 13" time="2.608">
        <system-out><![CDATA[When Siloam105 Sales Tekan Tombol Edit......................................passed
And Siloam105 Sales Melakukan Update Pada , 1234567898788, , , , , , dan Test.passed
And Siloam105 Sales tekan tombol Simpan.....................................passed
Then Siloam105 Validasi Data tersimpan dan form ter-update..................passed
]]></system-out>
    </testcase>
    <testcase classname="Update Data Sales Dua Kombinasi" name="Siloam105 Sales Update Data Dua Kombinasi 14" time="2.408">
        <system-out><![CDATA[When Siloam105 Sales Tekan Tombol Edit......................................passed
And Siloam105 Sales Melakukan Update Pada , , 0163456765432123, Padang, , , , dan .passed
And Siloam105 Sales tekan tombol Simpan.....................................passed
Then Siloam105 Validasi Data tersimpan dan form ter-update..................passed
]]></system-out>
    </testcase>
    <testcase classname="Update Data Sales Dua Kombinasi" name="Siloam105 Sales Update Data Dua Kombinasi 15" time="2.857">
        <system-out><![CDATA[When Siloam105 Sales Tekan Tombol Edit......................................passed
And Siloam105 Sales Melakukan Update Pada , , 0163456765432123, , KOTA PADANG, , , dan .passed
And Siloam105 Sales tekan tombol Simpan.....................................passed
Then Siloam105 Validasi Data tersimpan dan form ter-update..................passed
]]></system-out>
    </testcase>
    <testcase classname="Update Data Sales Dua Kombinasi" name="Siloam105 Sales Update Data Dua Kombinasi 16" time="2.231">
        <system-out><![CDATA[When Siloam105 Sales Tekan Tombol Edit......................................passed
And Siloam105 Sales Melakukan Update Pada , , 0163456765432123, , , Klinik Test, , dan .passed
And Siloam105 Sales tekan tombol Simpan.....................................passed
Then Siloam105 Validasi Data tersimpan dan form ter-update..................passed
]]></system-out>
    </testcase>
    <testcase classname="Update Data Sales Dua Kombinasi" name="Siloam105 Sales Update Data Dua Kombinasi 17" time="2.758">
        <system-out><![CDATA[When Siloam105 Sales Tekan Tombol Edit......................................passed
And Siloam105 Sales Melakukan Update Pada , , 0163456765432123, , , , Tangerang, dan .passed
And Siloam105 Sales tekan tombol Simpan.....................................passed
Then Siloam105 Validasi Data tersimpan dan form ter-update..................passed
]]></system-out>
    </testcase>
    <testcase classname="Update Data Sales Dua Kombinasi" name="Siloam105 Sales Update Data Dua Kombinasi 18" time="2.347">
        <system-out><![CDATA[When Siloam105 Sales Tekan Tombol Edit......................................passed
And Siloam105 Sales Melakukan Update Pada , , 0163456765432123, , , , , dan Test.passed
And Siloam105 Sales tekan tombol Simpan.....................................passed
Then Siloam105 Validasi Data tersimpan dan form ter-update..................passed
]]></system-out>
    </testcase>
    <testcase classname="Update Data Sales Dua Kombinasi" name="Siloam105 Sales Update Data Dua Kombinasi 19" time="3.01">
        <system-out><![CDATA[When Siloam105 Sales Tekan Tombol Edit......................................passed
And Siloam105 Sales Melakukan Update Pada , , , Padang, KOTA PADANG, , , dan .passed
And Siloam105 Sales tekan tombol Simpan.....................................passed
Then Siloam105 Validasi Data tersimpan dan form ter-update..................passed
]]></system-out>
    </testcase>
    <testcase classname="Update Data Sales Dua Kombinasi" name="Siloam105 Sales Update Data Dua Kombinasi 20" time="2.748">
        <system-out><![CDATA[When Siloam105 Sales Tekan Tombol Edit......................................passed
And Siloam105 Sales Melakukan Update Pada , , , Padang, , Klinik Test, , dan .passed
And Siloam105 Sales tekan tombol Simpan.....................................passed
Then Siloam105 Validasi Data tersimpan dan form ter-update..................passed
]]></system-out>
    </testcase>
    <testcase classname="Update Data Sales Dua Kombinasi" name="Siloam105 Sales Update Data Dua Kombinasi 21" time="2.697">
        <system-out><![CDATA[When Siloam105 Sales Tekan Tombol Edit......................................passed
And Siloam105 Sales Melakukan Update Pada , , , Padang, , , Tangerang, dan .passed
And Siloam105 Sales tekan tombol Simpan.....................................passed
Then Siloam105 Validasi Data tersimpan dan form ter-update..................passed
]]></system-out>
    </testcase>
    <testcase classname="Update Data Sales Dua Kombinasi" name="Siloam105 Sales Update Data Dua Kombinasi 22" time="2.351">
        <system-out><![CDATA[When Siloam105 Sales Tekan Tombol Edit......................................passed
And Siloam105 Sales Melakukan Update Pada , , , Padang, , , , dan Test......passed
And Siloam105 Sales tekan tombol Simpan.....................................passed
Then Siloam105 Validasi Data tersimpan dan form ter-update..................passed
]]></system-out>
    </testcase>
    <testcase classname="Update Data Sales Dua Kombinasi" name="Siloam105 Sales Update Data Dua Kombinasi 23" time="2.663">
        <system-out><![CDATA[When Siloam105 Sales Tekan Tombol Edit......................................passed
And Siloam105 Sales Melakukan Update Pada , , , , KOTA PADANG, Klinik Test, , dan .passed
And Siloam105 Sales tekan tombol Simpan.....................................passed
Then Siloam105 Validasi Data tersimpan dan form ter-update..................passed
]]></system-out>
    </testcase>
    <testcase classname="Update Data Sales Dua Kombinasi" name="Siloam105 Sales Update Data Dua Kombinasi 24" time="2.305">
        <system-out><![CDATA[When Siloam105 Sales Tekan Tombol Edit......................................passed
And Siloam105 Sales Melakukan Update Pada , , , , KOTA PADANG, , Tangerang, dan .passed
And Siloam105 Sales tekan tombol Simpan.....................................passed
Then Siloam105 Validasi Data tersimpan dan form ter-update..................passed
]]></system-out>
    </testcase>
    <testcase classname="Update Data Sales Dua Kombinasi" name="Siloam105 Sales Update Data Dua Kombinasi 25" time="2.258">
        <system-out><![CDATA[When Siloam105 Sales Tekan Tombol Edit......................................passed
And Siloam105 Sales Melakukan Update Pada , , , , KOTA PADANG, , , dan Test.passed
And Siloam105 Sales tekan tombol Simpan.....................................passed
Then Siloam105 Validasi Data tersimpan dan form ter-update..................passed
]]></system-out>
    </testcase>
    <testcase classname="Update Data Sales Dua Kombinasi" name="Siloam105 Sales Update Data Dua Kombinasi 26" time="2.206">
        <system-out><![CDATA[When Siloam105 Sales Tekan Tombol Edit......................................passed
And Siloam105 Sales Melakukan Update Pada , , , , , Klinik Test, Tangerang, dan .passed
And Siloam105 Sales tekan tombol Simpan.....................................passed
Then Siloam105 Validasi Data tersimpan dan form ter-update..................passed
]]></system-out>
    </testcase>
    <testcase classname="Update Data Sales Dua Kombinasi" name="Siloam105 Sales Update Data Dua Kombinasi 27" time="3.811">
        <system-out><![CDATA[When Siloam105 Sales Tekan Tombol Edit......................................passed
And Siloam105 Sales Melakukan Update Pada , , , , , Klinik Test, , dan Test.passed
And Siloam105 Sales tekan tombol Simpan.....................................passed
Then Siloam105 Validasi Data tersimpan dan form ter-update..................passed
]]></system-out>
    </testcase>
    <testcase classname="Update Data Sales Dua Kombinasi" name="Siloam105 Sales Update Data Dua Kombinasi 28" time="4.8">
        <system-out><![CDATA[When Siloam105 Sales Tekan Tombol Edit......................................passed
And Siloam105 Sales Melakukan Update Pada , , , , , , Tangerang, dan Test...passed
And Siloam105 Sales tekan tombol Simpan.....................................passed
Then Siloam105 Validasi Data tersimpan dan form ter-update..................passed
]]></system-out>
    </testcase>
    <testcase classname="Update Data Sales Tiga Kombinasi" name="Siloam110 Sales Update Data Tiga Kombinasi" time="3.527">
        <failure message="expected [Alamanda] but found [ADIT TEST]" type="java.lang.AssertionError"><![CDATA[When Siloam110 Sales Tekan Tombol Edit......................................passed
And Siloam110 Sales Melakukan Update Pada Alamanda, 1234567899093, 1634567654321200, , , , , dan .passed
And Siloam110 Sales tekan tombol Simpan.....................................passed
Then Siloam110 Validasi Data tersimpan dan form ter-update..................failed

StackTrace:
java.lang.AssertionError: expected [Alamanda] but found [ADIT TEST]
	at org.testng.Assert.fail(Assert.java:110)
	at org.testng.Assert.failNotEquals(Assert.java:1413)
	at org.testng.Assert.assertEqualsImpl(Assert.java:149)
	at org.testng.Assert.assertEquals(Assert.java:131)
	at org.testng.Assert.assertEquals(Assert.java:655)
	at org.testng.Assert.assertEquals(Assert.java:665)
	at cucumber.framework.runner.siloam.ttddigitalpage.TestTTDPageKombinasiTiga.siloam110_validasi_data_tersimpan_dan_form_ter_update(TestTTDPageKombinasiTiga.java:131)
	at ✽.Siloam110 Validasi Data tersimpan dan form ter-update(file:///C:/Users/Nexsoft/git/TugasAkhir/Novri/TA-SQUAD-KEL-SATU/TA-SQUAD-KEL-SATU/src/test/resources/features/siloam-outline/110UpdateDataSalesTigaKombinasi.feature:16)
]]></failure>
    </testcase>
    <testcase classname="Update Data Sales Tiga Kombinasi" name="Siloam110 Sales Update Data Tiga Kombinasi 2" time="2.813">
        <failure message="expected [Alamanda] but found [ADIT TEST]" type="java.lang.AssertionError"><![CDATA[When Siloam110 Sales Tekan Tombol Edit......................................passed
And Siloam110 Sales Melakukan Update Pada Alamanda, 1234567899093, , Padang, , , , dan .passed
And Siloam110 Sales tekan tombol Simpan.....................................passed
Then Siloam110 Validasi Data tersimpan dan form ter-update..................failed

StackTrace:
java.lang.AssertionError: expected [Alamanda] but found [ADIT TEST]
	at org.testng.Assert.fail(Assert.java:110)
	at org.testng.Assert.failNotEquals(Assert.java:1413)
	at org.testng.Assert.assertEqualsImpl(Assert.java:149)
	at org.testng.Assert.assertEquals(Assert.java:131)
	at org.testng.Assert.assertEquals(Assert.java:655)
	at org.testng.Assert.assertEquals(Assert.java:665)
	at cucumber.framework.runner.siloam.ttddigitalpage.TestTTDPageKombinasiTiga.siloam110_validasi_data_tersimpan_dan_form_ter_update(TestTTDPageKombinasiTiga.java:131)
	at ✽.Siloam110 Validasi Data tersimpan dan form ter-update(file:///C:/Users/Nexsoft/git/TugasAkhir/Novri/TA-SQUAD-KEL-SATU/TA-SQUAD-KEL-SATU/src/test/resources/features/siloam-outline/110UpdateDataSalesTigaKombinasi.feature:16)
]]></failure>
    </testcase>
    <testcase classname="Update Data Sales Tiga Kombinasi" name="Siloam110 Sales Update Data Tiga Kombinasi 3" time="3.457">
        <failure message="expected [Alamanda] but found [ADIT TEST]" type="java.lang.AssertionError"><![CDATA[When Siloam110 Sales Tekan Tombol Edit......................................passed
And Siloam110 Sales Melakukan Update Pada Alamanda, 1234567899093, , , KOTA PADANG, , , dan .passed
And Siloam110 Sales tekan tombol Simpan.....................................passed
Then Siloam110 Validasi Data tersimpan dan form ter-update..................failed

StackTrace:
java.lang.AssertionError: expected [Alamanda] but found [ADIT TEST]
	at org.testng.Assert.fail(Assert.java:110)
	at org.testng.Assert.failNotEquals(Assert.java:1413)
	at org.testng.Assert.assertEqualsImpl(Assert.java:149)
	at org.testng.Assert.assertEquals(Assert.java:131)
	at org.testng.Assert.assertEquals(Assert.java:655)
	at org.testng.Assert.assertEquals(Assert.java:665)
	at cucumber.framework.runner.siloam.ttddigitalpage.TestTTDPageKombinasiTiga.siloam110_validasi_data_tersimpan_dan_form_ter_update(TestTTDPageKombinasiTiga.java:131)
	at ✽.Siloam110 Validasi Data tersimpan dan form ter-update(file:///C:/Users/Nexsoft/git/TugasAkhir/Novri/TA-SQUAD-KEL-SATU/TA-SQUAD-KEL-SATU/src/test/resources/features/siloam-outline/110UpdateDataSalesTigaKombinasi.feature:16)
]]></failure>
    </testcase>
    <testcase classname="Update Data Sales Tiga Kombinasi" name="Siloam110 Sales Update Data Tiga Kombinasi 4" time="4.134">
        <failure message="expected [Alamanda] but found [ADIT TEST]" type="java.lang.AssertionError"><![CDATA[When Siloam110 Sales Tekan Tombol Edit......................................passed
And Siloam110 Sales Melakukan Update Pada Alamanda, 1234567899093, , , , Klinik Test, , dan .passed
And Siloam110 Sales tekan tombol Simpan.....................................passed
Then Siloam110 Validasi Data tersimpan dan form ter-update..................failed

StackTrace:
java.lang.AssertionError: expected [Alamanda] but found [ADIT TEST]
	at org.testng.Assert.fail(Assert.java:110)
	at org.testng.Assert.failNotEquals(Assert.java:1413)
	at org.testng.Assert.assertEqualsImpl(Assert.java:149)
	at org.testng.Assert.assertEquals(Assert.java:131)
	at org.testng.Assert.assertEquals(Assert.java:655)
	at org.testng.Assert.assertEquals(Assert.java:665)
	at cucumber.framework.runner.siloam.ttddigitalpage.TestTTDPageKombinasiTiga.siloam110_validasi_data_tersimpan_dan_form_ter_update(TestTTDPageKombinasiTiga.java:131)
	at ✽.Siloam110 Validasi Data tersimpan dan form ter-update(file:///C:/Users/Nexsoft/git/TugasAkhir/Novri/TA-SQUAD-KEL-SATU/TA-SQUAD-KEL-SATU/src/test/resources/features/siloam-outline/110UpdateDataSalesTigaKombinasi.feature:16)
]]></failure>
    </testcase>
    <testcase classname="Update Data Sales Tiga Kombinasi" name="Siloam110 Sales Update Data Tiga Kombinasi 5" time="2.739">
        <failure message="expected [Alamanda] but found [ADIT TEST]" type="java.lang.AssertionError"><![CDATA[When Siloam110 Sales Tekan Tombol Edit......................................passed
And Siloam110 Sales Melakukan Update Pada Alamanda, 1234567899093, , , , , Tangerang, dan .passed
And Siloam110 Sales tekan tombol Simpan.....................................passed
Then Siloam110 Validasi Data tersimpan dan form ter-update..................failed

StackTrace:
java.lang.AssertionError: expected [Alamanda] but found [ADIT TEST]
	at org.testng.Assert.fail(Assert.java:110)
	at org.testng.Assert.failNotEquals(Assert.java:1413)
	at org.testng.Assert.assertEqualsImpl(Assert.java:149)
	at org.testng.Assert.assertEquals(Assert.java:131)
	at org.testng.Assert.assertEquals(Assert.java:655)
	at org.testng.Assert.assertEquals(Assert.java:665)
	at cucumber.framework.runner.siloam.ttddigitalpage.TestTTDPageKombinasiTiga.siloam110_validasi_data_tersimpan_dan_form_ter_update(TestTTDPageKombinasiTiga.java:131)
	at ✽.Siloam110 Validasi Data tersimpan dan form ter-update(file:///C:/Users/Nexsoft/git/TugasAkhir/Novri/TA-SQUAD-KEL-SATU/TA-SQUAD-KEL-SATU/src/test/resources/features/siloam-outline/110UpdateDataSalesTigaKombinasi.feature:16)
]]></failure>
    </testcase>
    <testcase classname="Update Data Sales Tiga Kombinasi" name="Siloam110 Sales Update Data Tiga Kombinasi 6" time="3.314">
        <failure message="expected [Alamanda] but found [ADIT TEST]" type="java.lang.AssertionError"><![CDATA[When Siloam110 Sales Tekan Tombol Edit......................................passed
And Siloam110 Sales Melakukan Update Pada Alamanda, 1234567899093, , , , , , dan Test.passed
And Siloam110 Sales tekan tombol Simpan.....................................passed
Then Siloam110 Validasi Data tersimpan dan form ter-update..................failed

StackTrace:
java.lang.AssertionError: expected [Alamanda] but found [ADIT TEST]
	at org.testng.Assert.fail(Assert.java:110)
	at org.testng.Assert.failNotEquals(Assert.java:1413)
	at org.testng.Assert.assertEqualsImpl(Assert.java:149)
	at org.testng.Assert.assertEquals(Assert.java:131)
	at org.testng.Assert.assertEquals(Assert.java:655)
	at org.testng.Assert.assertEquals(Assert.java:665)
	at cucumber.framework.runner.siloam.ttddigitalpage.TestTTDPageKombinasiTiga.siloam110_validasi_data_tersimpan_dan_form_ter_update(TestTTDPageKombinasiTiga.java:131)
	at ✽.Siloam110 Validasi Data tersimpan dan form ter-update(file:///C:/Users/Nexsoft/git/TugasAkhir/Novri/TA-SQUAD-KEL-SATU/TA-SQUAD-KEL-SATU/src/test/resources/features/siloam-outline/110UpdateDataSalesTigaKombinasi.feature:16)
]]></failure>
    </testcase>
    <testcase classname="Update Data Sales Tiga Kombinasi" name="Siloam110 Sales Update Data Tiga Kombinasi 7" time="2.524">
        <failure message="expected [Alamanda] but found [ADIT TEST]" type="java.lang.AssertionError"><![CDATA[When Siloam110 Sales Tekan Tombol Edit......................................passed
And Siloam110 Sales Melakukan Update Pada Alamanda, , 1634567654321200, Padang, , , , dan .passed
And Siloam110 Sales tekan tombol Simpan.....................................passed
Then Siloam110 Validasi Data tersimpan dan form ter-update..................failed

StackTrace:
java.lang.AssertionError: expected [Alamanda] but found [ADIT TEST]
	at org.testng.Assert.fail(Assert.java:110)
	at org.testng.Assert.failNotEquals(Assert.java:1413)
	at org.testng.Assert.assertEqualsImpl(Assert.java:149)
	at org.testng.Assert.assertEquals(Assert.java:131)
	at org.testng.Assert.assertEquals(Assert.java:655)
	at org.testng.Assert.assertEquals(Assert.java:665)
	at cucumber.framework.runner.siloam.ttddigitalpage.TestTTDPageKombinasiTiga.siloam110_validasi_data_tersimpan_dan_form_ter_update(TestTTDPageKombinasiTiga.java:131)
	at ✽.Siloam110 Validasi Data tersimpan dan form ter-update(file:///C:/Users/Nexsoft/git/TugasAkhir/Novri/TA-SQUAD-KEL-SATU/TA-SQUAD-KEL-SATU/src/test/resources/features/siloam-outline/110UpdateDataSalesTigaKombinasi.feature:16)
]]></failure>
    </testcase>
    <testcase classname="Update Data Sales Tiga Kombinasi" name="Siloam110 Sales Update Data Tiga Kombinasi 8" time="2.971">
        <failure message="expected [Alamanda] but found [ADIT TEST]" type="java.lang.AssertionError"><![CDATA[When Siloam110 Sales Tekan Tombol Edit......................................passed
And Siloam110 Sales Melakukan Update Pada Alamanda, , 1634567654321200, , KOTA PADANG, , , dan .passed
And Siloam110 Sales tekan tombol Simpan.....................................passed
Then Siloam110 Validasi Data tersimpan dan form ter-update..................failed

StackTrace:
java.lang.AssertionError: expected [Alamanda] but found [ADIT TEST]
	at org.testng.Assert.fail(Assert.java:110)
	at org.testng.Assert.failNotEquals(Assert.java:1413)
	at org.testng.Assert.assertEqualsImpl(Assert.java:149)
	at org.testng.Assert.assertEquals(Assert.java:131)
	at org.testng.Assert.assertEquals(Assert.java:655)
	at org.testng.Assert.assertEquals(Assert.java:665)
	at cucumber.framework.runner.siloam.ttddigitalpage.TestTTDPageKombinasiTiga.siloam110_validasi_data_tersimpan_dan_form_ter_update(TestTTDPageKombinasiTiga.java:131)
	at ✽.Siloam110 Validasi Data tersimpan dan form ter-update(file:///C:/Users/Nexsoft/git/TugasAkhir/Novri/TA-SQUAD-KEL-SATU/TA-SQUAD-KEL-SATU/src/test/resources/features/siloam-outline/110UpdateDataSalesTigaKombinasi.feature:16)
]]></failure>
    </testcase>
    <testcase classname="Update Data Sales Tiga Kombinasi" name="Siloam110 Sales Update Data Tiga Kombinasi 9" time="2.386">
        <failure message="expected [Alamanda] but found [ADIT TEST]" type="java.lang.AssertionError"><![CDATA[When Siloam110 Sales Tekan Tombol Edit......................................passed
And Siloam110 Sales Melakukan Update Pada Alamanda, , 1634567654321200, , , Klinik Test, , dan .passed
And Siloam110 Sales tekan tombol Simpan.....................................passed
Then Siloam110 Validasi Data tersimpan dan form ter-update..................failed

StackTrace:
java.lang.AssertionError: expected [Alamanda] but found [ADIT TEST]
	at org.testng.Assert.fail(Assert.java:110)
	at org.testng.Assert.failNotEquals(Assert.java:1413)
	at org.testng.Assert.assertEqualsImpl(Assert.java:149)
	at org.testng.Assert.assertEquals(Assert.java:131)
	at org.testng.Assert.assertEquals(Assert.java:655)
	at org.testng.Assert.assertEquals(Assert.java:665)
	at cucumber.framework.runner.siloam.ttddigitalpage.TestTTDPageKombinasiTiga.siloam110_validasi_data_tersimpan_dan_form_ter_update(TestTTDPageKombinasiTiga.java:131)
	at ✽.Siloam110 Validasi Data tersimpan dan form ter-update(file:///C:/Users/Nexsoft/git/TugasAkhir/Novri/TA-SQUAD-KEL-SATU/TA-SQUAD-KEL-SATU/src/test/resources/features/siloam-outline/110UpdateDataSalesTigaKombinasi.feature:16)
]]></failure>
    </testcase>
    <testcase classname="Update Data Sales Tiga Kombinasi" name="Siloam110 Sales Update Data Tiga Kombinasi 10" time="3.537">
        <failure message="expected [Alamanda] but found [ADIT TEST]" type="java.lang.AssertionError"><![CDATA[When Siloam110 Sales Tekan Tombol Edit......................................passed
And Siloam110 Sales Melakukan Update Pada Alamanda, , 1634567654321200, , , , Tangerang, dan .passed
And Siloam110 Sales tekan tombol Simpan.....................................passed
Then Siloam110 Validasi Data tersimpan dan form ter-update..................failed

StackTrace:
java.lang.AssertionError: expected [Alamanda] but found [ADIT TEST]
	at org.testng.Assert.fail(Assert.java:110)
	at org.testng.Assert.failNotEquals(Assert.java:1413)
	at org.testng.Assert.assertEqualsImpl(Assert.java:149)
	at org.testng.Assert.assertEquals(Assert.java:131)
	at org.testng.Assert.assertEquals(Assert.java:655)
	at org.testng.Assert.assertEquals(Assert.java:665)
	at cucumber.framework.runner.siloam.ttddigitalpage.TestTTDPageKombinasiTiga.siloam110_validasi_data_tersimpan_dan_form_ter_update(TestTTDPageKombinasiTiga.java:131)
	at ✽.Siloam110 Validasi Data tersimpan dan form ter-update(file:///C:/Users/Nexsoft/git/TugasAkhir/Novri/TA-SQUAD-KEL-SATU/TA-SQUAD-KEL-SATU/src/test/resources/features/siloam-outline/110UpdateDataSalesTigaKombinasi.feature:16)
]]></failure>
    </testcase>
    <testcase classname="Update Data Sales Tiga Kombinasi" name="Siloam110 Sales Update Data Tiga Kombinasi 11" time="4.039">
        <failure message="expected [Alamanda] but found [ADIT TEST]" type="java.lang.AssertionError"><![CDATA[When Siloam110 Sales Tekan Tombol Edit......................................passed
And Siloam110 Sales Melakukan Update Pada Alamanda, , 1634567654321200, , , , , dan Test.passed
And Siloam110 Sales tekan tombol Simpan.....................................passed
Then Siloam110 Validasi Data tersimpan dan form ter-update..................failed

StackTrace:
java.lang.AssertionError: expected [Alamanda] but found [ADIT TEST]
	at org.testng.Assert.fail(Assert.java:110)
	at org.testng.Assert.failNotEquals(Assert.java:1413)
	at org.testng.Assert.assertEqualsImpl(Assert.java:149)
	at org.testng.Assert.assertEquals(Assert.java:131)
	at org.testng.Assert.assertEquals(Assert.java:655)
	at org.testng.Assert.assertEquals(Assert.java:665)
	at cucumber.framework.runner.siloam.ttddigitalpage.TestTTDPageKombinasiTiga.siloam110_validasi_data_tersimpan_dan_form_ter_update(TestTTDPageKombinasiTiga.java:131)
	at ✽.Siloam110 Validasi Data tersimpan dan form ter-update(file:///C:/Users/Nexsoft/git/TugasAkhir/Novri/TA-SQUAD-KEL-SATU/TA-SQUAD-KEL-SATU/src/test/resources/features/siloam-outline/110UpdateDataSalesTigaKombinasi.feature:16)
]]></failure>
    </testcase>
    <testcase classname="Update Data Sales Tiga Kombinasi" name="Siloam110 Sales Update Data Tiga Kombinasi 12" time="2.976">
        <failure message="expected [Alamanda] but found [ADIT TEST]" type="java.lang.AssertionError"><![CDATA[When Siloam110 Sales Tekan Tombol Edit......................................passed
And Siloam110 Sales Melakukan Update Pada Alamanda, , , Padang, KOTA PADANG, , , dan .passed
And Siloam110 Sales tekan tombol Simpan.....................................passed
Then Siloam110 Validasi Data tersimpan dan form ter-update..................failed

StackTrace:
java.lang.AssertionError: expected [Alamanda] but found [ADIT TEST]
	at org.testng.Assert.fail(Assert.java:110)
	at org.testng.Assert.failNotEquals(Assert.java:1413)
	at org.testng.Assert.assertEqualsImpl(Assert.java:149)
	at org.testng.Assert.assertEquals(Assert.java:131)
	at org.testng.Assert.assertEquals(Assert.java:655)
	at org.testng.Assert.assertEquals(Assert.java:665)
	at cucumber.framework.runner.siloam.ttddigitalpage.TestTTDPageKombinasiTiga.siloam110_validasi_data_tersimpan_dan_form_ter_update(TestTTDPageKombinasiTiga.java:131)
	at ✽.Siloam110 Validasi Data tersimpan dan form ter-update(file:///C:/Users/Nexsoft/git/TugasAkhir/Novri/TA-SQUAD-KEL-SATU/TA-SQUAD-KEL-SATU/src/test/resources/features/siloam-outline/110UpdateDataSalesTigaKombinasi.feature:16)
]]></failure>
    </testcase>
    <testcase classname="Update Data Sales Tiga Kombinasi" name="Siloam110 Sales Update Data Tiga Kombinasi 13" time="4.796">
        <failure message="expected [Alamanda] but found [ADIT TEST]" type="java.lang.AssertionError"><![CDATA[When Siloam110 Sales Tekan Tombol Edit......................................passed
And Siloam110 Sales Melakukan Update Pada Alamanda, , , Padang, , Klinik Test, , dan .passed
And Siloam110 Sales tekan tombol Simpan.....................................passed
Then Siloam110 Validasi Data tersimpan dan form ter-update..................failed

StackTrace:
java.lang.AssertionError: expected [Alamanda] but found [ADIT TEST]
	at org.testng.Assert.fail(Assert.java:110)
	at org.testng.Assert.failNotEquals(Assert.java:1413)
	at org.testng.Assert.assertEqualsImpl(Assert.java:149)
	at org.testng.Assert.assertEquals(Assert.java:131)
	at org.testng.Assert.assertEquals(Assert.java:655)
	at org.testng.Assert.assertEquals(Assert.java:665)
	at cucumber.framework.runner.siloam.ttddigitalpage.TestTTDPageKombinasiTiga.siloam110_validasi_data_tersimpan_dan_form_ter_update(TestTTDPageKombinasiTiga.java:131)
	at ✽.Siloam110 Validasi Data tersimpan dan form ter-update(file:///C:/Users/Nexsoft/git/TugasAkhir/Novri/TA-SQUAD-KEL-SATU/TA-SQUAD-KEL-SATU/src/test/resources/features/siloam-outline/110UpdateDataSalesTigaKombinasi.feature:16)
]]></failure>
    </testcase>
    <testcase classname="Update Data Sales Tiga Kombinasi" name="Siloam110 Sales Update Data Tiga Kombinasi 14" time="2.416">
        <failure message="expected [Alamanda] but found [ADIT TEST]" type="java.lang.AssertionError"><![CDATA[When Siloam110 Sales Tekan Tombol Edit......................................passed
And Siloam110 Sales Melakukan Update Pada Alamanda, , , Padang, , , Tangerang, dan .passed
And Siloam110 Sales tekan tombol Simpan.....................................passed
Then Siloam110 Validasi Data tersimpan dan form ter-update..................failed

StackTrace:
java.lang.AssertionError: expected [Alamanda] but found [ADIT TEST]
	at org.testng.Assert.fail(Assert.java:110)
	at org.testng.Assert.failNotEquals(Assert.java:1413)
	at org.testng.Assert.assertEqualsImpl(Assert.java:149)
	at org.testng.Assert.assertEquals(Assert.java:131)
	at org.testng.Assert.assertEquals(Assert.java:655)
	at org.testng.Assert.assertEquals(Assert.java:665)
	at cucumber.framework.runner.siloam.ttddigitalpage.TestTTDPageKombinasiTiga.siloam110_validasi_data_tersimpan_dan_form_ter_update(TestTTDPageKombinasiTiga.java:131)
	at ✽.Siloam110 Validasi Data tersimpan dan form ter-update(file:///C:/Users/Nexsoft/git/TugasAkhir/Novri/TA-SQUAD-KEL-SATU/TA-SQUAD-KEL-SATU/src/test/resources/features/siloam-outline/110UpdateDataSalesTigaKombinasi.feature:16)
]]></failure>
    </testcase>
    <testcase classname="Update Data Sales Tiga Kombinasi" name="Siloam110 Sales Update Data Tiga Kombinasi 15" time="2.966">
        <failure message="expected [Alamanda] but found [ADIT TEST]" type="java.lang.AssertionError"><![CDATA[When Siloam110 Sales Tekan Tombol Edit......................................passed
And Siloam110 Sales Melakukan Update Pada Alamanda, , , Padang, , , , dan Test.passed
And Siloam110 Sales tekan tombol Simpan.....................................passed
Then Siloam110 Validasi Data tersimpan dan form ter-update..................failed

StackTrace:
java.lang.AssertionError: expected [Alamanda] but found [ADIT TEST]
	at org.testng.Assert.fail(Assert.java:110)
	at org.testng.Assert.failNotEquals(Assert.java:1413)
	at org.testng.Assert.assertEqualsImpl(Assert.java:149)
	at org.testng.Assert.assertEquals(Assert.java:131)
	at org.testng.Assert.assertEquals(Assert.java:655)
	at org.testng.Assert.assertEquals(Assert.java:665)
	at cucumber.framework.runner.siloam.ttddigitalpage.TestTTDPageKombinasiTiga.siloam110_validasi_data_tersimpan_dan_form_ter_update(TestTTDPageKombinasiTiga.java:131)
	at ✽.Siloam110 Validasi Data tersimpan dan form ter-update(file:///C:/Users/Nexsoft/git/TugasAkhir/Novri/TA-SQUAD-KEL-SATU/TA-SQUAD-KEL-SATU/src/test/resources/features/siloam-outline/110UpdateDataSalesTigaKombinasi.feature:16)
]]></failure>
    </testcase>
    <testcase classname="Update Data Sales Tiga Kombinasi" name="Siloam110 Sales Update Data Tiga Kombinasi 16" time="2.811">
        <failure message="expected [Alamanda] but found [ADIT TEST]" type="java.lang.AssertionError"><![CDATA[When Siloam110 Sales Tekan Tombol Edit......................................passed
And Siloam110 Sales Melakukan Update Pada Alamanda, , , , KOTA PADANG, Klinik Test, , dan .passed
And Siloam110 Sales tekan tombol Simpan.....................................passed
Then Siloam110 Validasi Data tersimpan dan form ter-update..................failed

StackTrace:
java.lang.AssertionError: expected [Alamanda] but found [ADIT TEST]
	at org.testng.Assert.fail(Assert.java:110)
	at org.testng.Assert.failNotEquals(Assert.java:1413)
	at org.testng.Assert.assertEqualsImpl(Assert.java:149)
	at org.testng.Assert.assertEquals(Assert.java:131)
	at org.testng.Assert.assertEquals(Assert.java:655)
	at org.testng.Assert.assertEquals(Assert.java:665)
	at cucumber.framework.runner.siloam.ttddigitalpage.TestTTDPageKombinasiTiga.siloam110_validasi_data_tersimpan_dan_form_ter_update(TestTTDPageKombinasiTiga.java:131)
	at ✽.Siloam110 Validasi Data tersimpan dan form ter-update(file:///C:/Users/Nexsoft/git/TugasAkhir/Novri/TA-SQUAD-KEL-SATU/TA-SQUAD-KEL-SATU/src/test/resources/features/siloam-outline/110UpdateDataSalesTigaKombinasi.feature:16)
]]></failure>
    </testcase>
    <testcase classname="Update Data Sales Tiga Kombinasi" name="Siloam110 Sales Update Data Tiga Kombinasi 17" time="3.434">
        <failure message="expected [Alamanda] but found [ADIT TEST]" type="java.lang.AssertionError"><![CDATA[When Siloam110 Sales Tekan Tombol Edit......................................passed
And Siloam110 Sales Melakukan Update Pada Alamanda, , , , KOTA PADANG, , Tangerang, dan .passed
And Siloam110 Sales tekan tombol Simpan.....................................passed
Then Siloam110 Validasi Data tersimpan dan form ter-update..................failed

StackTrace:
java.lang.AssertionError: expected [Alamanda] but found [ADIT TEST]
	at org.testng.Assert.fail(Assert.java:110)
	at org.testng.Assert.failNotEquals(Assert.java:1413)
	at org.testng.Assert.assertEqualsImpl(Assert.java:149)
	at org.testng.Assert.assertEquals(Assert.java:131)
	at org.testng.Assert.assertEquals(Assert.java:655)
	at org.testng.Assert.assertEquals(Assert.java:665)
	at cucumber.framework.runner.siloam.ttddigitalpage.TestTTDPageKombinasiTiga.siloam110_validasi_data_tersimpan_dan_form_ter_update(TestTTDPageKombinasiTiga.java:131)
	at ✽.Siloam110 Validasi Data tersimpan dan form ter-update(file:///C:/Users/Nexsoft/git/TugasAkhir/Novri/TA-SQUAD-KEL-SATU/TA-SQUAD-KEL-SATU/src/test/resources/features/siloam-outline/110UpdateDataSalesTigaKombinasi.feature:16)
]]></failure>
    </testcase>
    <testcase classname="Update Data Sales Tiga Kombinasi" name="Siloam110 Sales Update Data Tiga Kombinasi 18" time="2.492">
        <failure message="expected [Alamanda] but found [ADIT TEST]" type="java.lang.AssertionError"><![CDATA[When Siloam110 Sales Tekan Tombol Edit......................................passed
And Siloam110 Sales Melakukan Update Pada Alamanda, , , , KOTA PADANG, , , dan Test.passed
And Siloam110 Sales tekan tombol Simpan.....................................passed
Then Siloam110 Validasi Data tersimpan dan form ter-update..................failed

StackTrace:
java.lang.AssertionError: expected [Alamanda] but found [ADIT TEST]
	at org.testng.Assert.fail(Assert.java:110)
	at org.testng.Assert.failNotEquals(Assert.java:1413)
	at org.testng.Assert.assertEqualsImpl(Assert.java:149)
	at org.testng.Assert.assertEquals(Assert.java:131)
	at org.testng.Assert.assertEquals(Assert.java:655)
	at org.testng.Assert.assertEquals(Assert.java:665)
	at cucumber.framework.runner.siloam.ttddigitalpage.TestTTDPageKombinasiTiga.siloam110_validasi_data_tersimpan_dan_form_ter_update(TestTTDPageKombinasiTiga.java:131)
	at ✽.Siloam110 Validasi Data tersimpan dan form ter-update(file:///C:/Users/Nexsoft/git/TugasAkhir/Novri/TA-SQUAD-KEL-SATU/TA-SQUAD-KEL-SATU/src/test/resources/features/siloam-outline/110UpdateDataSalesTigaKombinasi.feature:16)
]]></failure>
    </testcase>
    <testcase classname="Update Data Sales Tiga Kombinasi" name="Siloam110 Sales Update Data Tiga Kombinasi 19" time="2.822">
        <failure message="expected [Alamanda] but found [ADIT TEST]" type="java.lang.AssertionError"><![CDATA[When Siloam110 Sales Tekan Tombol Edit......................................passed
And Siloam110 Sales Melakukan Update Pada Alamanda, , , , , Klinik Test, Tangerang, dan .passed
And Siloam110 Sales tekan tombol Simpan.....................................passed
Then Siloam110 Validasi Data tersimpan dan form ter-update..................failed

StackTrace:
java.lang.AssertionError: expected [Alamanda] but found [ADIT TEST]
	at org.testng.Assert.fail(Assert.java:110)
	at org.testng.Assert.failNotEquals(Assert.java:1413)
	at org.testng.Assert.assertEqualsImpl(Assert.java:149)
	at org.testng.Assert.assertEquals(Assert.java:131)
	at org.testng.Assert.assertEquals(Assert.java:655)
	at org.testng.Assert.assertEquals(Assert.java:665)
	at cucumber.framework.runner.siloam.ttddigitalpage.TestTTDPageKombinasiTiga.siloam110_validasi_data_tersimpan_dan_form_ter_update(TestTTDPageKombinasiTiga.java:131)
	at ✽.Siloam110 Validasi Data tersimpan dan form ter-update(file:///C:/Users/Nexsoft/git/TugasAkhir/Novri/TA-SQUAD-KEL-SATU/TA-SQUAD-KEL-SATU/src/test/resources/features/siloam-outline/110UpdateDataSalesTigaKombinasi.feature:16)
]]></failure>
    </testcase>
    <testcase classname="Update Data Sales Tiga Kombinasi" name="Siloam110 Sales Update Data Tiga Kombinasi 20" time="3.237">
        <failure message="expected [Alamanda] but found [ADIT TEST]" type="java.lang.AssertionError"><![CDATA[When Siloam110 Sales Tekan Tombol Edit......................................passed
And Siloam110 Sales Melakukan Update Pada Alamanda, , , , , Klinik Test, , dan Test.passed
And Siloam110 Sales tekan tombol Simpan.....................................passed
Then Siloam110 Validasi Data tersimpan dan form ter-update..................failed

StackTrace:
java.lang.AssertionError: expected [Alamanda] but found [ADIT TEST]
	at org.testng.Assert.fail(Assert.java:110)
	at org.testng.Assert.failNotEquals(Assert.java:1413)
	at org.testng.Assert.assertEqualsImpl(Assert.java:149)
	at org.testng.Assert.assertEquals(Assert.java:131)
	at org.testng.Assert.assertEquals(Assert.java:655)
	at org.testng.Assert.assertEquals(Assert.java:665)
	at cucumber.framework.runner.siloam.ttddigitalpage.TestTTDPageKombinasiTiga.siloam110_validasi_data_tersimpan_dan_form_ter_update(TestTTDPageKombinasiTiga.java:131)
	at ✽.Siloam110 Validasi Data tersimpan dan form ter-update(file:///C:/Users/Nexsoft/git/TugasAkhir/Novri/TA-SQUAD-KEL-SATU/TA-SQUAD-KEL-SATU/src/test/resources/features/siloam-outline/110UpdateDataSalesTigaKombinasi.feature:16)
]]></failure>
    </testcase>
    <testcase classname="Update Data Sales Tiga Kombinasi" name="Siloam110 Sales Update Data Tiga Kombinasi 21" time="2.897">
        <failure message="expected [Alamanda] but found [ADIT TEST]" type="java.lang.AssertionError"><![CDATA[When Siloam110 Sales Tekan Tombol Edit......................................passed
And Siloam110 Sales Melakukan Update Pada Alamanda, , , , , , Tangerang, dan Test.passed
And Siloam110 Sales tekan tombol Simpan.....................................passed
Then Siloam110 Validasi Data tersimpan dan form ter-update..................failed

StackTrace:
java.lang.AssertionError: expected [Alamanda] but found [ADIT TEST]
	at org.testng.Assert.fail(Assert.java:110)
	at org.testng.Assert.failNotEquals(Assert.java:1413)
	at org.testng.Assert.assertEqualsImpl(Assert.java:149)
	at org.testng.Assert.assertEquals(Assert.java:131)
	at org.testng.Assert.assertEquals(Assert.java:655)
	at org.testng.Assert.assertEquals(Assert.java:665)
	at cucumber.framework.runner.siloam.ttddigitalpage.TestTTDPageKombinasiTiga.siloam110_validasi_data_tersimpan_dan_form_ter_update(TestTTDPageKombinasiTiga.java:131)
	at ✽.Siloam110 Validasi Data tersimpan dan form ter-update(file:///C:/Users/Nexsoft/git/TugasAkhir/Novri/TA-SQUAD-KEL-SATU/TA-SQUAD-KEL-SATU/src/test/resources/features/siloam-outline/110UpdateDataSalesTigaKombinasi.feature:16)
]]></failure>
    </testcase>
    <testcase classname="Update Data Sales Tiga Kombinasi" name="Siloam110 Sales Update Data Tiga Kombinasi 22" time="2.235">
        <system-out><![CDATA[When Siloam110 Sales Tekan Tombol Edit......................................passed
And Siloam110 Sales Melakukan Update Pada , 1234567899093, 1634567654321200, Padang, , , , dan .passed
And Siloam110 Sales tekan tombol Simpan.....................................passed
Then Siloam110 Validasi Data tersimpan dan form ter-update..................passed
]]></system-out>
    </testcase>
    <testcase classname="Update Data Sales Tiga Kombinasi" name="Siloam110 Sales Update Data Tiga Kombinasi 23" time="2.897">
        <system-out><![CDATA[When Siloam110 Sales Tekan Tombol Edit......................................passed
And Siloam110 Sales Melakukan Update Pada , 1234567899093, 1634567654321200, , KOTA PADANG, , , dan .passed
And Siloam110 Sales tekan tombol Simpan.....................................passed
Then Siloam110 Validasi Data tersimpan dan form ter-update..................passed
]]></system-out>
    </testcase>
    <testcase classname="Update Data Sales Tiga Kombinasi" name="Siloam110 Sales Update Data Tiga Kombinasi 24" time="2.167">
        <system-out><![CDATA[When Siloam110 Sales Tekan Tombol Edit......................................passed
And Siloam110 Sales Melakukan Update Pada , 1234567899093, 1634567654321200, , , Klinik Test, , dan .passed
And Siloam110 Sales tekan tombol Simpan.....................................passed
Then Siloam110 Validasi Data tersimpan dan form ter-update..................passed
]]></system-out>
    </testcase>
    <testcase classname="Update Data Sales Tiga Kombinasi" name="Siloam110 Sales Update Data Tiga Kombinasi 25" time="2.465">
        <system-out><![CDATA[When Siloam110 Sales Tekan Tombol Edit......................................passed
And Siloam110 Sales Melakukan Update Pada , 1234567899093, 1634567654321200, , , , Tangerang, dan .passed
And Siloam110 Sales tekan tombol Simpan.....................................passed
Then Siloam110 Validasi Data tersimpan dan form ter-update..................passed
]]></system-out>
    </testcase>
    <testcase classname="Update Data Sales Tiga Kombinasi" name="Siloam110 Sales Update Data Tiga Kombinasi 26" time="2.082">
        <system-out><![CDATA[When Siloam110 Sales Tekan Tombol Edit......................................passed
And Siloam110 Sales Melakukan Update Pada , 1234567899093, 1634567654321200, , , , , dan Test.passed
And Siloam110 Sales tekan tombol Simpan.....................................passed
Then Siloam110 Validasi Data tersimpan dan form ter-update..................passed
]]></system-out>
    </testcase>
    <testcase classname="Update Data Sales Tiga Kombinasi" name="Siloam110 Sales Update Data Tiga Kombinasi 27" time="2.82">
        <system-out><![CDATA[When Siloam110 Sales Tekan Tombol Edit......................................passed
And Siloam110 Sales Melakukan Update Pada , 1234567899093, , Padang, KOTA PADANG, , , dan .passed
And Siloam110 Sales tekan tombol Simpan.....................................passed
Then Siloam110 Validasi Data tersimpan dan form ter-update..................passed
]]></system-out>
    </testcase>
    <testcase classname="Update Data Sales Tiga Kombinasi" name="Siloam110 Sales Update Data Tiga Kombinasi 28" time="3.261">
        <system-out><![CDATA[When Siloam110 Sales Tekan Tombol Edit......................................passed
And Siloam110 Sales Melakukan Update Pada , 1234567899093, , Padang, , Klinik Test, , dan .passed
And Siloam110 Sales tekan tombol Simpan.....................................passed
Then Siloam110 Validasi Data tersimpan dan form ter-update..................passed
]]></system-out>
    </testcase>
    <testcase classname="Update Data Sales Tiga Kombinasi" name="Siloam110 Sales Update Data Tiga Kombinasi 29" time="2.339">
        <system-out><![CDATA[When Siloam110 Sales Tekan Tombol Edit......................................passed
And Siloam110 Sales Melakukan Update Pada , 1234567899093, , Padang, , , Tangerang, dan .passed
And Siloam110 Sales tekan tombol Simpan.....................................passed
Then Siloam110 Validasi Data tersimpan dan form ter-update..................passed
]]></system-out>
    </testcase>
    <testcase classname="Update Data Sales Tiga Kombinasi" name="Siloam110 Sales Update Data Tiga Kombinasi 30" time="2.178">
        <system-out><![CDATA[When Siloam110 Sales Tekan Tombol Edit......................................passed
And Siloam110 Sales Melakukan Update Pada , 1234567899093, , Padang, , , , dan Test.passed
And Siloam110 Sales tekan tombol Simpan.....................................passed
Then Siloam110 Validasi Data tersimpan dan form ter-update..................passed
]]></system-out>
    </testcase>
    <testcase classname="Update Data Sales Tiga Kombinasi" name="Siloam110 Sales Update Data Tiga Kombinasi 31" time="2.554">
        <system-out><![CDATA[When Siloam110 Sales Tekan Tombol Edit......................................passed
And Siloam110 Sales Melakukan Update Pada , 1234567899093, , , KOTA PADANG, Klinik Test, , dan .passed
And Siloam110 Sales tekan tombol Simpan.....................................passed
Then Siloam110 Validasi Data tersimpan dan form ter-update..................passed
]]></system-out>
    </testcase>
    <testcase classname="Update Data Sales Tiga Kombinasi" name="Siloam110 Sales Update Data Tiga Kombinasi 32" time="2.372">
        <system-out><![CDATA[When Siloam110 Sales Tekan Tombol Edit......................................passed
And Siloam110 Sales Melakukan Update Pada , 1234567899093, , , KOTA PADANG, , Tangerang, dan .passed
And Siloam110 Sales tekan tombol Simpan.....................................passed
Then Siloam110 Validasi Data tersimpan dan form ter-update..................passed
]]></system-out>
    </testcase>
    <testcase classname="Update Data Sales Tiga Kombinasi" name="Siloam110 Sales Update Data Tiga Kombinasi 33" time="3.081">
        <system-out><![CDATA[When Siloam110 Sales Tekan Tombol Edit......................................passed
And Siloam110 Sales Melakukan Update Pada , 1234567899093, , , KOTA PADANG, , , dan Test.passed
And Siloam110 Sales tekan tombol Simpan.....................................passed
Then Siloam110 Validasi Data tersimpan dan form ter-update..................passed
]]></system-out>
    </testcase>
    <testcase classname="Update Data Sales Tiga Kombinasi" name="Siloam110 Sales Update Data Tiga Kombinasi 34" time="2.795">
        <system-out><![CDATA[When Siloam110 Sales Tekan Tombol Edit......................................passed
And Siloam110 Sales Melakukan Update Pada , 1234567899093, , , , Klinik Test, Tangerang, dan .passed
And Siloam110 Sales tekan tombol Simpan.....................................passed
Then Siloam110 Validasi Data tersimpan dan form ter-update..................passed
]]></system-out>
    </testcase>
    <testcase classname="Update Data Sales Tiga Kombinasi" name="Siloam110 Sales Update Data Tiga Kombinasi 35" time="3.222">
        <system-out><![CDATA[When Siloam110 Sales Tekan Tombol Edit......................................passed
And Siloam110 Sales Melakukan Update Pada , 1234567899093, , , , Klinik Test, , dan Test.passed
And Siloam110 Sales tekan tombol Simpan.....................................passed
Then Siloam110 Validasi Data tersimpan dan form ter-update..................passed
]]></system-out>
    </testcase>
    <testcase classname="Update Data Sales Tiga Kombinasi" name="Siloam110 Sales Update Data Tiga Kombinasi 36" time="2.523">
        <system-out><![CDATA[When Siloam110 Sales Tekan Tombol Edit......................................passed
And Siloam110 Sales Melakukan Update Pada , 1234567899093, , , , , Tangerang, dan Test.passed
And Siloam110 Sales tekan tombol Simpan.....................................passed
Then Siloam110 Validasi Data tersimpan dan form ter-update..................passed
]]></system-out>
    </testcase>
    <testcase classname="Update Data Sales Tiga Kombinasi" name="Siloam110 Sales Update Data Tiga Kombinasi 37" time="2.659">
        <system-out><![CDATA[When Siloam110 Sales Tekan Tombol Edit......................................passed
And Siloam110 Sales Melakukan Update Pada , , 1634567654321200, Padang, KOTA PADANG, , , dan .passed
And Siloam110 Sales tekan tombol Simpan.....................................passed
Then Siloam110 Validasi Data tersimpan dan form ter-update..................passed
]]></system-out>
    </testcase>
    <testcase classname="Update Data Sales Tiga Kombinasi" name="Siloam110 Sales Update Data Tiga Kombinasi 38" time="2.453">
        <system-out><![CDATA[When Siloam110 Sales Tekan Tombol Edit......................................passed
And Siloam110 Sales Melakukan Update Pada , , 1634567654321200, Padang, , Klinik Test, , dan .passed
And Siloam110 Sales tekan tombol Simpan.....................................passed
Then Siloam110 Validasi Data tersimpan dan form ter-update..................passed
]]></system-out>
    </testcase>
    <testcase classname="Update Data Sales Tiga Kombinasi" name="Siloam110 Sales Update Data Tiga Kombinasi 39" time="2.753">
        <system-out><![CDATA[When Siloam110 Sales Tekan Tombol Edit......................................passed
And Siloam110 Sales Melakukan Update Pada , , 1634567654321200, Padang, , , Tangerang, dan .passed
And Siloam110 Sales tekan tombol Simpan.....................................passed
Then Siloam110 Validasi Data tersimpan dan form ter-update..................passed
]]></system-out>
    </testcase>
    <testcase classname="Update Data Sales Tiga Kombinasi" name="Siloam110 Sales Update Data Tiga Kombinasi 40" time="2.797">
        <system-out><![CDATA[When Siloam110 Sales Tekan Tombol Edit......................................passed
And Siloam110 Sales Melakukan Update Pada , , 1634567654321200, Padang, , , , dan Test.passed
And Siloam110 Sales tekan tombol Simpan.....................................passed
Then Siloam110 Validasi Data tersimpan dan form ter-update..................passed
]]></system-out>
    </testcase>
    <testcase classname="Update Data Sales Tiga Kombinasi" name="Siloam110 Sales Update Data Tiga Kombinasi 41" time="3.613">
        <system-out><![CDATA[When Siloam110 Sales Tekan Tombol Edit......................................passed
And Siloam110 Sales Melakukan Update Pada , , 1634567654321200, , KOTA PADANG, Klinik Test, , dan .passed
And Siloam110 Sales tekan tombol Simpan.....................................passed
Then Siloam110 Validasi Data tersimpan dan form ter-update..................passed
]]></system-out>
    </testcase>
    <testcase classname="Update Data Sales Tiga Kombinasi" name="Siloam110 Sales Update Data Tiga Kombinasi 42" time="3.107">
        <system-out><![CDATA[When Siloam110 Sales Tekan Tombol Edit......................................passed
And Siloam110 Sales Melakukan Update Pada , , 1634567654321200, , KOTA PADANG, , Tangerang, dan .passed
And Siloam110 Sales tekan tombol Simpan.....................................passed
Then Siloam110 Validasi Data tersimpan dan form ter-update..................passed
]]></system-out>
    </testcase>
    <testcase classname="Update Data Sales Tiga Kombinasi" name="Siloam110 Sales Update Data Tiga Kombinasi 43" time="3.184">
        <system-out><![CDATA[When Siloam110 Sales Tekan Tombol Edit......................................passed
And Siloam110 Sales Melakukan Update Pada , , 1634567654321200, , KOTA PADANG, , , dan Test.passed
And Siloam110 Sales tekan tombol Simpan.....................................passed
Then Siloam110 Validasi Data tersimpan dan form ter-update..................passed
]]></system-out>
    </testcase>
    <testcase classname="Update Data Sales Tiga Kombinasi" name="Siloam110 Sales Update Data Tiga Kombinasi 44" time="2.417">
        <system-out><![CDATA[When Siloam110 Sales Tekan Tombol Edit......................................passed
And Siloam110 Sales Melakukan Update Pada , , 1634567654321200, , , Klinik Test, Tangerang, dan .passed
And Siloam110 Sales tekan tombol Simpan.....................................passed
Then Siloam110 Validasi Data tersimpan dan form ter-update..................passed
]]></system-out>
    </testcase>
    <testcase classname="Update Data Sales Tiga Kombinasi" name="Siloam110 Sales Update Data Tiga Kombinasi 45" time="3.156">
        <system-out><![CDATA[When Siloam110 Sales Tekan Tombol Edit......................................passed
And Siloam110 Sales Melakukan Update Pada , , 1634567654321200, , , Klinik Test, , dan Test.passed
And Siloam110 Sales tekan tombol Simpan.....................................passed
Then Siloam110 Validasi Data tersimpan dan form ter-update..................passed
]]></system-out>
    </testcase>
    <testcase classname="Update Data Sales Tiga Kombinasi" name="Siloam110 Sales Update Data Tiga Kombinasi 46" time="3.738">
        <system-out><![CDATA[When Siloam110 Sales Tekan Tombol Edit......................................passed
And Siloam110 Sales Melakukan Update Pada , , 1634567654321200, , , , Tangerang, dan Test.passed
And Siloam110 Sales tekan tombol Simpan.....................................passed
Then Siloam110 Validasi Data tersimpan dan form ter-update..................passed
]]></system-out>
    </testcase>
    <testcase classname="Update Data Sales Tiga Kombinasi" name="Siloam110 Sales Update Data Tiga Kombinasi 47" time="2.627">
        <system-out><![CDATA[When Siloam110 Sales Tekan Tombol Edit......................................passed
And Siloam110 Sales Melakukan Update Pada , , , Padang, KOTA PADANG, Klinik Test, , dan .passed
And Siloam110 Sales tekan tombol Simpan.....................................passed
Then Siloam110 Validasi Data tersimpan dan form ter-update..................passed
]]></system-out>
    </testcase>
    <testcase classname="Update Data Sales Tiga Kombinasi" name="Siloam110 Sales Update Data Tiga Kombinasi 48" time="2.779">
        <system-out><![CDATA[When Siloam110 Sales Tekan Tombol Edit......................................passed
And Siloam110 Sales Melakukan Update Pada , , , Padang, KOTA PADANG, , Tangerang, dan .passed
And Siloam110 Sales tekan tombol Simpan.....................................passed
Then Siloam110 Validasi Data tersimpan dan form ter-update..................passed
]]></system-out>
    </testcase>
    <testcase classname="Update Data Sales Tiga Kombinasi" name="Siloam110 Sales Update Data Tiga Kombinasi 49" time="2.704">
        <system-out><![CDATA[When Siloam110 Sales Tekan Tombol Edit......................................passed
And Siloam110 Sales Melakukan Update Pada , , , Padang, KOTA PADANG, , , dan Test.passed
And Siloam110 Sales tekan tombol Simpan.....................................passed
Then Siloam110 Validasi Data tersimpan dan form ter-update..................passed
]]></system-out>
    </testcase>
    <testcase classname="Update Data Sales Tiga Kombinasi" name="Siloam110 Sales Update Data Tiga Kombinasi 50" time="2.484">
        <system-out><![CDATA[When Siloam110 Sales Tekan Tombol Edit......................................passed
And Siloam110 Sales Melakukan Update Pada , , , Padang, , Klinik Test, Tangerang, dan .passed
And Siloam110 Sales tekan tombol Simpan.....................................passed
Then Siloam110 Validasi Data tersimpan dan form ter-update..................passed
]]></system-out>
    </testcase>
    <testcase classname="Update Data Sales Tiga Kombinasi" name="Siloam110 Sales Update Data Tiga Kombinasi 51" time="2.338">
        <system-out><![CDATA[When Siloam110 Sales Tekan Tombol Edit......................................passed
And Siloam110 Sales Melakukan Update Pada , , , Padang, , Klinik Test, , dan Test.passed
And Siloam110 Sales tekan tombol Simpan.....................................passed
Then Siloam110 Validasi Data tersimpan dan form ter-update..................passed
]]></system-out>
    </testcase>
    <testcase classname="Update Data Sales Tiga Kombinasi" name="Siloam110 Sales Update Data Tiga Kombinasi 52" time="2.51">
        <system-out><![CDATA[When Siloam110 Sales Tekan Tombol Edit......................................passed
And Siloam110 Sales Melakukan Update Pada , , , Padang, , , Tangerang, dan Test.passed
And Siloam110 Sales tekan tombol Simpan.....................................passed
Then Siloam110 Validasi Data tersimpan dan form ter-update..................passed
]]></system-out>
    </testcase>
    <testcase classname="Update Data Sales Tiga Kombinasi" name="Siloam110 Sales Update Data Tiga Kombinasi 53" time="2.847">
        <system-out><![CDATA[When Siloam110 Sales Tekan Tombol Edit......................................passed
And Siloam110 Sales Melakukan Update Pada , , , , KOTA PADANG, Klinik Test, Tangerang, dan .passed
And Siloam110 Sales tekan tombol Simpan.....................................passed
Then Siloam110 Validasi Data tersimpan dan form ter-update..................passed
]]></system-out>
    </testcase>
    <testcase classname="Update Data Sales Tiga Kombinasi" name="Siloam110 Sales Update Data Tiga Kombinasi 54" time="2.686">
        <system-out><![CDATA[When Siloam110 Sales Tekan Tombol Edit......................................passed
And Siloam110 Sales Melakukan Update Pada , , , , KOTA PADANG, Klinik Test, , dan Test.passed
And Siloam110 Sales tekan tombol Simpan.....................................passed
Then Siloam110 Validasi Data tersimpan dan form ter-update..................passed
]]></system-out>
    </testcase>
    <testcase classname="Update Data Sales Tiga Kombinasi" name="Siloam110 Sales Update Data Tiga Kombinasi 55" time="2.424">
        <system-out><![CDATA[When Siloam110 Sales Tekan Tombol Edit......................................passed
And Siloam110 Sales Melakukan Update Pada , , , , KOTA PADANG, , Tangerang, dan Test.passed
And Siloam110 Sales tekan tombol Simpan.....................................passed
Then Siloam110 Validasi Data tersimpan dan form ter-update..................passed
]]></system-out>
    </testcase>
    <testcase classname="Update Data Sales Tiga Kombinasi" name="Siloam110 Sales Update Data Tiga Kombinasi 56" time="2.732">
        <system-out><![CDATA[When Siloam110 Sales Tekan Tombol Edit......................................passed
And Siloam110 Sales Melakukan Update Pada , , , , , Klinik Test, Tangerang, dan Test.passed
And Siloam110 Sales tekan tombol Simpan.....................................passed
Then Siloam110 Validasi Data tersimpan dan form ter-update..................passed
]]></system-out>
    </testcase>
    <testcase classname="Update Data Sales Empat Kombinasi" name="Siloam115 Sales Update Data Empat Kombinasi" time="2.985">
        <failure message="expected [Alamanda] but found [ADIT TEST]" type="java.lang.AssertionError"><![CDATA[When Siloam115 Sales Tekan Tombol Edit......................................passed
And Siloam115 Sales Melakukan Update Pada Alamanda, 1234567899093, 1634567654321239, Padang, , , , dan .passed
And Siloam115 Sales tekan tombol Simpan.....................................passed
Then Siloam115 Validasi Data tersimpan dan form ter-update..................failed

StackTrace:
java.lang.AssertionError: expected [Alamanda] but found [ADIT TEST]
	at org.testng.Assert.fail(Assert.java:110)
	at org.testng.Assert.failNotEquals(Assert.java:1413)
	at org.testng.Assert.assertEqualsImpl(Assert.java:149)
	at org.testng.Assert.assertEquals(Assert.java:131)
	at org.testng.Assert.assertEquals(Assert.java:655)
	at org.testng.Assert.assertEquals(Assert.java:665)
	at cucumber.framework.runner.siloam.ttddigitalpage.TestTTDPageKombinasiEmpat.siloam115_validasi_data_tersimpan_dan_form_ter_update(TestTTDPageKombinasiEmpat.java:128)
	at ✽.Siloam115 Validasi Data tersimpan dan form ter-update(file:///C:/Users/Nexsoft/git/TugasAkhir/Novri/TA-SQUAD-KEL-SATU/TA-SQUAD-KEL-SATU/src/test/resources/features/siloam-outline/115UpdateDataSalesEmpatKombinasi.feature:16)
]]></failure>
    </testcase>
    <testcase classname="Update Data Sales Empat Kombinasi" name="Siloam115 Sales Update Data Empat Kombinasi 2" time="3.954">
        <failure message="expected [Alamanda] but found [ADIT TEST]" type="java.lang.AssertionError"><![CDATA[When Siloam115 Sales Tekan Tombol Edit......................................passed
And Siloam115 Sales Melakukan Update Pada Alamanda, 1234567899093, 1634567654321239, , KOTA PADANG, , , dan .passed
And Siloam115 Sales tekan tombol Simpan.....................................passed
Then Siloam115 Validasi Data tersimpan dan form ter-update..................failed

StackTrace:
java.lang.AssertionError: expected [Alamanda] but found [ADIT TEST]
	at org.testng.Assert.fail(Assert.java:110)
	at org.testng.Assert.failNotEquals(Assert.java:1413)
	at org.testng.Assert.assertEqualsImpl(Assert.java:149)
	at org.testng.Assert.assertEquals(Assert.java:131)
	at org.testng.Assert.assertEquals(Assert.java:655)
	at org.testng.Assert.assertEquals(Assert.java:665)
	at cucumber.framework.runner.siloam.ttddigitalpage.TestTTDPageKombinasiEmpat.siloam115_validasi_data_tersimpan_dan_form_ter_update(TestTTDPageKombinasiEmpat.java:128)
	at ✽.Siloam115 Validasi Data tersimpan dan form ter-update(file:///C:/Users/Nexsoft/git/TugasAkhir/Novri/TA-SQUAD-KEL-SATU/TA-SQUAD-KEL-SATU/src/test/resources/features/siloam-outline/115UpdateDataSalesEmpatKombinasi.feature:16)
]]></failure>
    </testcase>
    <testcase classname="Update Data Sales Empat Kombinasi" name="Siloam115 Sales Update Data Empat Kombinasi 3" time="2.958">
        <failure message="expected [Alamanda] but found [ADIT TEST]" type="java.lang.AssertionError"><![CDATA[When Siloam115 Sales Tekan Tombol Edit......................................passed
And Siloam115 Sales Melakukan Update Pada Alamanda, 1234567899093, 1634567654321239, , , Klinik Test, , dan .passed
And Siloam115 Sales tekan tombol Simpan.....................................passed
Then Siloam115 Validasi Data tersimpan dan form ter-update..................failed

StackTrace:
java.lang.AssertionError: expected [Alamanda] but found [ADIT TEST]
	at org.testng.Assert.fail(Assert.java:110)
	at org.testng.Assert.failNotEquals(Assert.java:1413)
	at org.testng.Assert.assertEqualsImpl(Assert.java:149)
	at org.testng.Assert.assertEquals(Assert.java:131)
	at org.testng.Assert.assertEquals(Assert.java:655)
	at org.testng.Assert.assertEquals(Assert.java:665)
	at cucumber.framework.runner.siloam.ttddigitalpage.TestTTDPageKombinasiEmpat.siloam115_validasi_data_tersimpan_dan_form_ter_update(TestTTDPageKombinasiEmpat.java:128)
	at ✽.Siloam115 Validasi Data tersimpan dan form ter-update(file:///C:/Users/Nexsoft/git/TugasAkhir/Novri/TA-SQUAD-KEL-SATU/TA-SQUAD-KEL-SATU/src/test/resources/features/siloam-outline/115UpdateDataSalesEmpatKombinasi.feature:16)
]]></failure>
    </testcase>
    <testcase classname="Update Data Sales Empat Kombinasi" name="Siloam115 Sales Update Data Empat Kombinasi 4" time="3.784">
        <failure message="expected [Alamanda] but found [ADIT TEST]" type="java.lang.AssertionError"><![CDATA[When Siloam115 Sales Tekan Tombol Edit......................................passed
And Siloam115 Sales Melakukan Update Pada Alamanda, 1234567899093, 1634567654321239, , , , Tangerang, dan .passed
[...]
	at java.base/jdk.internal.reflect.DelegatingMethodAccessorImpl.invoke(DelegatingMethodAccessorImpl.java:43)
	at java.base/java.lang.reflect.Method.invoke(Method.java:568)
	at org.openqa.selenium.support.pagefactory.internal.LocatingElementHandler.invoke(LocatingElementHandler.java:52)
	at jdk.proxy2/jdk.proxy2.$Proxy31.click(Unknown Source)
	at cucumber.framework.page.siloam.TandaTanganDigitalPage.clickBtnKeluarTTDDigital(TandaTanganDigitalPage.java:310)
	at cucumber.framework.runner.siloam.ttddigitalpage.TestUploadDokumenTTDDigitalValid.siloam395003_sales_tekan_tombol_keluar_modal_upload_foto_ttd_digital(TestUploadDokumenTTDDigitalValid.java:81)
	at ✽.Siloam395003 Sales tekan tombol keluar modal upload foto ttd digital(file:///C:/Users/Nexsoft/git/TugasAkhir/Novri/TA-SQUAD-KEL-SATU/TA-SQUAD-KEL-SATU/src/test/resources/features/siloam-outline/395SalesUploadDokumenTTDDigitalValid.feature:19)
]]></failure>
    </testcase>
    <testcase classname="Sales Upload Dokumen TTD Digital Valid" name="Siloam395004 Sales memilih foto ttd digital dari lokal" time="0.164">
        <system-out><![CDATA[When Siloam395004 Sales tekan tombol modal upload foto ttd digital..........passed
And Siloam395004 Sales memilih foto ttd digital.............................passed
Then Siloam395004 Validasi preview foto.....................................passed
]]></system-out>
    </testcase>
    <testcase classname="Sales Upload Dokumen TTD Digital Valid" name="Siloam395005 Sales klik tombol cancel di modal upload foto ttd digital" time="0.277">
        <system-out><![CDATA[When Siloam395005 Sales tekan tombol cancel modal upload foto ttd digital...passed
Then Siloam395005 Validasi judul upload dokumen.............................passed
]]></system-out>
    </testcase>
    <testcase classname="Sales Upload Dokumen TTD Digital Valid" name="Siloam395006 Sales klik tombol keluar di modal upload foto ttd digital" time="0.209">
        <system-out><![CDATA[When Siloam395006 Sales tekan tombol modal upload foto ttd digital..........passed
And Siloam395006 Sales memilih foto ttd digital.............................passed
And Siloam395006 Sales klik tombol keluar modal upload foto ttd digital.....passed
Then Siloam395006 Validasi judul upload dokumen.............................passed
]]></system-out>
    </testcase>
    <testcase classname="Sales Upload Dokumen TTD Digital Valid" name="Siloam395007 Sales tekan tombol simpan foto ttd digital" time="1.344">
        <system-out><![CDATA[When Siloam395007 Sales tekan tombol modal upload foto ttd digital..........passed
And Siloam395007 Sales memilih foto ttd digital.............................passed
And Siloam395007 Sales tekan tombol simpan foto ttd digital pada modal upload foto ttd digital.passed
And Siloam395007 Sales tekan tombol ok pada modal upload foto ttd digital berhasil.passed
Then Siloam395007 Validasi judul halaman ttd digital........................passed
]]></system-out>
    </testcase>
    <testcase classname="Sales Upload Dokumen Before Invalid" name="Siloam400001 Sales langsung menekan tombol simpan foto before" time="5.453">
        <system-out><![CDATA[When Siloam400001 Sales login dan masuk ke halaman ttd digital..............passed
And Siloam400001 Sales tekan tombol simpan foto before invalid..............passed
Then Siloam400001 Validasi pesan error belum memilih foto before............passed
]]></system-out>
    </testcase>
    <testcase classname="Sales Upload Dokumen Before Invalid" name="Siloam400002 Sales pilih file before tidak sesuai format" time="0.219">
        <system-out><![CDATA[When Siloam400002 Sales memilih file before yang tidak sesuai ekstensi......passed
Then Siloam400002 Validasi catatan error....................................passed
]]></system-out>
    </testcase>
    <testcase classname="Sales Upload Dokumen Before Invalid" name="Siloam400003 Sales upload file before tidak sesuai format" time="0.333">
        <failure message="expected [true] but found [false]" type="java.lang.AssertionError"><![CDATA[When Siloam400003 Sales tekan tombol simpan foto before invalid.............passed
Then Siloam400003 Validasi pesan error......................................failed

StackTrace:
java.lang.AssertionError: expected [true] but found [false]
	at org.testng.Assert.fail(Assert.java:110)
	at org.testng.Assert.failNotEquals(Assert.java:1413)
	at org.testng.Assert.assertTrue(Assert.java:56)
	at org.testng.Assert.assertTrue(Assert.java:66)
	at cucumber.framework.runner.siloam.ttddigitalpage.TestUploadDokumenBeforeInvalid.siloam400003_validasi_pesan_error(TestUploadDokumenBeforeInvalid.java:92)
	at ✽.Siloam400003 Validasi pesan error(file:///C:/Users/Nexsoft/git/TugasAkhir/Novri/TA-SQUAD-KEL-SATU/TA-SQUAD-KEL-SATU/src/test/resources/features/siloam-outline/400SalesUploadDokumenBeforeInvalid.feature:19)
]]></failure>
    </testcase>
    <testcase classname="Sales Upload Dokumen Before Invalid" name="Siloam400004 Sales upload foto before dengan size lebih dari lima mb" time="11.203">
        <failure message="Expected condition failed: waiting for visibility of [[ChromeDriver: chrome on WINDOWS (f7ceb8745729e9ed7543e29fb9ea64c7)] -&gt; xpath: //div[@id='message']] (tried for 10 second(s) with 500 milliseconds interval)&#10;Build info: version: '4.4.0', revision: 'e5c75ed026a'&#10;System info: host: 'DESKTOP-26B5BFK', ip: '10.0.0.164', os.name: 'Windows 10', os.arch: 'amd64', os.version: '10.0', java.version: '17.0.4.1'&#10;Driver info: org.openqa.selenium.chrome.ChromeDriver&#10;Capabilities {acceptInsecureCerts: false, browserName: chrome, browserVersion: 106.0.5249.103, chrome: {chromedriverVersion: 106.0.5249.61 (511755355844..., userDataDir: C:\Users\Nexsoft\AppData\Lo...}, goog:chromeOptions: {debuggerAddress: localhost:64168}, networkConnectionEnabled: false, pageLoadStrategy: normal, platformName: WINDOWS, proxy: Proxy(), se:cdp: ws://localhost:64168/devtoo..., se:cdpVersion: 106.0.5249.103, setWindowRect: true, strictFileInteractability: false, timeouts: {implicit: 0, pageLoad: 300000, script: 30000}, unhandledPromptBehavior: dismiss and notify, webauthn:extension:credBlob: true, webauthn:extension:largeBlob: true, webauthn:virtualAuthenticators: true}&#10;Session ID: f7ceb8745729e9ed7543e29fb9ea64c7" type="org.openqa.selenium.TimeoutException"><![CDATA[When Siloam400004 Sales memilih file before dengan size lima mb.............passed
And Siloam400004 Sales tekan tombol simpan foto before invalid..............passed
Then Siloam400004 Validasi pesan error......................................failed

StackTrace:
org.openqa.selenium.TimeoutException: Expected condition failed: waiting for visibility of [[ChromeDriver: chrome on WINDOWS (f7ceb8745729e9ed7543e29fb9ea64c7)] -> xpath: //div[@id='message']] (tried for 10 second(s) with 500 milliseconds interval)
Build info: version: '4.4.0', revision: 'e5c75ed026a'
System info: host: 'DESKTOP-26B5BFK', ip: '10.0.0.164', os.name: 'Windows 10', os.arch: 'amd64', os.version: '10.0', java.version: '17.0.4.1'
Driver info: org.openqa.selenium.chrome.ChromeDriver
Capabilities {acceptInsecureCerts: false, browserName: chrome, browserVersion: 106.0.5249.103, chrome: {chromedriverVersion: 106.0.5249.61 (511755355844..., userDataDir: C:\Users\Nexsoft\AppData\Lo...}, goog:chromeOptions: {debuggerAddress: localhost:64168}, networkConnectionEnabled: false, pageLoadStrategy: normal, platformName: WINDOWS, proxy: Proxy(), se:cdp: ws://localhost:64168/devtoo..., se:cdpVersion: 106.0.5249.103, setWindowRect: true, strictFileInteractability: false, timeouts: {implicit: 0, pageLoad: 300000, script: 30000}, unhandledPromptBehavior: dismiss and notify, webauthn:extension:credBlob: true, webauthn:extension:largeBlob: true, webauthn:virtualAuthenticators: true}
Session ID: f7ceb8745729e9ed7543e29fb9ea64c7
	at org.openqa.selenium.support.ui.WebDriverWait.timeoutException(WebDriverWait.java:87)
	at org.openqa.selenium.support.ui.FluentWait.until(FluentWait.java:231)
	at cucumber.framework.utils.Utils.driverWaitTxt(Utils.java:77)
	at cucumber.framework.page.siloam.TandaTanganDigitalPage.txtErrorSave(TandaTanganDigitalPage.java:351)
	at cucumber.framework.runner.siloam.ttddigitalpage.TestUploadDokumenBeforeInvalid.siloam400004_validasi_pesan_error(TestUploadDokumenBeforeInvalid.java:113)
	at ✽.Siloam400004 Validasi pesan error(file:///C:/Users/Nexsoft/git/TugasAkhir/Novri/TA-SQUAD-KEL-SATU/TA-SQUAD-KEL-SATU/src/test/resources/features/siloam-outline/400SalesUploadDokumenBeforeInvalid.feature:24)
]]></failure>
    </testcase>
    <testcase classname="Sales Upload Dokumen After Invalid" name="Siloam405001 Sales langsung menekan tombol simpan foto after" time="4.113">
        <system-out><![CDATA[When Siloam405001 Sales login dan masuk ke halaman ttd digital..............passed
And Siloam405001 Sales tekan tombol simpan foto after invalid...............passed
Then Siloam405001 Validasi pesan error belum memilih foto after.............passed
]]></system-out>
    </testcase>
    <testcase classname="Sales Upload Dokumen After Invalid" name="Siloam405002 Sales pilih file after tidak sesuai format" time="0.212">
        <system-out><![CDATA[When Siloam405002 Sales memilih file after yang tidak sesuai ekstensi.......passed
Then Siloam405002 Validasi catatan error....................................passed
]]></system-out>
    </testcase>
    <testcase classname="Sales Upload Dokumen After Invalid" name="Siloam405003 Sales upload file after tidak sesuai format" time="0.38">
        <failure message="expected [true] but found [false]" type="java.lang.AssertionError"><![CDATA[When Siloam405003 Sales tekan tombol simpan foto after invalid..............passed
Then Siloam405003 Validasi pesan error......................................failed

StackTrace:
java.lang.AssertionError: expected [true] but found [false]
	at org.testng.Assert.fail(Assert.java:110)
	at org.testng.Assert.failNotEquals(Assert.java:1413)
	at org.testng.Assert.assertTrue(Assert.java:56)
	at org.testng.Assert.assertTrue(Assert.java:66)
	at cucumber.framework.runner.siloam.ttddigitalpage.TestUploadDokumenAfterInvalid.siloam405003_validasi_pesan_error(TestUploadDokumenAfterInvalid.java:92)
	at ✽.Siloam405003 Validasi pesan error(file:///C:/Users/Nexsoft/git/TugasAkhir/Novri/TA-SQUAD-KEL-SATU/TA-SQUAD-KEL-SATU/src/test/resources/features/siloam-outline/405SalesUploadDokumenAfterInvalid.feature:19)
]]></failure>
    </testcase>
    <testcase classname="Sales Upload Dokumen After Invalid" name="Siloam405004 Sales upload foto after dengan size lebih dari lima mb" time="11.163">
        <failure message="Expected condition failed: waiting for visibility of [[ChromeDriver: chrome on WINDOWS (f7ceb8745729e9ed7543e29fb9ea64c7)] -&gt; xpath: //div[@id='message']] (tried for 10 second(s) with 500 milliseconds interval)&#10;Build info: version: '4.4.0', revision: 'e5c75ed026a'&#10;System info: host: 'DESKTOP-26B5BFK', ip: '10.0.0.164', os.name: 'Windows 10', os.arch: 'amd64', os.version: '10.0', java.version: '17.0.4.1'&#10;Driver info: org.openqa.selenium.chrome.ChromeDriver&#10;Capabilities {acceptInsecureCerts: false, browserName: chrome, browserVersion: 106.0.5249.103, chrome: {chromedriverVersion: 106.0.5249.61 (511755355844..., userDataDir: C:\Users\Nexsoft\AppData\Lo...}, goog:chromeOptions: {debuggerAddress: localhost:64168}, networkConnectionEnabled: false, pageLoadStrategy: normal, platformName: WINDOWS, proxy: Proxy(), se:cdp: ws://localhost:64168/devtoo..., se:cdpVersion: 106.0.5249.103, setWindowRect: true, strictFileInteractability: false, timeouts: {implicit: 0, pageLoad: 300000, script: 30000}, unhandledPromptBehavior: dismiss and notify, webauthn:extension:credBlob: true, webauthn:extension:largeBlob: true, webauthn:virtualAuthenticators: true}&#10;Session ID: f7ceb8745729e9ed7543e29fb9ea64c7" type="org.openqa.selenium.TimeoutException"><![CDATA[When Siloam405004 Sales memilih file after dengan size lima mb..............passed
And Siloam405004 Sales tekan tombol simpan foto after invalid...............passed
Then Siloam405004 Validasi pesan error......................................failed

StackTrace:
org.openqa.selenium.TimeoutException: Expected condition failed: waiting for visibility of [[ChromeDriver: chrome on WINDOWS (f7ceb8745729e9ed7543e29fb9ea64c7)] -> xpath: //div[@id='message']] (tried for 10 second(s) with 500 milliseconds interval)
Build info: version: '4.4.0', revision: 'e5c75ed026a'
System info: host: 'DESKTOP-26B5BFK', ip: '10.0.0.164', os.name: 'Windows 10', os.arch: 'amd64', os.version: '10.0', java.version: '17.0.4.1'
Driver info: org.openqa.selenium.chrome.ChromeDriver
Capabilities {acceptInsecureCerts: false, browserName: chrome, browserVersion: 106.0.5249.103, chrome: {chromedriverVersion: 106.0.5249.61 (511755355844..., userDataDir: C:\Users\Nexsoft\AppData\Lo...}, goog:chromeOptions: {debuggerAddress: localhost:64168}, networkConnectionEnabled: false, pageLoadStrategy: normal, platformName: WINDOWS, proxy: Proxy(), se:cdp: ws://localhost:64168/devtoo..., se:cdpVersion: 106.0.5249.103, setWindowRect: true, strictFileInteractability: false, timeouts: {implicit: 0, pageLoad: 300000, script: 30000}, unhandledPromptBehavior: dismiss and notify, webauthn:extension:credBlob: true, webauthn:extension:largeBlob: true, webauthn:virtualAuthenticators: true}
Session ID: f7ceb8745729e9ed7543e29fb9ea64c7
	at org.openqa.selenium.support.ui.WebDriverWait.timeoutException(WebDriverWait.java:87)
	at org.openqa.selenium.support.ui.FluentWait.until(FluentWait.java:231)
	at cucumber.framework.utils.Utils.driverWaitTxt(Utils.java:77)
	at cucumber.framework.page.siloam.TandaTanganDigitalPage.txtErrorSave(TandaTanganDigitalPage.java:351)
	at cucumber.framework.runner.siloam.ttddigitalpage.TestUploadDokumenAfterInvalid.siloam405004_validasi_pesan_error(TestUploadDokumenAfterInvalid.java:113)
	at ✽.Siloam405004 Validasi pesan error(file:///C:/Users/Nexsoft/git/TugasAkhir/Novri/TA-SQUAD-KEL-SATU/TA-SQUAD-KEL-SATU/src/test/resources/features/siloam-outline/405SalesUploadDokumenAfterInvalid.feature:24)
]]></failure>
    </testcase>
    <testcase classname="Sales Upload Dokumen TTD Digital Invalid" name="Siloam410001 Sales langsung menekan tombol simpan foto ttd digital" time="2.823">
        <system-out><![CDATA[When Siloam410001 Sales login dan masuk ke halaman ttd digital..............passed
And Siloam410001 Sales tekan tombol simpan foto ttd digital invalid.........passed
Then Siloam410001 Validasi pesan error belum memilih foto ttd digital.......passed
]]></system-out>
    </testcase>
    <testcase classname="Sales Upload Dokumen TTD Digital Invalid" name="Siloam410002 Sales pilih file ttd digital tidak sesuai format" time="0.223">
        <system-out><![CDATA[When Siloam410002 Sales memilih file ttd digital yang tidak sesuai ekstensi.passed
Then Siloam410002 Validasi catatan error....................................passed
]]></system-out>
    </testcase>
    <testcase classname="Sales Upload Dokumen TTD Digital Invalid" name="Siloam410003 Sales upload file ttd digital tidak sesuai format" time="0.388">
        <failure message="expected [true] but found [false]" type="java.lang.AssertionError"><![CDATA[When Siloam410003 Sales tekan tombol simpan foto ttd digital invalid........passed
Then Siloam410003 Validasi pesan error......................................failed

StackTrace:
java.lang.AssertionError: expected [true] but found [false]
	at org.testng.Assert.fail(Assert.java:110)
	at org.testng.Assert.failNotEquals(Assert.java:1413)
	at org.testng.Assert.assertTrue(Assert.java:56)
	at org.testng.Assert.assertTrue(Assert.java:66)
	at cucumber.framework.runner.siloam.ttddigitalpage.TestUploadDokumenTTDDigitalInvalid.siloam410003_validasi_pesan_error(TestUploadDokumenTTDDigitalInvalid.java:92)
	at ✽.Siloam410003 Validasi pesan error(file:///C:/Users/Nexsoft/git/TugasAkhir/Novri/TA-SQUAD-KEL-SATU/TA-SQUAD-KEL-SATU/src/test/resources/features/siloam-outline/410SalesUploadDokumenTTDDigitalInvalid.feature:19)
]]></failure>
    </testcase>
    <testcase classname="Sales Upload Dokumen TTD Digital Invalid" name="Siloam410004 Sales upload foto ttd digital dengan size lebih dari lima mb" time="11.239">
        <failure message="Expected condition failed: waiting for visibility of [[ChromeDriver: chrome on WINDOWS (f7ceb8745729e9ed7543e29fb9ea64c7)] -&gt; xpath: //div[@id='message']] (tried for 10 second(s) with 500 milliseconds interval)&#10;Build info: version: '4.4.0', revision: 'e5c75ed026a'&#10;System info: host: 'DESKTOP-26B5BFK', ip: '10.0.0.164', os.name: 'Windows 10', os.arch: 'amd64', os.version: '10.0', java.version: '17.0.4.1'&#10;Driver info: org.openqa.selenium.chrome.ChromeDriver&#10;Capabilities {acceptInsecureCerts: false, browserName: chrome, browserVersion: 106.0.5249.103, chrome: {chromedriverVersion: 106.0.5249.61 (511755355844..., userDataDir: C:\Users\Nexsoft\AppData\Lo...}, goog:chromeOptions: {debuggerAddress: localhost:64168}, networkConnectionEnabled: false, pageLoadStrategy: normal, platformName: WINDOWS, proxy: Proxy(), se:cdp: ws://localhost:64168/devtoo..., se:cdpVersion: 106.0.5249.103, setWindowRect: true, strictFileInteractability: false, timeouts: {implicit: 0, pageLoad: 300000, script: 30000}, unhandledPromptBehavior: dismiss and notify, webauthn:extension:credBlob: true, webauthn:extension:largeBlob: true, webauthn:virtualAuthenticators: true}&#10;Session ID: f7ceb8745729e9ed7543e29fb9ea64c7" type="org.openqa.selenium.TimeoutException"><![CDATA[When Siloam410004 Sales memilih file ttd digital dengan size lima mb........passed
And Siloam410004 Sales tekan tombol simpan foto ttd digital invalid.........passed
Then Siloam410004 Validasi pesan error......................................failed

StackTrace:
org.openqa.selenium.TimeoutException: Expected condition failed: waiting for visibility of [[ChromeDriver: chrome on WINDOWS (f7ceb8745729e9ed7543e29fb9ea64c7)] -> xpath: //div[@id='message']] (tried for 10 second(s) with 500 milliseconds interval)
Build info: version: '4.4.0', revision: 'e5c75ed026a'
System info: host: 'DESKTOP-26B5BFK', ip: '10.0.0.164', os.name: 'Windows 10', os.arch: 'amd64', os.version: '10.0', java.version: '17.0.4.1'
Driver info: org.openqa.selenium.chrome.ChromeDriver
Capabilities {acceptInsecureCerts: false, browserName: chrome, browserVersion: 106.0.5249.103, chrome: {chromedriverVersion: 106.0.5249.61 (511755355844..., userDataDir: C:\Users\Nexsoft\AppData\Lo...}, goog:chromeOptions: {debuggerAddress: localhost:64168}, networkConnectionEnabled: false, pageLoadStrategy: normal, platformName: WINDOWS, proxy: Proxy(), se:cdp: ws://localhost:64168/devtoo..., se:cdpVersion: 106.0.5249.103, setWindowRect: true, strictFileInteractability: false, timeouts: {implicit: 0, pageLoad: 300000, script: 30000}, unhandledPromptBehavior: dismiss and notify, webauthn:extension:credBlob: true, webauthn:extension:largeBlob: true, webauthn:virtualAuthenticators: true}
Session ID: f7ceb8745729e9ed7543e29fb9ea64c7
	at org.openqa.selenium.support.ui.WebDriverWait.timeoutException(WebDriverWait.java:87)
	at org.openqa.selenium.support.ui.FluentWait.until(FluentWait.java:231)
	at cucumber.framework.utils.Utils.driverWaitTxt(Utils.java:77)
	at cucumber.framework.page.siloam.TandaTanganDigitalPage.txtErrorSave(TandaTanganDigitalPage.java:351)
	at cucumber.framework.runner.siloam.ttddigitalpage.TestUploadDokumenTTDDigitalInvalid.siloam410004_validasi_pesan_error(TestUploadDokumenTTDDigitalInvalid.java:113)
	at ✽.Siloam410004 Validasi pesan error(file:///C:/Users/Nexsoft/git/TugasAkhir/Novri/TA-SQUAD-KEL-SATU/TA-SQUAD-KEL-SATU/src/test/resources/features/siloam-outline/410SalesUploadDokumenTTDDigitalInvalid.feature:24)
]]></failure>
    </testcase>
</testsuite>
