<?xml version="1.0" encoding="UTF-8" standalone="no"?>
<testsuite errors="0" failures="0" name="io.cucumber.core.plugin.JUnitFormatter" skipped="0" tests="6" time="188.128">
    <testcase classname="Sales Menekan Gambar Pada Fitur Document" name="Siloam210 Sales Menekan Gambar Before Fitur Document" time="49.15">
        <system-out><![CDATA[When Siloam210 Sales Sudah Login Dan Berada Di Halaman TTD Digital Fitur Document.passed
And Siloam210 Sales Menekan Gambar Before Fitur Document....................passed
Then Siloam210 Validasi Gambar Before Fitur Document........................passed
]]></system-out>
    </testcase>
    <testcase classname="Sales Menekan Gambar Pada Fitur Document" name="Siloam210 Sales Menekan Gambar After Fitur Document" time="26.928">
        <system-out><![CDATA[When Siloam210 Sales Sudah Login Dan Berada Di Halaman TTD Digital Fitur Document After.passed
And Siloam210 Sales Menekan Gambar After Fitur Document.....................passed
Then Siloam210 Validasi Gambar After Fitur Document.........................passed
]]></system-out>
    </testcase>
    <testcase classname="Sales Menekan Gambar Pada Fitur Document" name="Siloam210 Sales Menekan Gambar TTD Digital Fitur Document" time="25.548">
        <system-out><![CDATA[When Siloam210 Sales Sudah Login Dan Berada Di Halaman TTD Digital Fitur Document TTD Digital.passed
And Siloam210 Sales Menekan Gambar TTD Digital Fitur Document...............passed
Then Siloam210 Validasi Gambar TTD Digital Fitur Document...................passed
]]></system-out>
    </testcase>
    <testcase classname="Sales Menekan Gambar Pada Fitur File Upload" name="Siloam215 Sales Menekan Gambar Before Fitur File Upload" time="25.967">
        <system-out><![CDATA[When Siloam215 Sales Sudah Login Dan Berada Di Halaman TTD Digital Fitur File Upload.passed
And Siloam215 Sales Menekan Gambar Before Fitur File Upload.................passed
Then Siloam215 Validasi Gambar Before Fitur File Upload.....................passed
]]></system-out>
    </testcase>
    <testcase classname="Sales Menekan Gambar Pada Fitur File Upload" name="Siloam215 Sales Menekan Gambar After Fitur File Upload" time="25.083">
        <system-out><![CDATA[When Siloam215 Sales Sudah Login Dan Berada Di Halaman TTD Digital Fitur File Upload After.passed
And Siloam215 Sales Menekan Gambar After Fitur File Upload..................passed
Then Siloam215 Validasi Gambar After Fitur File Upload......................passed
]]></system-out>
    </testcase>
    <testcase classname="Sales Menekan Gambar Pada Fitur File Upload" name="Siloam215 Sales Menekan Gambar TTD Digital Fitur File Upload" time="30.135">
        <system-out><![CDATA[When Siloam215 Sales Sudah Login Dan Berada Di Halaman TTD Digital Fitur File Upload TTD Digital.passed
And Siloam215 Sales Menekan Gambar TTD Digital Fitur File Upload............passed
Then Siloam215 Validasi Gambar TTD Digital Fitur File Upload................passed
]]></system-out>
    </testcase>
</testsuite>
