<?xml version="1.0" encoding="UTF-8"?>
<!-- Generated by org.testng.reporters.JUnitReportReporter -->
<testsuite hostname="DESKTOP-26B5BFK" failures="1" tests="15" name="cucumber.framework.runner.siloam.viewexportpageoutline.ViewExportRunnerOutline" time="240.853" errors="0" timestamp="2022-10-03T15:07:38 ICT" skipped="0">
  <testcase classname="cucumber.framework.runner.siloam.viewexportpageoutline.ViewExportRunnerOutline" name="runScenario" time="28.926">
    <failure type="java.lang.AssertionError">
      <![CDATA[java.lang.AssertionError
at org.junit.Assert.fail(Assert.java:92)
at org.junit.Assert.assertTrue(Assert.java:43)
at org.junit.Assert.assertFalse(Assert.java:68)
at org.junit.Assert.assertFalse(Assert.java:79)
at cucumber.framework.runner.siloam.viewexportpageoutline.TestPreviewData.siloam050_validasi_data_pada_dokumen_pdf(TestPreviewData.java:67)
at ✽.Siloam050 Validasi Data Pada Dokumen PDF(file:///C:/Users/Nexsoft/git/TugasAkhir/Novri/TA-SQUAD-KEL-SATU/TA-SQUAD-KEL-SATU/src/test/resources/features/siloam-outline/050AdminMenekanPreviewData.feature:11)
]]>
    </failure>
  </testcase> <!-- runScenario -->
  <system-out/>
  <testcase classname="cucumber.framework.runner.siloam.viewexportpageoutline.ViewExportRunnerOutline" name="runScenario" time="14.008"/>
  <system-out/>
  <testcase classname="cucumber.framework.runner.siloam.viewexportpageoutline.ViewExportRunnerOutline" name="runScenario" time="11.099"/>
  <system-out/>
  <testcase classname="cucumber.framework.runner.siloam.viewexportpageoutline.ViewExportRunnerOutline" name="runScenario" time="6.322"/>
  <system-out/>
  <testcase classname="cucumber.framework.runner.siloam.viewexportpageoutline.ViewExportRunnerOutline" name="runScenario" time="21.636"/>
  <system-out/>
  <testcase classname="cucumber.framework.runner.siloam.viewexportpageoutline.ViewExportRunnerOutline" name="runScenario" time="6.885"/>
  <system-out/>
  <testcase classname="cucumber.framework.runner.siloam.viewexportpageoutline.ViewExportRunnerOutline" name="runScenario" time="21.456"/>
  <system-out/>
  <testcase classname="cucumber.framework.runner.siloam.viewexportpageoutline.ViewExportRunnerOutline" name="runScenario" time="42.094"/>
  <system-out/>
  <testcase classname="cucumber.framework.runner.siloam.viewexportpageoutline.ViewExportRunnerOutline" name="runScenario" time="11.462"/>
  <system-out/>
  <testcase classname="cucumber.framework.runner.siloam.viewexportpageoutline.ViewExportRunnerOutline" name="runScenario" time="13.848"/>
  <system-out/>
  <testcase classname="cucumber.framework.runner.siloam.viewexportpageoutline.ViewExportRunnerOutline" name="runScenario" time="17.033"/>
  <system-out/>
  <testcase classname="cucumber.framework.runner.siloam.viewexportpageoutline.ViewExportRunnerOutline" name="runScenario" time="13.714"/>
  <system-out/>
  <testcase classname="cucumber.framework.runner.siloam.viewexportpageoutline.ViewExportRunnerOutline" name="runScenario" time="13.623"/>
  <system-out/>
  <testcase classname="cucumber.framework.runner.siloam.viewexportpageoutline.ViewExportRunnerOutline" name="runScenario" time="11.504"/>
  <system-out/>
  <testcase classname="cucumber.framework.runner.siloam.viewexportpageoutline.ViewExportRunnerOutline" name="runScenario" time="7.243"/>
  <system-out/>
</testsuite> <!-- cucumber.framework.runner.siloam.viewexportpageoutline.ViewExportRunnerOutline -->
